BLOCK00/SES002/SA002S12	SES002	1.25072	-45.5646	-46.8153
BLOCK00/SES002/SA002S13	SES002	2.0421	-44.5914	-46.6335
BLOCK00/SES002/SA002S23	SES002	1.55592	-44.7054	-46.2613
BLOCK00/SES002/SA002S26	SES002	2.53102	-44.3591	-46.8902
BLOCK00/SES002/SA002S28	SES002	1.47753	-45.6883	-47.1659
BLOCK00/SES007/SA007S14	SES007	1.78686	-45.2269	-47.0138
BLOCK00/SES007/SA007S15	SES007	0.718475	-47.0031	-47.7216
BLOCK00/SES007/SA007S24	SES007	1.05133	-46.6118	-47.6631
BLOCK00/SES007/SA007S27	SES007	0.529442	-47.5274	-48.0568
BLOCK00/SES007/SA007S29	SES007	0.711281	-46.3457	-47.057
BLOCK00/SES008/SA008S11	SES008	1.44101	-46.6359	-48.0769
BLOCK00/SES008/SA008S12	SES008	0.71917	-47.2818	-48.001
BLOCK00/SES008/SA008S19	SES008	2.26501	-45.6578	-47.9228
BLOCK00/SES008/SA008S22	SES008	1.80619	-46.5665	-48.3727
BLOCK00/SES008/SA008S29	SES008	1.60178	-45.996	-47.5977
BLOCK01/SES014/SA014S10	SES014	2.63076	-45.1165	-47.7473
BLOCK01/SES014/SA014S12	SES014	2.95731	-43.2289	-46.1862
BLOCK01/SES014/SA014S24	SES014	1.18956	-45.4806	-46.6702
BLOCK01/SES014/SA014S26	SES014	2.74876	-42.6391	-45.3878
BLOCK01/SES014/SA014S28	SES014	2.6972	-43.7251	-46.4223
BLOCK01/SES016/SA016S12	SES016	2.14013	-48.0744	-50.2146
BLOCK01/SES016/SA016S13	SES016	1.67501	-47.1389	-48.8139
BLOCK01/SES016/SA016S22	SES016	0.946423	-47.8884	-48.8348
BLOCK01/SES016/SA016S25	SES016	1.77737	-45.1821	-46.9594
BLOCK01/SES016/SA016S27	SES016	2.057	-45.5495	-47.6065
BLOCK01/SES019/SA019S13	SES019	2.73689	-45.8194	-48.5563
BLOCK01/SES019/SA019S14	SES019	1.72155	-45.8709	-47.5925
BLOCK01/SES019/SA019S22	SES019	2.39581	-45.6459	-48.0418
BLOCK01/SES019/SA019S25	SES019	2.61081	-45.8809	-48.4917
BLOCK01/SES019/SA019S29	SES019	3.26191	-45.2153	-48.4772
BLOCK02/SES029/SA029S11	SES029	1.47889	-46.5317	-48.0106
BLOCK02/SES029/SA029S12	SES029	0.299118	-47.467	-47.7661
BLOCK02/SES029/SA029S20	SES029	0.560501	-48.0476	-48.6081
BLOCK02/SES029/SA029S25	SES029	0.764885	-46.5734	-47.3382
BLOCK02/SES029/SA029S28	SES029	0.618797	-47.3071	-47.9258
BLOCK04/SES042/SA042S12	SES042	2.20676	-43.8576	-46.0644
BLOCK04/SES042/SA042S15	SES042	2.29383	-44.7974	-47.0912
BLOCK04/SES042/SA042S22	SES042	3.39247	-42.078	-45.4705
BLOCK04/SES042/SA042S25	SES042	1.77649	-45.267	-47.0435
BLOCK04/SES042/SA042S27	SES042	2.23956	-43.63	-45.8696
BLOCK04/SES048/SA048S11	SES048	1.28238	-46.0658	-47.3482
BLOCK04/SES048/SA048S12	SES048	0.491718	-46.6681	-47.1598
BLOCK04/SES048/SA048S20	SES048	1.11019	-46.0907	-47.2009
BLOCK04/SES048/SA048S23	SES048	1.44995	-46.3279	-47.7778
BLOCK04/SES048/SA048S27	SES048	1.29642	-45.5894	-46.8858
BLOCK06/SES060/SA060S11	SES060	1.76461	-46.4115	-48.1761
BLOCK06/SES060/SA060S12	SES060	-1.55619	-49.3357	-47.7795
BLOCK06/SES060/SA060S22	SES060	0.345943	-48.0463	-48.3923
BLOCK06/SES060/SA060S24	SES060	1.15537	-46.2827	-47.438
BLOCK06/SES060/SA060S28	SES060	1.29443	-44.5199	-45.8143
BLOCK06/SES062/SA062S10	SES062	1.09615	-46.1023	-47.1985
BLOCK06/SES062/SA062S11	SES062	1.76006	-45.6981	-47.4581
BLOCK06/SES062/SA062S21	SES062	2.04384	-44.0049	-46.0487
BLOCK06/SES062/SA062S26	SES062	0.921265	-45.6955	-46.6168
BLOCK06/SES062/SA062S29	SES062	1.69255	-44.9099	-46.6025
BLOCK06/SES068/SA068S14	SES068	0.619087	-46.935	-47.5541
BLOCK06/SES068/SA068S15	SES068	1.17721	-45.5487	-46.7259
BLOCK06/SES068/SA068S23	SES068	0.741924	-47.1976	-47.9395
BLOCK06/SES068/SA068S27	SES068	2.08722	-45.4282	-47.5154
BLOCK06/SES068/SA068S29	SES068	0.697849	-46.5851	-47.2829
BLOCK08/SES082/SA082S12	SES082	0.917809	-46.9234	-47.8412
BLOCK08/SES082/SA082S14	SES082	0.262348	-47.2528	-47.5151
BLOCK08/SES082/SA082S21	SES082	0.601246	-46.8574	-47.4586
BLOCK08/SES082/SA082S24	SES082	0.646061	-46.1781	-46.8242
BLOCK08/SES082/SA082S28	SES082	0.357063	-46.9512	-47.3083
BLOCK08/SES083/SA083S14	SES083	-0.297298	-47.2437	-46.9464
BLOCK08/SES083/SA083S15	SES083	-0.428795	-47.2498	-46.821
BLOCK08/SES083/SA083S24	SES083	0.129978	-47.2727	-47.4027
BLOCK08/SES083/SA083S26	SES083	0.794586	-46.6764	-47.4709
BLOCK08/SES083/SA083S29	SES083	0.0441742	-47.1541	-47.1983
BLOCK08/SES085/SA085S10	SES085	0.0780182	-47.0144	-47.0924
BLOCK08/SES085/SA085S13	SES085	0.790798	-47.0983	-47.8891
BLOCK08/SES085/SA085S22	SES085	-2.25288	-49.9781	-47.7252
BLOCK08/SES085/SA085S26	SES085	-0.543324	-47.9621	-47.4188
BLOCK08/SES085/SA085S28	SES085	1.06678	-46.5341	-47.6009
BLOCK08/SES087/SA087S15	SES087	1.501	-45.6183	-47.1193
BLOCK08/SES087/SA087S16	SES087	1.48113	-45.4049	-46.886
BLOCK08/SES087/SA087S24	SES087	1.71469	-45.3049	-47.0196
BLOCK08/SES087/SA087S26	SES087	1.31982	-44.5067	-45.8265
BLOCK08/SES087/SA087S29	SES087	1.56177	-45.8366	-47.3984
BLOCK09/SES099/SA099S15	SES099	1.7667	-46.1961	-47.9627
BLOCK09/SES099/SA099S16	SES099	1.26928	-46.0641	-47.3334
BLOCK09/SES099/SA099S24	SES099	1.74024	-45.2012	-46.9414
BLOCK09/SES099/SA099S26	SES099	1.95578	-45.2616	-47.2173
BLOCK09/SES099/SA099S29	SES099	1.84111	-45.4334	-47.2746
BLOCK10/SES101/SA101S11	SES101	0.0635643	-46.9718	-47.0354
BLOCK10/SES101/SA101S13	SES101	1.25913	-45.9703	-47.2294
BLOCK10/SES101/SA101S22	SES101	0.546329	-47.5883	-48.1346
BLOCK10/SES101/SA101S24	SES101	1.63899	-46.3552	-47.9942
BLOCK10/SES101/SA101S28	SES101	0.00849152	-47.7796	-47.7881
BLOCK10/SES104/SA104S11	SES104	0.945156	-45.3205	-46.2656
BLOCK10/SES104/SA104S12	SES104	1.47721	-44.9162	-46.3934
BLOCK10/SES104/SA104S21	SES104	1.05015	-45.9823	-47.0325
BLOCK10/SES104/SA104S24	SES104	0.782593	-46.1406	-46.9232
BLOCK10/SES104/SA104S28	SES104	1.31421	-45.4563	-46.7705
BLOCK10/SES105/SA105S12	SES105	0.862484	-47.5344	-48.3968
BLOCK10/SES105/SA105S13	SES105	1.07871	-47.2046	-48.2833
BLOCK10/SES105/SA105S22	SES105	0.418484	-48.2853	-48.7038
BLOCK10/SES105/SA105S26	SES105	1.59093	-46.8879	-48.4789
BLOCK10/SES105/SA105S29	SES105	0.677704	-47.4257	-48.1034
BLOCK10/SES106/SA106S09	SES106	0.980759	-47.2409	-48.2216
BLOCK10/SES106/SA106S11	SES106	1.14669	-45.1318	-46.2785
BLOCK10/SES106/SA106S22	SES106	2.07184	-45.2709	-47.3427
BLOCK10/SES106/SA106S27	SES106	0.671555	-46.332	-47.0035
BLOCK10/SES106/SA106S29	SES106	1.08291	-45.5932	-46.6761
BLOCK11/SES117/SA117S12	SES117	0.208767	-48.0477	-48.2565
BLOCK11/SES117/SA117S13	SES117	0.378407	-47.2467	-47.6251
BLOCK11/SES117/SA117S23	SES117	1.94177	-48.4388	-50.3806
BLOCK11/SES117/SA117S25	SES117	1.52837	-47.7772	-49.3056
BLOCK11/SES117/SA117S28	SES117	1.3234	-48.1771	-49.5005
BLOCK12/SES120/SA120S08	SES120	1.67094	-48.1683	-49.8393
BLOCK12/SES120/SA120S11	SES120	0.538845	-49.8355	-50.3743
BLOCK12/SES120/SA120S22	SES120	0.789391	-47.0578	-47.8471
BLOCK12/SES120/SA120S24	SES120	1.02744	-47.1248	-48.1522
BLOCK12/SES120/SA120S28	SES120	0.319698	-49.3743	-49.694
BLOCK12/SES125/SA125S13	SES125	1.54305	-44.8442	-46.3873
BLOCK12/SES125/SA125S14	SES125	1.29139	-45.6078	-46.8992
BLOCK12/SES125/SA125S25	SES125	1.99187	-44.6511	-46.643
BLOCK12/SES125/SA125S27	SES125	2.1384	-43.9622	-46.1006
BLOCK12/SES125/SA125S29	SES125	1.91087	-44.8309	-46.7417
BLOCK12/SES127/SA127S11	SES127	0.997253	-47.2513	-48.2485
BLOCK12/SES127/SA127S12	SES127	-0.340111	-47.5515	-47.2114
BLOCK12/SES127/SA127S23	SES127	0.702896	-47.3094	-48.0123
BLOCK12/SES127/SA127S25	SES127	0.452312	-47.9145	-48.3668
BLOCK12/SES127/SA127S27	SES127	1.14091	-46.6426	-47.7835
BLOCK12/SES129/SA129S11	SES129	1.47852	-46.0601	-47.5386
BLOCK12/SES129/SA129S12	SES129	1.18024	-45.8111	-46.9913
BLOCK12/SES129/SA129S22	SES129	1.25713	-46.2154	-47.4725
BLOCK12/SES129/SA129S27	SES129	1.9339	-45.1787	-47.1126
BLOCK12/SES129/SA129S29	SES129	1.99665	-44.8487	-46.8454
BLOCK14/SES142/SA142S11	SES142	2.61751	-46.6132	-49.2307
BLOCK14/SES142/SA142S12	SES142	1.52757	-47.6135	-49.1411
BLOCK14/SES142/SA142S24	SES142	2.07994	-46.6233	-48.7032
BLOCK14/SES142/SA142S27	SES142	2.56641	-46.2336	-48.8
BLOCK14/SES142/SA142S29	SES142	2.66529	-45.6596	-48.3249
BLOCK14/SES143/SA143S12	SES143	1.36158	-47.2658	-48.6274
BLOCK14/SES143/SA143S13	SES143	1.19489	-47.3741	-48.569
BLOCK14/SES143/SA143S23	SES143	1.3251	-47.3865	-48.7116
BLOCK14/SES143/SA143S25	SES143	1.19106	-47.3118	-48.5028
BLOCK14/SES143/SA143S28	SES143	1.28787	-46.7814	-48.0693
BLOCK14/SES144/SA144S09	SES144	0.833824	-47.0644	-47.8982
BLOCK14/SES144/SA144S11	SES144	1.09906	-47.8452	-48.9442
BLOCK14/SES144/SA144S21	SES144	0.547619	-47.7295	-48.2771
BLOCK14/SES144/SA144S25	SES144	0.943916	-47.7023	-48.6462
BLOCK14/SES144/SA144S29	SES144	0.161289	-47.6882	-47.8495
BLOCK14/SES146/SA146S14	SES146	0.879875	-47.7966	-48.6765
BLOCK14/SES146/SA146S15	SES146	0.787342	-47.3736	-48.1609
BLOCK14/SES146/SA146S24	SES146	0.723186	-47.5148	-48.238
BLOCK14/SES146/SA146S26	SES146	1.16083	-47.6918	-48.8526
BLOCK14/SES146/SA146S29	SES146	0.958439	-48.0992	-49.0576
BLOCK14/SES147/SA147S11	SES147	2.40094	-47.6514	-50.0524
BLOCK14/SES147/SA147S13	SES147	3.30141	-45.8708	-49.1722
BLOCK14/SES147/SA147S23	SES147	2.49884	-47.6934	-50.1923
BLOCK14/SES147/SA147S26	SES147	2.68453	-47.3194	-50.0039
BLOCK14/SES147/SA147S28	SES147	3.05567	-46.5087	-49.5644
BLOCK14/SES148/SA148S10	SES148	1.58156	-46.243	-47.8246
BLOCK14/SES148/SA148S12	SES148	0.649921	-47.6823	-48.3322
BLOCK14/SES148/SA148S22	SES148	1.43266	-45.7586	-47.1912
BLOCK14/SES148/SA148S26	SES148	0.692997	-46.7081	-47.4011
BLOCK14/SES148/SA148S29	SES148	0.899551	-47.2389	-48.1385
BLOCK14/SES149/SA149S13	SES149	-0.0502243	-47.5899	-47.5397
BLOCK14/SES149/SA149S14	SES149	0.242355	-46.8943	-47.1367
BLOCK14/SES149/SA149S24	SES149	1.23232	-46.3285	-47.5608
BLOCK14/SES149/SA149S26	SES149	1.92017	-45.7549	-47.6751
BLOCK14/SES149/SA149S28	SES149	2.33723	-44.9266	-47.2639
BLOCK15/SES158/SA158S13	SES158	1.18217	-46.5653	-47.7474
BLOCK15/SES158/SA158S14	SES158	1.7435	-45.6216	-47.3651
BLOCK15/SES158/SA158S23	SES158	1.42529	-45.7914	-47.2167
BLOCK15/SES158/SA158S26	SES158	1.5004	-45.7555	-47.2559
BLOCK15/SES158/SA158S28	SES158	1.06954	-46.4362	-47.5057
BLOCK16/SES162/SA162S10	SES162	1.24466	-48.188	-49.4326
BLOCK16/SES162/SA162S11	SES162	1.0544	-47.0824	-48.1368
BLOCK16/SES162/SA162S21	SES162	2.05678	-46.4944	-48.5512
BLOCK16/SES162/SA162S24	SES162	1.21763	-47.1499	-48.3675
BLOCK16/SES162/SA162S27	SES162	2.1158	-47.0428	-49.1586
BLOCK16/SES167/SA167S14	SES167	1.21505	-45.9776	-47.1927
BLOCK16/SES167/SA167S15	SES167	1.67567	-46.6567	-48.3323
BLOCK16/SES167/SA167S21	SES167	1.30946	-46.0335	-47.3429
BLOCK16/SES167/SA167S25	SES167	1.89118	-46.7413	-48.6325
BLOCK16/SES167/SA167S29	SES167	2.53867	-44.9307	-47.4694
BLOCK17/SES172/SA172S12	SES172	1.23627	-46.5881	-47.8243
BLOCK17/SES172/SA172S13	SES172	2.0077	-46.9342	-48.9419
BLOCK17/SES172/SA172S23	SES172	0.803013	-45.824	-46.6271
BLOCK17/SES172/SA172S27	SES172	0.724342	-47.2882	-48.0125
BLOCK17/SES172/SA172S29	SES172	1.9258	-46.2009	-48.1267
BLOCK17/SES175/SA175S11	SES175	1.44424	-46.5467	-47.991
BLOCK17/SES175/SA175S13	SES175	1.43326	-46.4885	-47.9218
BLOCK17/SES175/SA175S23	SES175	1.84906	-46.3991	-48.2482
BLOCK17/SES175/SA175S25	SES175	0.909615	-48.4259	-49.3355
BLOCK17/SES175/SA175S28	SES175	1.64639	-46.0802	-47.7266
BLOCK17/SES177/SA177S15	SES177	0.0933495	-47.7128	-47.8061
BLOCK17/SES177/SA177S17	SES177	0.805954	-46.9994	-47.8053
BLOCK17/SES177/SA177S23	SES177	0.367962	-47.6034	-47.9714
BLOCK17/SES177/SA177S26	SES177	0.773952	-45.4889	-46.2629
BLOCK17/SES177/SA177S28	SES177	1.21878	-46.0125	-47.2313
BLOCK18/SES180/SA180S13	SES180	1.33422	-46.8894	-48.2236
BLOCK18/SES180/SA180S15	SES180	0.849113	-47.6384	-48.4875
BLOCK18/SES180/SA180S24	SES180	1.42982	-45.7078	-47.1377
BLOCK18/SES180/SA180S26	SES180	1.66608	-46.2645	-47.9305
BLOCK18/SES180/SA180S29	SES180	1.55675	-47.0911	-48.6479
BLOCK18/SES183/SA183S13	SES183	1.31811	-47.7984	-49.1165
BLOCK18/SES183/SA183S14	SES183	0.541683	-47.9229	-48.4645
BLOCK18/SES183/SA183S24	SES183	1.44114	-47.7834	-49.2246
BLOCK18/SES183/SA183S27	SES183	1.47227	-46.954	-48.4263
BLOCK18/SES183/SA183S29	SES183	1.17831	-46.9245	-48.1028
BLOCK18/SES187/SA187S13	SES187	0.748486	-48.0617	-48.8102
BLOCK18/SES187/SA187S14	SES187	1.0081	-47.7309	-48.739
BLOCK18/SES187/SA187S24	SES187	1.26781	-47.0884	-48.3562
BLOCK18/SES187/SA187S27	SES187	1.31136	-47.0021	-48.3134
BLOCK18/SES187/SA187S29	SES187	0.739952	-47.7033	-48.4432
BLOCK18/SES189/SA189S10	SES189	2.00465	-48.9043	-50.909
BLOCK18/SES189/SA189S13	SES189	2.75352	-48.7476	-51.5011
BLOCK18/SES189/SA189S24	SES189	2.51012	-48.115	-50.6251
BLOCK18/SES189/SA189S26	SES189	1.30342	-48.2322	-49.5356
BLOCK18/SES189/SA189S29	SES189	2.87298	-47.6017	-50.4747
BLOCK20/SES202/SA202S12	SES202	2.04237	-47.3318	-49.3742
BLOCK20/SES202/SA202S14	SES202	3.02123	-45.689	-48.7103
BLOCK20/SES202/SA202S24	SES202	1.38157	-47.3366	-48.7182
BLOCK20/SES202/SA202S27	SES202	2.05105	-45.3273	-47.3784
BLOCK20/SES202/SA202S29	SES202	2.1588	-45.843	-48.0018
BLOCK20/SES206/SA206S15	SES206	0.312313	-45.8171	-46.1294
BLOCK20/SES206/SA206S17	SES206	1.9695	-44.6378	-46.6073
BLOCK20/SES206/SA206S24	SES206	1.66835	-44.7294	-46.3978
BLOCK20/SES206/SA206S27	SES206	1.74196	-45.2613	-47.0032
BLOCK20/SES206/SA206S29	SES206	1.68691	-44.4302	-46.1171
BLOCK22/SES226/SA226S12	SES226	1.10985	-46.3758	-47.4857
BLOCK22/SES226/SA226S13	SES226	-0.54047	-47.7592	-47.2187
BLOCK22/SES226/SA226S20	SES226	0.964901	-46.3742	-47.3391
BLOCK22/SES226/SA226S23	SES226	1.22157	-45.8919	-47.1134
BLOCK22/SES226/SA226S28	SES226	1.31884	-45.809	-47.1279
BLOCK25/SES259/SA259S13	SES259	3.38644	-44.0042	-47.3906
BLOCK25/SES259/SA259S14	SES259	2.1662	-45.2893	-47.4555
BLOCK25/SES259/SA259S22	SES259	1.86099	-45.1891	-47.0501
BLOCK25/SES259/SA259S24	SES259	2.16217	-44.4935	-46.6557
BLOCK25/SES259/SA259S28	SES259	1.74636	-44.6154	-46.3617
BLOCK27/SES270/SA270S14	SES270	2.27895	-46.198	-48.4769
BLOCK27/SES270/SA270S16	SES270	0.993038	-46.4057	-47.3987
BLOCK27/SES270/SA270S22	SES270	2.48063	-45.2726	-47.7532
BLOCK27/SES270/SA270S26	SES270	1.60174	-46.6493	-48.2511
BLOCK27/SES270/SA270S28	SES270	1.28275	-45.8581	-47.1409
BLOCK27/SES275/SA275S17	SES275	1.75216	-47.419	-49.1711
BLOCK27/SES275/SA275S18	SES275	0.875126	-47.3509	-48.226
BLOCK27/SES275/SA275S24	SES275	1.15199	-48.2915	-49.4435
BLOCK27/SES275/SA275S26	SES275	1.37901	-46.5452	-47.9242
BLOCK27/SES275/SA275S28	SES275	0.511936	-47.2907	-47.8026
BLOCK29/SES292/SA292S10	SES292	0.670395	-47.5293	-48.1997
BLOCK29/SES292/SA292S12	SES292	0.518772	-48.0713	-48.59
BLOCK29/SES292/SA292S22	SES292	1.40221	-46.4515	-47.8537
BLOCK29/SES292/SA292S24	SES292	0.421204	-47.172	-47.5932
BLOCK29/SES292/SA292S27	SES292	0.371937	-46.8502	-47.2222
BLOCK00/SES001/SA001S14	SES062	-0.91573	-48.9054	-47.9897
BLOCK00/SES001/SA001S14	SES082	-2.45842	-50.4481	-47.9897
BLOCK00/SES001/SA001S14	SES106	-3.4999	-51.4896	-47.9897
BLOCK00/SES001/SA001S14	SES206	-3.86798	-51.8577	-47.9897
BLOCK00/SES001/SA001S15	SES062	-1.78779	-48.4413	-46.6535
BLOCK00/SES001/SA001S15	SES104	-3.84824	-50.5017	-46.6535
BLOCK00/SES001/SA001S15	SES106	-3.11743	-49.7709	-46.6535
BLOCK00/SES001/SA001S15	SES206	-3.64916	-50.3027	-46.6535
BLOCK00/SES001/SA001S24	SES062	-2.87828	-50.5623	-47.684
BLOCK00/SES001/SA001S24	SES082	-2.97837	-50.6624	-47.684
BLOCK00/SES001/SA001S24	SES087	-3.89399	-51.578	-47.684
BLOCK00/SES001/SA001S24	SES206	-2.73615	-50.4202	-47.684
BLOCK00/SES001/SA001S27	SES062	-2.13324	-48.8112	-46.678
BLOCK00/SES001/SA001S27	SES082	-2.84178	-49.5197	-46.678
BLOCK00/SES001/SA001S27	SES087	-3.04855	-49.7265	-46.678
BLOCK00/SES001/SA001S27	SES206	-3.50289	-50.1808	-46.678
BLOCK00/SES001/SA001S29	SES062	-2.33513	-50.2029	-47.8678
BLOCK00/SES001/SA001S29	SES082	-1.76171	-49.6295	-47.8678
BLOCK00/SES001/SA001S29	SES158	-2.09043	-49.9582	-47.8678
BLOCK00/SES001/SA001S29	SES206	-4.22546	-52.0932	-47.8678
BLOCK00/SES003/SA003S11	SES002	-2.47732	-49.3341	-46.8568
BLOCK00/SES003/SA003S11	SES019	-2.13034	-48.9872	-46.8568
BLOCK00/SES003/SA003S11	SES082	-0.499371	-47.3562	-46.8568
BLOCK00/SES003/SA003S11	SES125	-1.96255	-48.8194	-46.8568
BLOCK00/SES003/SA003S15	SES016	-3.92114	-50.9066	-46.9855
BLOCK00/SES003/SA003S15	SES019	-1.94004	-48.9255	-46.9855
BLOCK00/SES003/SA003S15	SES062	-3.03813	-50.0236	-46.9855
BLOCK00/SES003/SA003S15	SES206	-1.89378	-48.8793	-46.9855
BLOCK00/SES003/SA003S22	SES002	-3.47865	-50.2279	-46.7493
BLOCK00/SES003/SA003S22	SES062	-1.8213	-48.5706	-46.7493
BLOCK00/SES003/SA003S22	SES082	-2.03037	-48.7796	-46.7493
BLOCK00/SES003/SA003S22	SES087	-2.46735	-49.2166	-46.7493
BLOCK00/SES003/SA003S25	SES062	-3.09279	-50.1976	-47.1048
BLOCK00/SES003/SA003S25	SES082	-1.0948	-48.1996	-47.1048
BLOCK00/SES003/SA003S25	SES087	-2.46984	-49.5746	-47.1048
BLOCK00/SES003/SA003S25	SES206	-2.57263	-49.6774	-47.1048
BLOCK00/SES003/SA003S29	SES002	-2.95659	-50.544	-47.5874
BLOCK00/SES003/SA003S29	SES062	-2.20449	-49.7919	-47.5874
BLOCK00/SES003/SA003S29	SES082	-0.811447	-48.3988	-47.5874
BLOCK00/SES003/SA003S29	SES087	-2.23819	-49.8256	-47.5874
BLOCK00/SES004/SA004S12	SES083	-2.52555	-51.2765	-48.7509
BLOCK00/SES004/SA004S12	SES148	-1.98595	-50.7369	-48.7509
BLOCK00/SES004/SA004S12	SES172	-1.83191	-50.5829	-48.7509
BLOCK00/SES004/SA004S12	SES292	-2.02925	-50.7802	-48.7509
BLOCK00/SES004/SA004S17	SES083	-2.09025	-50.979	-48.8887
BLOCK00/SES004/SA004S17	SES162	-0.882366	-49.7711	-48.8887
BLOCK00/SES004/SA004S17	SES172	-1.79606	-50.6848	-48.8887
BLOCK00/SES004/SA004S17	SES292	-1.66364	-50.5524	-48.8887
BLOCK00/SES004/SA004S24	SES083	-2.07411	-50.3109	-48.2368
BLOCK00/SES004/SA004S24	SES148	-2.13652	-50.3733	-48.2368
BLOCK00/SES004/SA004S24	SES172	-0.948551	-49.1853	-48.2368
BLOCK00/SES004/SA004S24	SES292	-1.41142	-49.6482	-48.2368
BLOCK00/SES004/SA004S26	SES083	-1.33638	-49.5641	-48.2277
BLOCK00/SES004/SA004S26	SES127	-1.16063	-49.3883	-48.2277
BLOCK00/SES004/SA004S26	SES148	-2.24013	-50.4678	-48.2277
BLOCK00/SES004/SA004S26	SES292	-0.885609	-49.1133	-48.2277
BLOCK00/SES004/SA004S28	SES083	-2.12587	-49.6915	-47.5656
BLOCK00/SES004/SA004S28	SES127	-1.60556	-49.1712	-47.5656
BLOCK00/SES004/SA004S28	SES187	-1.79593	-49.3616	-47.5656
BLOCK00/SES004/SA004S28	SES292	-2.82933	-50.395	-47.5656
BLOCK00/SES006/SA006S10	SES014	-2.73163	-51.9419	-49.2103
BLOCK00/SES006/SA006S10	SES158	-0.980679	-50.191	-49.2103
BLOCK00/SES006/SA006S10	SES226	-3.5058	-52.7161	-49.2103
BLOCK00/SES006/SA006S10	SES270	-0.360718	-49.571	-49.2103
BLOCK00/SES006/SA006S11	SES158	-1.21268	-50.3669	-49.1542
BLOCK00/SES006/SA006S11	SES226	-2.72925	-51.8835	-49.1542
BLOCK00/SES006/SA006S11	SES270	-0.484108	-49.6383	-49.1542
BLOCK00/SES006/SA006S11	SES275	-3.54314	-52.6974	-49.1542
BLOCK00/SES006/SA006S23	SES062	-2.53778	-50.649	-48.1112
BLOCK00/SES006/SA006S23	SES105	-2.9739	-51.0851	-48.1112
BLOCK00/SES006/SA006S23	SES158	-1.30699	-49.4182	-48.1112
BLOCK00/SES006/SA006S23	SES275	-2.49534	-50.6065	-48.1112
BLOCK00/SES006/SA006S26	SES104	-2.38497	-50.0686	-47.6837
BLOCK00/SES006/SA006S26	SES158	-0.617767	-48.3014	-47.6837
BLOCK00/SES006/SA006S26	SES270	-0.508839	-48.1925	-47.6837
BLOCK00/SES006/SA006S26	SES275	-3.57951	-51.2632	-47.6837
BLOCK00/SES006/SA006S28	SES007	-2.71457	-51.9458	-49.2312
BLOCK00/SES006/SA006S28	SES105	-2.98717	-52.2184	-49.2312
BLOCK00/SES006/SA006S28	SES158	-1.29308	-50.5243	-49.2312
BLOCK00/SES006/SA006S28	SES275	-3.32095	-52.5521	-49.2312
BLOCK00/SES009/SA009S12	SES083	-2.08426	-49.6714	-47.5871
BLOCK00/SES009/SA009S12	SES148	-1.61517	-49.2023	-47.5871
BLOCK00/SES009/SA009S12	SES177	-2.16706	-49.7542	-47.5871
BLOCK00/SES009/SA009S12	SES292	-0.880508	-48.4676	-47.5871
BLOCK00/SES009/SA009S15	SES007	0.5326	-46.2902	-46.8228
BLOCK00/SES009/SA009S15	SES099	-9.68669	-56.5095	-46.8228
BLOCK00/SES009/SA009S15	SES148	-2.10101	-48.9238	-46.8228
BLOCK00/SES009/SA009S15	SES172	-1.67979	-48.5026	-46.8228
BLOCK00/SES009/SA009S24	SES146	-1.00946	-48.0778	-47.0684
BLOCK00/SES009/SA009S24	SES148	-1.59167	-48.66	-47.0684
BLOCK00/SES009/SA009S24	SES177	-2.07825	-49.1466	-47.0684
BLOCK00/SES009/SA009S24	SES292	-0.974392	-48.0427	-47.0684
BLOCK00/SES009/SA009S26	SES083	-2.04569	-49.7624	-47.7167
BLOCK00/SES009/SA009S26	SES101	-1.74303	-49.4597	-47.7167
BLOCK00/SES009/SA009S26	SES120	-1.67629	-49.393	-47.7167
BLOCK00/SES009/SA009S26	SES177	-2.66648	-50.3832	-47.7167
BLOCK00/SES009/SA009S29	SES083	-1.51461	-48.7426	-47.228
BLOCK00/SES009/SA009S29	SES101	-1.51173	-48.7397	-47.228
BLOCK00/SES009/SA009S29	SES177	-2.27573	-49.5037	-47.228
BLOCK00/SES009/SA009S29	SES292	-0.866596	-48.0946	-47.228
BLOCK01/SES011/SA011S10	SES019	-1.15176	-48.4872	-47.3354
BLOCK01/SES011/SA011S10	SES042	-0.837391	-48.1728	-47.3354
BLOCK01/SES011/SA011S10	SES082	-2.10135	-49.4368	-47.3354
BLOCK01/SES011/SA011S10	SES206	-1.28206	-48.6175	-47.3354
BLOCK01/SES011/SA011S11	SES019	-1.47527	-49.3729	-47.8977
BLOCK01/SES011/SA011S11	SES042	-0.908005	-48.8057	-47.8977
BLOCK01/SES011/SA011S11	SES082	-2.47484	-50.3725	-47.8977
BLOCK01/SES011/SA011S11	SES206	-1.15189	-49.0495	-47.8977
BLOCK01/SES011/SA011S22	SES019	-0.893955	-48.5554	-47.6615
BLOCK01/SES011/SA011S22	SES042	-1.12241	-48.7839	-47.6615
BLOCK01/SES011/SA011S22	SES082	-1.44041	-49.1019	-47.6615
BLOCK01/SES011/SA011S22	SES206	-1.20998	-48.8715	-47.6615
BLOCK01/SES011/SA011S24	SES019	-1.18724	-48.2423	-47.0551
BLOCK01/SES011/SA011S24	SES042	-0.641273	-47.6964	-47.0551
BLOCK01/SES011/SA011S24	SES104	-1.77991	-48.835	-47.0551
BLOCK01/SES011/SA011S24	SES206	-0.665962	-47.7211	-47.0551
BLOCK01/SES011/SA011S27	SES082	-0.215446	-46.9542	-46.7387
BLOCK01/SES011/SA011S27	SES087	-1.32425	-48.063	-46.7387
BLOCK01/SES011/SA011S27	SES125	-0.965759	-47.7045	-46.7387
BLOCK01/SES011/SA011S27	SES206	-0.535561	-47.2743	-46.7387
BLOCK01/SES012/SA012S11	SES007	-3.34377	-49.2498	-45.9061
BLOCK01/SES012/SA012S11	SES082	-1.22995	-47.136	-45.9061
BLOCK01/SES012/SA012S11	SES083	-2.99835	-48.9044	-45.9061
BLOCK01/SES012/SA012S11	SES206	-0.801872	-46.7079	-45.9061
BLOCK01/SES012/SA012S14	SES082	-1.39784	-47.777	-46.3791
BLOCK01/SES012/SA012S14	SES087	-1.72461	-48.1038	-46.3791
BLOCK01/SES012/SA012S14	SES206	-1.19249	-47.5716	-46.3791
BLOCK01/SES012/SA012S14	SES292	-4.64255	-51.0217	-46.3791
BLOCK01/SES012/SA012S24	SES082	-0.320679	-47.6258	-47.3052
BLOCK01/SES012/SA012S24	SES087	-1.31795	-48.6231	-47.3052
BLOCK01/SES012/SA012S24	SES120	-4.26234	-51.5675	-47.3052
BLOCK01/SES012/SA012S24	SES206	-0.850182	-48.1553	-47.3052
BLOCK01/SES012/SA012S26	SES019	-2.47934	-49.0003	-46.5209
BLOCK01/SES012/SA012S26	SES082	-2.11242	-48.6333	-46.5209
BLOCK01/SES012/SA012S26	SES206	-0.840836	-47.3617	-46.5209
BLOCK01/SES012/SA012S26	SES292	-4.73098	-51.2519	-46.5209
BLOCK01/SES012/SA012S29	SES062	-2.83072	-49.278	-46.4473
BLOCK01/SES012/SA012S29	SES082	-1.17021	-47.6175	-46.4473
BLOCK01/SES012/SA012S29	SES083	-2.52721	-48.9745	-46.4473
BLOCK01/SES012/SA012S29	SES206	-1.07419	-47.5214	-46.4473
BLOCK01/SES013/SA013S16	SES062	-4.79718	-51.3723	-46.5751
BLOCK01/SES013/SA013S16	SES106	-1.54901	-48.1241	-46.5751
BLOCK01/SES013/SA013S16	SES206	-1.39847	-47.9736	-46.5751
BLOCK01/SES013/SA013S16	SES226	-0.983093	-47.5582	-46.5751
BLOCK01/SES013/SA013S17	SES062	-4.47453	-50.545	-46.0704
BLOCK01/SES013/SA013S17	SES106	-2.08325	-48.1537	-46.0704
BLOCK01/SES013/SA013S17	SES206	-0.596786	-46.6672	-46.0704
BLOCK01/SES013/SA013S17	SES226	-0.611259	-46.6817	-46.0704
BLOCK01/SES013/SA013S23	SES104	-1.58023	-48.6225	-47.0422
BLOCK01/SES013/SA013S23	SES106	-1.28388	-48.3261	-47.0422
BLOCK01/SES013/SA013S23	SES206	-1.11478	-48.157	-47.0422
BLOCK01/SES013/SA013S23	SES270	-0.801228	-47.8435	-47.0422
BLOCK01/SES013/SA013S25	SES042	-2.68083	-48.7216	-46.0408
BLOCK01/SES013/SA013S25	SES104	-1.80527	-47.8461	-46.0408
BLOCK01/SES013/SA013S25	SES106	-1.43061	-47.4714	-46.0408
BLOCK01/SES013/SA013S25	SES206	-1.7177	-47.7585	-46.0408
BLOCK01/SES013/SA013S29	SES062	-4.7584	-51.2232	-46.4648
BLOCK01/SES013/SA013S29	SES104	-2.02939	-48.4942	-46.4648
BLOCK01/SES013/SA013S29	SES106	-1.53798	-48.0028	-46.4648
BLOCK01/SES013/SA013S29	SES206	-1.67012	-48.1349	-46.4648
BLOCK02/SES021/SA021S13	SES016	-3.80088	-50.0618	-46.2609
BLOCK02/SES021/SA021S13	SES029	-3.27526	-49.5362	-46.2609
BLOCK02/SES021/SA021S13	SES087	-1.76823	-48.0291	-46.2609
BLOCK02/SES021/SA021S13	SES206	-1.23806	-47.499	-46.2609
BLOCK02/SES021/SA021S15	SES087	-1.71101	-46.9359	-45.2249
BLOCK02/SES021/SA021S15	SES125	-0.815674	-46.0406	-45.2249
BLOCK02/SES021/SA021S15	SES206	-0.846127	-46.071	-45.2249
BLOCK02/SES021/SA021S15	SES226	-1.45109	-46.676	-45.2249
BLOCK02/SES021/SA021S23	SES062	-3.82829	-50.8428	-47.0145
BLOCK02/SES021/SA021S23	SES087	-2.48838	-49.5029	-47.0145
BLOCK02/SES021/SA021S23	SES206	-2.00976	-49.0243	-47.0145
BLOCK02/SES021/SA021S23	SES226	-1.34726	-48.3618	-47.0145
BLOCK02/SES021/SA021S27	SES002	-2.86896	-48.9786	-46.1096
BLOCK02/SES021/SA021S27	SES016	-4.4849	-50.5945	-46.1096
BLOCK02/SES021/SA021S27	SES019	-2.45254	-48.5622	-46.1096
BLOCK02/SES021/SA021S27	SES062	-1.86056	-47.9702	-46.1096
BLOCK02/SES021/SA021S29	SES087	-2.17841	-47.8566	-45.6782
BLOCK02/SES021/SA021S29	SES125	-1.80543	-47.4836	-45.6782
BLOCK02/SES021/SA021S29	SES206	-1.44332	-47.1215	-45.6782
BLOCK02/SES021/SA021S29	SES226	-1.17403	-46.8522	-45.6782
BLOCK04/SES043/SA043S09	SES083	-1.9949	-50.896	-48.9011
BLOCK04/SES043/SA043S09	SES101	-2.60941	-51.5105	-48.9011
BLOCK04/SES043/SA043S09	SES144	-0.81496	-49.716	-48.9011
BLOCK04/SES043/SA043S09	SES172	-2.75982	-51.6609	-48.9011
BLOCK04/SES043/SA043S11	SES083	-0.948032	-48.3606	-47.4125
BLOCK04/SES043/SA043S11	SES101	-1.88395	-49.2965	-47.4125
BLOCK04/SES043/SA043S11	SES144	-0.666218	-48.0788	-47.4125
BLOCK04/SES043/SA043S11	SES172	-1.52992	-48.9425	-47.4125
BLOCK04/SES043/SA043S23	SES083	-0.921532	-48.7365	-47.8149
BLOCK04/SES043/SA043S23	SES144	-0.281181	-48.0961	-47.8149
BLOCK04/SES043/SA043S23	SES177	-2.93908	-50.754	-47.8149
BLOCK04/SES043/SA043S23	SES275	-0.578964	-48.3939	-47.8149
BLOCK04/SES043/SA043S26	SES083	-0.631466	-48.7761	-48.1447
BLOCK04/SES043/SA043S26	SES101	-1.61112	-49.7558	-48.1447
BLOCK04/SES043/SA043S26	SES144	-0.228554	-48.3732	-48.1447
BLOCK04/SES043/SA043S26	SES177	-2.10947	-50.2541	-48.1447
BLOCK04/SES043/SA043S28	SES016	-1.37434	-48.5483	-47.174
BLOCK04/SES043/SA043S28	SES083	-0.623821	-47.7978	-47.174
BLOCK04/SES043/SA043S28	SES101	-1.21205	-48.386	-47.174
BLOCK04/SES043/SA043S28	SES144	-0.580952	-47.7549	-47.174
BLOCK04/SES044/SA044S10	SES127	-2.30351	-53.1411	-50.8376
BLOCK04/SES044/SA044S10	SES144	-0.952641	-51.7902	-50.8376
BLOCK04/SES044/SA044S10	SES147	-4.30109	-55.1386	-50.8376
BLOCK04/SES044/SA044S10	SES148	-2.71344	-53.551	-50.8376
BLOCK04/SES044/SA044S11	SES101	-2.25871	-52.0162	-49.7575
BLOCK04/SES044/SA044S11	SES144	-0.236767	-49.9942	-49.7575
BLOCK04/SES044/SA044S11	SES147	-3.74799	-53.5055	-49.7575
BLOCK04/SES044/SA044S11	SES177	-2.51383	-52.2713	-49.7575
BLOCK04/SES044/SA044S24	SES007	-2.39476	-51.5196	-49.1249
BLOCK04/SES044/SA044S24	SES101	-1.4304	-50.5553	-49.1249
BLOCK04/SES044/SA044S24	SES147	-5.12666	-54.2515	-49.1249
BLOCK04/SES044/SA044S24	SES177	-2.45115	-51.576	-49.1249
BLOCK04/SES044/SA044S26	SES007	-1.76474	-50.5282	-48.7634
BLOCK04/SES044/SA044S26	SES016	-0.905323	-49.6688	-48.7634
BLOCK04/SES044/SA044S26	SES101	-1.17819	-49.9416	-48.7634
BLOCK04/SES044/SA044S26	SES147	-2.24184	-51.0053	-48.7634
BLOCK04/SES044/SA044S29	SES007	-1.91949	-50.0617	-48.1422
BLOCK04/SES044/SA044S29	SES101	-0.704269	-48.8465	-48.1422
BLOCK04/SES044/SA044S29	SES147	-2.87981	-51.022	-48.1422
BLOCK04/SES044/SA044S29	SES177	-2.1402	-50.2824	-48.1422
BLOCK04/SES046/SA046S13	SES101	-3.25681	-51.8123	-48.5554
BLOCK04/SES046/SA046S13	SES144	-1.52016	-50.0756	-48.5554
BLOCK04/SES046/SA046S13	SES147	-3.29907	-51.8545	-48.5554
BLOCK04/SES046/SA046S13	SES177	-2.43456	-50.99	-48.5554
BLOCK04/SES046/SA046S15	SES048	-2.8293	-50.3567	-47.5274
BLOCK04/SES046/SA046S15	SES083	-1.27017	-48.7976	-47.5274
BLOCK04/SES046/SA046S15	SES120	-2.30556	-49.8329	-47.5274
BLOCK04/SES046/SA046S15	SES148	-1.56491	-49.0923	-47.5274
BLOCK04/SES046/SA046S22	SES101	-1.02216	-49.4656	-48.4435
BLOCK04/SES046/SA046S22	SES144	-1.27452	-49.718	-48.4435
BLOCK04/SES046/SA046S22	SES147	-2.15966	-50.6031	-48.4435
BLOCK04/SES046/SA046S22	SES172	-1.26334	-49.7068	-48.4435
BLOCK04/SES046/SA046S25	SES083	-1.73959	-49.9843	-48.2447
BLOCK04/SES046/SA046S25	SES127	-1.33174	-49.5765	-48.2447
BLOCK04/SES046/SA046S25	SES144	-1.65187	-49.8966	-48.2447
BLOCK04/SES046/SA046S25	SES148	-1.38628	-49.631	-48.2447
BLOCK04/SES046/SA046S28	SES007	-3.83207	-52.9588	-49.1267
BLOCK04/SES046/SA046S28	SES105	-2.08953	-51.2162	-49.1267
BLOCK04/SES046/SA046S28	SES147	-1.9343	-51.061	-49.1267
BLOCK04/SES046/SA046S28	SES148	-1.22903	-50.3557	-49.1267
BLOCK04/SES049/SA049S16	SES104	-1.66961	-49.6803	-48.0107
BLOCK04/SES049/SA049S16	SES106	-1.8522	-49.8629	-48.0107
BLOCK04/SES049/SA049S16	SES120	-3.69788	-51.7086	-48.0107
BLOCK04/SES049/SA049S16	SES206	-1.18529	-49.196	-48.0107
BLOCK04/SES049/SA049S18	SES099	-0.984989	-49.8531	-48.8681
BLOCK04/SES049/SA049S18	SES104	-2.07103	-50.9391	-48.8681
BLOCK04/SES049/SA049S18	SES125	-2.45466	-51.3227	-48.8681
BLOCK04/SES049/SA049S18	SES206	-2.03363	-50.9017	-48.8681
BLOCK04/SES049/SA049S25	SES087	-1.64	-48.9606	-47.3206
BLOCK04/SES049/SA049S25	SES104	-1.30035	-48.621	-47.3206
BLOCK04/SES049/SA049S25	SES125	-2.55513	-49.8758	-47.3206
BLOCK04/SES049/SA049S25	SES206	-1.50092	-48.8216	-47.3206
BLOCK04/SES049/SA049S27	SES099	-0.735653	-48.2947	-47.559
BLOCK04/SES049/SA049S27	SES104	-0.613243	-48.1723	-47.559
BLOCK04/SES049/SA049S27	SES125	-1.54281	-49.1018	-47.559
BLOCK04/SES049/SA049S27	SES206	-1.1407	-48.6997	-47.559
BLOCK04/SES049/SA049S29	SES099	-1.17209	-47.4326	-46.2605
BLOCK04/SES049/SA049S29	SES104	-0.721363	-46.9818	-46.2605
BLOCK04/SES049/SA049S29	SES125	-1.58013	-47.8406	-46.2605
BLOCK04/SES049/SA049S29	SES206	-0.913525	-47.174	-46.2605
BLOCK06/SES063/SA063S09	SES068	-1.5008	-49.6164	-48.1156
BLOCK06/SES063/SA063S09	SES083	-0.631641	-48.7473	-48.1156
BLOCK06/SES063/SA063S09	SES177	-1.40822	-49.5239	-48.1156
BLOCK06/SES063/SA063S09	SES187	-1.45144	-49.5671	-48.1156
BLOCK06/SES063/SA063S10	SES068	-1.77093	-50.0166	-48.2456
BLOCK06/SES063/SA063S10	SES083	-0.178207	-48.4239	-48.2456
BLOCK06/SES063/SA063S10	SES172	-1.06357	-49.3092	-48.2456
BLOCK06/SES063/SA063S10	SES187	-2.09238	-50.338	-48.2456
BLOCK06/SES063/SA063S20	SES068	-2.36028	-50.5935	-48.2332
BLOCK06/SES063/SA063S20	SES083	-1.05123	-49.2844	-48.2332
BLOCK06/SES063/SA063S20	SES172	-1.10263	-49.3358	-48.2332
BLOCK06/SES063/SA063S20	SES187	-0.837181	-49.0704	-48.2332
BLOCK06/SES063/SA063S24	SES029	-2.05247	-49.757	-47.7046
BLOCK06/SES063/SA063S24	SES083	-0.04916	-47.7537	-47.7046
BLOCK06/SES063/SA063S24	SES177	-0.471542	-48.1761	-47.7046
BLOCK06/SES063/SA063S24	SES189	-1.28549	-48.99	-47.7046
BLOCK06/SES063/SA063S27	SES083	-0.402691	-49.5224	-49.1197
BLOCK06/SES063/SA063S27	SES172	-0.480274	-49.6	-49.1197
BLOCK06/SES063/SA063S27	SES187	-1.69194	-50.8117	-49.1197
BLOCK06/SES063/SA063S27	SES292	-1.20228	-50.322	-49.1197
BLOCK06/SES067/SA067S12	SES083	-2.24646	-50.1317	-47.8852
BLOCK06/SES067/SA067S12	SES172	-2.37052	-50.2557	-47.8852
BLOCK06/SES067/SA067S12	SES202	0.380527	-47.5047	-47.8852
BLOCK06/SES067/SA067S12	SES292	-1.99268	-49.8779	-47.8852
BLOCK06/SES067/SA067S14	SES085	-1.29541	-48.7184	-47.423
BLOCK06/SES067/SA067S14	SES177	-1.38617	-48.8092	-47.423
BLOCK06/SES067/SA067S14	SES183	-2.57023	-49.9933	-47.423
BLOCK06/SES067/SA067S14	SES202	-0.0191498	-47.4422	-47.423
BLOCK06/SES067/SA067S21	SES144	-1.18984	-49.7944	-48.6046
BLOCK06/SES067/SA067S21	SES177	-1.42369	-50.0283	-48.6046
BLOCK06/SES067/SA067S21	SES183	-5.31053	-53.9151	-48.6046
BLOCK06/SES067/SA067S21	SES189	-0.262684	-48.8673	-48.6046
BLOCK06/SES067/SA067S25	SES085	-0.67382	-48.7704	-48.0966
BLOCK06/SES067/SA067S25	SES177	-1.37105	-49.4676	-48.0966
BLOCK06/SES067/SA067S25	SES183	-2.62471	-50.7213	-48.0966
BLOCK06/SES067/SA067S25	SES202	0.149651	-47.9469	-48.0966
BLOCK06/SES067/SA067S29	SES085	-1.4284	-49.6867	-48.2583
BLOCK06/SES067/SA067S29	SES177	-1.72029	-49.9786	-48.2583
BLOCK06/SES067/SA067S29	SES183	-1.88292	-50.1412	-48.2583
BLOCK06/SES067/SA067S29	SES202	-0.107113	-48.3654	-48.2583
BLOCK06/SES069/SA069S12	SES029	-2.86133	-49.7976	-46.9362
BLOCK06/SES069/SA069S12	SES082	-1.00469	-47.9409	-46.9362
BLOCK06/SES069/SA069S12	SES087	-2.21643	-49.1527	-46.9362
BLOCK06/SES069/SA069S12	SES206	-1.88906	-48.8253	-46.9362
BLOCK06/SES069/SA069S13	SES029	-3.18656	-50.2384	-47.0518
BLOCK06/SES069/SA069S13	SES087	-2.41968	-49.4715	-47.0518
BLOCK06/SES069/SA069S13	SES206	-2.53354	-49.5854	-47.0518
BLOCK06/SES069/SA069S13	SES226	-2.11722	-49.1691	-47.0518
BLOCK06/SES069/SA069S23	SES029	-2.01086	-47.5563	-45.5455
BLOCK06/SES069/SA069S23	SES087	-3.15979	-48.7053	-45.5455
BLOCK06/SES069/SA069S23	SES206	-2.63693	-48.1824	-45.5455
BLOCK06/SES069/SA069S23	SES226	-1.43353	-46.979	-45.5455
BLOCK06/SES069/SA069S25	SES087	-2.15312	-47.5959	-45.4428
BLOCK06/SES069/SA069S25	SES206	-2.47229	-47.9151	-45.4428
BLOCK06/SES069/SA069S25	SES226	-1.64483	-47.0876	-45.4428
BLOCK06/SES069/SA069S25	SES270	-1.85041	-47.2932	-45.4428
BLOCK06/SES069/SA069S27	SES087	-2.67124	-48.4656	-45.7943
BLOCK06/SES069/SA069S27	SES206	-1.84098	-47.6353	-45.7943
BLOCK06/SES069/SA069S27	SES226	-0.971329	-46.7657	-45.7943
BLOCK06/SES069/SA069S27	SES270	-1.66006	-47.4544	-45.7943
BLOCK08/SES081/SA081S11	SES060	-1.52842	-48.8967	-47.3682
BLOCK08/SES081/SA081S11	SES062	-3.64564	-51.0139	-47.3682
BLOCK08/SES081/SA081S11	SES117	-2.65367	-50.0219	-47.3682
BLOCK08/SES081/SA081S11	SES162	-2.07551	-49.4437	-47.3682
BLOCK08/SES081/SA081S13	SES016	-1.21708	-48.1304	-46.9133
BLOCK08/SES081/SA081S13	SES060	-0.557816	-47.4711	-46.9133
BLOCK08/SES081/SA081S13	SES068	-0.346615	-47.2599	-46.9133
BLOCK08/SES081/SA081S13	SES129	-1.94382	-48.8571	-46.9133
BLOCK08/SES081/SA081S24	SES060	-0.734226	-47.9174	-47.1832
BLOCK08/SES081/SA081S24	SES068	-1.36735	-48.5505	-47.1832
BLOCK08/SES081/SA081S24	SES117	-2.27039	-49.4536	-47.1832
BLOCK08/SES081/SA081S24	SES275	-3.0848	-50.268	-47.1832
BLOCK08/SES081/SA081S27	SES007	-1.69979	-49.2639	-47.5641
BLOCK08/SES081/SA081S27	SES060	-1.33774	-48.9018	-47.5641
BLOCK08/SES081/SA081S27	SES117	-0.941315	-48.5054	-47.5641
BLOCK08/SES081/SA081S27	SES275	-2.41407	-49.9782	-47.5641
BLOCK08/SES081/SA081S29	SES007	-1.39854	-48.8307	-47.4321
BLOCK08/SES081/SA081S29	SES060	-0.447536	-47.8797	-47.4321
BLOCK08/SES081/SA081S29	SES117	-1.48379	-48.9159	-47.4321
BLOCK08/SES081/SA081S29	SES275	-2.34288	-49.775	-47.4321
BLOCK08/SES086/SA086S11	SES029	-4.87992	-53.2331	-48.3532
BLOCK08/SES086/SA086S11	SES082	-2.42131	-50.7745	-48.3532
BLOCK08/SES086/SA086S11	SES087	-0.961376	-49.3146	-48.3532
BLOCK08/SES086/SA086S11	SES206	-2.04898	-50.4022	-48.3532
BLOCK08/SES086/SA086S12	SES029	-5.25973	-52.6426	-47.3829
BLOCK08/SES086/SA086S12	SES082	-2.44181	-49.8247	-47.3829
BLOCK08/SES086/SA086S12	SES087	-0.453724	-47.8366	-47.3829
BLOCK08/SES086/SA086S12	SES206	-1.82248	-49.2054	-47.3829
BLOCK08/SES086/SA086S20	SES029	-4.61127	-50.8082	-46.1969
BLOCK08/SES086/SA086S20	SES082	-1.88086	-48.0778	-46.1969
BLOCK08/SES086/SA086S20	SES087	0.167656	-46.0292	-46.1969
BLOCK08/SES086/SA086S20	SES206	-0.745388	-46.9423	-46.1969
BLOCK08/SES086/SA086S24	SES087	-0.14233	-47.6648	-47.5225
BLOCK08/SES086/SA086S24	SES104	-1.46645	-48.9889	-47.5225
BLOCK08/SES086/SA086S24	SES120	-4.63137	-52.1538	-47.5225
BLOCK08/SES086/SA086S24	SES206	-0.280518	-47.803	-47.5225
BLOCK08/SES086/SA086S28	SES029	-3.75645	-50.1162	-46.3598
BLOCK08/SES086/SA086S28	SES082	-1.8422	-48.202	-46.3598
BLOCK08/SES086/SA086S28	SES087	-0.369884	-46.7297	-46.3598
BLOCK08/SES086/SA086S28	SES206	-1.10244	-47.4622	-46.3598
BLOCK08/SES089/SA089S13	SES087	-2.35505	-49.424	-47.0689
BLOCK08/SES089/SA089S13	SES206	-2.61128	-49.6802	-47.0689
BLOCK08/SES089/SA089S13	SES226	-1.65913	-48.7281	-47.0689
BLOCK08/SES089/SA089S13	SES270	-3.41394	-50.4829	-47.0689
BLOCK08/SES089/SA089S14	SES062	-2.43556	-49.4575	-47.022
BLOCK08/SES089/SA089S14	SES087	-1.11546	-48.1374	-47.022
BLOCK08/SES089/SA089S14	SES206	-1.36267	-48.3846	-47.022
BLOCK08/SES089/SA089S14	SES226	-0.757042	-47.779	-47.022
BLOCK08/SES089/SA089S23	SES087	-2.1316	-49.7697	-47.6381
BLOCK08/SES089/SA089S23	SES206	-2.64355	-50.2817	-47.6381
BLOCK08/SES089/SA089S23	SES226	-1.62751	-49.2657	-47.6381
BLOCK08/SES089/SA089S23	SES270	-3.05278	-50.6909	-47.6381
BLOCK08/SES089/SA089S25	SES062	-2.98328	-49.8238	-46.8405
BLOCK08/SES089/SA089S25	SES087	-0.981796	-47.8223	-46.8405
BLOCK08/SES089/SA089S25	SES206	-2.01917	-48.8597	-46.8405
BLOCK08/SES089/SA089S25	SES226	-0.594532	-47.435	-46.8405
BLOCK08/SES089/SA089S28	SES062	-2.57541	-49.4256	-46.8502
BLOCK08/SES089/SA089S28	SES087	-1.73808	-48.5883	-46.8502
BLOCK08/SES089/SA089S28	SES206	-1.39396	-48.2441	-46.8502
BLOCK08/SES089/SA089S28	SES226	-0.727871	-47.5781	-46.8502
BLOCK09/SES097/SA097S11	SES099	-0.695713	-48.2382	-47.5425
BLOCK09/SES097/SA097S11	SES125	-2.57191	-50.1144	-47.5425
BLOCK09/SES097/SA097S11	SES206	-1.90717	-49.4496	-47.5425
BLOCK09/SES097/SA097S11	SES226	-0.962097	-48.5046	-47.5425
BLOCK09/SES097/SA097S14	SES062	-3.97726	-51.2966	-47.3194
BLOCK09/SES097/SA097S14	SES099	-1.6818	-49.0012	-47.3194
BLOCK09/SES097/SA097S14	SES104	-1.42368	-48.7431	-47.3194
BLOCK09/SES097/SA097S14	SES206	-2.17233	-49.4917	-47.3194
BLOCK09/SES097/SA097S22	SES099	-0.722404	-48.2347	-47.5123
BLOCK09/SES097/SA097S22	SES206	-1.30099	-48.8133	-47.5123
BLOCK09/SES097/SA097S22	SES226	-1.69013	-49.2025	-47.5123
BLOCK09/SES097/SA097S22	SES270	-0.340687	-47.853	-47.5123
BLOCK09/SES097/SA097S26	SES099	-1.43362	-48.0333	-46.5997
BLOCK09/SES097/SA097S26	SES120	-4.65517	-51.2549	-46.5997
BLOCK09/SES097/SA097S26	SES206	-1.99911	-48.5988	-46.5997
BLOCK09/SES097/SA097S26	SES226	-2.10504	-48.7048	-46.5997
BLOCK09/SES097/SA097S28	SES099	-1.70286	-48.9873	-47.2845
BLOCK09/SES097/SA097S28	SES120	-3.37751	-50.662	-47.2845
BLOCK09/SES097/SA097S28	SES206	-2.04421	-49.3287	-47.2845
BLOCK09/SES097/SA097S28	SES226	-2.05161	-49.3361	-47.2845
BLOCK09/SES098/SA098S11	SES127	-1.94398	-51.7853	-49.8413
BLOCK09/SES098/SA098S11	SES144	-1.35114	-51.1924	-49.8413
BLOCK09/SES098/SA098S11	SES147	-0.568798	-50.4101	-49.8413
BLOCK09/SES098/SA098S11	SES148	-3.23283	-53.0741	-49.8413
BLOCK09/SES098/SA098S12	SES127	-3.06302	-54.298	-51.235
BLOCK09/SES098/SA098S12	SES144	-1.57105	-52.806	-51.235
BLOCK09/SES098/SA098S12	SES147	-1.5539	-52.7889	-51.235
BLOCK09/SES098/SA098S12	SES189	-0.785061	-52.0201	-51.235
BLOCK09/SES098/SA098S20	SES127	-2.87748	-52.8891	-50.0117
BLOCK09/SES098/SA098S20	SES147	-1.4828	-51.4945	-50.0117
BLOCK09/SES098/SA098S20	SES148	-4.0715	-54.0832	-50.0117
BLOCK09/SES098/SA098S20	SES292	-4.46397	-54.4756	-50.0117
BLOCK09/SES098/SA098S23	SES127	-1.48963	-51.0181	-49.5284
BLOCK09/SES098/SA098S23	SES147	-0.934956	-50.4634	-49.5284
BLOCK09/SES098/SA098S23	SES187	-0.934093	-50.4625	-49.5284
BLOCK09/SES098/SA098S23	SES292	-2.33397	-51.8624	-49.5284
BLOCK09/SES098/SA098S27	SES127	-2.75913	-52.2578	-49.4987
BLOCK09/SES098/SA098S27	SES147	-1.74582	-51.2445	-49.4987
BLOCK09/SES098/SA098S27	SES148	-4.16113	-53.6598	-49.4987
BLOCK09/SES098/SA098S27	SES292	-3.43195	-52.9306	-49.4987
BLOCK10/SES102/SA102S13	SES101	0.0541878	-49.1536	-49.2078
BLOCK10/SES102/SA102S13	SES105	-1.23399	-50.4417	-49.2078
BLOCK10/SES102/SA102S13	SES120	-1.67804	-50.8858	-49.2078
BLOCK10/SES102/SA102S13	SES158	-6.26854	-55.4763	-49.2078
BLOCK10/SES102/SA102S14	SES007	-0.155354	-47.5611	-47.4058
BLOCK10/SES102/SA102S14	SES101	-0.213432	-47.6192	-47.4058
BLOCK10/SES102/SA102S14	SES105	-0.483089	-47.8888	-47.4058
BLOCK10/SES102/SA102S14	SES147	-4.41498	-51.8207	-47.4058
BLOCK10/SES102/SA102S22	SES007	-1.12526	-48.7925	-47.6672
BLOCK10/SES102/SA102S22	SES101	0.136597	-47.5306	-47.6672
BLOCK10/SES102/SA102S22	SES105	-0.450546	-48.1178	-47.6672
BLOCK10/SES102/SA102S22	SES158	-4.1843	-51.8515	-47.6672
BLOCK10/SES102/SA102S25	SES007	-0.943748	-48.763	-47.8193
BLOCK10/SES102/SA102S25	SES101	-0.266567	-48.0859	-47.8193
BLOCK10/SES102/SA102S25	SES105	-0.676479	-48.4958	-47.8193
BLOCK10/SES102/SA102S25	SES147	-5.1989	-53.0182	-47.8193
BLOCK10/SES102/SA102S27	SES007	-1.47569	-49.6787	-48.203
BLOCK10/SES102/SA102S27	SES101	-0.734745	-48.9378	-48.203
BLOCK10/SES102/SA102S27	SES105	-0.938564	-49.1416	-48.203
BLOCK10/SES102/SA102S27	SES147	-3.71252	-51.9156	-48.203
BLOCK10/SES103/SA103S14	SES105	-3.44433	-51.6238	-48.1795
BLOCK10/SES103/SA103S14	SES106	-1.37422	-49.5537	-48.1795
BLOCK10/SES103/SA103S14	SES120	-4.24833	-52.4279	-48.1795
BLOCK10/SES103/SA103S14	SES206	-1.66655	-49.8461	-48.1795
BLOCK10/SES103/SA103S15	SES099	-1.16132	-50.203	-49.0416
BLOCK10/SES103/SA103S15	SES101	-4.65785	-53.6995	-49.0416
BLOCK10/SES103/SA103S15	SES104	-1.57872	-50.6204	-49.0416
BLOCK10/SES103/SA103S15	SES125	-1.07525	-50.1169	-49.0416
BLOCK10/SES103/SA103S24	SES104	-1.9377	-49.5754	-47.6377
BLOCK10/SES103/SA103S24	SES125	-1.64482	-49.2826	-47.6377
BLOCK10/SES103/SA103S24	SES148	-3.60368	-51.2414	-47.6377
BLOCK10/SES103/SA103S24	SES158	-1.25048	-48.8882	-47.6377
BLOCK10/SES103/SA103S26	SES104	-1.72007	-50.2129	-48.4928
BLOCK10/SES103/SA103S26	SES106	-1.81601	-50.3088	-48.4928
BLOCK10/SES103/SA103S26	SES125	-1.94046	-50.4333	-48.4928
BLOCK10/SES103/SA103S26	SES148	-3.84574	-52.3386	-48.4928
BLOCK10/SES103/SA103S28	SES104	-2.696	-51.3647	-48.6687
BLOCK10/SES103/SA103S28	SES106	-2.71341	-51.3821	-48.6687
BLOCK10/SES103/SA103S28	SES125	-2.92734	-51.596	-48.6687
BLOCK10/SES103/SA103S28	SES206	-3.07422	-51.7429	-48.6687
BLOCK12/SES121/SA121S12	SES042	-2.14936	-51.8801	-49.7307
BLOCK12/SES121/SA121S12	SES087	-1.85733	-51.588	-49.7307
BLOCK12/SES121/SA121S12	SES105	-2.4268	-52.1575	-49.7307
BLOCK12/SES121/SA121S12	SES206	-1.53616	-51.2669	-49.7307
BLOCK12/SES121/SA121S14	SES007	-3.84957	-54.1342	-50.2846
BLOCK12/SES121/SA121S14	SES105	-3.36719	-53.6518	-50.2846
BLOCK12/SES121/SA121S14	SES106	-2.25467	-52.5393	-50.2846
BLOCK12/SES121/SA121S14	SES206	-1.95605	-52.2406	-50.2846
BLOCK12/SES121/SA121S23	SES105	-3.20195	-53.5203	-50.3184
BLOCK12/SES121/SA121S23	SES106	-2.2795	-52.5979	-50.3184
BLOCK12/SES121/SA121S23	SES120	-3.34449	-53.6629	-50.3184
BLOCK12/SES121/SA121S23	SES206	-1.79655	-52.1149	-50.3184
BLOCK12/SES121/SA121S25	SES007	-3.51971	-54.4955	-50.9758
BLOCK12/SES121/SA121S25	SES105	-4.19767	-55.1735	-50.9758
BLOCK12/SES121/SA121S25	SES106	-2.11403	-53.0899	-50.9758
BLOCK12/SES121/SA121S25	SES206	-1.77128	-52.7471	-50.9758
BLOCK12/SES121/SA121S27	SES087	-0.997208	-50.4124	-49.4152
BLOCK12/SES121/SA121S27	SES105	-4.56517	-53.9804	-49.4152
BLOCK12/SES121/SA121S27	SES120	-3.54965	-52.9649	-49.4152
BLOCK12/SES121/SA121S27	SES206	-1.92125	-51.3365	-49.4152
BLOCK12/SES124/SA124S16	SES042	-0.7467	-48.5189	-47.7722
BLOCK12/SES124/SA124S16	SES082	-1.27742	-49.0496	-47.7722
BLOCK12/SES124/SA124S16	SES183	-5.25829	-53.0305	-47.7722
BLOCK12/SES124/SA124S16	SES206	-1.28649	-49.0587	-47.7722
BLOCK12/SES124/SA124S17	SES105	-3.15927	-51.6372	-48.4779
BLOCK12/SES124/SA124S17	SES149	-2.12565	-50.6036	-48.4779
BLOCK12/SES124/SA124S17	SES158	-2.51988	-50.9978	-48.4779
BLOCK12/SES124/SA124S17	SES275	-4.32477	-52.8027	-48.4779
BLOCK12/SES124/SA124S23	SES105	-3.96582	-49.9401	-45.9743
BLOCK12/SES124/SA124S23	SES125	-0.0458527	-46.0202	-45.9743
BLOCK12/SES124/SA124S23	SES129	-4.66153	-50.6359	-45.9743
BLOCK12/SES124/SA124S23	SES158	-0.947651	-46.922	-45.9743
BLOCK12/SES124/SA124S26	SES105	-4.26004	-51.1765	-46.9165
BLOCK12/SES124/SA124S26	SES125	0.257656	-46.6588	-46.9165
BLOCK12/SES124/SA124S26	SES129	-5.05529	-51.9718	-46.9165
BLOCK12/SES124/SA124S26	SES158	-1.86041	-48.7769	-46.9165
BLOCK12/SES124/SA124S28	SES104	-0.599743	-47.2148	-46.6151
BLOCK12/SES124/SA124S28	SES106	-0.705391	-47.3204	-46.6151
BLOCK12/SES124/SA124S28	SES125	-0.287258	-46.9023	-46.6151
BLOCK12/SES124/SA124S28	SES275	-5.35721	-51.9723	-46.6151
BLOCK12/SES126/SA126S13	SES007	-2.79563	-52.7885	-49.9929
BLOCK12/SES126/SA126S13	SES162	-0.969627	-50.9625	-49.9929
BLOCK12/SES126/SA126S13	SES177	-1.13974	-51.1326	-49.9929
BLOCK12/SES126/SA126S13	SES180	-1.78252	-51.7754	-49.9929
BLOCK12/SES126/SA126S14	SES144	-1.4648	-49.6848	-48.22
BLOCK12/SES126/SA126S14	SES148	-2.00067	-50.2206	-48.22
BLOCK12/SES126/SA126S14	SES177	-0.789879	-49.0098	-48.22
BLOCK12/SES126/SA126S14	SES180	-1.01606	-49.236	-48.22
BLOCK12/SES126/SA126S20	SES007	-2.10531	-50.7681	-48.6628
BLOCK12/SES126/SA126S20	SES162	-1.72227	-50.385	-48.6628
BLOCK12/SES126/SA126S20	SES172	-3.01287	-51.6756	-48.6628
BLOCK12/SES126/SA126S20	SES180	-1.89697	-50.5597	-48.6628
BLOCK12/SES126/SA126S24	SES120	-1.04905	-49.325	-48.276
BLOCK12/SES126/SA126S24	SES162	-1.22453	-49.5005	-48.276
BLOCK12/SES126/SA126S24	SES177	-1.26516	-49.5411	-48.276
BLOCK12/SES126/SA126S24	SES180	-0.651257	-48.9272	-48.276
BLOCK12/SES126/SA126S26	SES120	-0.770138	-50.136	-49.3658
BLOCK12/SES126/SA126S26	SES177	-0.755859	-50.1217	-49.3658
BLOCK12/SES126/SA126S26	SES180	-1.10671	-50.4725	-49.3658
BLOCK12/SES126/SA126S26	SES202	-2.13875	-51.5046	-49.3658
BLOCK12/SES128/SA128S10	SES087	-2.67726	-49.9992	-47.3219
BLOCK12/SES128/SA128S10	SES206	-2.12996	-49.4519	-47.3219
BLOCK12/SES128/SA128S10	SES226	-1.24216	-48.5641	-47.3219
BLOCK12/SES128/SA128S10	SES270	-1.30093	-48.6228	-47.3219
BLOCK12/SES128/SA128S12	SES120	-3.09505	-50.5565	-47.4614
BLOCK12/SES128/SA128S12	SES158	-1.16894	-48.6304	-47.4614
BLOCK12/SES128/SA128S12	SES206	-1.47281	-48.9343	-47.4614
BLOCK12/SES128/SA128S12	SES226	-1.69799	-49.1594	-47.4614
BLOCK12/SES128/SA128S21	SES106	-4.17256	-52.8739	-48.7014
BLOCK12/SES128/SA128S21	SES120	-2.50372	-51.2051	-48.7014
BLOCK12/SES128/SA128S21	SES206	-4.02143	-52.7228	-48.7014
BLOCK12/SES128/SA128S21	SES226	-2.24407	-50.9454	-48.7014
BLOCK12/SES128/SA128S24	SES087	-3.30657	-51.5942	-48.2876
BLOCK12/SES128/SA128S24	SES120	-1.96116	-50.2488	-48.2876
BLOCK12/SES128/SA128S24	SES206	-3.26251	-51.5501	-48.2876
BLOCK12/SES128/SA128S24	SES226	-2.12394	-50.4115	-48.2876
BLOCK12/SES128/SA128S27	SES099	-2.31134	-49.4863	-47.175
BLOCK12/SES128/SA128S27	SES120	-2.63387	-49.8089	-47.175
BLOCK12/SES128/SA128S27	SES206	-2.51388	-49.6889	-47.175
BLOCK12/SES128/SA128S27	SES226	-1.78429	-48.9593	-47.175
BLOCK13/SES130/SA130S13	SES143	-3.03164	-52.7892	-49.7576
BLOCK13/SES130/SA130S13	SES144	-0.176598	-49.9342	-49.7576
BLOCK13/SES130/SA130S13	SES146	-1.37943	-51.137	-49.7576
BLOCK13/SES130/SA130S13	SES275	-3.06544	-52.823	-49.7576
BLOCK13/SES130/SA130S15	SES143	-2.54124	-51.2486	-48.7074
BLOCK13/SES130/SA130S15	SES144	-0.589764	-49.2971	-48.7074
BLOCK13/SES130/SA130S15	SES146	-0.555374	-49.2627	-48.7074
BLOCK13/SES130/SA130S15	SES275	-1.31035	-50.0177	-48.7074
BLOCK13/SES130/SA130S23	SES127	-2.92486	-52.5136	-49.5887
BLOCK13/SES130/SA130S23	SES144	-1.33549	-50.9242	-49.5887
BLOCK13/SES130/SA130S23	SES146	-1.08879	-50.6775	-49.5887
BLOCK13/SES130/SA130S23	SES162	-1.78187	-51.3706	-49.5887
BLOCK13/SES130/SA130S25	SES127	-2.39605	-50.5888	-48.1927
BLOCK13/SES130/SA130S25	SES144	-0.513622	-48.7063	-48.1927
BLOCK13/SES130/SA130S25	SES146	-1.15623	-49.3489	-48.1927
BLOCK13/SES130/SA130S25	SES275	-1.02176	-49.2145	-48.1927
BLOCK13/SES130/SA130S28	SES127	-1.65511	-50.0914	-48.4363
BLOCK13/SES130/SA130S28	SES144	-0.399216	-48.8355	-48.4363
BLOCK13/SES130/SA130S28	SES146	-0.813744	-49.25	-48.4363
BLOCK13/SES130/SA130S28	SES275	-0.652428	-49.0887	-48.4363
BLOCK13/SES131/SA131S13	SES002	-2.84804	-52.5304	-49.6823
BLOCK13/SES131/SA131S13	SES007	-5.12336	-54.8057	-49.6823
BLOCK13/SES131/SA131S13	SES099	-2.37399	-52.0563	-49.6823
BLOCK13/SES131/SA131S13	SES105	-3.11709	-52.7994	-49.6823
BLOCK13/SES131/SA131S14	SES104	-1.01347	-49.1879	-48.1744
BLOCK13/SES131/SA131S14	SES106	-0.916183	-49.0906	-48.1744
BLOCK13/SES131/SA131S14	SES125	-1.69032	-49.8648	-48.1744
BLOCK13/SES131/SA131S14	SES148	-2.66966	-50.8441	-48.1744
BLOCK13/SES131/SA131S20	SES104	-1.7639	-50.7347	-48.9708
BLOCK13/SES131/SA131S20	SES106	-1.06966	-50.0404	-48.9708
BLOCK13/SES131/SA131S20	SES125	-1.66768	-50.6384	-48.9708
BLOCK13/SES131/SA131S20	SES148	-3.98362	-52.9544	-48.9708
BLOCK13/SES131/SA131S22	SES099	-1.55164	-49.6639	-48.1122
BLOCK13/SES131/SA131S22	SES104	-1.7521	-49.8643	-48.1122
BLOCK13/SES131/SA131S22	SES125	-1.74175	-49.854	-48.1122
BLOCK13/SES131/SA131S22	SES206	-2.21854	-50.3308	-48.1122
BLOCK13/SES131/SA131S29	SES087	-1.22364	-50.3514	-49.1278
BLOCK13/SES131/SA131S29	SES104	-2.11728	-51.245	-49.1278
BLOCK13/SES131/SA131S29	SES125	-2.26063	-51.3884	-49.1278
BLOCK13/SES131/SA131S29	SES206	-2.02617	-51.1539	-49.1278
BLOCK13/SES132/SA132S11	SES083	-1.75545	-49.5294	-47.774
BLOCK13/SES132/SA132S11	SES120	-0.490494	-48.2645	-47.774
BLOCK13/SES132/SA132S11	SES127	-1.10612	-48.8801	-47.774
BLOCK13/SES132/SA132S11	SES275	-1.76367	-49.5376	-47.774
BLOCK13/SES132/SA132S12	SES083	-1.75348	-49.2245	-47.471
BLOCK13/SES132/SA132S12	SES143	-1.382	-48.853	-47.471
BLOCK13/SES132/SA132S12	SES144	-1.05918	-48.5302	-47.471
BLOCK13/SES132/SA132S12	SES148	-1.43859	-48.9096	-47.471
BLOCK13/SES132/SA132S22	SES062	-1.08068	-49.1354	-48.0547
BLOCK13/SES132/SA132S22	SES083	-1.09032	-49.145	-48.0547
BLOCK13/SES132/SA132S22	SES127	-0.726486	-48.7812	-48.0547
BLOCK13/SES132/SA132S22	SES275	-1.31133	-49.366	-48.0547
BLOCK13/SES132/SA132S24	SES007	-1.01357	-48.5577	-47.5441
BLOCK13/SES132/SA132S24	SES083	-1.92594	-49.47	-47.5441
BLOCK13/SES132/SA132S24	SES127	-1.19669	-48.7408	-47.5441
BLOCK13/SES132/SA132S24	SES275	-1.7032	-49.2473	-47.5441
BLOCK13/SES132/SA132S27	SES083	-1.95844	-50.4644	-48.506
BLOCK13/SES132/SA132S27	SES120	-0.355873	-48.8619	-48.506
BLOCK13/SES132/SA132S27	SES127	-1.29988	-49.8059	-48.506
BLOCK13/SES132/SA132S27	SES275	-2.07059	-50.5766	-48.506
BLOCK14/SES141/SA141S09	SES143	-0.833794	-49.5351	-48.7013
BLOCK14/SES141/SA141S09	SES144	-0.865192	-49.5665	-48.7013
BLOCK14/SES141/SA141S09	SES162	-0.695255	-49.3966	-48.7013
BLOCK14/SES141/SA141S09	SES180	-0.854572	-49.5559	-48.7013
BLOCK14/SES141/SA141S15	SES127	-1.24329	-49.5945	-48.3512
BLOCK14/SES141/SA141S15	SES144	-1.29943	-49.6506	-48.3512
BLOCK14/SES141/SA141S15	SES162	-0.870907	-49.2221	-48.3512
BLOCK14/SES141/SA141S15	SES180	-0.845615	-49.1968	-48.3512
BLOCK14/SES141/SA141S24	SES127	-0.604416	-48.9542	-48.3497
BLOCK14/SES141/SA141S24	SES144	-1.70897	-50.0587	-48.3497
BLOCK14/SES141/SA141S24	SES162	-0.149986	-48.4997	-48.3497
BLOCK14/SES141/SA141S24	SES183	-2.33965	-50.6894	-48.3497
BLOCK14/SES141/SA141S26	SES142	-1.34425	-50.3261	-48.9819
BLOCK14/SES141/SA141S26	SES144	-1.63506	-50.6169	-48.9819
BLOCK14/SES141/SA141S26	SES172	-1.46087	-50.4427	-48.9819
BLOCK14/SES141/SA141S26	SES180	-0.286831	-49.2687	-48.9819
BLOCK14/SES141/SA141S29	SES127	-0.317188	-48.2815	-47.9643
BLOCK14/SES141/SA141S29	SES142	-0.394768	-48.3591	-47.9643
BLOCK14/SES141/SA141S29	SES144	-1.33298	-49.2973	-47.9643
BLOCK14/SES141/SA141S29	SES180	-0.393974	-48.3583	-47.9643
BLOCK15/SES157/SA157S08	SES083	-1.82568	-50.4779	-48.6522
BLOCK15/SES157/SA157S08	SES127	-1.64452	-50.2968	-48.6522
BLOCK15/SES157/SA157S08	SES148	-0.88689	-49.5391	-48.6522
BLOCK15/SES157/SA157S08	SES292	-1.77907	-50.4313	-48.6522
BLOCK15/SES157/SA157S11	SES083	-2.23209	-50.4376	-48.2055
BLOCK15/SES157/SA157S11	SES127	-2.45288	-50.6584	-48.2055
BLOCK15/SES157/SA157S11	SES148	-1.48759	-49.6931	-48.2055
BLOCK15/SES157/SA157S11	SES292	-1.75748	-49.963	-48.2055
BLOCK15/SES157/SA157S21	SES127	-2.47124	-50.3407	-47.8695
BLOCK15/SES157/SA157S21	SES148	-1.08558	-48.9551	-47.8695
BLOCK15/SES157/SA157S21	SES158	-5.3214	-53.1909	-47.8695
BLOCK15/SES157/SA157S21	SES292	-1.3006	-49.1701	-47.8695
BLOCK15/SES157/SA157S24	SES127	-2.17807	-50.246	-48.0679
BLOCK15/SES157/SA157S24	SES148	-1.11316	-49.1811	-48.0679
BLOCK15/SES157/SA157S24	SES183	-1.61947	-49.6874	-48.0679
BLOCK15/SES157/SA157S24	SES292	-1.63152	-49.6994	-48.0679
BLOCK15/SES157/SA157S26	SES007	-1.01287	-48.8885	-47.8756
BLOCK15/SES157/SA157S26	SES127	-1.15977	-49.0354	-47.8756
BLOCK15/SES157/SA157S26	SES147	-5.56575	-53.4414	-47.8756
BLOCK15/SES157/SA157S26	SES148	-1.13555	-49.0112	-47.8756
BLOCK16/SES161/SA161S10	SES007	-2.42987	-51.8015	-49.3716
BLOCK16/SES161/SA161S10	SES105	-1.82115	-51.1928	-49.3716
BLOCK16/SES161/SA161S10	SES158	-2.7466	-52.1182	-49.3716
BLOCK16/SES161/SA161S10	SES275	-2.35865	-51.7303	-49.3716
BLOCK16/SES161/SA161S12	SES007	-1.77637	-50.8142	-49.0378
BLOCK16/SES161/SA161S12	SES105	-2.23486	-51.2727	-49.0378
BLOCK16/SES161/SA161S12	SES158	-1.80632	-50.8442	-49.0378
BLOCK16/SES161/SA161S12	SES275	-1.76935	-50.8072	-49.0378
BLOCK16/SES161/SA161S20	SES007	-2.56793	-52.704	-50.136
BLOCK16/SES161/SA161S20	SES105	-2.68314	-52.8192	-50.136
BLOCK16/SES161/SA161S20	SES158	-2.54819	-52.6842	-50.136
BLOCK16/SES161/SA161S20	SES275	-2.44539	-52.5814	-50.136
BLOCK16/SES161/SA161S23	SES007	-2.32882	-50.9812	-48.6524
BLOCK16/SES161/SA161S23	SES105	-1.73917	-50.3916	-48.6524
BLOCK16/SES161/SA161S23	SES148	-2.56222	-51.2146	-48.6524
BLOCK16/SES161/SA161S23	SES158	-1.44052	-50.0929	-48.6524
BLOCK16/SES161/SA161S28	SES007	-3.06077	-52.1555	-49.0948
BLOCK16/SES161/SA161S28	SES105	-2.74356	-51.8383	-49.0948
BLOCK16/SES161/SA161S28	SES158	-1.36324	-50.458	-49.0948
BLOCK16/SES161/SA161S28	SES206	-2.09683	-51.1916	-49.0948
BLOCK16/SES164/SA164S11	SES104	-2.14469	-49.2112	-47.0665
BLOCK16/SES164/SA164S11	SES125	-0.67197	-47.7385	-47.0665
BLOCK16/SES164/SA164S11	SES158	-0.938587	-48.0051	-47.0665
BLOCK16/SES164/SA164S11	SES206	-2.124	-49.1905	-47.0665
BLOCK16/SES164/SA164S13	SES099	-1.44575	-49.5376	-48.0918
BLOCK16/SES164/SA164S13	SES104	-2.09978	-50.1916	-48.0918
BLOCK16/SES164/SA164S13	SES125	-1.75067	-49.8425	-48.0918
BLOCK16/SES164/SA164S13	SES206	-2.07682	-50.1686	-48.0918
BLOCK16/SES164/SA164S24	SES002	-0.718449	-48.2668	-47.5484
BLOCK16/SES164/SA164S24	SES099	-0.441875	-47.9903	-47.5484
BLOCK16/SES164/SA164S24	SES125	-1.63718	-49.1856	-47.5484
BLOCK16/SES164/SA164S24	SES226	-1.36021	-48.9086	-47.5484
BLOCK16/SES164/SA164S27	SES087	-1.45665	-49.2777	-47.8211
BLOCK16/SES164/SA164S27	SES125	-1.29698	-49.118	-47.8211
BLOCK16/SES164/SA164S27	SES206	-1.7233	-49.5444	-47.8211
BLOCK16/SES164/SA164S27	SES226	-1.93601	-49.7571	-47.8211
BLOCK16/SES164/SA164S29	SES002	0.0267296	-47.7215	-47.7483
BLOCK16/SES164/SA164S29	SES019	-1.68417	-49.4324	-47.7483
BLOCK16/SES164/SA164S29	SES125	-1.25009	-48.9983	-47.7483
BLOCK16/SES164/SA164S29	SES226	-1.35316	-49.1014	-47.7483
BLOCK16/SES169/SA169S13	SES117	-2.1497	-50.6926	-48.5429
BLOCK16/SES169/SA169S13	SES144	-0.945168	-49.4881	-48.5429
BLOCK16/SES169/SA169S13	SES146	-1.50431	-50.0472	-48.5429
BLOCK16/SES169/SA169S13	SES162	-1.87026	-50.4132	-48.5429
BLOCK16/SES169/SA169S14	SES144	-0.848976	-47.7929	-46.9439
BLOCK16/SES169/SA169S14	SES148	-1.46818	-48.4121	-46.9439
BLOCK16/SES169/SA169S14	SES177	-1.84096	-48.7849	-46.9439
BLOCK16/SES169/SA169S14	SES180	-3.48016	-50.4241	-46.9439
BLOCK16/SES169/SA169S24	SES117	-1.97774	-51.2786	-49.3009
BLOCK16/SES169/SA169S24	SES144	-0.4758	-49.7767	-49.3009
BLOCK16/SES169/SA169S24	SES146	-1.19268	-50.4936	-49.3009
BLOCK16/SES169/SA169S24	SES162	-1.75339	-51.0543	-49.3009
BLOCK16/SES169/SA169S27	SES127	-1.05766	-49.6194	-48.5617
BLOCK16/SES169/SA169S27	SES129	-1.16396	-49.7257	-48.5617
BLOCK16/SES169/SA169S27	SES144	-1.15354	-49.7153	-48.5617
BLOCK16/SES169/SA169S27	SES146	-0.445286	-49.007	-48.5617
BLOCK16/SES169/SA169S29	SES144	-0.430717	-48.4911	-48.0604
BLOCK16/SES169/SA169S29	SES162	-1.39556	-49.4559	-48.0604
BLOCK16/SES169/SA169S29	SES177	-2.47887	-50.5393	-48.0604
BLOCK16/SES169/SA169S29	SES180	-2.1885	-50.2489	-48.0604
BLOCK17/SES171/SA171S12	SES083	-1.34811	-50.2903	-48.9422
BLOCK17/SES171/SA171S12	SES148	-1.64466	-50.5868	-48.9422
BLOCK17/SES171/SA171S12	SES172	-0.993896	-49.9361	-48.9422
BLOCK17/SES171/SA171S12	SES292	-2.61411	-51.5563	-48.9422
BLOCK17/SES171/SA171S15	SES148	-1.75893	-50.9766	-49.2176
BLOCK17/SES171/SA171S15	SES177	-1.65295	-50.8706	-49.2176
BLOCK17/SES171/SA171S15	SES180	-4.04853	-53.2662	-49.2176
BLOCK17/SES171/SA171S15	SES292	-4.0654	-53.283	-49.2176
BLOCK17/SES171/SA171S22	SES007	-1.87897	-49.9092	-48.0303
BLOCK17/SES171/SA171S22	SES148	-1.2648	-49.2951	-48.0303
BLOCK17/SES171/SA171S22	SES177	-0.845978	-48.8762	-48.0303
BLOCK17/SES171/SA171S22	SES180	-2.29512	-50.3254	-48.0303
BLOCK17/SES171/SA171S25	SES101	-2.75391	-52.0253	-49.2714
BLOCK17/SES171/SA171S25	SES120	-2.80009	-52.0715	-49.2714
BLOCK17/SES171/SA171S25	SES177	-1.56067	-50.832	-49.2714
BLOCK17/SES171/SA171S25	SES180	-3.14167	-52.413	-49.2714
BLOCK17/SES171/SA171S27	SES177	-1.12044	-49.8504	-48.7299
BLOCK17/SES171/SA171S27	SES180	-2.60281	-51.3327	-48.7299
BLOCK17/SES171/SA171S27	SES189	-1.04459	-49.7745	-48.7299
BLOCK17/SES171/SA171S27	SES292	-2.66683	-51.3967	-48.7299
BLOCK17/SES173/SA173S13	SES162	-2.18799	-51.9724	-49.7844
BLOCK17/SES173/SA173S13	SES177	-2.86811	-52.6525	-49.7844
BLOCK17/SES173/SA173S13	SES180	-2.99356	-52.7779	-49.7844
BLOCK17/SES173/SA173S13	SES292	-2.88811	-52.6725	-49.7844
BLOCK17/SES173/SA173S14	SES007	-3.24685	-53.2121	-49.9653
BLOCK17/SES173/SA173S14	SES162	-1.81712	-51.7824	-49.9653
BLOCK17/SES173/SA173S14	SES177	-1.80773	-51.773	-49.9653
BLOCK17/SES173/SA173S14	SES180	-3.08657	-53.0518	-49.9653
BLOCK17/SES173/SA173S24	SES144	-1.64183	-52.0746	-50.4328
BLOCK17/SES173/SA173S24	SES162	-2.62331	-53.0561	-50.4328
BLOCK17/SES173/SA173S24	SES177	-2.11277	-52.5456	-50.4328
BLOCK17/SES173/SA173S24	SES180	-2.57598	-53.0088	-50.4328
BLOCK17/SES173/SA173S27	SES162	-3.02765	-52.5677	-49.5401
BLOCK17/SES173/SA173S27	SES177	-2.45667	-51.9967	-49.5401
BLOCK17/SES173/SA173S27	SES180	-2.969	-52.5091	-49.5401
BLOCK17/SES173/SA173S27	SES292	-2.85143	-52.3915	-49.5401
BLOCK17/SES173/SA173S29	SES162	-2.01757	-51.7479	-49.7303
BLOCK17/SES173/SA173S29	SES175	-1.9557	-51.686	-49.7303
BLOCK17/SES173/SA173S29	SES177	-2.15287	-51.8832	-49.7303
BLOCK17/SES173/SA173S29	SES292	-5.50888	-55.2392	-49.7303
BLOCK18/SES182/SA182S10	SES144	-1.44639	-49.9235	-48.4771
BLOCK18/SES182/SA182S10	SES177	-1.67668	-50.1538	-48.4771
BLOCK18/SES182/SA182S10	SES180	-2.35474	-50.8318	-48.4771
BLOCK18/SES182/SA182S10	SES275	-1.2966	-49.7737	-48.4771
BLOCK18/SES182/SA182S12	SES144	-0.573933	-48.8577	-48.2838
BLOCK18/SES182/SA182S12	SES177	-1.01869	-49.3025	-48.2838
BLOCK18/SES182/SA182S12	SES180	-1.1437	-49.4275	-48.2838
BLOCK18/SES182/SA182S12	SES275	-1.18616	-49.47	-48.2838
BLOCK18/SES182/SA182S21	SES117	-1.05753	-50.3899	-49.3324
BLOCK18/SES182/SA182S21	SES144	-0.971024	-50.3034	-49.3324
BLOCK18/SES182/SA182S21	SES162	-0.374859	-49.7072	-49.3324
BLOCK18/SES182/SA182S21	SES180	-1.76949	-51.1018	-49.3324
BLOCK18/SES182/SA182S23	SES117	-1.57486	-50.3127	-48.7378
BLOCK18/SES182/SA182S23	SES144	-1.51971	-50.2575	-48.7378
BLOCK18/SES182/SA182S23	SES180	-2.13	-50.8678	-48.7378
BLOCK18/SES182/SA182S23	SES275	-2.11113	-50.8489	-48.7378
BLOCK18/SES182/SA182S25	SES007	-1.18895	-49.5855	-48.3965
BLOCK18/SES182/SA182S25	SES162	-0.991089	-49.3876	-48.3965
BLOCK18/SES182/SA182S25	SES177	-0.835094	-49.2316	-48.3965
BLOCK18/SES182/SA182S25	SES180	-1.99239	-50.3889	-48.3965
BLOCK18/SES184/SA184S12	SES177	-1.87411	-50.2029	-48.3288
BLOCK18/SES184/SA184S12	SES180	-1.68909	-50.0179	-48.3288
BLOCK18/SES184/SA184S12	SES189	-3.09018	-51.419	-48.3288
BLOCK18/SES184/SA184S12	SES292	-2.56486	-50.8937	-48.3288
BLOCK18/SES184/SA184S13	SES101	-2.11054	-50.535	-48.4244
BLOCK18/SES184/SA184S13	SES177	-1.67294	-50.0974	-48.4244
BLOCK18/SES184/SA184S13	SES180	-1.62906	-50.0535	-48.4244
BLOCK18/SES184/SA184S13	SES292	-1.50627	-49.9307	-48.4244
BLOCK18/SES184/SA184S22	SES177	-1.67329	-49.4153	-47.742
BLOCK18/SES184/SA184S22	SES180	-1.79874	-49.5407	-47.742
BLOCK18/SES184/SA184S22	SES189	-3.35898	-51.101	-47.742
BLOCK18/SES184/SA184S22	SES292	-1.55628	-49.2983	-47.742
BLOCK18/SES184/SA184S25	SES101	-1.3652	-48.2198	-46.8546
BLOCK18/SES184/SA184S25	SES177	-1.93428	-48.7889	-46.8546
BLOCK18/SES184/SA184S25	SES180	-1.20345	-48.0581	-46.8546
BLOCK18/SES184/SA184S25	SES292	-1.21323	-48.0679	-46.8546
BLOCK18/SES184/SA184S27	SES083	-1.53004	-49.4224	-47.8924
BLOCK18/SES184/SA184S27	SES177	-1.21002	-49.1024	-47.8924
BLOCK18/SES184/SA184S27	SES202	-2.79713	-50.6895	-47.8924
BLOCK18/SES184/SA184S27	SES292	-1.73631	-49.6287	-47.8924
BLOCK20/SES204/SA204S12	SES062	-2.58116	-49.5866	-47.0055
BLOCK20/SES204/SA204S12	SES083	-2.86988	-49.8754	-47.0055
BLOCK20/SES204/SA204S12	SES206	-1.03178	-48.0373	-47.0055
BLOCK20/SES204/SA204S12	SES226	-1.85163	-48.8571	-47.0055
BLOCK20/SES204/SA204S14	SES068	-3.84875	-50.074	-46.2253
BLOCK20/SES204/SA204S14	SES087	-0.992275	-47.2176	-46.2253
BLOCK20/SES204/SA204S14	SES206	-1.72702	-47.9523	-46.2253
BLOCK20/SES204/SA204S14	SES226	-2.08815	-48.3134	-46.2253
BLOCK20/SES204/SA204S22	SES068	-4.11525	-51.3289	-47.2136
BLOCK20/SES204/SA204S22	SES082	-3.09227	-50.3059	-47.2136
BLOCK20/SES204/SA204S22	SES083	-3.34075	-50.5544	-47.2136
BLOCK20/SES204/SA204S22	SES206	-1.31562	-48.5293	-47.2136
BLOCK20/SES204/SA204S25	SES062	-3.83088	-50.9269	-47.0961
BLOCK20/SES204/SA204S25	SES083	-3.47817	-50.5742	-47.0961
BLOCK20/SES204/SA204S25	SES206	-0.886757	-47.9828	-47.0961
BLOCK20/SES204/SA204S25	SES226	-2.00058	-49.0966	-47.0961
BLOCK20/SES204/SA204S27	SES068	-4.75073	-51.9941	-47.2434
BLOCK20/SES204/SA204S27	SES082	-2.37376	-49.6171	-47.2434
BLOCK20/SES204/SA204S27	SES087	-0.893723	-48.1371	-47.2434
BLOCK20/SES204/SA204S27	SES206	-0.977589	-48.221	-47.2434
BLOCK20/SES207/SA207S10	SES127	-0.90847	-49.4475	-48.5391
BLOCK20/SES207/SA207S10	SES183	-2.08885	-50.6279	-48.5391
BLOCK20/SES207/SA207S10	SES189	-1.41768	-49.9568	-48.5391
BLOCK20/SES207/SA207S10	SES292	-1.77258	-50.3117	-48.5391
BLOCK20/SES207/SA207S11	SES127	-2.33983	-50.8585	-48.5187
BLOCK20/SES207/SA207S11	SES183	-2.02816	-50.5468	-48.5187
BLOCK20/SES207/SA207S11	SES187	-1.01779	-49.5365	-48.5187
BLOCK20/SES207/SA207S11	SES292	-1.09205	-49.6107	-48.5187
BLOCK20/SES207/SA207S25	SES068	-2.02124	-50.6969	-48.6756
BLOCK20/SES207/SA207S25	SES083	-2.46853	-51.1442	-48.6756
BLOCK20/SES207/SA207S25	SES127	-1.29999	-49.9756	-48.6756
BLOCK20/SES207/SA207S25	SES187	-0.760979	-49.4366	-48.6756
BLOCK20/SES207/SA207S27	SES127	-1.19095	-50.6881	-49.4971
BLOCK20/SES207/SA207S27	SES183	-0.670109	-50.1672	-49.4971
BLOCK20/SES207/SA207S27	SES187	-0.786858	-50.284	-49.4971
BLOCK20/SES207/SA207S27	SES292	-1.69612	-51.1932	-49.4971
BLOCK20/SES207/SA207S29	SES083	-2.10868	-50.1845	-48.0759
BLOCK20/SES207/SA207S29	SES085	-0.708183	-48.784	-48.0759
BLOCK20/SES207/SA207S29	SES172	-1.88239	-49.9582	-48.0759
BLOCK20/SES207/SA207S29	SES189	-2.51143	-50.5873	-48.0759
BLOCK22/SES221/SA221S12	SES068	-2.09537	-50.1308	-48.0354
BLOCK22/SES221/SA221S12	SES143	-2.04805	-50.0835	-48.0354
BLOCK22/SES221/SA221S12	SES175	-1.21727	-49.2527	-48.0354
BLOCK22/SES221/SA221S12	SES202	-0.525921	-48.5613	-48.0354
BLOCK22/SES221/SA221S15	SES085	-3.071	-52.3024	-49.2314
BLOCK22/SES221/SA221S15	SES143	-3.02982	-52.2612	-49.2314
BLOCK22/SES221/SA221S15	SES175	-1.56512	-50.7965	-49.2314
BLOCK22/SES221/SA221S15	SES187	-1.21227	-50.4437	-49.2314
BLOCK22/SES221/SA221S23	SES068	-2.76212	-51.2411	-48.479
BLOCK22/SES221/SA221S23	SES143	-2.45602	-50.935	-48.479
BLOCK22/SES221/SA221S23	SES175	-0.916485	-49.3955	-48.479
BLOCK22/SES221/SA221S23	SES189	0.0956497	-48.3833	-48.479
BLOCK22/SES221/SA221S27	SES085	-3.66489	-52.2754	-48.6105
BLOCK22/SES221/SA221S27	SES143	-1.84333	-50.4539	-48.6105
BLOCK22/SES221/SA221S27	SES175	-1.35542	-49.9659	-48.6105
BLOCK22/SES221/SA221S27	SES189	0.376873	-48.2336	-48.6105
BLOCK22/SES221/SA221S29	SES085	-5.40098	-54.9249	-49.5239
BLOCK22/SES221/SA221S29	SES143	-2.55372	-52.0776	-49.5239
BLOCK22/SES221/SA221S29	SES175	-1.48935	-51.0132	-49.5239
BLOCK22/SES221/SA221S29	SES187	-0.460075	-49.984	-49.5239
BLOCK22/SES223/SA223S11	SES143	-1.3838	-50.8142	-49.4304
BLOCK22/SES223/SA223S11	SES144	-2.6102	-52.0406	-49.4304
BLOCK22/SES223/SA223S11	SES175	-1.39762	-50.828	-49.4304
BLOCK22/SES223/SA223S11	SES187	-1.44593	-50.8764	-49.4304
BLOCK22/SES223/SA223S13	SES068	-2.71849	-52.59	-49.8715
BLOCK22/SES223/SA223S13	SES143	-2.34923	-52.2207	-49.8715
BLOCK22/SES223/SA223S13	SES146	-3.72738	-53.5989	-49.8715
BLOCK22/SES223/SA223S13	SES202	-1.23748	-51.109	-49.8715
BLOCK22/SES223/SA223S22	SES143	-1.57439	-50.9798	-49.4054
BLOCK22/SES223/SA223S22	SES144	-2.54208	-51.9475	-49.4054
BLOCK22/SES223/SA223S22	SES175	-1.33542	-50.7408	-49.4054
BLOCK22/SES223/SA223S22	SES187	-0.844593	-50.25	-49.4054
BLOCK22/SES223/SA223S25	SES068	-2.36956	-51.5681	-49.1985
BLOCK22/SES223/SA223S25	SES143	-2.54502	-51.7435	-49.1985
BLOCK22/SES223/SA223S25	SES175	-1.47692	-50.6754	-49.1985
BLOCK22/SES223/SA223S25	SES187	-1.10766	-50.3062	-49.1985
BLOCK22/SES223/SA223S27	SES143	-1.19645	-50.627	-49.4306
BLOCK22/SES223/SA223S27	SES146	-1.29527	-50.7258	-49.4306
BLOCK22/SES223/SA223S27	SES187	-1.01004	-50.4406	-49.4306
BLOCK22/SES223/SA223S27	SES292	-2.72046	-52.151	-49.4306
BLOCK27/SES273/SA273S12	SES099	-1.14102	-46.6838	-45.5428
BLOCK27/SES273/SA273S12	SES104	-0.654522	-46.1973	-45.5428
BLOCK27/SES273/SA273S12	SES125	-1.17989	-46.7227	-45.5428
BLOCK27/SES273/SA273S12	SES206	-0.731007	-46.2738	-45.5428
BLOCK27/SES273/SA273S13	SES099	-1.4046	-46.9002	-45.4956
BLOCK27/SES273/SA273S13	SES104	-1.01897	-46.5146	-45.4956
BLOCK27/SES273/SA273S13	SES206	-1.3283	-46.8239	-45.4956
BLOCK27/SES273/SA273S13	SES292	-5.06513	-50.5608	-45.4956
BLOCK27/SES273/SA273S21	SES099	-0.523933	-46.4565	-45.9326
BLOCK27/SES273/SA273S21	SES148	-3.55785	-49.4904	-45.9326
BLOCK27/SES273/SA273S21	SES149	-1.1135	-47.0461	-45.9326
BLOCK27/SES273/SA273S21	SES177	-5.52642	-51.459	-45.9326
BLOCK27/SES273/SA273S25	SES104	-0.668549	-46.6122	-45.9437
BLOCK27/SES273/SA273S25	SES125	-1.31129	-47.255	-45.9437
BLOCK27/SES273/SA273S25	SES158	-0.747261	-46.691	-45.9437
BLOCK27/SES273/SA273S25	SES206	-0.0997124	-46.0434	-45.9437
BLOCK27/SES273/SA273S27	SES099	-0.728531	-46.994	-46.2654
BLOCK27/SES273/SA273S27	SES104	-0.954033	-47.2195	-46.2654
BLOCK27/SES273/SA273S27	SES149	-0.99794	-47.2634	-46.2654
BLOCK27/SES273/SA273S27	SES275	-2.29309	-48.5585	-46.2654
BLOCK27/SES274/SA274S10	SES105	-2.63425	-49.4566	-46.8223
BLOCK27/SES274/SA274S10	SES125	-0.937366	-47.7597	-46.8223
BLOCK27/SES274/SA274S10	SES129	-1.67971	-48.5021	-46.8223
BLOCK27/SES274/SA274S10	SES158	-2.15455	-48.9769	-46.8223
BLOCK27/SES274/SA274S11	SES105	-2.93882	-49.7071	-46.7683
BLOCK27/SES274/SA274S11	SES149	-1.21954	-47.9878	-46.7683
BLOCK27/SES274/SA274S11	SES158	-1.60352	-48.3718	-46.7683
BLOCK27/SES274/SA274S11	SES275	-3.09916	-49.8674	-46.7683
BLOCK27/SES274/SA274S21	SES105	-2.66961	-50.2576	-47.588
BLOCK27/SES274/SA274S21	SES129	-2.07603	-49.6641	-47.588
BLOCK27/SES274/SA274S21	SES149	-0.883053	-48.4711	-47.588
BLOCK27/SES274/SA274S21	SES158	-2.07871	-49.6667	-47.588
BLOCK27/SES274/SA274S24	SES105	-3.364	-50.2954	-46.9314
BLOCK27/SES274/SA274S24	SES129	-2.93513	-49.8666	-46.9314
BLOCK27/SES274/SA274S24	SES149	-1.58211	-48.5135	-46.9314
BLOCK27/SES274/SA274S24	SES158	-2.63021	-49.5616	-46.9314
BLOCK27/SES274/SA274S29	SES105	-2.79679	-49.6475	-46.8507
BLOCK27/SES274/SA274S29	SES106	-2.05438	-48.9051	-46.8507
BLOCK27/SES274/SA274S29	SES120	-2.72834	-49.5791	-46.8507
BLOCK27/SES274/SA274S29	SES275	-2.72497	-49.5757	-46.8507
BLOCK27/SES276/SA276S16	SES148	-1.8582	-50.4761	-48.6179
BLOCK27/SES276/SA276S16	SES172	-2.19839	-50.8163	-48.6179
BLOCK27/SES276/SA276S16	SES180	-3.75538	-52.3733	-48.6179
BLOCK27/SES276/SA276S16	SES292	-1.0661	-49.684	-48.6179
BLOCK27/SES276/SA276S17	SES101	-2.08224	-50.219	-48.1367
BLOCK27/SES276/SA276S17	SES177	-2.73602	-50.8727	-48.1367
BLOCK27/SES276/SA276S17	SES180	-2.46215	-50.5989	-48.1367
BLOCK27/SES276/SA276S17	SES292	-1.93408	-50.0708	-48.1367
BLOCK27/SES276/SA276S24	SES101	-1.58848	-48.5698	-46.9813
BLOCK27/SES276/SA276S24	SES177	-2.20719	-49.1885	-46.9813
BLOCK27/SES276/SA276S24	SES180	-2.84762	-49.8289	-46.9813
BLOCK27/SES276/SA276S24	SES292	-1.8037	-48.785	-46.9813
BLOCK27/SES276/SA276S26	SES101	-2.22896	-49.9509	-47.722
BLOCK27/SES276/SA276S26	SES177	-1.74464	-49.4666	-47.722
BLOCK27/SES276/SA276S26	SES180	-1.48401	-49.206	-47.722
BLOCK27/SES276/SA276S26	SES292	-1.40847	-49.1304	-47.722
BLOCK27/SES276/SA276S28	SES101	-2.15244	-50.18	-48.0275
BLOCK27/SES276/SA276S28	SES177	-2.41224	-50.4398	-48.0275
BLOCK27/SES276/SA276S28	SES180	-1.85014	-49.8777	-48.0275
BLOCK27/SES276/SA276S28	SES292	-1.00228	-49.0298	-48.0275
BLOCK27/SES277/SA277S12	SES101	-1.49846	-50.625	-49.1266
BLOCK27/SES277/SA277S12	SES177	-2.81264	-51.9392	-49.1266
BLOCK27/SES277/SA277S12	SES180	-2.62092	-51.7475	-49.1266
BLOCK27/SES277/SA277S12	SES292	-3.35947	-52.4861	-49.1266
BLOCK27/SES277/SA277S14	SES177	-1.11022	-50.4581	-49.3479
BLOCK27/SES277/SA277S14	SES180	-1.81601	-51.1639	-49.3479
BLOCK27/SES277/SA277S14	SES189	-0.892117	-50.24	-49.3479
BLOCK27/SES277/SA277S14	SES292	-3.18937	-52.5372	-49.3479
BLOCK27/SES277/SA277S21	SES177	-0.898026	-49.0083	-48.1103
BLOCK27/SES277/SA277S21	SES180	-2.57491	-50.6852	-48.1103
BLOCK27/SES277/SA277S21	SES189	-1.29443	-49.4047	-48.1103
BLOCK27/SES277/SA277S21	SES292	-3.035	-51.1453	-48.1103
BLOCK27/SES277/SA277S24	SES144	-1.82326	-51.0606	-49.2373
BLOCK27/SES277/SA277S24	SES177	-1.73284	-50.9701	-49.2373
BLOCK27/SES277/SA277S24	SES180	-2.81832	-52.0556	-49.2373
BLOCK27/SES277/SA277S24	SES189	-1.27924	-50.5165	-49.2373
BLOCK27/SES277/SA277S29	SES177	-1.08249	-48.157	-47.0746
BLOCK27/SES277/SA277S29	SES180	-1.85753	-48.9321	-47.0746
BLOCK27/SES277/SA277S29	SES202	-1.55277	-48.6273	-47.0746
BLOCK27/SES277/SA277S29	SES292	-2.36922	-49.4438	-47.0746
BLOCK27/SES279/SA279S09	SES120	-1.57735	-48.9851	-47.4077
BLOCK27/SES279/SA279S09	SES146	-1.72692	-49.1347	-47.4077
BLOCK27/SES279/SA279S09	SES206	-2.54433	-49.9521	-47.4077
BLOCK27/SES279/SA279S09	SES226	-3.01402	-50.4218	-47.4077
BLOCK27/SES279/SA279S10	SES099	-2.78098	-49.9544	-47.1734
BLOCK27/SES279/SA279S10	SES206	-1.8861	-49.0595	-47.1734
BLOCK27/SES279/SA279S10	SES226	-2.33252	-49.5059	-47.1734
BLOCK27/SES279/SA279S10	SES292	-1.77705	-48.9504	-47.1734
BLOCK27/SES279/SA279S20	SES099	-3.68311	-51.5574	-47.8743
BLOCK27/SES279/SA279S20	SES206	-1.89551	-49.7698	-47.8743
BLOCK27/SES279/SA279S20	SES226	-2.3954	-50.2697	-47.8743
BLOCK27/SES279/SA279S20	SES292	-1.07548	-48.9498	-47.8743
BLOCK27/SES279/SA279S26	SES099	-3.35983	-50.9195	-47.5597
BLOCK27/SES279/SA279S26	SES206	-2.15854	-49.7182	-47.5597
BLOCK27/SES279/SA279S26	SES226	-1.78821	-49.3479	-47.5597
BLOCK27/SES279/SA279S26	SES292	-1.93839	-49.4981	-47.5597
BLOCK27/SES279/SA279S28	SES099	-3.595	-49.7352	-46.1402
BLOCK27/SES279/SA279S28	SES120	-2.21471	-48.3549	-46.1402
BLOCK27/SES279/SA279S28	SES177	-3.76231	-49.9025	-46.1402
BLOCK27/SES279/SA279S28	SES206	-2.81765	-48.9579	-46.1402
BLOCK29/SES290/SA290S12	SES162	-1.51665	-49.2574	-47.7407
BLOCK29/SES290/SA290S12	SES177	-1.96146	-49.7022	-47.7407
BLOCK29/SES290/SA290S12	SES180	-2.79321	-50.5339	-47.7407
BLOCK29/SES290/SA290S12	SES292	-2.92383	-50.6646	-47.7407
BLOCK29/SES290/SA290S13	SES007	-3.63377	-52.296	-48.6622
BLOCK29/SES290/SA290S13	SES162	-2.41516	-51.0774	-48.6622
BLOCK29/SES290/SA290S13	SES177	-1.41309	-50.0753	-48.6622
BLOCK29/SES290/SA290S13	SES180	-2.00019	-50.6624	-48.6622
BLOCK29/SES290/SA290S22	SES177	-1.12632	-49.2323	-48.106
BLOCK29/SES290/SA290S22	SES180	-1.32318	-49.4292	-48.106
BLOCK29/SES290/SA290S22	SES202	-1.38151	-49.4875	-48.106
BLOCK29/SES290/SA290S22	SES292	-2.99384	-51.0998	-48.106
BLOCK29/SES290/SA290S25	SES162	-1.13479	-48.9827	-47.8479
BLOCK29/SES290/SA290S25	SES177	-1.31421	-49.1621	-47.8479
BLOCK29/SES290/SA290S25	SES180	-1.10596	-48.9539	-47.8479
BLOCK29/SES290/SA290S25	SES292	-1.91646	-49.7644	-47.8479
BLOCK29/SES290/SA290S29	SES177	-0.43066	-48.1473	-47.7166
BLOCK29/SES290/SA290S29	SES180	-0.627876	-48.3445	-47.7166
BLOCK29/SES290/SA290S29	SES275	-2.08381	-49.8005	-47.7166
BLOCK29/SES290/SA290S29	SES292	-1.66898	-49.3856	-47.7166
BLOCK29/SES291/SA291S11	SES105	-3.8038	-51.4258	-47.622
BLOCK29/SES291/SA291S11	SES125	-1.12341	-48.7454	-47.622
BLOCK29/SES291/SA291S11	SES158	-1.60166	-49.2236	-47.622
BLOCK29/SES291/SA291S11	SES275	-4.96462	-52.5866	-47.622
BLOCK29/SES291/SA291S12	SES158	-0.91431	-47.5813	-46.667
BLOCK29/SES291/SA291S12	SES226	-2.07103	-48.738	-46.667
BLOCK29/SES291/SA291S12	SES270	-0.881245	-47.5483	-46.667
BLOCK29/SES291/SA291S12	SES275	-5.73537	-52.4024	-46.667
BLOCK29/SES291/SA291S22	SES082	-1.56265	-48.1553	-46.5927
BLOCK29/SES291/SA291S22	SES158	-1.53431	-48.127	-46.5927
BLOCK29/SES291/SA291S22	SES259	-1.73069	-48.3233	-46.5927
BLOCK29/SES291/SA291S22	SES275	-4.73568	-51.3283	-46.5927
BLOCK29/SES291/SA291S24	SES104	-0.53418	-46.3353	-45.8011
BLOCK29/SES291/SA291S24	SES125	-0.307522	-46.1087	-45.8011
BLOCK29/SES291/SA291S24	SES158	-1.23504	-47.0362	-45.8011
BLOCK29/SES291/SA291S24	SES275	-4.68712	-50.4883	-45.8011
BLOCK29/SES291/SA291S27	SES158	-0.468395	-46.5798	-46.1114
BLOCK29/SES291/SA291S27	SES172	-5.28593	-51.3973	-46.1114
BLOCK29/SES291/SA291S27	SES275	-4.94674	-51.0581	-46.1114
BLOCK29/SES291/SA291S27	SES292	-5.14178	-51.2531	-46.1114
