spk_ver/v00/v0000	SES146	0.961243	-47.1478	-48.109
spk_ver/v00/v0001	SES002	-20.006	-68.6678	-48.6618
spk_ver/v00/v0002	SES002	-14.5376	-63.3501	-48.8125
spk_ver/v00/v0003	SES002	-20.2637	-69.4715	-49.2078
spk_ver/v00/v0004	SES002	-2.47369	-50.4814	-48.0077
spk_ver/v00/v0005	SES002	-5.74826	-53.2907	-47.5424
spk_ver/v00/v0006	SES002	-11.5467	-59.4823	-47.9356
spk_ver/v00/v0007	SES002	-11.5016	-60.7602	-49.2586
spk_ver/v00/v0008	SES146	0.5336	-47.7002	-48.2338
spk_ver/v00/v0009	SES002	-2.71216	-49.5383	-46.8262
spk_ver/v00/v0010	SES002	-4.0324	-51.8068	-47.7744
spk_ver/v00/v0011	SES002	-3.19148	-52.1287	-48.9372
spk_ver/v00/v0012	SES002	-15.8379	-62.7454	-46.9075
spk_ver/v00/v0013	SES002	-11.26	-58.7678	-47.5078
spk_ver/v00/v0014	SES002	-2.84969	-50.7133	-47.8636
spk_ver/v00/v0015	SES002	-2.45333	-49.5697	-47.1163
spk_ver/v00/v0016	SES275	0.271332	-48.889	-49.1603
spk_ver/v00/v0017	SES002	-0.116611	-46.3823	-46.2656
spk_ver/v00/v0018	SES002	-17.3757	-67.4269	-50.0512
spk_ver/v00/v0019	SES002	-2.43022	-49.7036	-47.2733
spk_ver/v00/v0020	SES002	-14.9871	-64.9624	-49.9753
spk_ver/v00/v0021	SES002	-16.5506	-64.951	-48.4004
spk_ver/v00/v0022	SES002	-4.0769	-51.5505	-47.4736
spk_ver/v00/v0023	SES002	-12.4345	-59.6255	-47.1909
spk_ver/v00/v0024	SES002	-13.9652	-63.0458	-49.0807
spk_ver/v00/v0025	SES002	-9.05929	-58.8397	-49.7804
spk_ver/v00/v0026	SES002	-7.60674	-54.9581	-47.3513
spk_ver/v00/v0027	SES129	2.04153	-45.6007	-47.6422
spk_ver/v00/v0028	SES007	-2.36368	-49.7482	-47.3845
spk_ver/v00/v0029	SES083	-0.463615	-47.5258	-47.0622
spk_ver/v00/v0030	SES019	1.95076	-45.5441	-47.4949
spk_ver/v00/v0031	SES007	-2.64832	-51.414	-48.7657
spk_ver/v00/v0032	SES270	1.2995	-45.5972	-46.8967
spk_ver/v00/v0033	SES007	-3.90541	-52.1722	-48.2668
spk_ver/v00/v0034	SES007	-3.50893	-55.9946	-52.4856
spk_ver/v00/v0035	SES007	-1.42357	-48.7814	-47.3578
spk_ver/v00/v0036	SES007	-1.05904	-48.4474	-47.3883
spk_ver/v00/v0037	SES007	-5.15824	-51.3103	-46.1521
spk_ver/v00/v0038	SES259	1.69316	-44.8006	-46.4938
spk_ver/v00/v0039	SES007	-4.24235	-51.7644	-47.522
spk_ver/v00/v0040	SES007	-4.14918	-50.6214	-46.4722
spk_ver/v00/v0041	SES007	-3.27776	-50.3048	-47.027
spk_ver/v00/v0042	SES007	-1.04424	-49.449	-48.4047
spk_ver/v00/v0043	SES007	-1.06483	-49.4246	-48.3598
spk_ver/v00/v0044	SES007	-3.72556	-49.7135	-45.988
spk_ver/v00/v0045	SES007	-0.874695	-48.7583	-47.8836
spk_ver/v00/v0046	SES007	-1.07886	-48.5649	-47.486
spk_ver/v00/v0047	SES172	0.409908	-47.151	-47.5609
spk_ver/v00/v0048	SES105	1.35436	-46.8929	-48.2473
spk_ver/v00/v0049	SES007	-1.00054	-48.9326	-47.932
spk_ver/v00/v0050	SES292	-0.332413	-48.1234	-47.791
spk_ver/v00/v0051	SES007	-2.79688	-51.4293	-48.6324
spk_ver/v00/v0052	SES068	0.569134	-46.6405	-47.2096
spk_ver/v00/v0053	SES008	-1.39545	-48.4447	-47.0493
spk_ver/v00/v0054	SES008	-6.13153	-56.149	-50.0174
spk_ver/v00/v0055	SES008	-3.09265	-52	-48.9073
spk_ver/v00/v0056	SES008	-7.3522	-54.5441	-47.1919
spk_ver/v00/v0057	SES008	-6.84286	-54.4471	-47.6042
spk_ver/v00/v0058	SES083	0.116104	-47.1803	-47.2965
spk_ver/v00/v0059	SES158	1.78283	-45.2721	-47.0549
spk_ver/v00/v0060	SES008	-2.61458	-50.1253	-47.5107
spk_ver/v00/v0061	SES101	0.328667	-47.6056	-47.9342
spk_ver/v00/v0062	SES008	-4.32048	-52.4013	-48.0808
spk_ver/v00/v0063	SES008	-2.13303	-50.3269	-48.1938
spk_ver/v00/v0064	SES117	1.35534	-47.6158	-48.9712
spk_ver/v00/v0065	SES149	1.73541	-45.6145	-47.3499
spk_ver/v00/v0066	SES008	-3.10257	-51.7445	-48.6419
spk_ver/v00/v0067	SES008	-4.91699	-55.4078	-50.4909
spk_ver/v00/v0068	SES162	2.00384	-46.78	-48.7839
spk_ver/v00/v0069	SES008	-5.87558	-52.7067	-46.8312
spk_ver/v00/v0070	SES008	-0.352455	-47.5007	-47.1483
spk_ver/v00/v0071	SES008	-3.11189	-51.1541	-48.0422
spk_ver/v00/v0072	SES008	-1.62772	-48.2883	-46.6606
spk_ver/v00/v0073	SES008	-3.57301	-49.9332	-46.3602
spk_ver/v00/v0074	SES008	-4.27539	-51.6567	-47.3813
spk_ver/v00/v0075	SES008	-8.13275	-56.0178	-47.8851
spk_ver/v00/v0076	SES167	1.12224	-46.7731	-47.8953
spk_ver/v00/v0077	SES008	-1.71471	-48.8217	-47.107
spk_ver/v00/v0078	SES177	0.648613	-46.77	-47.4186
spk_ver/v00/v0079	SES008	-3.02658	-50.7354	-47.7088
spk_ver/v00/v0080	SES008	-3.63268	-52.1629	-48.5303
spk_ver/v00/v0081	SES008	-7.05588	-55.403	-48.3471
spk_ver/v00/v0082	SES008	-3.26564	-50.853	-47.5873
spk_ver/v00/v0083	SES008	-6.99803	-55.3256	-48.3276
spk_ver/v00/v0084	SES144	0.597862	-47.8469	-48.4448
spk_ver/v00/v0085	SES008	-2.30955	-50.4782	-48.1687
spk_ver/v00/v0086	SES008	-2.03627	-48.4503	-46.414
spk_ver/v00/v0087	SES008	-4.32918	-53.8896	-49.5604
spk_ver/v00/v0088	SES008	-4.14771	-52.1689	-48.0212
spk_ver/v00/v0089	SES008	-1.8037	-50.7937	-48.99
spk_ver/v00/v0090	SES142	2.32649	-46.671	-48.9975
spk_ver/v00/v0091	SES008	-7.36938	-53.5908	-46.2214
spk_ver/v00/v0092	SES158	0.0796776	-47.323	-47.4027
spk_ver/v00/v0093	SES014	-6.05553	-53.6056	-47.5501
spk_ver/v00/v0094	SES014	-3.82268	-52.9622	-49.1396
spk_ver/v00/v0095	SES014	-1.59294	-48.1429	-46.55
spk_ver/v00/v0096	SES014	-3.14166	-49.7961	-46.6545
spk_ver/v00/v0097	SES014	-2.51741	-50.5815	-48.064
spk_ver/v00/v0098	SES014	-2.60204	-48.9861	-46.3841
spk_ver/v00/v0099	SES014	-16.2543	-64.8199	-48.5656
spk_ver/v01/v0100	SES127	0.502213	-47.1897	-47.6919
spk_ver/v01/v0101	SES014	-12.3305	-62.3162	-49.9857
spk_ver/v01/v0102	SES014	-20.3009	-69.457	-49.1561
spk_ver/v01/v0103	SES014	-4.10134	-54.8205	-50.7192
spk_ver/v01/v0104	SES014	-13.4896	-62.7722	-49.2826
spk_ver/v01/v0105	SES014	-3.85249	-52.5893	-48.7368
spk_ver/v01/v0106	SES014	-1.96577	-49.7337	-47.7679
spk_ver/v01/v0107	SES014	-17.6631	-65.0865	-47.4234
spk_ver/v01/v0108	SES014	-20.2108	-69.0624	-48.8516
spk_ver/v01/v0109	SES014	-13.6288	-63.1356	-49.5068
spk_ver/v01/v0110	SES014	-3.44909	-52.3376	-48.8885
spk_ver/v01/v0111	SES014	-1.31725	-47.9845	-46.6673
spk_ver/v01/v0112	SES014	-14.7871	-62.2723	-47.4852
spk_ver/v01/v0113	SES104	0.161964	-47.7937	-47.9556
spk_ver/v01/v0114	SES082	0.37162	-46.3205	-46.6921
spk_ver/v01/v0115	SES087	1.61016	-45.3195	-46.9297
spk_ver/v01/v0116	SES014	-2.10712	-49.143	-47.0359
spk_ver/v01/v0117	SES177	0.551983	-47.4695	-48.0215
spk_ver/v01/v0118	SES014	-12.5621	-61.8421	-49.28
spk_ver/v01/v0119	SES014	-1.54506	-48.1644	-46.6194
spk_ver/v01/v0120	SES014	-17.9214	-67.0915	-49.1701
spk_ver/v01/v0121	SES146	0.852886	-46.8808	-47.7337
spk_ver/v01/v0122	SES014	1.61262	-44.1521	-45.7647
spk_ver/v01/v0123	SES014	-2.00441	-49.0377	-47.0333
spk_ver/v01/v0124	SES014	-14.0792	-62.5481	-48.4688
spk_ver/v01/v0125	SES014	-7.24858	-56.5553	-49.3067
spk_ver/v01/v0126	SES016	-2.10709	-50.9784	-48.8713
spk_ver/v01/v0127	SES016	-3.42195	-53.5182	-50.0963
spk_ver/v01/v0128	SES106	1.67844	-45.2225	-46.901
spk_ver/v01/v0129	SES016	-5.06323	-51.6239	-46.5607
spk_ver/v01/v0130	SES016	-3.01491	-51.2966	-48.2817
spk_ver/v01/v0131	SES016	-5.08329	-52.2023	-47.119
spk_ver/v01/v0132	SES016	-2.22833	-50.0132	-47.7849
spk_ver/v01/v0133	SES016	-2.81107	-52.4404	-49.6294
spk_ver/v01/v0134	SES016	-3.31842	-49.8042	-46.4858
spk_ver/v01/v0135	SES016	-4.70044	-53.6563	-48.9559
spk_ver/v01/v0136	SES016	-3.87669	-53.3248	-49.4481
spk_ver/v01/v0137	SES007	0.624706	-47.7537	-48.3785
spk_ver/v01/v0138	SES016	-1.01783	-49.0607	-48.0429
spk_ver/v01/v0139	SES016	-1.61204	-48.5642	-46.9522
spk_ver/v01/v0140	SES016	2.06236	-46.7796	-48.8419
spk_ver/v01/v0141	SES016	-8.31783	-57.8401	-49.5223
spk_ver/v01/v0142	SES016	-3.47315	-50.8008	-47.3276
spk_ver/v01/v0143	SES016	-6.83437	-55.1843	-48.3499
spk_ver/v01/v0144	SES016	-3.84122	-50.8383	-46.9971
spk_ver/v01/v0145	SES016	-2.36764	-52.3567	-49.989
spk_ver/v01/v0146	SES016	-1.49282	-48.6006	-47.1077
spk_ver/v01/v0147	SES016	-1.99352	-50.1361	-48.1425
spk_ver/v01/v0148	SES127	1.19918	-46.7835	-47.9827
spk_ver/v01/v0149	SES016	-5.10178	-52.1881	-47.0864
spk_ver/v01/v0150	SES016	-2.17713	-50.2955	-48.1184
spk_ver/v01/v0151	SES147	2.08316	-48.175	-50.2581
spk_ver/v01/v0152	SES016	-1.8459	-49.8755	-48.0296
spk_ver/v01/v0153	SES104	0.73988	-45.1292	-45.8691
spk_ver/v01/v0154	SES016	-2.96874	-51.6337	-48.6649
spk_ver/v01/v0155	SES016	-2.18829	-51.4214	-49.2331
spk_ver/v01/v0156	SES019	-1.4575	-49.7523	-48.2948
spk_ver/v01/v0157	SES019	-3.99011	-50.7553	-46.7652
spk_ver/v01/v0158	SES019	-1.2407	-48.2486	-47.0079
spk_ver/v01/v0159	SES007	0.585587	-47.5081	-48.0937
spk_ver/v01/v0160	SES019	-3.18243	-49.516	-46.3335
spk_ver/v01/v0161	SES019	-2.48231	-50.1899	-47.7076
spk_ver/v01/v0162	SES019	-10.9489	-58.1617	-47.2128
spk_ver/v01/v0163	SES189	1.32719	-47.8794	-49.2066
spk_ver/v01/v0164	SES019	-2.32903	-48.9075	-46.5785
spk_ver/v01/v0165	SES019	-1.5693	-49.1502	-47.5809
spk_ver/v01/v0166	SES019	-9.77055	-56.9878	-47.2172
spk_ver/v01/v0167	SES019	-12.0153	-60.6503	-48.635
spk_ver/v01/v0168	SES019	-1.53907	-49.5603	-48.0213
spk_ver/v01/v0169	SES019	-4.68279	-52.504	-47.8212
spk_ver/v01/v0170	SES270	1.10102	-46.1109	-47.2119
spk_ver/v01/v0171	SES019	-2.95552	-49.9127	-46.9572
spk_ver/v01/v0172	SES019	-12.9806	-61.7713	-48.7907
spk_ver/v01/v0173	SES206	1.11551	-45.6365	-46.752
spk_ver/v01/v0174	SES019	-2.14416	-49.8733	-47.7292
spk_ver/v01/v0175	SES014	0.955002	-45.1976	-46.1526
spk_ver/v01/v0176	SES019	-9.43356	-57.2441	-47.8105
spk_ver/v01/v0177	SES120	0.652996	-47.717	-48.37
spk_ver/v01/v0178	SES019	-1.60477	-50.8391	-49.2343
spk_ver/v01/v0179	SES019	-13.4218	-60.3914	-46.9695
spk_ver/v01/v0180	SES175	1.07035	-47.0742	-48.1446
spk_ver/v01/v0181	SES019	-13.0535	-62.1358	-49.0823
spk_ver/v01/v0182	SES019	-6.22194	-53.5649	-47.343
spk_ver/v01/v0183	SES029	-2.39852	-51.066	-48.6675
spk_ver/v01/v0184	SES029	-4.69219	-50.988	-46.2958
spk_ver/v01/v0185	SES029	-1.89032	-50.2787	-48.3884
spk_ver/v01/v0186	SES068	1.10216	-46.5691	-47.6713
spk_ver/v01/v0187	SES029	-4.87526	-51.6492	-46.7739
spk_ver/v01/v0188	SES029	-3.02145	-49.2913	-46.2698
spk_ver/v01/v0189	SES149	1.8013	-45.3519	-47.1532
spk_ver/v01/v0190	SES029	-4.17107	-50.8173	-46.6462
spk_ver/v01/v0191	SES029	-4.39317	-51.3516	-46.9584
spk_ver/v01/v0192	SES183	1.27323	-46.3039	-47.5771
spk_ver/v01/v0193	SES029	-0.673237	-49.2249	-48.5516
spk_ver/v01/v0194	SES016	1.74918	-46.7142	-48.4634
spk_ver/v01/v0195	SES029	-2.75815	-50.2512	-47.4931
spk_ver/v01/v0196	SES029	-0.739559	-49.1404	-48.4008
spk_ver/v01/v0197	SES029	-4.60279	-51.1038	-46.501
spk_ver/v01/v0198	SES146	0.0689163	-47.8993	-47.9683
spk_ver/v01/v0199	SES029	-3.95201	-52.822	-48.8699
spk_ver/v02/v0200	SES029	-2.39283	-52.1477	-49.7548
spk_ver/v02/v0201	SES068	1.3707	-46.2833	-47.6541
spk_ver/v02/v0202	SES148	1.4222	-46.7905	-48.2127
spk_ver/v02/v0203	SES029	-2.80709	-50.1009	-47.2939
spk_ver/v02/v0204	SES029	-0.606583	-48.643	-48.0364
spk_ver/v02/v0205	SES060	0.304157	-46.9553	-47.2594
spk_ver/v02/v0206	SES127	1.78228	-45.8159	-47.5982
spk_ver/v02/v0207	SES029	-3.92271	-51.4349	-47.5122
spk_ver/v02/v0208	SES048	1.47147	-46.8558	-48.3273
spk_ver/v02/v0209	SES029	-1.69912	-49.9133	-48.2142
spk_ver/v02/v0210	SES029	-5.17036	-52.4708	-47.3005
spk_ver/v02/v0211	SES029	-3.22225	-49.8866	-46.6643
spk_ver/v02/v0212	SES042	-14.4665	-63.6085	-49.142
spk_ver/v02/v0213	SES085	0.439167	-47.5594	-47.9986
spk_ver/v02/v0214	SES206	1.29725	-45.0564	-46.3537
spk_ver/v02/v0215	SES144	0.343307	-47.9644	-48.3077
spk_ver/v02/v0216	SES042	-3.24138	-50.2894	-47.048
spk_ver/v02/v0217	SES042	-4.50047	-54.6772	-50.1767
spk_ver/v02/v0218	SES042	-1.26767	-47.0499	-45.7822
spk_ver/v02/v0219	SES206	1.00247	-45.4587	-46.4612
spk_ver/v02/v0220	SES019	3.27499	-44.6885	-47.9635
spk_ver/v02/v0221	SES007	0.121468	-47.802	-47.9235
spk_ver/v02/v0222	SES042	-12.8553	-62.1577	-49.3023
spk_ver/v02/v0223	SES147	2.33958	-48.2185	-50.5581
spk_ver/v02/v0224	SES105	0.786358	-47.5078	-48.2942
spk_ver/v02/v0225	SES042	-1.74572	-48.8319	-47.0861
spk_ver/v02/v0226	SES275	1.25405	-47.387	-48.641
spk_ver/v02/v0227	SES042	-3.48333	-51.0649	-47.5816
spk_ver/v02/v0228	SES042	-6.90361	-55.9296	-49.026
spk_ver/v02/v0229	SES042	-14.0503	-61.3527	-47.3024
spk_ver/v02/v0230	SES085	0.600964	-45.7497	-46.3506
spk_ver/v02/v0231	SES014	1.66986	-44.4739	-46.1438
spk_ver/v02/v0232	SES042	-1.69975	-48.2276	-46.5279
spk_ver/v02/v0233	SES048	-4.09542	-50.7629	-46.6675
spk_ver/v02/v0234	SES048	-7.43429	-56.7546	-49.3203
spk_ver/v02/v0235	SES029	0.701538	-47.6658	-48.3674
spk_ver/v02/v0236	SES048	-4.35285	-51.4138	-47.0609
spk_ver/v02/v0237	SES048	-4.88485	-51.8367	-46.9518
spk_ver/v02/v0238	SES048	-4.0203	-52.1033	-48.083
spk_ver/v02/v0239	SES060	0.713867	-46.5627	-47.2765
spk_ver/v02/v0240	SES048	-5.74988	-54.4716	-48.7217
spk_ver/v02/v0241	SES048	-6.50327	-55.0424	-48.5391
spk_ver/v02/v0242	SES189	3.23319	-47.189	-50.4222
spk_ver/v02/v0243	SES162	1.12512	-47.6688	-48.7939
spk_ver/v02/v0244	SES048	-4.59563	-50.8402	-46.2446
spk_ver/v02/v0245	SES048	-4.58602	-51.6555	-47.0695
spk_ver/v02/v0246	SES048	-3.8912	-50.3973	-46.5061
spk_ver/v02/v0247	SES048	-4.72349	-52.7504	-48.0269
spk_ver/v02/v0248	SES226	1.76744	-45.4793	-47.2467
spk_ver/v02/v0249	SES048	-3.18573	-51.6794	-48.4936
spk_ver/v02/v0250	SES048	-3.20129	-52.2924	-49.0911
spk_ver/v02/v0251	SES048	-4.44818	-52.0806	-47.6324
spk_ver/v02/v0252	SES060	-8.4023	-58.8203	-50.418
spk_ver/v02/v0253	SES060	-5.88288	-52.6347	-46.7518
spk_ver/v02/v0254	SES259	2.38581	-44.4799	-46.8657
spk_ver/v02/v0255	SES060	-4.08065	-53.3997	-49.3191
spk_ver/v02/v0256	SES202	1.10987	-48.207	-49.3168
spk_ver/v02/v0257	SES148	0.860821	-46.4379	-47.2987
spk_ver/v02/v0258	SES060	-7.46172	-57.3063	-49.8445
spk_ver/v02/v0259	SES060	-2.22084	-49.4821	-47.2613
spk_ver/v02/v0260	SES060	-2.72781	-50.5716	-47.8438
spk_ver/v02/v0261	SES099	2.38031	-45.151	-47.5313
spk_ver/v02/v0262	SES060	-3.58706	-51.2964	-47.7094
spk_ver/v02/v0263	SES060	-2.03957	-48.8843	-46.8447
spk_ver/v02/v0264	SES292	0.17244	-47.9809	-48.1533
spk_ver/v02/v0265	SES060	-1.26209	-49.0556	-47.7935
spk_ver/v02/v0266	SES060	-6.70551	-54.2328	-47.5273
spk_ver/v02/v0267	SES060	-6.03071	-54.3363	-48.3056
spk_ver/v02/v0268	SES060	-5.80698	-54.9932	-49.1862
spk_ver/v02/v0269	SES127	1.20775	-46.7675	-47.9752
spk_ver/v02/v0270	SES060	-2.63725	-51.2009	-48.5636
spk_ver/v02/v0271	SES060	-1.49297	-49.2769	-47.7839
spk_ver/v02/v0272	SES060	-5.04739	-53.7978	-48.7504
spk_ver/v02/v0273	SES087	1.71373	-45.3869	-47.1006
spk_ver/v02/v0274	SES146	0.439148	-47.8137	-48.2528
spk_ver/v02/v0275	SES060	-6.62938	-54.6861	-48.0568
spk_ver/v02/v0276	SES002	1.9919	-44.8769	-46.8688
spk_ver/v02/v0277	SES060	-1.79445	-49.4416	-47.6471
spk_ver/v02/v0278	SES060	-7.75834	-54.8981	-47.1397
spk_ver/v02/v0279	SES060	-6.48551	-52.5221	-46.0366
spk_ver/v02/v0280	SES129	2.25383	-45.5208	-47.7747
spk_ver/v02/v0281	SES162	1.42746	-47.0525	-48.48
spk_ver/v02/v0282	SES060	-4.19231	-51.2731	-47.0808
spk_ver/v02/v0283	SES060	-2.65092	-49.6011	-46.9502
spk_ver/v02/v0284	SES062	-4.9286	-54.3535	-49.4249
spk_ver/v02/v0285	SES062	-5.02847	-51.9343	-46.9059
spk_ver/v02/v0286	SES120	-0.145821	-48.7545	-48.6087
spk_ver/v02/v0287	SES062	-4.9809	-52.777	-47.7961
spk_ver/v02/v0288	SES062	-4.0411	-51.579	-47.538
spk_ver/v02/v0289	SES062	-3.53027	-49.3391	-45.8089
spk_ver/v02/v0290	SES062	-2.8812	-51.0255	-48.1443
spk_ver/v02/v0291	SES275	0.26376	-47.7701	-48.0339
spk_ver/v02/v0292	SES062	-5.07964	-54.9954	-49.9157
spk_ver/v02/v0293	SES062	-5.418	-55.5622	-50.1441
spk_ver/v02/v0294	SES062	-2.59326	-49.1923	-46.5991
spk_ver/v02/v0295	SES062	-4.34871	-53.2169	-48.8682
spk_ver/v02/v0296	SES062	-4.37963	-52.2817	-47.9021
spk_ver/v02/v0297	SES062	-6.74147	-55.0616	-48.3201
spk_ver/v02/v0298	SES062	-4.26646	-51.854	-47.5876
spk_ver/v02/v0299	SES062	-2.85743	-51.3252	-48.4678
spk_ver/v03/v0300	SES062	-6.70276	-57.6097	-50.9069
spk_ver/v03/v0301	SES062	-3.09525	-50.1767	-47.0815
spk_ver/v03/v0302	SES172	1.00085	-45.7941	-46.795
spk_ver/v03/v0303	SES062	-1.3051	-49.1974	-47.8923
spk_ver/v03/v0304	SES062	-2.61834	-50.161	-47.5426
spk_ver/v03/v0305	SES062	-3.90817	-51.0977	-47.1895
spk_ver/v03/v0306	SES062	-7.0704	-58.0296	-50.9592
spk_ver/v03/v0307	SES062	-4.83802	-51.0794	-46.2414
spk_ver/v03/v0308	SES062	-8.80463	-57.6664	-48.8618
spk_ver/v03/v0309	SES062	-3.66	-53.0784	-49.4184
spk_ver/v03/v0310	SES125	1.22087	-44.6808	-45.9017
spk_ver/v03/v0311	SES062	-4.27544	-50.522	-46.2465
spk_ver/v03/v0312	SES062	-8.43737	-57.8509	-49.4136
spk_ver/v03/v0313	SES062	-3.94412	-54.8931	-50.949
spk_ver/v03/v0314	SES068	-6.00104	-53.0539	-47.0528
spk_ver/v03/v0315	SES068	-4.36637	-50.4716	-46.1052
spk_ver/v03/v0316	SES068	-4.90328	-53.7496	-48.8464
spk_ver/v03/v0317	SES068	-2.56045	-52.3767	-49.8163
spk_ver/v03/v0318	SES068	-5.93191	-52.5122	-46.5803
spk_ver/v03/v0319	SES068	-6.59932	-54.0505	-47.4512
spk_ver/v03/v0320	SES068	-2.22578	-48.4762	-46.2504
spk_ver/v03/v0321	SES068	-0.68922	-48.5281	-47.8388
spk_ver/v03/v0322	SES068	-0.669811	-48.825	-48.1552
spk_ver/v03/v0323	SES068	-3.16117	-51.7115	-48.5503
spk_ver/v03/v0324	SES144	0.281712	-48.8898	-49.1715
spk_ver/v03/v0325	SES068	-2.18206	-49.4243	-47.2422
spk_ver/v03/v0326	SES068	-1.00724	-47.4544	-46.4471
spk_ver/v03/v0327	SES068	-2.52203	-50.6358	-48.1137
spk_ver/v03/v0328	SES068	-5.68897	-53.1132	-47.4242
spk_ver/v03/v0329	SES068	-1.56339	-48.87	-47.3066
spk_ver/v03/v0330	SES180	0.317142	-48.1665	-48.4837
spk_ver/v03/v0331	SES068	-1.58383	-49.9863	-48.4024
spk_ver/v03/v0332	SES275	1.41073	-46.876	-48.2868
spk_ver/v03/v0333	SES062	1.50826	-45.046	-46.5542
spk_ver/v03/v0334	SES270	1.46137	-45.9226	-47.384
spk_ver/v03/v0335	SES068	-4.95181	-53.5881	-48.6362
spk_ver/v03/v0336	SES068	-1.30647	-47.8492	-46.5427
spk_ver/v03/v0337	SES068	-2.97019	-52.611	-49.6408
spk_ver/v03/v0338	SES068	-2.41879	-51.8283	-49.4095
spk_ver/v03/v0339	SES068	-1.51578	-49.7583	-48.2425
spk_ver/v03/v0340	SES068	-3.23842	-52.7054	-49.467
spk_ver/v03/v0341	SES016	1.04765	-46.6137	-47.6614
spk_ver/v03/v0342	SES068	-3.6436	-53.5243	-49.8807
spk_ver/v03/v0343	SES068	-1.70564	-49.8877	-48.182
spk_ver/v03/v0344	SES125	1.46534	-45.02	-46.4854
spk_ver/v03/v0345	SES187	0.769882	-46.6398	-47.4097
spk_ver/v03/v0346	SES068	-2.33046	-49.453	-47.1225
spk_ver/v03/v0347	SES143	1.26188	-47.0053	-48.2672
spk_ver/v03/v0348	SES292	1.29924	-46.6319	-47.9311
spk_ver/v03/v0349	SES082	-7.60385	-55.4989	-47.8951
spk_ver/v03/v0350	SES101	0.719662	-46.0293	-46.749
spk_ver/v03/v0351	SES082	-0.543625	-47.5543	-47.0107
spk_ver/v03/v0352	SES082	-1.32369	-49.1402	-47.8165
spk_ver/v03/v0353	SES082	-9.64305	-58.5552	-48.9121
spk_ver/v03/v0354	SES082	-17.0356	-66.5317	-49.4961
spk_ver/v03/v0355	SES083	0.487083	-45.9336	-46.4207
spk_ver/v03/v0356	SES082	-2.79931	-50.7164	-47.9171
spk_ver/v03/v0357	SES082	-14.2009	-62.7322	-48.5313
spk_ver/v03/v0358	SES082	-1.32129	-48.7058	-47.3845
spk_ver/v03/v0359	SES117	1.07658	-49.2491	-50.3257
spk_ver/v03/v0360	SES082	-9.57653	-57.6484	-48.0719
spk_ver/v03/v0361	SES082	-2.22229	-49.9835	-47.7612
spk_ver/v03/v0362	SES007	0.488449	-47.044	-47.5324
spk_ver/v03/v0363	SES082	-2.78826	-49.839	-47.0508
spk_ver/v03/v0364	SES019	1.74323	-45.9049	-47.6481
spk_ver/v03/v0365	SES082	-1.56821	-49.0506	-47.4824
spk_ver/v03/v0366	SES226	1.69627	-45.585	-47.2813
spk_ver/v03/v0367	SES167	1.30526	-46.0432	-47.3485
spk_ver/v03/v0368	SES082	-2.88758	-48.8376	-45.95
spk_ver/v03/v0369	SES042	3.06287	-43.0027	-46.0655
spk_ver/v03/v0370	SES042	1.87963	-43.8771	-45.7567
spk_ver/v03/v0371	SES082	-10.4852	-58.5755	-48.0903
spk_ver/v03/v0372	SES082	-2.59482	-49.0877	-46.4929
spk_ver/v03/v0373	SES082	-7.0349	-56.5191	-49.4841
spk_ver/v03/v0374	SES083	-1.51673	-48.3738	-46.857
spk_ver/v03/v0375	SES292	0.747154	-47.083	-47.8302
spk_ver/v03/v0376	SES083	-4.32018	-51.2111	-46.8909
spk_ver/v03/v0377	SES083	-3.9586	-51.5078	-47.5492
spk_ver/v03/v0378	SES083	-1.71596	-50.7729	-49.0569
spk_ver/v03/v0379	SES083	-2.39072	-50.1665	-47.7758
spk_ver/v03/v0380	SES083	-3.32206	-52.2431	-48.921
spk_ver/v03/v0381	SES083	-1.54193	-50.1994	-48.6575
spk_ver/v03/v0382	SES148	0.535568	-47.3668	-47.9023
spk_ver/v03/v0383	SES083	-1.138	-47.8322	-46.6942
spk_ver/v03/v0384	SES226	1.37672	-45.5376	-46.9143
spk_ver/v03/v0385	SES226	1.50473	-44.8041	-46.3088
spk_ver/v03/v0386	SES087	1.64621	-45.642	-47.2882
spk_ver/v03/v0387	SES029	0.705788	-47.4791	-48.1849
spk_ver/v03/v0388	SES147	2.59594	-47.6682	-50.2641
spk_ver/v03/v0389	SES083	-4.11811	-52.5051	-48.387
spk_ver/v03/v0390	SES189	1.59928	-47.1467	-48.746
spk_ver/v03/v0391	SES083	-2.20007	-49.7457	-47.5456
spk_ver/v03/v0392	SES083	-0.446686	-47.0224	-46.5757
spk_ver/v03/v0393	SES083	-2.03107	-49.6463	-47.6152
spk_ver/v03/v0394	SES083	-4.02167	-51.285	-47.2633
spk_ver/v03/v0395	SES083	-1.46851	-48.5669	-47.0984
spk_ver/v03/v0396	SES014	1.99848	-43.9783	-45.9767
spk_ver/v03/v0397	SES085	-1.1322	-47.539	-46.4068
spk_ver/v03/v0398	SES085	-1.67477	-47.8706	-46.1958
spk_ver/v03/v0399	SES085	-5.59486	-52.322	-46.7272
spk_ver/v04/v0400	SES106	1.714	-44.6336	-46.3476
spk_ver/v04/v0401	SES085	-5.25036	-52.3319	-47.0815
spk_ver/v04/v0402	SES085	-8.58048	-57.029	-48.4485
spk_ver/v04/v0403	SES085	-0.832031	-47.7255	-46.8935
spk_ver/v04/v0404	SES180	1.97675	-46.2622	-48.2389
spk_ver/v04/v0405	SES129	1.64516	-44.7541	-46.3993
spk_ver/v04/v0406	SES085	-5.68857	-53.0885	-47.3999
spk_ver/v04/v0407	SES146	0.350933	-48.44	-48.7909
spk_ver/v04/v0408	SES085	-0.769909	-47.8914	-47.1215
spk_ver/v04/v0409	SES085	-4.52821	-51.7528	-47.2246
spk_ver/v04/v0410	SES085	-9.24188	-56.1386	-46.8967
spk_ver/v04/v0411	SES292	0.980839	-47.4417	-48.4226
spk_ver/v04/v0412	SES085	-0.829231	-47.7878	-46.9586
spk_ver/v04/v0413	SES125	1.55543	-44.563	-46.1185
spk_ver/v04/v0414	SES085	-5.96909	-58.888	-52.9189
spk_ver/v04/v0415	SES085	-2.66833	-50.2397	-47.5713
spk_ver/v04/v0416	SES085	-4.34863	-51.1671	-46.8184
spk_ver/v04/v0417	SES062	0.247089	-46.3992	-46.6463
spk_ver/v04/v0418	SES060	2.13189	-45.7073	-47.8392
spk_ver/v04/v0419	SES085	-1.78199	-49.7843	-48.0023
spk_ver/v04/v0420	SES085	-6.14997	-52.7158	-46.5658
spk_ver/v04/v0421	SES085	-8.44811	-55.7265	-47.2784
spk_ver/v04/v0422	SES085	-1.46095	-50.604	-49.143
spk_ver/v04/v0423	SES085	-6.90541	-54.7713	-47.8659
spk_ver/v04/v0424	SES085	-4.99664	-53.1749	-48.1783
spk_ver/v04/v0425	SES183	1.28136	-47.4161	-48.6975
spk_ver/v04/v0426	SES085	-6.27801	-53.0646	-46.7866
spk_ver/v04/v0427	SES087	-3.21338	-50.2461	-47.0327
spk_ver/v04/v0428	SES162	1.36325	-46.9486	-48.3118
spk_ver/v04/v0429	SES087	-1.98382	-48.3805	-46.3967
spk_ver/v04/v0430	SES087	-6.4283	-56.4631	-50.0348
spk_ver/v04/v0431	SES087	-16.1186	-64.8425	-48.7239
spk_ver/v04/v0432	SES087	-2.65364	-50.2661	-47.6125
spk_ver/v04/v0433	SES087	-11.4576	-58.2288	-46.7712
spk_ver/v04/v0434	SES142	3.20663	-45.4296	-48.6362
spk_ver/v04/v0435	SES087	-12.0454	-61.0686	-49.0231
spk_ver/v04/v0436	SES099	1.30508	-45.5786	-46.8837
spk_ver/v04/v0437	SES087	-6.46879	-53.552	-47.0832
spk_ver/v04/v0438	SES087	-7.77988	-56.5968	-48.8169
spk_ver/v04/v0439	SES087	-1.57303	-47.7485	-46.1755
spk_ver/v04/v0440	SES087	-7.92414	-55.8642	-47.9401
spk_ver/v04/v0441	SES087	-13.1244	-61.4333	-48.3089
spk_ver/v04/v0442	SES187	1.21335	-47.2454	-48.4588
spk_ver/v04/v0443	SES172	1.72474	-46.1864	-47.9111
spk_ver/v04/v0444	SES087	-3.8455	-50.5372	-46.6917
spk_ver/v04/v0445	SES087	-2.03802	-48.3063	-46.2683
spk_ver/v04/v0446	SES087	-0.42028	-46.7804	-46.3601
spk_ver/v04/v0447	SES087	-1.26281	-47.7471	-46.4843
spk_ver/v04/v0448	SES106	1.7783	-45.6928	-47.4711
spk_ver/v04/v0449	SES146	0.99725	-47.5728	-48.57
spk_ver/v04/v0450	SES087	-11.3075	-59.5947	-48.2872
spk_ver/v04/v0451	SES087	-1.62786	-48.3861	-46.7582
spk_ver/v04/v0452	SES007	1.37568	-46.6734	-48.049
spk_ver/v04/v0453	SES087	-2.09546	-49.4225	-47.3271
spk_ver/v04/v0454	SES087	-9.75657	-58.4592	-48.7026
spk_ver/v04/v0455	SES180	1.10027	-47.2297	-48.3299
spk_ver/v04/v0456	SES099	-7.09271	-56.9618	-49.869
spk_ver/v04/v0457	SES042	1.6025	-44.7462	-46.3487
spk_ver/v04/v0458	SES099	-0.911728	-47.956	-47.0442
spk_ver/v04/v0459	SES099	-15.9399	-64.5443	-48.6044
spk_ver/v04/v0460	SES099	-8.27872	-59.0175	-50.7388
spk_ver/v04/v0461	SES099	-1.50195	-48.5104	-47.0085
spk_ver/v04/v0462	SES082	1.71795	-44.9639	-46.6818
spk_ver/v04/v0463	SES099	-0.577961	-47.334	-46.756
spk_ver/v04/v0464	SES099	0.389301	-46.134	-46.5233
spk_ver/v04/v0465	SES099	-13.3608	-61.5352	-48.1744
spk_ver/v04/v0466	SES099	-0.621964	-47.5205	-46.8985
spk_ver/v04/v0467	SES099	-1.47934	-48.9137	-47.4344
spk_ver/v04/v0468	SES129	1.90652	-45.9341	-47.8406
spk_ver/v04/v0469	SES101	0.801655	-46.8011	-47.6028
spk_ver/v04/v0470	SES099	-9.3343	-58.6826	-49.3482
spk_ver/v04/v0471	SES172	0.859684	-47.0714	-47.9311
spk_ver/v04/v0472	SES099	-0.124317	-47.0877	-46.9634
spk_ver/v04/v0473	SES270	2.50708	-45.2932	-47.8002
spk_ver/v04/v0474	SES099	-4.78047	-52.822	-48.0415
spk_ver/v04/v0475	SES099	-5.53575	-52.7088	-47.173
spk_ver/v04/v0476	SES099	-3.03031	-51.9921	-48.9618
spk_ver/v04/v0477	SES002	1.85264	-44.6716	-46.5242
spk_ver/v04/v0478	SES099	-0.163326	-47.2334	-47.07
spk_ver/v04/v0479	SES007	-0.873886	-49.1788	-48.3049
spk_ver/v04/v0480	SES101	-5.26381	-50.9727	-45.7089
spk_ver/v04/v0481	SES101	-4.83398	-54.2201	-49.3861
spk_ver/v04/v0482	SES175	0.257	-47.9606	-48.2176
spk_ver/v04/v0483	SES101	-1.90079	-49.3994	-47.4986
spk_ver/v04/v0484	SES101	-4.95864	-50.9338	-45.9752
spk_ver/v04/v0485	SES101	-3.14891	-52.2676	-49.1187
spk_ver/v04/v0486	SES101	-1.97396	-52.3638	-50.3899
spk_ver/v04/v0487	SES101	-3.08391	-51.6045	-48.5206
spk_ver/v04/v0488	SES101	-4.83564	-52.2047	-47.3691
spk_ver/v04/v0489	SES147	1.61834	-48.7273	-50.3456
spk_ver/v04/v0490	SES085	0.191486	-47.857	-48.0485
spk_ver/v04/v0491	SES101	-2.80828	-52.1173	-49.3091
spk_ver/v04/v0492	SES101	-5.05778	-53.8682	-48.8104
spk_ver/v04/v0493	SES101	-4.16771	-50.1557	-45.988
spk_ver/v04/v0494	SES101	-2.20367	-53.07	-50.8663
spk_ver/v04/v0495	SES101	-1.42237	-47.7565	-46.3341
spk_ver/v04/v0496	SES101	-3.22985	-51.6036	-48.3738
spk_ver/v04/v0497	SES014	1.30766	-44.0998	-45.4074
spk_ver/v04/v0498	SES101	-3.79339	-51.2912	-47.4979
spk_ver/v04/v0499	SES101	-1.50874	-48.8253	-47.3166
spk_ver/v05/v0500	SES085	0.671398	-46.2966	-46.968
spk_ver/v05/v0501	SES101	-5.87103	-52.8428	-46.9718
spk_ver/v05/v0502	SES275	0.876228	-47.2218	-48.098
spk_ver/v05/v0503	SES117	1.38505	-47.9055	-49.2905
spk_ver/v05/v0504	SES101	-4.84342	-51.1011	-46.2577
spk_ver/v05/v0505	SES101	-2.23209	-50.1764	-47.9443
spk_ver/v05/v0506	SES101	-1.61366	-50.3957	-48.7821
spk_ver/v05/v0507	SES048	0.992493	-45.9986	-46.9911
spk_ver/v05/v0508	SES117	0.0666924	-49.4048	-49.4715
spk_ver/v05/v0509	SES202	2.76303	-45.477	-48.24
spk_ver/v05/v0510	SES104	-2.20802	-50.9784	-48.7704
spk_ver/v05/v0511	SES008	-0.110405	-49.0231	-48.9127
spk_ver/v05/v0512	SES104	-1.36561	-49.0031	-47.6375
spk_ver/v05/v0513	SES104	-1.21611	-47.4923	-46.2762
spk_ver/v05/v0514	SES104	-11.6555	-58.4642	-46.8087
spk_ver/v05/v0515	SES104	-19.0954	-67.7808	-48.6855
spk_ver/v05/v0516	SES104	-1.18768	-49.8934	-48.7057
spk_ver/v05/v0517	SES060	0.599499	-45.6635	-46.263
spk_ver/v05/v0518	SES104	-19.0723	-68.2719	-49.1996
spk_ver/v05/v0519	SES104	-18.5472	-67.5384	-48.9913
spk_ver/v05/v0520	SES104	-0.614529	-46.6945	-46.08
spk_ver/v05/v0521	SES008	0.857498	-46.0318	-46.8893
spk_ver/v05/v0522	SES068	1.30423	-46.7397	-48.044
spk_ver/v05/v0523	SES087	1.47711	-45.2072	-46.6843
spk_ver/v05/v0524	SES104	-1.70409	-49.6046	-47.9005
spk_ver/v05/v0525	SES104	-1.11829	-48.2936	-47.1753
spk_ver/v05/v0526	SES104	-2.06408	-48.8976	-46.8335
spk_ver/v05/v0527	SES083	0.401009	-46.8685	-47.2696
spk_ver/v05/v0528	SES148	0.952564	-46.9687	-47.9212
spk_ver/v05/v0529	SES104	-2.67833	-50.4519	-47.7736
spk_ver/v05/v0530	SES104	-11.8758	-60.0338	-48.1579
spk_ver/v05/v0531	SES125	1.40601	-45.2088	-46.6148
spk_ver/v05/v0532	SES104	-17.2337	-65.1638	-47.9302
spk_ver/v05/v0533	SES149	2.34417	-44.7063	-47.0504
spk_ver/v05/v0534	SES104	-15.9907	-63.7029	-47.7122
spk_ver/v05/v0535	SES187	0.824791	-47.8259	-48.6507
spk_ver/v05/v0536	SES104	-2.28122	-49.5256	-47.2444
spk_ver/v05/v0537	SES104	-2.11643	-49.2176	-47.1012
spk_ver/v05/v0538	SES167	1.53932	-46.4848	-48.0241
spk_ver/v05/v0539	SES104	-1.90714	-50.9712	-49.0641
spk_ver/v05/v0540	SES104	-14.3275	-60.6403	-46.3128
spk_ver/v05/v0541	SES183	1.59146	-48.4634	-50.0548
spk_ver/v05/v0542	SES104	-1.04039	-48.276	-47.2356
spk_ver/v05/v0543	SES104	-15.4974	-62.9072	-47.4098
spk_ver/v05/v0544	SES105	-3.55503	-52.3582	-48.8031
spk_ver/v05/v0545	SES105	-2.58672	-51.23	-48.6433
spk_ver/v05/v0546	SES105	-3.00336	-50.3948	-47.3915
spk_ver/v05/v0547	SES105	-3.17478	-52.8035	-49.6287
spk_ver/v05/v0548	SES019	2.79424	-45.5925	-48.3867
spk_ver/v05/v0549	SES105	-2.20243	-50.4931	-48.2907
spk_ver/v05/v0550	SES105	-3.62224	-52.3504	-48.7281
spk_ver/v05/v0551	SES202	2.21613	-47.0445	-49.2606
spk_ver/v05/v0552	SES105	-4.58188	-53.0485	-48.4666
spk_ver/v05/v0553	SES105	-0.907768	-48.5674	-47.6597
spk_ver/v05/v0554	SES105	-2.28259	-49.2208	-46.9382
spk_ver/v05/v0555	SES105	-2.73857	-49.7742	-47.0356
spk_ver/v05/v0556	SES082	0.0298386	-46.7029	-46.7327
spk_ver/v05/v0557	SES105	-3.89339	-50.9572	-47.0638
spk_ver/v05/v0558	SES014	1.26631	-44.6102	-45.8765
spk_ver/v05/v0559	SES105	-1.73014	-49.2887	-47.5586
spk_ver/v05/v0560	SES177	-0.0166779	-47.7864	-47.7698
spk_ver/v05/v0561	SES189	4.44085	-50.593	-55.0338
spk_ver/v05/v0562	SES105	-3.17904	-51.765	-48.586
spk_ver/v05/v0563	SES099	1.12634	-47.0697	-48.1961
spk_ver/v05/v0564	SES105	-2.8034	-50.9694	-48.166
spk_ver/v05/v0565	SES105	-4.00802	-50.9989	-46.9908
spk_ver/v05/v0566	SES105	-3.70157	-51.5972	-47.8956
spk_ver/v05/v0567	SES142	2.30914	-47.1108	-49.42
spk_ver/v05/v0568	SES048	1.35799	-46.246	-47.604
spk_ver/v05/v0569	SES105	-4.05728	-50.8052	-46.7479
spk_ver/v05/v0570	SES105	-1.24124	-48.8408	-47.5996
spk_ver/v05/v0571	SES105	-3.82708	-52.3865	-48.5594
spk_ver/v05/v0572	SES105	-3.45742	-52.2459	-48.7885
spk_ver/v05/v0573	SES105	-3.96368	-51.2958	-47.3321
spk_ver/v05/v0574	SES105	-1.88026	-50.2687	-48.3885
spk_ver/v05/v0575	SES105	-2.80354	-51.6488	-48.8453
spk_ver/v05/v0576	SES106	-13.4636	-62.9935	-49.5299
spk_ver/v05/v0577	SES106	-4.55295	-54.4876	-49.9347
spk_ver/v05/v0578	SES106	-9.99181	-58.0501	-48.0583
spk_ver/v05/v0579	SES106	-11.804	-59.4252	-47.6212
spk_ver/v05/v0580	SES106	-1.05815	-47.2922	-46.2341
spk_ver/v05/v0581	SES106	-14.943	-63.7506	-48.8077
spk_ver/v05/v0582	SES106	-2.76787	-50.6677	-47.8998
spk_ver/v05/v0583	SES106	-1.41649	-47.4432	-46.0267
spk_ver/v05/v0584	SES106	-12.7041	-61.1717	-48.4676
spk_ver/v05/v0585	SES106	-1.56689	-50.5266	-48.9598
spk_ver/v05/v0586	SES106	-11.2074	-59.7491	-48.5417
spk_ver/v05/v0587	SES106	-4.50426	-51.862	-47.3578
spk_ver/v05/v0588	SES106	-9.34402	-56.0402	-46.6962
spk_ver/v05/v0589	SES106	-12.4247	-59.34	-46.9153
spk_ver/v05/v0590	SES082	0.885475	-46.311	-47.1965
spk_ver/v05/v0591	SES180	0.888187	-47.2398	-48.128
spk_ver/v05/v0592	SES106	-1.56408	-48.791	-47.2269
spk_ver/v05/v0593	SES106	-16.9931	-65.8285	-48.8354
spk_ver/v05/v0594	SES292	1.10645	-46.779	-47.8854
spk_ver/v05/v0595	SES106	-1.5034	-48.9052	-47.4018
spk_ver/v05/v0596	SES106	-12.853	-61.1484	-48.2955
spk_ver/v05/v0597	SES106	-12.3564	-60.5452	-48.1888
spk_ver/v05/v0598	SES042	2.45882	-44.9846	-47.4434
spk_ver/v05/v0599	SES106	-11.5411	-60.394	-48.8529
spk_ver/v06/v0600	SES106	-0.149624	-47.658	-47.5084
spk_ver/v06/v0601	SES106	-2.29491	-49.8602	-47.5653
spk_ver/v06/v0602	SES106	-7.23644	-54.9755	-47.7391
spk_ver/v06/v0603	SES106	-13.9487	-62.7107	-48.762
spk_ver/v06/v0604	SES106	-10.7071	-58.5659	-47.8588
spk_ver/v06/v0605	SES106	-11.5571	-62.4273	-50.8702
spk_ver/v06/v0606	SES048	2.01212	-45.2722	-47.2843
spk_ver/v06/v0607	SES167	2.48308	-45.2168	-47.6999
spk_ver/v06/v0608	SES106	-10.1986	-58.9647	-48.766
spk_ver/v06/v0609	SES143	0.429111	-47.8161	-48.2452
spk_ver/v06/v0610	SES106	-15.9999	-66.0123	-50.0124
spk_ver/v06/v0611	SES106	-7.64081	-56.425	-48.7842
spk_ver/v06/v0612	SES106	-19.1533	-68.1036	-48.9504
spk_ver/v06/v0613	SES117	-0.483341	-49.1068	-48.6234
spk_ver/v06/v0614	SES117	-5.96075	-52.678	-46.7173
spk_ver/v06/v0615	SES117	-1.73204	-49.9174	-48.1853
spk_ver/v06/v0616	SES106	1.86304	-43.3825	-45.2456
spk_ver/v06/v0617	SES142	2.74986	-46.76	-49.5099
spk_ver/v06/v0618	SES048	1.67075	-45.361	-47.0317
spk_ver/v06/v0619	SES175	1.34058	-47.6133	-48.9539
spk_ver/v06/v0620	SES180	0.997669	-46.8942	-47.8919
spk_ver/v06/v0621	SES117	-0.580379	-50.1182	-49.5379
spk_ver/v06/v0622	SES029	0.161396	-48.1931	-48.3545
spk_ver/v06/v0623	SES117	-1.17104	-48.3533	-47.1823
spk_ver/v06/v0624	SES117	-4.0027	-51.6703	-47.6676
spk_ver/v06/v0625	SES117	-0.952465	-52.1864	-51.2339
spk_ver/v06/v0626	SES106	1.53707	-45.1511	-46.6881
spk_ver/v06/v0627	SES226	1.75153	-45.0885	-46.84
spk_ver/v06/v0628	SES117	-0.793808	-48.8046	-48.0107
spk_ver/v06/v0629	SES117	-2.93921	-47.6852	-44.746
spk_ver/v06/v0630	SES117	-4.54136	-51.4424	-46.901
spk_ver/v06/v0631	SES117	-4.89864	-54.2476	-49.3489
spk_ver/v06/v0632	SES117	-1.85655	-48.5711	-46.7146
spk_ver/v06/v0633	SES099	3.07491	-45.1673	-48.2422
spk_ver/v06/v0634	SES105	1.65142	-46.951	-48.6025
spk_ver/v06/v0635	SES167	1.19759	-47.4604	-48.6579
spk_ver/v06/v0636	SES117	0.0149117	-47.4781	-47.493
spk_ver/v06/v0637	SES202	2.15768	-46.4675	-48.6252
spk_ver/v06/v0638	SES117	-3.09312	-50.4708	-47.3777
spk_ver/v06/v0639	SES167	2.22007	-46.3345	-48.5546
spk_ver/v06/v0640	SES117	-2.55312	-50.9899	-48.4368
spk_ver/v06/v0641	SES117	-2.30289	-48.9554	-46.6525
spk_ver/v06/v0642	SES101	1.14336	-45.9356	-47.0789
spk_ver/v06/v0643	SES068	1.07919	-46.566	-47.6452
spk_ver/v06/v0644	SES120	-4.22497	-52.3181	-48.0931
spk_ver/v06/v0645	SES120	-1.64157	-51.5317	-49.8902
spk_ver/v06/v0646	SES172	0.945602	-47.1858	-48.1314
spk_ver/v06/v0647	SES120	-2.08301	-49.3505	-47.2675
spk_ver/v06/v0648	SES120	-0.737465	-47.913	-47.1756
spk_ver/v06/v0649	SES120	-4.04303	-52.6675	-48.6245
spk_ver/v06/v0650	SES087	1.59257	-45.603	-47.1956
spk_ver/v06/v0651	SES120	-2.76896	-50.3047	-47.5358
spk_ver/v06/v0652	SES104	-0.687584	-49.0472	-48.3596
spk_ver/v06/v0653	SES129	1.9057	-45.4652	-47.3709
spk_ver/v06/v0654	SES120	-2.11271	-50.5551	-48.4424
spk_ver/v06/v0655	SES120	-2.44797	-50.4629	-48.0149
spk_ver/v06/v0656	SES120	-2.02966	-49.5857	-47.556
spk_ver/v06/v0657	SES147	2.10031	-48.0031	-50.1034
spk_ver/v06/v0658	SES120	-3.51858	-51.5589	-48.0403
spk_ver/v06/v0659	SES120	-2.72768	-49.4011	-46.6734
spk_ver/v06/v0660	SES120	-0.876976	-48.6003	-47.7233
spk_ver/v06/v0661	SES120	-3.67761	-52.4267	-48.7491
spk_ver/v06/v0662	SES120	-1.87547	-50.641	-48.7656
spk_ver/v06/v0663	SES120	-3.8001	-53.3436	-49.5435
spk_ver/v06/v0664	SES147	2.81985	-46.9237	-49.7435
spk_ver/v06/v0665	SES162	1.72691	-47.2387	-48.9657
spk_ver/v06/v0666	SES120	-2.09049	-49.4244	-47.3339
spk_ver/v06/v0667	SES120	-3.6843	-51.2294	-47.5451
spk_ver/v06/v0668	SES120	1.10742	-46.4145	-47.5219
spk_ver/v06/v0669	SES142	2.58114	-46.2292	-48.8103
spk_ver/v06/v0670	SES106	1.92149	-44.7046	-46.6261
spk_ver/v06/v0671	SES183	1.93808	-46.972	-48.9101
spk_ver/v06/v0672	SES120	-2.47097	-50.6041	-48.1331
spk_ver/v06/v0673	SES029	-0.357922	-48.5006	-48.1427
spk_ver/v06/v0674	SES120	-2.13103	-50.4915	-48.3605
spk_ver/v06/v0675	SES008	1.52312	-46.4367	-47.9598
spk_ver/v06/v0676	SES125	-13.1735	-63.0339	-49.8604
spk_ver/v06/v0677	SES143	1.17609	-47.7173	-48.8934
spk_ver/v06/v0678	SES125	-11.0722	-60.95	-49.8778
spk_ver/v06/v0679	SES162	0.482513	-47.485	-47.9675
spk_ver/v06/v0680	SES125	-7.5278	-55.0603	-47.5325
spk_ver/v06/v0681	SES125	-2.05734	-49.1007	-47.0434
spk_ver/v06/v0682	SES125	-10.6424	-56.9597	-46.3172
spk_ver/v06/v0683	SES226	0.96085	-46.1592	-47.1201
spk_ver/v06/v0684	SES125	-11.6515	-60.4613	-48.8099
spk_ver/v06/v0685	SES125	-15.9815	-63.8811	-47.8996
spk_ver/v06/v0686	SES120	0.70105	-46.5708	-47.2718
spk_ver/v06/v0687	SES125	-3.39423	-52.6935	-49.2992
spk_ver/v06/v0688	SES158	1.6639	-45.2	-46.8639
spk_ver/v06/v0689	SES125	-5.68152	-56.1556	-50.4741
spk_ver/v06/v0690	SES105	1.68612	-46.7001	-48.3862
spk_ver/v06/v0691	SES125	-1.70371	-48.7058	-47.0021
spk_ver/v06/v0692	SES125	-2.43452	-49.2242	-46.7897
spk_ver/v06/v0693	SES180	1.80593	-46.3144	-48.1204
spk_ver/v06/v0694	SES125	-20.0559	-68.602	-48.546
spk_ver/v06/v0695	SES125	-4.37844	-51.3697	-46.9913
spk_ver/v06/v0696	SES125	-15.2002	-62.6855	-47.4852
spk_ver/v06/v0697	SES125	-16.9893	-66.1186	-49.1293
spk_ver/v06/v0698	SES083	0.398087	-46.3863	-46.7844
spk_ver/v06/v0699	SES125	-14.061	-62.4836	-48.4226
spk_ver/v07/v0700	SES014	1.68947	-44.6124	-46.3018
spk_ver/v07/v0701	SES125	-8.48924	-55.5265	-47.0373
spk_ver/v07/v0702	SES127	-0.418766	-48.3679	-47.9492
spk_ver/v07/v0703	SES127	-1.38678	-50.7893	-49.4026
spk_ver/v07/v0704	SES206	1.77272	-44.8004	-46.5732
spk_ver/v07/v0705	SES127	-2.29944	-50.7713	-48.4718
spk_ver/v07/v0706	SES127	-3.80516	-51.6797	-47.8746
spk_ver/v07/v0707	SES127	-5.57546	-52.3443	-46.7689
spk_ver/v07/v0708	SES275	0.612926	-47.3891	-48.002
spk_ver/v07/v0709	SES127	-3.33555	-52.0181	-48.6825
spk_ver/v07/v0710	SES105	0.839291	-47.8671	-48.7064
spk_ver/v07/v0711	SES127	-3.16058	-52.2201	-49.0595
spk_ver/v07/v0712	SES127	-1.64599	-49.8777	-48.2317
spk_ver/v07/v0713	SES127	-4.62784	-52.2337	-47.6058
spk_ver/v07/v0714	SES019	3.69219	-44.4629	-48.1551
spk_ver/v07/v0715	SES127	-2.63847	-52.7199	-50.0815
spk_ver/v07/v0716	SES148	0.627277	-47.0297	-47.6569
spk_ver/v07/v0717	SES162	1.09266	-46.5572	-47.6498
spk_ver/v07/v0718	SES189	1.77597	-48.3772	-50.1532
spk_ver/v07/v0719	SES149	-0.0137177	-46.386	-46.3723
spk_ver/v07/v0720	SES175	0.193336	-47.5594	-47.7528
spk_ver/v07/v0721	SES127	-4.80589	-51.9939	-47.188
spk_ver/v07/v0722	SES127	-2.80193	-51.8109	-49.009
spk_ver/v07/v0723	SES127	-2.08437	-49.816	-47.7317
spk_ver/v07/v0724	SES127	-2.90155	-51.0108	-48.1092
spk_ver/v07/v0725	SES127	-2.58751	-50.921	-48.3335
spk_ver/v07/v0726	SES259	1.78366	-44.9359	-46.7196
spk_ver/v07/v0727	SES127	-2.82473	-52.818	-49.9932
spk_ver/v07/v0728	SES127	-0.847225	-47.7482	-46.9009
spk_ver/v07/v0729	SES127	-6.20173	-53.9296	-47.7278
spk_ver/v07/v0730	SES127	-1.99157	-51.3654	-49.3739
spk_ver/v07/v0731	SES129	-1.89373	-48.8094	-46.9156
spk_ver/v07/v0732	SES129	-6.10999	-54.4865	-48.3765
spk_ver/v07/v0733	SES129	-8.73246	-59.0696	-50.3371
spk_ver/v07/v0734	SES129	-11.7747	-61.5319	-49.7572
spk_ver/v07/v0735	SES183	1.17702	-46.9938	-48.1708
spk_ver/v07/v0736	SES129	-4.73253	-53.1487	-48.4162
spk_ver/v07/v0737	SES129	-3.52175	-53.6708	-50.1491
spk_ver/v07/v0738	SES129	-5.89031	-53.2855	-47.3952
spk_ver/v07/v0739	SES129	-6.22326	-54.8722	-48.649
spk_ver/v07/v0740	SES167	-0.758087	-48.3118	-47.5538
spk_ver/v07/v0741	SES129	-5.82771	-55.4318	-49.6041
spk_ver/v07/v0742	SES129	-3.91951	-49.7161	-45.7966
spk_ver/v07/v0743	SES129	-2.59311	-51.1096	-48.5165
spk_ver/v07/v0744	SES129	-8.73615	-59.1775	-50.4413
spk_ver/v07/v0745	SES180	1.03511	-47.2241	-48.2592
spk_ver/v07/v0746	SES129	-1.34861	-48.6723	-47.3237
spk_ver/v07/v0747	SES292	0.487587	-46.8652	-47.3528
spk_ver/v07/v0748	SES202	1.72981	-46.6186	-48.3484
spk_ver/v07/v0749	SES270	1.97145	-45.1055	-47.077
spk_ver/v07/v0750	SES129	-4.42022	-51.8533	-47.4331
spk_ver/v07/v0751	SES129	-4.41814	-50.5001	-46.0819
spk_ver/v07/v0752	SES060	-0.415295	-48.0614	-47.6461
spk_ver/v07/v0753	SES129	-7.66634	-56.4605	-48.7942
spk_ver/v07/v0754	SES129	-13.0928	-63.8908	-50.798
spk_ver/v07/v0755	SES129	-4.76292	-54.3962	-49.6333
spk_ver/v07/v0756	SES175	0.841373	-47.8769	-48.7182
spk_ver/v07/v0757	SES129	-5.20954	-53.0629	-47.8534
spk_ver/v07/v0758	SES129	-5.78091	-53.4786	-47.6977
spk_ver/v07/v0759	SES129	-4.99844	-50.784	-45.7855
spk_ver/v07/v0760	SES129	-5.18499	-53.0957	-47.9107
spk_ver/v07/v0761	SES129	-3.53181	-48.8154	-45.2836
spk_ver/v07/v0762	SES172	0.327137	-47.685	-48.0121
spk_ver/v07/v0763	SES129	-5.25892	-54.0776	-48.8186
spk_ver/v07/v0764	SES129	-7.66726	-54.9626	-47.2954
spk_ver/v07/v0765	SES175	1.01222	-48.0115	-49.0237
spk_ver/v07/v0766	SES129	-5.14992	-51.5431	-46.3932
spk_ver/v07/v0767	SES129	-5.0096	-53.1162	-48.1066
spk_ver/v07/v0768	SES042	1.99887	-44.1283	-46.1272
spk_ver/v07/v0769	SES099	1.71156	-46.4071	-48.1186
spk_ver/v07/v0770	SES142	-5.38627	-54.5871	-49.2008
spk_ver/v07/v0771	SES142	-5.63322	-53.3883	-47.7551
spk_ver/v07/v0772	SES101	0.194599	-47.1125	-47.3071
spk_ver/v07/v0773	SES142	-10.4181	-58.5153	-48.0972
spk_ver/v07/v0774	SES142	-5.19851	-55.0754	-49.8769
spk_ver/v07/v0775	SES142	-2.6415	-51.4716	-48.8301
spk_ver/v07/v0776	SES142	-5.06026	-52.1262	-47.0659
spk_ver/v07/v0777	SES142	-4.02298	-52.6133	-48.5903
spk_ver/v07/v0778	SES142	-2.14508	-51.4728	-49.3277
spk_ver/v07/v0779	SES142	-9.91022	-57.017	-47.1068
spk_ver/v07/v0780	SES142	-5.62532	-53.9533	-48.328
spk_ver/v07/v0781	SES142	-8.57432	-55.7422	-47.1678
spk_ver/v07/v0782	SES101	0.518833	-47.6612	-48.18
spk_ver/v07/v0783	SES142	-6.04085	-53.4019	-47.3611
spk_ver/v07/v0784	SES187	1.23949	-46.9462	-48.1857
spk_ver/v07/v0785	SES143	0.999363	-48.7985	-49.7978
spk_ver/v07/v0786	SES142	-3.8873	-52.2303	-48.343
spk_ver/v07/v0787	SES144	0.669827	-47.4379	-48.1078
spk_ver/v07/v0788	SES275	0.403008	-47.5883	-47.9914
spk_ver/v07/v0789	SES142	-3.88528	-51.8259	-47.9406
spk_ver/v07/v0790	SES099	1.66778	-45.1719	-46.8396
spk_ver/v07/v0791	SES142	-9.06499	-57.0235	-47.9585
spk_ver/v07/v0792	SES142	-5.31016	-50.8281	-45.518
spk_ver/v07/v0793	SES142	-8.18896	-56.2004	-48.0115
spk_ver/v07/v0794	SES014	1.08348	-44.8157	-45.8992
spk_ver/v07/v0795	SES142	-7.43931	-54.0938	-46.6545
spk_ver/v07/v0796	SES142	-5.88576	-53.4551	-47.5694
spk_ver/v07/v0797	SES143	-0.767239	-47.9006	-47.1334
spk_ver/v07/v0798	SES206	1.17865	-44.5188	-45.6975
spk_ver/v07/v0799	SES143	-6.57905	-54.365	-47.786
spk_ver/v08/v0800	SES143	-2.02802	-50.7902	-48.7622
spk_ver/v08/v0801	SES143	-1.14391	-48.0973	-46.9534
spk_ver/v08/v0802	SES143	-3.60316	-51.3099	-47.7067
spk_ver/v08/v0803	SES143	-4.74218	-52.18	-47.4379
spk_ver/v08/v0804	SES143	-4.7544	-52.5912	-47.8368
spk_ver/v08/v0805	SES143	-5.52039	-53.4884	-47.968
spk_ver/v08/v0806	SES143	-3.24068	-53.5428	-50.3021
spk_ver/v08/v0807	SES177	0.12278	-47.284	-47.4067
spk_ver/v08/v0808	SES149	1.50108	-45.6832	-47.1843
spk_ver/v08/v0809	SES143	-8.36894	-54.8415	-46.4726
spk_ver/v08/v0810	SES158	1.66417	-46.2424	-47.9066
spk_ver/v08/v0811	SES143	-4.21978	-56.2497	-52.0299
spk_ver/v08/v0812	SES062	1.05341	-45.6477	-46.7011
spk_ver/v08/v0813	SES259	1.67594	-44.9013	-46.5772
spk_ver/v08/v0814	SES143	-7.37503	-53.133	-45.758
spk_ver/v08/v0815	SES143	-6.06467	-53.5538	-47.4891
spk_ver/v08/v0816	SES143	-1.84929	-49.4351	-47.5858
spk_ver/v08/v0817	SES144	0.525776	-47.8692	-48.395
spk_ver/v08/v0818	SES143	-1.78448	-49.926	-48.1415
spk_ver/v08/v0819	SES143	-2.85915	-51.0016	-48.1424
spk_ver/v08/v0820	SES143	-1.09228	-47.3307	-46.2384
spk_ver/v08/v0821	SES143	-2.03794	-51.1646	-49.1267
spk_ver/v08/v0822	SES143	-5.00025	-51.7944	-46.7942
spk_ver/v08/v0823	SES104	1.41355	-45.4733	-46.8868
spk_ver/v08/v0824	SES143	-3.5568	-51.6477	-48.0909
spk_ver/v08/v0825	SES143	-4.89027	-51.8095	-46.9193
spk_ver/v08/v0826	SES144	-5.85143	-52.4745	-46.6231
spk_ver/v08/v0827	SES144	-1.8246	-49.6049	-47.7803
spk_ver/v08/v0828	SES144	-0.244419	-47.1989	-46.9545
spk_ver/v08/v0829	SES172	0.774963	-47.2546	-48.0296
spk_ver/v08/v0830	SES144	-0.343147	-48.5656	-48.2225
spk_ver/v08/v0831	SES183	1.04905	-48.13	-49.1791
spk_ver/v08/v0832	SES144	-4.15193	-52.4861	-48.3342
spk_ver/v08/v0833	SES144	-5.51755	-51.5764	-46.0588
spk_ver/v08/v0834	SES144	-1.28048	-49.6535	-48.373
spk_ver/v08/v0835	SES144	-2.31974	-51.0281	-48.7083
spk_ver/v08/v0836	SES144	-2.80042	-50.6341	-47.8336
spk_ver/v08/v0837	SES144	-3.51088	-49.5886	-46.0777
spk_ver/v08/v0838	SES144	-2.95889	-52.245	-49.2861
spk_ver/v08/v0839	SES085	0.113548	-47.1978	-47.3113
spk_ver/v08/v0840	SES144	-0.839363	-48.7628	-47.9234
spk_ver/v08/v0841	SES144	-5.70834	-54.3068	-48.5984
spk_ver/v08/v0842	SES144	-5.20344	-51.6655	-46.4621
spk_ver/v08/v0843	SES144	-0.832054	-48.4871	-47.655
spk_ver/v08/v0844	SES144	-3.00687	-50.3724	-47.3656
spk_ver/v08/v0845	SES144	-5.6608	-52.2076	-46.5468
spk_ver/v08/v0846	SES104	0.85154	-46.1991	-47.0507
spk_ver/v08/v0847	SES144	-2.23985	-51.1146	-48.8748
spk_ver/v08/v0848	SES144	-2.16654	-53.9314	-51.7649
spk_ver/v08/v0849	SES144	-6.47712	-53.0984	-46.6213
spk_ver/v08/v0850	SES144	-5.24004	-51.2628	-46.0228
spk_ver/v08/v0851	SES144	-2.18792	-48.8441	-46.6562
spk_ver/v08/v0852	SES144	-0.58947	-47.7573	-47.1679
spk_ver/v08/v0853	SES144	-5.15756	-52.1792	-47.0216
spk_ver/v08/v0854	SES144	-1.55947	-49.8637	-48.3042
spk_ver/v08/v0855	SES144	-0.404533	-47.0691	-46.6646
spk_ver/v08/v0856	SES082	-0.578831	-49.7782	-49.1994
spk_ver/v08/v0857	SES142	2.17948	-46.151	-48.3304
spk_ver/v08/v0858	SES144	-0.379238	-50.0532	-49.674
spk_ver/v08/v0859	SES144	-0.934692	-49.5662	-48.6315
spk_ver/v08/v0860	SES146	-4.2667	-51.8094	-47.5427
spk_ver/v08/v0861	SES146	-4.00652	-51.4971	-47.4906
spk_ver/v08/v0862	SES146	-4.54991	-51.5759	-47.026
spk_ver/v08/v0863	SES146	-3.47564	-52.7225	-49.2469
spk_ver/v08/v0864	SES146	-4.30873	-50.3483	-46.0395
spk_ver/v08/v0865	SES008	1.79428	-45.5755	-47.3698
spk_ver/v08/v0866	SES142	1.24785	-47.6179	-48.8658
spk_ver/v08/v0867	SES146	-2.74105	-49.0654	-46.3244
spk_ver/v08/v0868	SES082	1.85167	-44.4368	-46.2885
spk_ver/v08/v0869	SES146	-1.96129	-48.3781	-46.4168
spk_ver/v08/v0870	SES146	-4.39637	-51.7122	-47.3158
spk_ver/v08/v0871	SES146	-4.30276	-51.3053	-47.0025
spk_ver/v08/v0872	SES146	-4.52715	-53.3401	-48.813
spk_ver/v08/v0873	SES082	0.988796	-44.6121	-45.6009
spk_ver/v08/v0874	SES146	-3.49817	-53.8892	-50.391
spk_ver/v08/v0875	SES144	0.233475	-48.5176	-48.7511
spk_ver/v08/v0876	SES146	-2.46425	-47.3884	-44.9241
spk_ver/v08/v0877	SES146	-3.34254	-50.4139	-47.0714
spk_ver/v08/v0878	SES146	-2.36901	-50.6457	-48.2767
spk_ver/v08/v0879	SES146	-3.97823	-52.2742	-48.296
spk_ver/v08/v0880	SES146	-4.25936	-53.0212	-48.7618
spk_ver/v08/v0881	SES143	0.896179	-47.343	-48.2391
spk_ver/v08/v0882	SES146	-1.74868	-51.3706	-49.622
spk_ver/v08/v0883	SES147	-4.94455	-51.9602	-47.0157
spk_ver/v08/v0884	SES147	-0.637447	-48.6732	-48.0357
spk_ver/v08/v0885	SES016	0.980354	-47.186	-48.1663
spk_ver/v08/v0886	SES147	-1.36153	-50.6099	-49.2484
spk_ver/v08/v0887	SES147	-2.76511	-51.1109	-48.3458
spk_ver/v08/v0888	SES147	-2.6759	-51.837	-49.1611
spk_ver/v08/v0889	SES019	0.905457	-46.3078	-47.2132
spk_ver/v08/v0890	SES147	-3.30087	-52.4181	-49.1173
spk_ver/v08/v0891	SES147	-5.70103	-53.0395	-47.3385
spk_ver/v08/v0892	SES147	-3.17078	-51.3969	-48.2262
spk_ver/v08/v0893	SES270	2.27733	-46.5158	-48.7931
spk_ver/v08/v0894	SES029	0.28553	-47.7329	-48.0184
spk_ver/v08/v0895	SES147	-2.40074	-52.814	-50.4133
spk_ver/v08/v0896	SES117	1.0067	-48.2728	-49.2795
spk_ver/v08/v0897	SES183	2.00699	-48.0627	-50.0697
spk_ver/v08/v0898	SES147	-3.69894	-50.5481	-46.8492
spk_ver/v08/v0899	SES147	-3.22195	-53.1131	-49.8911
spk_ver/v09/v0900	SES087	0.940987	-45.7788	-46.7197
spk_ver/v09/v0901	SES147	-8.00402	-55.3748	-47.3708
spk_ver/v09/v0902	SES147	-6.17993	-53.2553	-47.0754
spk_ver/v09/v0903	SES147	-2.19846	-50.6176	-48.4192
spk_ver/v09/v0904	SES147	-4.90751	-51.6659	-46.7584
spk_ver/v09/v0905	SES143	0.693867	-47.6938	-48.3877
spk_ver/v09/v0906	SES149	0.366199	-46.2901	-46.6563
spk_ver/v09/v0907	SES148	-1.51904	-49.0689	-47.5499
spk_ver/v09/v0908	SES148	-0.838024	-48.4791	-47.641
spk_ver/v09/v0909	SES106	2.14459	-46.0852	-48.2298
spk_ver/v09/v0910	SES148	-1.08112	-50.4869	-49.4058
spk_ver/v09/v0911	SES148	-3.91656	-51.7646	-47.8481
spk_ver/v09/v0912	SES142	0.958534	-47.6292	-48.5878
spk_ver/v09/v0913	SES148	-4.55753	-52.0982	-47.5406
spk_ver/v09/v0914	SES148	-3.80602	-51.1474	-47.3414
spk_ver/v09/v0915	SES148	-3.44465	-53.0203	-49.5756
spk_ver/v09/v0916	SES148	-3.59812	-53.1784	-49.5803
spk_ver/v09/v0917	SES148	0.721809	-47.2606	-47.9824
spk_ver/v09/v0918	SES148	-0.812065	-47.884	-47.072
spk_ver/v09/v0919	SES270	1.32722	-46.6055	-47.9327
spk_ver/v09/v0920	SES148	-1.69858	-49.1986	-47.5
spk_ver/v09/v0921	SES148	-3.69611	-50.9071	-47.2109
spk_ver/v09/v0922	SES129	0.520206	-46.3572	-46.8774
spk_ver/v09/v0923	SES117	0.939682	-47.1165	-48.0561
spk_ver/v09/v0924	SES042	2.71928	-43.4499	-46.1692
spk_ver/v09/v0925	SES148	-3.72508	-52.8668	-49.1417
spk_ver/v09/v0926	SES148	-4.39822	-52.7082	-48.31
spk_ver/v09/v0927	SES144	0.394676	-47.8092	-48.2039
spk_ver/v09/v0928	SES007	0.371723	-47.9696	-48.3413
spk_ver/v09/v0929	SES148	-2.53307	-49.1938	-46.6607
spk_ver/v09/v0930	SES148	-1.50182	-48.7096	-47.2078
spk_ver/v09/v0931	SES148	-2.85878	-52.7905	-49.9318
spk_ver/v09/v0932	SES202	1.50729	-46.3713	-47.8786
spk_ver/v09/v0933	SES148	-0.29533	-47.8304	-47.535
spk_ver/v09/v0934	SES148	-3.65973	-50.0542	-46.3945
spk_ver/v09/v0935	SES060	1.24829	-45.7554	-47.0037
spk_ver/v09/v0936	SES060	1.61226	-46.8454	-48.4577
spk_ver/v09/v0937	SES148	-2.09598	-50.0387	-47.9428
spk_ver/v09/v0938	SES148	-2.68021	-51.4297	-48.7495
spk_ver/v09/v0939	SES148	-2.80131	-49.526	-46.7247
spk_ver/v09/v0940	SES148	-2.83156	-48.7853	-45.9537
spk_ver/v09/v0941	SES149	-3.11762	-51.355	-48.2374
spk_ver/v09/v0942	SES149	-9.79435	-56.79	-46.9956
spk_ver/v09/v0943	SES149	-9.84034	-58.1568	-48.3164
spk_ver/v09/v0944	SES149	-1.15385	-49.3611	-48.2073
spk_ver/v09/v0945	SES105	0.473896	-46.9664	-47.4403
spk_ver/v09/v0946	SES149	-3.90887	-50.4792	-46.5703
spk_ver/v09/v0947	SES149	-8.72311	-58.6168	-49.8937
spk_ver/v09/v0948	SES149	-11.2024	-58.782	-47.5796
spk_ver/v09/v0949	SES149	-6.68144	-52.6707	-45.9893
spk_ver/v09/v0950	SES226	0.643322	-45.5498	-46.1931
spk_ver/v09/v0951	SES149	-11.42	-60.4402	-49.0201
spk_ver/v09/v0952	SES149	-3.47175	-51.3169	-47.8451
spk_ver/v09/v0953	SES062	1.28254	-45.7945	-47.0771
spk_ver/v09/v0954	SES149	-12.1498	-61.2077	-49.0579
spk_ver/v09/v0955	SES048	0.245403	-46.6005	-46.8459
spk_ver/v09/v0956	SES158	-1.10566	-48.1164	-47.0107
spk_ver/v09/v0957	SES158	-5.53669	-56.8171	-51.2804
spk_ver/v09/v0958	SES158	-1.0668	-47.0302	-45.9634
spk_ver/v09/v0959	SES158	-1.75695	-48.5999	-46.8429
spk_ver/v09/v0960	SES158	-8.40945	-57.4977	-49.0883
spk_ver/v09/v0961	SES147	2.11207	-48.0861	-50.1982
spk_ver/v09/v0962	SES158	-13.0309	-61.9529	-48.9219
spk_ver/v09/v0963	SES292	1.09805	-46.7146	-47.8127
spk_ver/v09/v0964	SES060	1.54582	-45.7268	-47.2727
spk_ver/v09/v0965	SES002	1.09745	-45.8454	-46.9428
spk_ver/v09/v0966	SES149	1.54255	-45.4529	-46.9954
spk_ver/v09/v0967	SES158	-10.08	-59.6925	-49.6126
spk_ver/v09/v0968	SES158	-1.96112	-49.379	-47.4179
spk_ver/v09/v0969	SES275	-0.255192	-49.2708	-49.0156
spk_ver/v09/v0970	SES158	-8.08339	-55.7259	-47.6425
spk_ver/v09/v0971	SES158	-8.3763	-56.2897	-47.9134
spk_ver/v09/v0972	SES002	1.67747	-44.9513	-46.6288
spk_ver/v09/v0973	SES158	-9.60336	-57.2971	-47.6938
spk_ver/v09/v0974	SES202	1.53888	-46.5478	-48.0867
spk_ver/v09/v0975	SES158	-11.5887	-61.0833	-49.4946
spk_ver/v09/v0976	SES158	0.427422	-46.6886	-47.116
spk_ver/v09/v0977	SES162	-0.791527	-48.8451	-48.0536
spk_ver/v09/v0978	SES162	-6.9607	-54.8516	-47.8909
spk_ver/v09/v0979	SES162	-7.74061	-54.6149	-46.8743
spk_ver/v09/v0980	SES162	-1.61555	-50.8601	-49.2445
spk_ver/v09/v0981	SES162	-2.56247	-52.4273	-49.8649
spk_ver/v09/v0982	SES259	2.29995	-44.4529	-46.7528
spk_ver/v09/v0983	SES162	-3.39814	-53.9604	-50.5622
spk_ver/v09/v0984	SES162	-2.02267	-48.97	-46.9473
spk_ver/v09/v0985	SES162	-1.17163	-48.807	-47.6354
spk_ver/v09/v0986	SES062	1.15442	-45.9039	-47.0583
spk_ver/v09/v0987	SES162	-0.591633	-49.3408	-48.7491
spk_ver/v09/v0988	SES162	-4.62613	-51.4294	-46.8033
spk_ver/v09/v0989	SES162	-4.54151	-53.3244	-48.7829
spk_ver/v09/v0990	SES162	-3.10119	-51.815	-48.7138
spk_ver/v09/v0991	SES087	1.28625	-45.3043	-46.5905
spk_ver/v09/v0992	SES120	0.0971222	-48.1891	-48.2863
spk_ver/v09/v0993	SES162	-4.5932	-51.454	-46.8608
spk_ver/v09/v0994	SES162	-2.44308	-49.7407	-47.2976
spk_ver/v09/v0995	SES162	-4.58046	-50.5375	-45.9571
spk_ver/v09/v0996	SES162	-2.34845	-48.5234	-46.175
spk_ver/v09/v0997	SES162	-6.60188	-53.6929	-47.091
spk_ver/v09/v0998	SES162	-3.39986	-52.9376	-49.5377
spk_ver/v09/v0999	SES162	-0.98143	-47.4792	-46.4977
spk_ver/v10/v1000	SES162	-4.13312	-50.7824	-46.6493
spk_ver/v10/v1001	SES148	1.23177	-47.6636	-48.8954
spk_ver/v10/v1002	SES162	-0.603695	-49.3927	-48.789
spk_ver/v10/v1003	SES162	-1.33436	-50.0483	-48.7139
spk_ver/v10/v1004	SES162	-2.53085	-52.3691	-49.8383
spk_ver/v10/v1005	SES162	-4.83334	-53.0219	-48.1886
spk_ver/v10/v1006	SES162	-3.12166	-51.9039	-48.7823
spk_ver/v10/v1007	SES162	-2.12698	-50.9806	-48.8536
spk_ver/v10/v1008	SES162	-4.25655	-54.0535	-49.797
spk_ver/v10/v1009	SES162	-4.4696	-51.2736	-46.804
spk_ver/v10/v1010	SES167	-4.7325	-52.7254	-47.9929
spk_ver/v10/v1011	SES167	-0.406311	-48.9877	-48.5814
spk_ver/v10/v1012	SES167	-1.49339	-50.9497	-49.4563
spk_ver/v10/v1013	SES167	-7.89747	-55.4404	-47.543
spk_ver/v10/v1014	SES167	-1.76768	-48.3587	-46.591
spk_ver/v10/v1015	SES167	-0.912205	-48.8688	-47.9566
spk_ver/v10/v1016	SES167	-1.25753	-49.1169	-47.8593
spk_ver/v10/v1017	SES167	-1.62521	-49.4781	-47.8529
spk_ver/v10/v1018	SES167	-4.27164	-52.0862	-47.8145
spk_ver/v10/v1019	SES167	-2.34468	-49.8329	-47.4882
spk_ver/v10/v1020	SES167	-7.05506	-54.1973	-47.1423
spk_ver/v10/v1021	SES167	-1.30524	-51.2171	-49.9119
spk_ver/v10/v1022	SES167	-3.76798	-52.1836	-48.4156
spk_ver/v10/v1023	SES167	-3.24818	-53.4559	-50.2077
spk_ver/v10/v1024	SES167	-4.0221	-55.1673	-51.1452
spk_ver/v10/v1025	SES167	-1.85812	-48.5301	-46.672
spk_ver/v10/v1026	SES167	-1.93509	-50.1669	-48.2318
spk_ver/v10/v1027	SES167	-1.58722	-48.8114	-47.2242
spk_ver/v10/v1028	SES167	-6.55965	-53.4823	-46.9227
spk_ver/v10/v1029	SES167	-3.79594	-52.5697	-48.7738
spk_ver/v10/v1030	SES167	-4.96771	-52.2003	-47.2326
spk_ver/v10/v1031	SES167	-5.8688	-52.7148	-46.846
spk_ver/v10/v1032	SES167	-7.25323	-52.52	-45.2667
spk_ver/v10/v1033	SES167	-6.0213	-51.8243	-45.803
spk_ver/v10/v1034	SES002	1.63989	-44.0654	-45.7053
spk_ver/v10/v1035	SES167	-2.15108	-49.3335	-47.1824
spk_ver/v10/v1036	SES083	0.671722	-46.731	-47.4027
spk_ver/v10/v1037	SES167	-2.59418	-50.8677	-48.2735
spk_ver/v10/v1038	SES167	-2.93406	-53.8109	-50.8768
spk_ver/v10/v1039	SES167	-2.0544	-50.6543	-48.5999
spk_ver/v10/v1040	SES167	-6.49929	-54.5521	-48.0528
spk_ver/v10/v1041	SES167	-1.14484	-50.4026	-49.2577
spk_ver/v10/v1042	SES087	1.59899	-45.9213	-47.5203
spk_ver/v10/v1043	SES029	0.722694	-47.5951	-48.3178
spk_ver/v10/v1044	SES206	0.691345	-45.6063	-46.2976
spk_ver/v10/v1045	SES172	-2.67938	-51.2789	-48.5995
spk_ver/v10/v1046	SES172	1.01166	-46.3201	-47.3317
spk_ver/v10/v1047	SES172	-2.93795	-50.6068	-47.6689
spk_ver/v10/v1048	SES259	2.28474	-44.0082	-46.2929
spk_ver/v10/v1049	SES172	-4.95371	-51.0182	-46.0644
spk_ver/v10/v1050	SES120	0.685017	-48.2264	-48.9114
spk_ver/v10/v1051	SES172	-2.69522	-49.8831	-47.1879
spk_ver/v10/v1052	SES172	-3.91106	-52.3996	-48.4885
spk_ver/v10/v1053	SES172	-4.92844	-54.7806	-49.8521
spk_ver/v10/v1054	SES172	-2.70363	-51.4684	-48.7648
spk_ver/v10/v1055	SES189	2.52217	-48.9366	-51.4588
spk_ver/v10/v1056	SES172	-5.72429	-52.7555	-47.0312
spk_ver/v10/v1057	SES172	-1.14024	-49.1676	-48.0273
spk_ver/v10/v1058	SES172	-2.03787	-49.4916	-47.4537
spk_ver/v10/v1059	SES172	-1.665	-49.6186	-47.9536
spk_ver/v10/v1060	SES029	0.249367	-47.0429	-47.2923
spk_ver/v10/v1061	SES175	-9.89527	-57.0589	-47.1637
spk_ver/v10/v1062	SES187	0.350384	-46.4689	-46.8193
spk_ver/v10/v1063	SES019	3.06256	-46.1248	-49.1874
spk_ver/v10/v1064	SES175	-6.90104	-54.3787	-47.4776
spk_ver/v10/v1065	SES175	-7.90982	-54.5253	-46.6155
spk_ver/v10/v1066	SES175	-7.97813	-56.9036	-48.9254
spk_ver/v10/v1067	SES175	-3.20017	-51.3623	-48.1621
spk_ver/v10/v1068	SES175	-6.59629	-54.0336	-47.4373
spk_ver/v10/v1069	SES016	3.10653	-45.1964	-48.3029
spk_ver/v10/v1070	SES175	-4.12255	-53.694	-49.5714
spk_ver/v10/v1071	SES175	-2.88273	-49.004	-46.1212
spk_ver/v10/v1072	SES175	-8.90455	-56.46	-47.5554
spk_ver/v10/v1073	SES029	-0.033989	-48.0048	-47.9709
spk_ver/v10/v1074	SES175	-5.58318	-52.8549	-47.2717
spk_ver/v10/v1075	SES175	-1.72506	-48.3101	-46.5851
spk_ver/v10/v1076	SES175	-0.705891	-47.4272	-46.7213
spk_ver/v10/v1077	SES175	-7.78381	-53.5552	-45.7714
spk_ver/v10/v1078	SES127	1.38578	-45.3355	-46.7213
spk_ver/v10/v1079	SES175	-5.23221	-50.8415	-45.6093
spk_ver/v10/v1080	SES175	-1.40441	-50.6268	-49.2224
spk_ver/v10/v1081	SES175	-6.32889	-53.8246	-47.4957
spk_ver/v10/v1082	SES175	-4.50094	-51.2412	-46.7402
spk_ver/v10/v1083	SES007	1.15583	-47.1976	-48.3534
spk_ver/v10/v1084	SES068	0.763054	-46.4293	-47.1924
spk_ver/v10/v1085	SES008	1.41925	-45.2985	-46.7177
spk_ver/v10/v1086	SES175	-2.0853	-48.2174	-46.132
spk_ver/v10/v1087	SES175	-4.93514	-53.2479	-48.3127
spk_ver/v10/v1088	SES008	2.18047	-45.4607	-47.6412
spk_ver/v10/v1089	SES177	-3.71411	-49.4777	-45.7636
spk_ver/v10/v1090	SES177	-4.57247	-51.3577	-46.7853
spk_ver/v10/v1091	SES177	-5.56998	-53.3341	-47.7642
spk_ver/v10/v1092	SES177	-1.2021	-49.3094	-48.1073
spk_ver/v10/v1093	SES177	-7.38589	-54.1747	-46.7888
spk_ver/v10/v1094	SES002	1.72296	-44.8332	-46.5561
spk_ver/v10/v1095	SES104	1.13687	-45.9254	-47.0623
spk_ver/v10/v1096	SES177	-1.84396	-49.5971	-47.7531
spk_ver/v10/v1097	SES177	-2.35395	-51.976	-49.6221
spk_ver/v10/v1098	SES177	-2.24903	-50.5665	-48.3174
spk_ver/v10/v1099	SES177	-0.777519	-48.5127	-47.7352
spk_ver/v11/v1100	SES177	-5.00309	-52.2754	-47.2723
spk_ver/v11/v1101	SES085	0.00177765	-47.0493	-47.0511
spk_ver/v11/v1102	SES187	0.821182	-47.047	-47.8682
spk_ver/v11/v1103	SES177	-2.25998	-50.722	-48.462
spk_ver/v11/v1104	SES177	1.07329	-46.2294	-47.3027
spk_ver/v11/v1105	SES177	-0.963547	-47.677	-46.7134
spk_ver/v11/v1106	SES177	-3.04409	-50.7829	-47.7388
spk_ver/v11/v1107	SES177	-1.20472	-48.7254	-47.5207
spk_ver/v11/v1108	SES177	-0.85075	-48.9674	-48.1167
spk_ver/v11/v1109	SES125	1.74582	-44.7999	-46.5457
spk_ver/v11/v1110	SES177	-3.7842	-51.0084	-47.2242
spk_ver/v11/v1111	SES177	-2.45859	-50.2071	-47.7486
spk_ver/v11/v1112	SES177	-4.26165	-51.7134	-47.4517
spk_ver/v11/v1113	SES177	-6.72123	-52.7598	-46.0385
spk_ver/v11/v1114	SES177	-1.50004	-50.9041	-49.404
spk_ver/v11/v1115	SES177	-2.74696	-51.6125	-48.8656
spk_ver/v11/v1116	SES085	0.513691	-46.0829	-46.5966
spk_ver/v11/v1117	SES147	1.65129	-47.5626	-49.2139
spk_ver/v11/v1118	SES177	-1.01155	-49.6186	-48.607
spk_ver/v11/v1119	SES177	-4.37328	-51.2678	-46.8945
spk_ver/v11/v1120	SES180	-7.62664	-54.7421	-47.1155
spk_ver/v11/v1121	SES189	1.47664	-48.455	-49.9317
spk_ver/v11/v1122	SES117	0.182831	-50.9164	-51.0992
spk_ver/v11/v1123	SES129	2.42509	-44.8206	-47.2457
spk_ver/v11/v1124	SES180	-1.82259	-50.8879	-49.0653
spk_ver/v11/v1125	SES180	-1.20551	-48.1753	-46.9697
spk_ver/v11/v1126	SES180	-0.910343	-48.5046	-47.5943
spk_ver/v11/v1127	SES180	-2.21817	-50.4779	-48.2598
spk_ver/v11/v1128	SES016	1.08454	-48.3292	-49.4138
spk_ver/v11/v1129	SES158	0.646332	-45.6903	-46.3367
spk_ver/v11/v1130	SES180	-3.28487	-51.175	-47.8901
spk_ver/v11/v1131	SES180	-4.85587	-50.6226	-45.7668
spk_ver/v11/v1132	SES180	-2.45019	-53.1632	-50.713
spk_ver/v11/v1133	SES180	-4.47257	-50.9368	-46.4642
spk_ver/v11/v1134	SES180	-3.09288	-52.0662	-48.9733
spk_ver/v11/v1135	SES180	-1.99979	-48.6137	-46.6139
spk_ver/v11/v1136	SES180	-6.72318	-55.1837	-48.4605
spk_ver/v11/v1137	SES148	0.723145	-46.8008	-47.524
spk_ver/v11/v1138	SES104	1.38413	-44.3349	-45.719
spk_ver/v11/v1139	SES180	-6.94113	-54.49	-47.5488
spk_ver/v11/v1140	SES083	0.794842	-46.6527	-47.4476
spk_ver/v11/v1141	SES180	-4.57271	-52.0571	-47.4843
spk_ver/v11/v1142	SES180	-2.96381	-51.5347	-48.5709
spk_ver/v11/v1143	SES180	-3.08074	-52.2295	-49.1488
spk_ver/v11/v1144	SES099	1.69488	-46.2785	-47.9734
spk_ver/v11/v1145	SES180	-2.51297	-51.2228	-48.7098
spk_ver/v11/v1146	SES183	-3.06252	-52.2539	-49.1914
spk_ver/v11/v1147	SES183	-1.47233	-49.2534	-47.781
spk_ver/v11/v1148	SES183	-5.52385	-54.0478	-48.524
spk_ver/v11/v1149	SES183	-6.92414	-53.459	-46.5349
spk_ver/v11/v1150	SES183	-4.65104	-52.1288	-47.4777
spk_ver/v11/v1151	SES082	1.09515	-45.6261	-46.7212
spk_ver/v11/v1152	SES183	-3.30772	-52.7712	-49.4635
spk_ver/v11/v1153	SES183	-3.29065	-50.7753	-47.4847
spk_ver/v11/v1154	SES002	2.1335	-43.9849	-46.1184
spk_ver/v11/v1155	SES183	-3.17707	-52.9104	-49.7333
spk_ver/v11/v1156	SES183	-6.32413	-55.0234	-48.6992
spk_ver/v11/v1157	SES183	-4.77914	-49.6096	-44.8305
spk_ver/v11/v1158	SES183	-0.77393	-48.2248	-47.4508
spk_ver/v11/v1159	SES183	-2.8119	-51.4992	-48.6873
spk_ver/v11/v1160	SES183	-5.51081	-52.2568	-46.746
spk_ver/v11/v1161	SES183	-5.62282	-53.8739	-48.251
spk_ver/v11/v1162	SES105	1.28058	-46.6625	-47.943
spk_ver/v11/v1163	SES183	-7.32016	-53.9561	-46.6359
spk_ver/v11/v1164	SES259	2.16832	-44.8981	-47.0665
spk_ver/v11/v1165	SES183	-2.70831	-52.8623	-50.154
spk_ver/v11/v1166	SES183	-5.37944	-51.9537	-46.5743
spk_ver/v11/v1167	SES183	-3.29984	-52.1472	-48.8474
spk_ver/v11/v1168	SES183	-3.18333	-50.4181	-47.2348
spk_ver/v11/v1169	SES183	-6.83629	-53.4666	-46.6303
spk_ver/v11/v1170	SES183	-5.6049	-53.2412	-47.6363
spk_ver/v11/v1171	SES183	-8.22551	-56.8393	-48.6138
spk_ver/v11/v1172	SES187	-4.12544	-52.4007	-48.2752
spk_ver/v11/v1173	SES019	2.50776	-46.1675	-48.6753
spk_ver/v11/v1174	SES187	-5.72825	-54.3904	-48.6622
spk_ver/v11/v1175	SES187	-1.70275	-51.1602	-49.4574
spk_ver/v11/v1176	SES083	-0.0246353	-46.5013	-46.4766
spk_ver/v11/v1177	SES187	-6.46627	-55.2163	-48.7501
spk_ver/v11/v1178	SES187	-4.97335	-51.7399	-46.7665
spk_ver/v11/v1179	SES187	-2.15815	-50.7549	-48.5968
spk_ver/v11/v1180	SES187	-0.369736	-48.8913	-48.5216
spk_ver/v11/v1181	SES187	-6.7141	-53.4846	-46.7705
spk_ver/v11/v1182	SES187	-0.842762	-47.8665	-47.0238
spk_ver/v11/v1183	SES187	-5.22847	-52.9359	-47.7074
spk_ver/v11/v1184	SES187	0.177979	-47.7769	-47.9549
spk_ver/v11/v1185	SES127	1.09694	-46.3993	-47.4963
spk_ver/v11/v1186	SES187	-0.992989	-48.3906	-47.3976
spk_ver/v11/v1187	SES187	-2.04892	-48.7934	-46.7445
spk_ver/v11/v1188	SES187	-1.8447	-51.4857	-49.641
spk_ver/v11/v1189	SES042	1.94517	-44.2718	-46.217
spk_ver/v11/v1190	SES187	-0.804565	-47.9522	-47.1476
spk_ver/v11/v1191	SES187	-5.1958	-54.4044	-49.2086
spk_ver/v11/v1192	SES187	-3.92876	-51.7667	-47.838
spk_ver/v11/v1193	SES183	0.128632	-48.3659	-48.4945
spk_ver/v11/v1194	SES187	-2.13942	-51.264	-49.1245
spk_ver/v11/v1195	SES187	-6.31981	-53.6843	-47.3645
spk_ver/v11/v1196	SES146	1.52251	-47.5811	-49.1036
spk_ver/v11/v1197	SES189	-5.53806	-52.2601	-46.7221
spk_ver/v11/v1198	SES175	1.97553	-46.8953	-48.8708
spk_ver/v11/v1199	SES189	-4.57726	-53.4413	-48.8641
spk_ver/v12/v1200	SES189	-2.31781	-48.784	-46.4662
spk_ver/v12/v1201	SES177	0.938606	-46.3311	-47.2697
spk_ver/v12/v1202	SES189	-1.838	-50.8882	-49.0502
spk_ver/v12/v1203	SES143	0.894424	-47.6188	-48.5133
spk_ver/v12/v1204	SES189	-2.3924	-50.5562	-48.1638
spk_ver/v12/v1205	SES189	-1.99667	-49.2369	-47.2402
spk_ver/v12/v1206	SES189	-5.65558	-53.8304	-48.1748
spk_ver/v12/v1207	SES189	-3.51042	-51.1845	-47.6741
spk_ver/v12/v1208	SES189	-4.11172	-50.5818	-46.4701
spk_ver/v12/v1209	SES189	-4.86158	-53.0812	-48.2196
spk_ver/v12/v1210	SES189	-0.307449	-48.8673	-48.5598
spk_ver/v12/v1211	SES062	1.47003	-45.6099	-47.0799
spk_ver/v12/v1212	SES189	-2.38893	-49.8674	-47.4785
spk_ver/v12/v1213	SES048	0.903313	-46.2664	-47.1698
spk_ver/v12/v1214	SES042	2.31636	-43.7005	-46.0168
spk_ver/v12/v1215	SES008	1.67518	-45.577	-47.2522
spk_ver/v12/v1216	SES202	-5.35061	-50.7872	-45.4366
spk_ver/v12/v1217	SES202	-2.65135	-52.3461	-49.6947
spk_ver/v12/v1218	SES085	1.28434	-45.0705	-46.3549
spk_ver/v12/v1219	SES202	-3.09447	-50.685	-47.5905
spk_ver/v12/v1220	SES202	-3.89553	-51.9958	-48.1002
spk_ver/v12/v1221	SES202	-1.38544	-50.6439	-49.2584
spk_ver/v12/v1222	SES202	-9.39799	-57.0685	-47.6705
spk_ver/v12/v1223	SES158	0.836178	-45.8988	-46.735
spk_ver/v12/v1224	SES202	-2.12784	-51.3731	-49.2452
spk_ver/v12/v1225	SES202	-7.82354	-54.3237	-46.5002
spk_ver/v12/v1226	SES202	-5.38234	-54.1399	-48.7575
spk_ver/v12/v1227	SES202	-4.21763	-53.4589	-49.2413
spk_ver/v12/v1228	SES177	0.656746	-47.0776	-47.7343
spk_ver/v12/v1229	SES202	-5.338	-53.7245	-48.3865
spk_ver/v12/v1230	SES202	-2.00452	-50.4057	-48.4012
spk_ver/v12/v1231	SES202	-4.28529	-54.731	-50.4457
spk_ver/v12/v1232	SES202	-2.33298	-52.6881	-50.3551
spk_ver/v12/v1233	SES206	1.15129	-44.7965	-45.9478
spk_ver/v12/v1234	SES202	-7.34444	-54.7619	-47.4174
spk_ver/v12/v1235	SES202	-4.59197	-51.6298	-47.0378
spk_ver/v12/v1236	SES125	2.43201	-45.0663	-47.4983
spk_ver/v12/v1237	SES127	1.7118	-45.6893	-47.4011
spk_ver/v12/v1238	SES202	2.66896	-45.3446	-48.0136
spk_ver/v12/v1239	SES167	1.53585	-45.8822	-47.4181
spk_ver/v12/v1240	SES206	-12.2327	-61.0344	-48.8017
spk_ver/v12/v1241	SES206	-13.35	-62.4701	-49.1201
spk_ver/v12/v1242	SES206	-1.00762	-47.4602	-46.4526
spk_ver/v12/v1243	SES206	-2.51966	-50.1739	-47.6542
spk_ver/v12/v1244	SES259	2.2003	-45.4444	-47.6447
spk_ver/v12/v1245	SES206	-6.974	-54.9809	-48.0069
spk_ver/v12/v1246	SES206	-8.74684	-56.2949	-47.5481
spk_ver/v12/v1247	SES206	-0.814175	-47.7132	-46.899
spk_ver/v12/v1248	SES206	-15.718	-65.2055	-49.4875
spk_ver/v12/v1249	SES270	2.20291	-46.132	-48.3349
spk_ver/v12/v1250	SES206	-11.403	-59.6972	-48.2941
spk_ver/v12/v1251	SES206	-6.9501	-54.1651	-47.215
spk_ver/v12/v1252	SES206	-6.64406	-54.6069	-47.9628
spk_ver/v12/v1253	SES206	-1.60652	-47.8354	-46.2289
spk_ver/v12/v1254	SES206	-0.640903	-47.3634	-46.7225
spk_ver/v12/v1255	SES125	1.31974	-45.3748	-46.6945
spk_ver/v12/v1256	SES206	-17.1595	-65.2272	-48.0676
spk_ver/v12/v1257	SES206	-9.67776	-56.3898	-46.712
spk_ver/v12/v1258	SES206	-1.9489	-49.2783	-47.3294
spk_ver/v12/v1259	SES206	-15.8975	-64.3412	-48.4437
spk_ver/v12/v1260	SES206	-18.3338	-67.3888	-49.055
spk_ver/v12/v1261	SES206	-13.2647	-61.2765	-48.0118
spk_ver/v12/v1262	SES206	-15.2534	-63.3704	-48.117
spk_ver/v12/v1263	SES206	-10.0759	-57.599	-47.5231
spk_ver/v12/v1264	SES149	1.21919	-46.8064	-48.0256
spk_ver/v12/v1265	SES206	-1.50376	-49.8878	-48.3841
spk_ver/v12/v1266	SES206	-17.0994	-65.7528	-48.6534
spk_ver/v12/v1267	SES206	-1.69199	-51.4388	-49.7468
spk_ver/v12/v1268	SES206	-7.85469	-56.6867	-48.832
spk_ver/v12/v1269	SES206	-14.8901	-66.0435	-51.1534
spk_ver/v12/v1270	SES206	-21.0995	-71.4866	-50.3871
spk_ver/v12/v1271	SES226	-16.6388	-66.2128	-49.5739
spk_ver/v12/v1272	SES226	-1.10506	-47.0061	-45.9011
spk_ver/v12/v1273	SES226	-13.7085	-60.8339	-47.1253
spk_ver/v12/v1274	SES226	-11.6392	-60.2203	-48.5811
spk_ver/v12/v1275	SES226	-0.104389	-47.7406	-47.6362
spk_ver/v12/v1276	SES226	-11.4561	-59.5915	-48.1354
spk_ver/v12/v1277	SES226	-1.28374	-48.0369	-46.7531
spk_ver/v12/v1278	SES226	-0.209503	-47.6826	-47.4731
spk_ver/v12/v1279	SES226	-11.6006	-58.4799	-46.8793
spk_ver/v12/v1280	SES226	-2.91329	-49.4934	-46.5802
spk_ver/v12/v1281	SES226	-1.54599	-48.8261	-47.2801
spk_ver/v12/v1282	SES226	-2.83383	-50.728	-47.8942
spk_ver/v12/v1283	SES143	1.62278	-46.7841	-48.4069
spk_ver/v12/v1284	SES226	-7.85228	-54.9356	-47.0833
spk_ver/v12/v1285	SES226	-1.13515	-47.2124	-46.0773
spk_ver/v12/v1286	SES226	-2.04331	-50.144	-48.1007
spk_ver/v12/v1287	SES226	-5.56351	-53.8342	-48.2707
spk_ver/v12/v1288	SES226	-10.112	-57.6898	-47.5778
spk_ver/v12/v1289	SES104	1.14013	-46.523	-47.6631
spk_ver/v12/v1290	SES008	1.62487	-47.1193	-48.7442
spk_ver/v12/v1291	SES226	-1.54587	-48.3559	-46.8101
spk_ver/v12/v1292	SES259	-3.44227	-51.3044	-47.8621
spk_ver/v12/v1293	SES062	0.994869	-46.3678	-47.3627
spk_ver/v12/v1294	SES099	1.32306	-46.9024	-48.2254
spk_ver/v12/v1295	SES158	0.121086	-47.4088	-47.5299
spk_ver/v12/v1296	SES259	-7.64267	-54.5583	-46.9156
spk_ver/v12/v1297	SES259	-3.41827	-52.0193	-48.6011
spk_ver/v12/v1298	SES259	-2.94545	-49.4596	-46.5141
spk_ver/v12/v1299	SES259	-8.1032	-56.2425	-48.1393
spk_ver/v13/v1300	SES120	0.885185	-47.5339	-48.4191
spk_ver/v13/v1301	SES259	-9.9042	-57.7017	-47.7975
spk_ver/v13/v1302	SES259	-9.12426	-57.5244	-48.4001
spk_ver/v13/v1303	SES129	1.6502	-46.2942	-47.9444
spk_ver/v13/v1304	SES259	-5.82186	-55.0078	-49.1859
spk_ver/v13/v1305	SES259	-4.17065	-54.3624	-50.1918
spk_ver/v13/v1306	SES106	0.913303	-46.1275	-47.0408
spk_ver/v13/v1307	SES259	-4.79637	-54.9825	-50.1861
spk_ver/v13/v1308	SES259	-1.37238	-48.1787	-46.8063
spk_ver/v13/v1309	SES259	-7.77159	-55.2872	-47.5157
spk_ver/v13/v1310	SES259	-6.80393	-53.9457	-47.1417
spk_ver/v13/v1311	SES259	-7.39713	-54.8061	-47.4089
spk_ver/v13/v1312	SES259	-2.39267	-48.2369	-45.8442
spk_ver/v13/v1313	SES144	0.154186	-47.7308	-47.885
spk_ver/v13/v1314	SES259	-9.18727	-57.3016	-48.1143
spk_ver/v13/v1315	SES162	1.83921	-45.839	-47.6782
spk_ver/v13/v1316	SES206	0.954346	-44.9969	-45.9512
spk_ver/v13/v1317	SES175	1.31354	-47.6362	-48.9498
spk_ver/v13/v1318	SES259	-8.61084	-57.9792	-49.3684
spk_ver/v13/v1319	SES259	-9.96963	-58.5616	-48.592
spk_ver/v13/v1320	SES270	-0.737087	-47.4538	-46.7167
spk_ver/v13/v1321	SES101	0.00247955	-47.2024	-47.2048
spk_ver/v13/v1322	SES177	1.0214	-46.3184	-47.3398
spk_ver/v13/v1323	SES127	1.46637	-45.2834	-46.7498
spk_ver/v13/v1324	SES270	-13.7849	-62.1625	-48.3776
spk_ver/v13/v1325	SES062	0.918633	-46.1121	-47.0307
spk_ver/v13/v1326	SES270	-0.511391	-48.273	-47.7617
spk_ver/v13/v1327	SES120	0.279648	-48.5217	-48.8014
spk_ver/v13/v1328	SES270	-4.19226	-54.3521	-50.1599
spk_ver/v13/v1329	SES270	-8.40409	-55.2129	-46.8088
spk_ver/v13/v1330	SES270	-0.727299	-48.7851	-48.0578
spk_ver/v13/v1331	SES270	-9.74378	-56.1178	-46.3741
spk_ver/v13/v1332	SES270	-0.96735	-46.8543	-45.887
spk_ver/v13/v1333	SES270	-1.61279	-49.9308	-48.318
spk_ver/v13/v1334	SES270	-2.53407	-49.8488	-47.3147
spk_ver/v13/v1335	SES270	-0.170364	-47.2576	-47.0873
spk_ver/v13/v1336	SES270	-1.30341	-47.975	-46.6716
spk_ver/v13/v1337	SES016	1.86382	-46.2689	-48.1327
spk_ver/v13/v1338	SES270	-7.87368	-55.3426	-47.4689
spk_ver/v13/v1339	SES002	1.14487	-45.0558	-46.2007
spk_ver/v13/v1340	SES105	1.3496	-48.1	-49.4496
spk_ver/v13/v1341	SES275	-3.37289	-53.9703	-50.5974
spk_ver/v13/v1342	SES187	1.3993	-47.3878	-48.7871
spk_ver/v13/v1343	SES275	-3.88528	-52.4678	-48.5825
spk_ver/v13/v1344	SES275	-3.7425	-51.8767	-48.1342
spk_ver/v13/v1345	SES275	-3.49466	-50.9933	-47.4986
spk_ver/v13/v1346	SES275	-5.80649	-52.838	-47.0315
spk_ver/v13/v1347	SES275	-5.44818	-54.8494	-49.4013
spk_ver/v13/v1348	SES180	0.384769	-48.0873	-48.4721
spk_ver/v13/v1349	SES275	-4.71389	-55.2759	-50.562
spk_ver/v13/v1350	SES275	-1.56281	-48.3045	-46.7417
spk_ver/v13/v1351	SES275	-5.48541	-58.4665	-52.9811
spk_ver/v13/v1352	SES275	-2.35667	-50.8051	-48.4485
spk_ver/v13/v1353	SES275	-3.713	-52.4085	-48.6955
spk_ver/v13/v1354	SES189	2.2792	-48.6292	-50.9084
spk_ver/v13/v1355	SES068	0.235542	-46.4625	-46.6981
spk_ver/v13/v1356	SES275	-4.92548	-53.5347	-48.6092
spk_ver/v13/v1357	SES048	0.15015	-47.169	-47.3191
spk_ver/v13/v1358	SES226	1.67351	-44.4	-46.0735
spk_ver/v13/v1359	SES016	0.422626	-47.0171	-47.4397
spk_ver/v13/v1360	SES275	-3.95351	-52.7351	-48.7816
spk_ver/v13/v1361	SES068	1.07089	-45.6967	-46.7676
spk_ver/v13/v1362	SES275	-4.83619	-51.4596	-46.6235
spk_ver/v13/v1363	SES275	-4.69712	-52.5034	-47.8063
spk_ver/v13/v1364	SES275	-4.83706	-55.5414	-50.7044
spk_ver/v13/v1365	SES275	-3.2582	-50.8192	-47.561
spk_ver/v13/v1366	SES187	0.856804	-46.4416	-47.2984
spk_ver/v13/v1367	SES275	-5.66323	-53.8399	-48.1767
spk_ver/v13/v1368	SES125	1.3587	-45.7971	-47.1558
spk_ver/v13/v1369	SES275	-2.62027	-50.8783	-48.2581
spk_ver/v13/v1370	SES292	-5.114	-51.5577	-46.4437
spk_ver/v13/v1371	SES292	-4.41378	-51.2837	-46.8699
spk_ver/v13/v1372	SES292	-5.31802	-53.4637	-48.1457
spk_ver/v13/v1373	SES292	-2.99657	-51.0347	-48.0381
spk_ver/v13/v1374	SES101	1.04666	-47.4172	-48.4639
spk_ver/v13/v1375	SES292	-3.47546	-52.0703	-48.5949
spk_ver/v13/v1376	SES292	-2.19855	-49.5541	-47.3556
spk_ver/v13/v1377	SES292	-4.95584	-54.8183	-49.8625
spk_ver/v13/v1378	SES292	-1.16285	-48.5483	-47.3855
spk_ver/v13/v1379	SES292	-1.8119	-50.2686	-48.4567
spk_ver/v13/v1380	SES292	-3.33039	-51.4736	-48.1432
spk_ver/v13/v1381	SES292	-4.32831	-49.4911	-45.1628
spk_ver/v13/v1382	SES292	-4.06713	-55.3206	-51.2535
spk_ver/v13/v1383	SES292	-2.9269	-50.4811	-47.5542
spk_ver/v13/v1384	SES292	-2.66729	-50.6551	-47.9878
spk_ver/v13/v1385	SES292	-2.40548	-50.9728	-48.5673
spk_ver/v13/v1386	SES292	-2.92438	-52.1269	-49.2025
spk_ver/v13/v1387	SES158	1.53347	-47.4416	-48.9751
spk_ver/v13/v1388	SES292	-0.660614	-47.6508	-46.9902
spk_ver/v13/v1389	SES292	-1.35167	-47.8407	-46.4891
spk_ver/v13/v1390	SES292	-5.62929	-51.589	-45.9597
spk_ver/v13/v1391	SES292	-2.4534	-49.9978	-47.5444
spk_ver/v13/v1392	SES292	-3.67887	-53.9622	-50.2834
spk_ver/v13/v1393	SES292	-4.05873	-50.7005	-46.6418
spk_ver/v13/v1394	SES292	-3.49618	-51.5865	-48.0903
spk_ver/v13/v1395	SES292	-5.54039	-51.5412	-46.0008
spk_ver/v13/v1396	SES117	1.99993	-47.8125	-49.8124
spk_ver/v13/v1397	SES292	-3.48532	-50.1395	-46.6542
spk_ver/v13/v1398	SES292	-3.30522	-53.0044	-49.6992
spk_ver/v13/v1399	SES292	-2.32708	-50.1609	-47.8338
