BLOCK00/SES002/SA002S12	SES002	0.201488	-5.25779	-5.45928
BLOCK00/SES002/SA002S13	SES002	0.310963	-6.25827	-6.56923
BLOCK00/SES002/SA002S23	SES002	-0.700676	-6.39577	-5.69509
BLOCK00/SES002/SA002S26	SES002	-1.04017	-8.13511	-7.09494
BLOCK00/SES002/SA002S28	SES002	-0.958461	-8.04688	-7.08842
BLOCK00/SES007/SA007S14	SES007	0.413469	-5.14781	-5.56128
BLOCK00/SES007/SA007S15	SES007	-0.201256	-6.13729	-5.93603
BLOCK00/SES007/SA007S24	SES007	-0.284773	-5.40076	-5.11599
BLOCK00/SES007/SA007S27	SES007	-1.05293	-7.74614	-6.6932
BLOCK00/SES007/SA007S29	SES007	-0.466734	-5.42705	-4.96031
BLOCK00/SES008/SA008S11	SES008	0.816462	-3.95855	-4.77502
BLOCK00/SES008/SA008S12	SES008	-0.293237	-4.61577	-4.32253
BLOCK00/SES008/SA008S19	SES008	0.96714	-4.13819	-5.10533
BLOCK00/SES008/SA008S22	SES008	-0.0788279	-5.71006	-5.63123
BLOCK00/SES008/SA008S29	SES008	0.471874	-3.45213	-3.924
BLOCK01/SES014/SA014S10	SES014	-0.124676	-5.47356	-5.34888
BLOCK01/SES014/SA014S12	SES014	0.500687	-5.20086	-5.70155
BLOCK01/SES014/SA014S24	SES014	0.0882826	-5.5539	-5.64219
BLOCK01/SES014/SA014S26	SES014	0.00269365	-6.15102	-6.15371
BLOCK01/SES014/SA014S28	SES014	1.49756	-3.12792	-4.62547
BLOCK01/SES016/SA016S12	SES016	-0.417782	-8.83962	-8.42184
BLOCK01/SES016/SA016S13	SES016	-0.219001	-6.5534	-6.3344
BLOCK01/SES016/SA016S22	SES016	0.361277	-6.16248	-6.52376
BLOCK01/SES016/SA016S25	SES016	0.155894	-4.44512	-4.60102
BLOCK01/SES016/SA016S27	SES016	-0.587746	-6.95503	-6.36729
BLOCK01/SES019/SA019S13	SES019	1.93798	-5.27988	-7.21786
BLOCK01/SES019/SA019S14	SES019	0.660517	-6.26997	-6.93049
BLOCK01/SES019/SA019S22	SES019	1.76389	-4.25339	-6.01727
BLOCK01/SES019/SA019S25	SES019	1.05743	-5.85184	-6.90927
BLOCK01/SES019/SA019S29	SES019	2.10648	-6.76268	-8.86916
BLOCK02/SES029/SA029S11	SES029	0.442747	-4.68092	-5.12367
BLOCK02/SES029/SA029S12	SES029	-0.980124	-6.19135	-5.21122
BLOCK02/SES029/SA029S20	SES029	-0.0839534	-4.48131	-4.39736
BLOCK02/SES029/SA029S25	SES029	-0.382896	-6.28754	-5.90465
BLOCK02/SES029/SA029S28	SES029	-1.14458	-6.20198	-5.0574
BLOCK04/SES042/SA042S12	SES042	0.63796	-5.33824	-5.9762
BLOCK04/SES042/SA042S15	SES042	0.331801	-6.14857	-6.48037
BLOCK04/SES042/SA042S22	SES042	1.63632	-7.77599	-9.41231
BLOCK04/SES042/SA042S25	SES042	-0.1332	-8.53731	-8.40411
BLOCK04/SES042/SA042S27	SES042	1.22608	-7.39285	-8.61892
BLOCK04/SES048/SA048S11	SES048	0.236311	-4.20538	-4.44169
BLOCK04/SES048/SA048S12	SES048	-0.758777	-6.62148	-5.8627
BLOCK04/SES048/SA048S20	SES048	-0.572258	-5.64125	-5.069
BLOCK04/SES048/SA048S23	SES048	0.151822	-4.52169	-4.67351
BLOCK04/SES048/SA048S27	SES048	-1.09465	-6.3316	-5.23695
BLOCK06/SES060/SA060S11	SES060	-0.06881	-6.16007	-6.09126
BLOCK06/SES060/SA060S12	SES060	-0.774745	-8.69768	-7.92293
BLOCK06/SES060/SA060S22	SES060	-1.84182	-8.90049	-7.05867
BLOCK06/SES060/SA060S24	SES060	-0.249097	-4.63668	-4.38758
BLOCK06/SES060/SA060S28	SES060	-0.000600338	-3.70976	-3.70916
BLOCK06/SES062/SA062S10	SES062	-0.428079	-5.67805	-5.24998
BLOCK06/SES062/SA062S11	SES062	-0.203655	-7.5259	-7.32225
BLOCK06/SES062/SA062S21	SES062	0.0412009	-3.25473	-3.29594
BLOCK06/SES062/SA062S26	SES062	-0.190069	-5.62531	-5.43524
BLOCK06/SES062/SA062S29	SES062	0.628762	-3.74719	-4.37596
BLOCK06/SES068/SA068S14	SES068	-0.707559	-5.89373	-5.18617
BLOCK06/SES068/SA068S15	SES068	0.246683	-5.36849	-5.61518
BLOCK06/SES068/SA068S23	SES068	-0.653624	-6.27132	-5.6177
BLOCK06/SES068/SA068S27	SES068	0.422582	-5.05512	-5.4777
BLOCK06/SES068/SA068S29	SES068	-0.802923	-6.4503	-5.64738
BLOCK08/SES082/SA082S12	SES082	-1.30895	-7.14787	-5.83893
BLOCK08/SES082/SA082S14	SES082	-0.340028	-6.17529	-5.83526
BLOCK08/SES082/SA082S21	SES082	-0.903807	-6.03177	-5.12796
BLOCK08/SES082/SA082S24	SES082	-0.402333	-7.09736	-6.69502
BLOCK08/SES082/SA082S28	SES082	-0.616965	-6.61801	-6.00104
BLOCK08/SES083/SA083S14	SES083	-0.642635	-5.16283	-4.5202
BLOCK08/SES083/SA083S15	SES083	-0.468324	-6.14156	-5.67324
BLOCK08/SES083/SA083S24	SES083	-0.721529	-6.34844	-5.62691
BLOCK08/SES083/SA083S26	SES083	-0.864856	-7.58131	-6.71645
BLOCK08/SES083/SA083S29	SES083	-1.1824	-7.05604	-5.87364
BLOCK08/SES085/SA085S10	SES085	0.391512	-4.24753	-4.63904
BLOCK08/SES085/SA085S13	SES085	-1.11492	-7.91707	-6.80215
BLOCK08/SES085/SA085S22	SES085	0.224435	-4.60521	-4.82965
BLOCK08/SES085/SA085S26	SES085	-1.10139	-7.44036	-6.33897
BLOCK08/SES085/SA085S28	SES085	0.0679722	-5.26546	-5.33343
BLOCK08/SES087/SA087S15	SES087	0.0801497	-6.57906	-6.65921
BLOCK08/SES087/SA087S16	SES087	0.478913	-5.51777	-5.99668
BLOCK08/SES087/SA087S24	SES087	-0.449697	-8.59555	-8.14585
BLOCK08/SES087/SA087S26	SES087	-0.574086	-6.36821	-5.79413
BLOCK08/SES087/SA087S29	SES087	0.546718	-4.70208	-5.2488
BLOCK09/SES099/SA099S15	SES099	0.120395	-6.44448	-6.56487
BLOCK09/SES099/SA099S16	SES099	0.178442	-4.21347	-4.39191
BLOCK09/SES099/SA099S24	SES099	0.0703349	-5.25654	-5.32688
BLOCK09/SES099/SA099S26	SES099	0.0255432	-6.0655	-6.09104
BLOCK09/SES099/SA099S29	SES099	-0.0936756	-6.26752	-6.17385
BLOCK10/SES101/SA101S11	SES101	-0.681491	-6.06315	-5.38165
BLOCK10/SES101/SA101S13	SES101	0.468176	-2.32069	-2.78887
BLOCK10/SES101/SA101S22	SES101	-0.219504	-6.45449	-6.23499
BLOCK10/SES101/SA101S24	SES101	-0.172825	-5.35095	-5.17812
BLOCK10/SES101/SA101S28	SES101	-0.138197	-5.47841	-5.34021
BLOCK10/SES104/SA104S11	SES104	0.103682	-4.78755	-4.89123
BLOCK10/SES104/SA104S12	SES104	-0.246956	-6.15273	-5.90578
BLOCK10/SES104/SA104S21	SES104	-0.0114193	-5.98516	-5.97374
BLOCK10/SES104/SA104S24	SES104	-1.84284	-8.87137	-7.02853
BLOCK10/SES104/SA104S28	SES104	-0.471762	-8.20961	-7.73785
BLOCK10/SES105/SA105S12	SES105	0.545658	-6.78107	-7.32673
BLOCK10/SES105/SA105S13	SES105	-1.00752	-6.97583	-5.96831
BLOCK10/SES105/SA105S22	SES105	-0.265953	-6.77546	-6.50951
BLOCK10/SES105/SA105S26	SES105	-0.697191	-7.68986	-6.99267
BLOCK10/SES105/SA105S29	SES105	0.474643	-4.45179	-4.92643
BLOCK10/SES106/SA106S09	SES106	-0.699115	-7.84936	-7.15025
BLOCK10/SES106/SA106S11	SES106	0.132759	-4.90541	-5.03817
BLOCK10/SES106/SA106S22	SES106	0.660624	-7.22806	-7.88868
BLOCK10/SES106/SA106S27	SES106	0.494139	-4.93932	-5.43346
BLOCK10/SES106/SA106S29	SES106	-0.0378966	-5.72274	-5.68485
BLOCK11/SES117/SA117S12	SES117	-0.339807	-6.82878	-6.48897
BLOCK11/SES117/SA117S13	SES117	-0.659468	-6.73951	-6.08004
BLOCK11/SES117/SA117S23	SES117	0.765075	-8.10652	-8.8716
BLOCK11/SES117/SA117S25	SES117	0.341475	-6.12298	-6.46445
BLOCK11/SES117/SA117S28	SES117	0.278626	-7.4295	-7.70812
BLOCK12/SES120/SA120S08	SES120	-0.47068	-8.48663	-8.01595
BLOCK12/SES120/SA120S11	SES120	-1.08075	-12.4729	-11.3921
BLOCK12/SES120/SA120S22	SES120	-0.571556	-5.9906	-5.41905
BLOCK12/SES120/SA120S24	SES120	-0.31958	-9.37783	-9.05825
BLOCK12/SES120/SA120S28	SES120	-0.532113	-8.34588	-7.81377
BLOCK12/SES125/SA125S13	SES125	0.115808	-7.96658	-8.08238
BLOCK12/SES125/SA125S14	SES125	-0.160099	-8.86514	-8.70505
BLOCK12/SES125/SA125S25	SES125	0.703312	-6.75618	-7.45949
BLOCK12/SES125/SA125S27	SES125	-0.124558	-6.69808	-6.57352
BLOCK12/SES125/SA125S29	SES125	-0.800243	-6.44639	-5.64615
BLOCK12/SES127/SA127S11	SES127	-0.377776	-5.45788	-5.08011
BLOCK12/SES127/SA127S12	SES127	0.076566	-3.00366	-3.08023
BLOCK12/SES127/SA127S23	SES127	-0.241681	-4.26791	-4.02623
BLOCK12/SES127/SA127S25	SES127	-0.608707	-4.2951	-3.68639
BLOCK12/SES127/SA127S27	SES127	0.439674	-4.11844	-4.55812
BLOCK12/SES129/SA129S11	SES129	0.253702	-3.94141	-4.19511
BLOCK12/SES129/SA129S12	SES129	-0.225024	-3.74939	-3.52437
BLOCK12/SES129/SA129S22	SES129	-0.166834	-4.96328	-4.79644
BLOCK12/SES129/SA129S27	SES129	0.832884	-4.51971	-5.35259
BLOCK12/SES129/SA129S29	SES129	-0.199	-7.88469	-7.68569
BLOCK14/SES142/SA142S11	SES142	0.905512	-4.99329	-5.8988
BLOCK14/SES142/SA142S12	SES142	0.0330477	-7.22863	-7.26168
BLOCK14/SES142/SA142S24	SES142	-0.00589275	-6.35661	-6.35072
BLOCK14/SES142/SA142S27	SES142	0.112028	-6.05651	-6.16853
BLOCK14/SES142/SA142S29	SES142	0.0135655	-5.8353	-5.84887
BLOCK14/SES143/SA143S12	SES143	0.277282	-5.1496	-5.42688
BLOCK14/SES143/SA143S13	SES143	0.313725	-5.13542	-5.44914
BLOCK14/SES143/SA143S23	SES143	0.181911	-5.9992	-6.18112
BLOCK14/SES143/SA143S25	SES143	-0.149763	-6.86107	-6.71131
BLOCK14/SES143/SA143S28	SES143	0.389376	-6.44503	-6.83441
BLOCK14/SES144/SA144S09	SES144	-0.284409	-5.51177	-5.22736
BLOCK14/SES144/SA144S11	SES144	-0.785851	-5.71159	-4.92574
BLOCK14/SES144/SA144S21	SES144	-1.37172	-6.67926	-5.30754
BLOCK14/SES144/SA144S25	SES144	-0.138556	-6.09229	-5.95374
BLOCK14/SES144/SA144S29	SES144	-1.59586	-7.45734	-5.86149
BLOCK14/SES146/SA146S14	SES146	-0.0254359	-6.45371	-6.42828
BLOCK14/SES146/SA146S15	SES146	-0.832602	-7.44568	-6.61307
BLOCK14/SES146/SA146S24	SES146	-0.376499	-7.03343	-6.65693
BLOCK14/SES146/SA146S26	SES146	-0.53564	-7.11016	-6.57452
BLOCK14/SES146/SA146S29	SES146	-0.586334	-7.72413	-7.1378
BLOCK14/SES147/SA147S11	SES147	-0.266772	-6.45493	-6.18816
BLOCK14/SES147/SA147S13	SES147	0.278662	-4.23609	-4.51475
BLOCK14/SES147/SA147S23	SES147	0.133951	-5.10682	-5.24077
BLOCK14/SES147/SA147S26	SES147	0.425642	-4.7557	-5.18134
BLOCK14/SES147/SA147S28	SES147	0.831428	-3.57843	-4.40986
BLOCK14/SES148/SA148S10	SES148	0.0136504	-4.12155	-4.1352
BLOCK14/SES148/SA148S12	SES148	-0.466373	-5.88499	-5.41861
BLOCK14/SES148/SA148S22	SES148	-0.441131	-4.44862	-4.00749
BLOCK14/SES148/SA148S26	SES148	-0.427587	-3.38494	-2.95736
BLOCK14/SES148/SA148S29	SES148	-0.923891	-6.90419	-5.98029
BLOCK14/SES149/SA149S13	SES149	-1.20419	-5.77661	-4.57242
BLOCK14/SES149/SA149S14	SES149	-0.260705	-4.14356	-3.88285
BLOCK14/SES149/SA149S24	SES149	-0.0896149	-5.08409	-4.99447
BLOCK14/SES149/SA149S26	SES149	0.0924559	-4.9803	-5.07276
BLOCK14/SES149/SA149S28	SES149	0.700529	-1.96011	-2.66063
BLOCK15/SES158/SA158S13	SES158	0.218885	-7.13279	-7.35167
BLOCK15/SES158/SA158S14	SES158	0.457058	-7.99349	-8.45055
BLOCK15/SES158/SA158S23	SES158	-0.0218887	-6.39607	-6.37418
BLOCK15/SES158/SA158S26	SES158	0.183247	-7.58335	-7.7666
BLOCK15/SES158/SA158S28	SES158	-0.129613	-7.21196	-7.08235
BLOCK16/SES162/SA162S10	SES162	-0.0160413	-7.04965	-7.03361
BLOCK16/SES162/SA162S11	SES162	0.173782	-4.6896	-4.86338
BLOCK16/SES162/SA162S21	SES162	0.428896	-5.40957	-5.83847
BLOCK16/SES162/SA162S24	SES162	0.789325	-5.13389	-5.92321
BLOCK16/SES162/SA162S27	SES162	0.719264	-7.32247	-8.04174
BLOCK16/SES167/SA167S14	SES167	0.678199	-3.74997	-4.42817
BLOCK16/SES167/SA167S15	SES167	1.09425	-3.25571	-4.34995
BLOCK16/SES167/SA167S21	SES167	1.07643	-2.61968	-3.69612
BLOCK16/SES167/SA167S25	SES167	1.95247	-3.84916	-5.80163
BLOCK16/SES167/SA167S29	SES167	1.55205	-2.24039	-3.79243
BLOCK17/SES172/SA172S12	SES172	-0.267822	-7.1503	-6.88248
BLOCK17/SES172/SA172S13	SES172	0.339199	-6.77444	-7.11364
BLOCK17/SES172/SA172S23	SES172	0.736895	-4.17906	-4.91596
BLOCK17/SES172/SA172S27	SES172	-0.232839	-7.31413	-7.08129
BLOCK17/SES172/SA172S29	SES172	1.24191	-4.96455	-6.20646
BLOCK17/SES175/SA175S11	SES175	-0.808071	-6.83186	-6.02379
BLOCK17/SES175/SA175S13	SES175	0.0829594	-2.83926	-2.92222
BLOCK17/SES175/SA175S23	SES175	0.14232	-3.96533	-4.10765
BLOCK17/SES175/SA175S25	SES175	-0.858998	-6.49853	-5.63953
BLOCK17/SES175/SA175S28	SES175	-0.0424309	-4.79203	-4.74959
BLOCK17/SES177/SA177S15	SES177	-0.714205	-6.91048	-6.19627
BLOCK17/SES177/SA177S17	SES177	-0.399426	-6.33902	-5.9396
BLOCK17/SES177/SA177S23	SES177	-0.761633	-6.74876	-5.98713
BLOCK17/SES177/SA177S26	SES177	0.0569057	-3.60213	-3.65903
BLOCK17/SES177/SA177S28	SES177	-0.38373	-6.94339	-6.55966
BLOCK18/SES180/SA180S13	SES180	-0.951363	-8.13671	-7.18534
BLOCK18/SES180/SA180S15	SES180	-0.627909	-5.68981	-5.0619
BLOCK18/SES180/SA180S24	SES180	-0.446634	-4.73896	-4.29233
BLOCK18/SES180/SA180S26	SES180	-0.719202	-5.7874	-5.06819
BLOCK18/SES180/SA180S29	SES180	-1.23234	-8.25916	-7.02682
BLOCK18/SES183/SA183S13	SES183	0.138112	-5.89634	-6.03445
BLOCK18/SES183/SA183S14	SES183	-0.939395	-6.04964	-5.11024
BLOCK18/SES183/SA183S24	SES183	-0.290994	-7.01653	-6.72554
BLOCK18/SES183/SA183S27	SES183	0.387038	-6.19611	-6.58315
BLOCK18/SES183/SA183S29	SES183	0.496343	-4.97725	-5.47359
BLOCK18/SES187/SA187S13	SES187	-0.629345	-7.50176	-6.87242
BLOCK18/SES187/SA187S14	SES187	-1.21481	-7.64493	-6.43012
BLOCK18/SES187/SA187S24	SES187	0.238252	-6.14064	-6.37889
BLOCK18/SES187/SA187S27	SES187	-0.0123596	-5.81476	-5.8024
BLOCK18/SES187/SA187S29	SES187	-0.685055	-8.74498	-8.05993
BLOCK18/SES189/SA189S10	SES189	0.526424	-6.67237	-7.19879
BLOCK18/SES189/SA189S13	SES189	0.386123	-9.74295	-10.1291
BLOCK18/SES189/SA189S24	SES189	0.191277	-6.65168	-6.84296
BLOCK18/SES189/SA189S26	SES189	0.228733	-6.19363	-6.42237
BLOCK18/SES189/SA189S29	SES189	0.0295296	-6.40517	-6.4347
BLOCK20/SES202/SA202S12	SES202	-0.415205	-8.03324	-7.61803
BLOCK20/SES202/SA202S14	SES202	0.362702	-6.88131	-7.24401
BLOCK20/SES202/SA202S24	SES202	-0.275893	-7.6798	-7.40391
BLOCK20/SES202/SA202S27	SES202	0.236332	-5.27812	-5.51445
BLOCK20/SES202/SA202S29	SES202	-0.262305	-6.10157	-5.83926
BLOCK20/SES206/SA206S15	SES206	-1.37566	-5.14894	-3.77328
BLOCK20/SES206/SA206S17	SES206	-0.120273	-6.84712	-6.72685
BLOCK20/SES206/SA206S24	SES206	0.074564	-4.8337	-4.90826
BLOCK20/SES206/SA206S27	SES206	0.0185375	-7.24658	-7.26511
BLOCK20/SES206/SA206S29	SES206	0.0839648	-7.16393	-7.24789
BLOCK22/SES226/SA226S12	SES226	0.154434	-5.92055	-6.07498
BLOCK22/SES226/SA226S13	SES226	-1.67025	-6.36535	-4.6951
BLOCK22/SES226/SA226S20	SES226	-1.04384	-6.13254	-5.0887
BLOCK22/SES226/SA226S23	SES226	-0.618036	-5.23522	-4.61719
BLOCK22/SES226/SA226S28	SES226	0.147511	-5.1822	-5.32972
BLOCK25/SES259/SA259S13	SES259	1.39795	-5.87225	-7.2702
BLOCK25/SES259/SA259S14	SES259	0.561429	-5.36096	-5.92239
BLOCK25/SES259/SA259S22	SES259	0.566317	-5.58384	-6.15015
BLOCK25/SES259/SA259S24	SES259	0.56109	-6.15943	-6.72052
BLOCK25/SES259/SA259S28	SES259	0.171487	-5.51086	-5.68235
BLOCK27/SES270/SA270S14	SES270	0.543892	-5.89135	-6.43524
BLOCK27/SES270/SA270S16	SES270	-0.794382	-5.80421	-5.00983
BLOCK27/SES270/SA270S22	SES270	0.890804	-4.67597	-5.56678
BLOCK27/SES270/SA270S26	SES270	-0.0676503	-6.85629	-6.78864
BLOCK27/SES270/SA270S28	SES270	0.415144	-4.17501	-4.59016
BLOCK27/SES275/SA275S17	SES275	-0.267283	-5.67138	-5.4041
BLOCK27/SES275/SA275S18	SES275	-0.705927	-6.48487	-5.77894
BLOCK27/SES275/SA275S24	SES275	-0.116216	-6.2597	-6.14348
BLOCK27/SES275/SA275S26	SES275	0.264949	-5.55755	-5.82249
BLOCK27/SES275/SA275S28	SES275	-0.0236406	-5.6408	-5.61716
BLOCK29/SES292/SA292S10	SES292	-1.93847	-6.77862	-4.84016
BLOCK29/SES292/SA292S12	SES292	-0.800825	-7.43514	-6.63432
BLOCK29/SES292/SA292S22	SES292	-0.840619	-6.39	-5.54938
BLOCK29/SES292/SA292S24	SES292	-0.485789	-4.71035	-4.22457
BLOCK29/SES292/SA292S27	SES292	-0.860207	-5.61334	-4.75314
BLOCK00/SES001/SA001S14	SES062	-3.73334	-10.5415	-6.80821
BLOCK00/SES001/SA001S14	SES082	-1.87978	-8.68799	-6.80821
BLOCK00/SES001/SA001S14	SES106	-1.97994	-8.78815	-6.80821
BLOCK00/SES001/SA001S14	SES206	-2.44004	-9.24824	-6.80821
BLOCK00/SES001/SA001S15	SES062	-3.59079	-9.50317	-5.91239
BLOCK00/SES001/SA001S15	SES104	-1.6179	-7.53028	-5.91239
BLOCK00/SES001/SA001S15	SES106	-1.35643	-7.26881	-5.91239
BLOCK00/SES001/SA001S15	SES206	-2.86059	-8.77298	-5.91239
BLOCK00/SES001/SA001S24	SES062	-3.85114	-10.6512	-6.80007
BLOCK00/SES001/SA001S24	SES082	-2.38805	-9.18812	-6.80007
BLOCK00/SES001/SA001S24	SES087	-3.39557	-10.1956	-6.80007
BLOCK00/SES001/SA001S24	SES206	-2.79208	-9.59214	-6.80007
BLOCK00/SES001/SA001S27	SES062	-1.95204	-5.5852	-3.63316
BLOCK00/SES001/SA001S27	SES082	-1.7441	-5.37725	-3.63316
BLOCK00/SES001/SA001S27	SES087	-1.57779	-5.21094	-3.63316
BLOCK00/SES001/SA001S27	SES206	-2.3642	-5.99735	-3.63316
BLOCK00/SES001/SA001S29	SES062	-3.14343	-9.32293	-6.1795
BLOCK00/SES001/SA001S29	SES082	-1.90952	-8.08902	-6.1795
BLOCK00/SES001/SA001S29	SES158	-1.93564	-8.11514	-6.1795
BLOCK00/SES001/SA001S29	SES206	-2.84215	-9.02165	-6.1795
BLOCK00/SES003/SA003S11	SES002	-1.37907	-6.29857	-4.9195
BLOCK00/SES003/SA003S11	SES019	-2.55464	-7.47413	-4.9195
BLOCK00/SES003/SA003S11	SES082	-1.36111	-6.2806	-4.9195
BLOCK00/SES003/SA003S11	SES125	-1.9624	-6.8819	-4.9195
BLOCK00/SES003/SA003S15	SES016	-2.34755	-7.16811	-4.82055
BLOCK00/SES003/SA003S15	SES019	-3.43079	-8.25134	-4.82055
BLOCK00/SES003/SA003S15	SES062	-1.33886	-6.15941	-4.82055
BLOCK00/SES003/SA003S15	SES206	-1.71037	-6.53093	-4.82055
BLOCK00/SES003/SA003S22	SES002	-1.94519	-6.89785	-4.95265
BLOCK00/SES003/SA003S22	SES062	-1.55451	-6.50716	-4.95265
BLOCK00/SES003/SA003S22	SES082	-2.29684	-7.2495	-4.95265
BLOCK00/SES003/SA003S22	SES087	-1.96863	-6.92128	-4.95265
BLOCK00/SES003/SA003S25	SES062	-3.40777	-9.85015	-6.44238
BLOCK00/SES003/SA003S25	SES082	-1.93885	-8.38124	-6.44238
BLOCK00/SES003/SA003S25	SES087	-2.06043	-8.50281	-6.44238
BLOCK00/SES003/SA003S25	SES206	-2.75533	-9.19772	-6.44238
BLOCK00/SES003/SA003S29	SES002	-1.69096	-7.21683	-5.52587
BLOCK00/SES003/SA003S29	SES062	-2.62525	-8.15112	-5.52587
BLOCK00/SES003/SA003S29	SES082	-1.5535	-7.07936	-5.52587
BLOCK00/SES003/SA003S29	SES087	-1.92396	-7.44983	-5.52587
BLOCK00/SES004/SA004S12	SES083	-1.91881	-6.55787	-4.63906
BLOCK00/SES004/SA004S12	SES148	-2.02643	-6.66549	-4.63906
BLOCK00/SES004/SA004S12	SES172	-0.804093	-5.44315	-4.63906
BLOCK00/SES004/SA004S12	SES292	-2.16913	-6.80819	-4.63906
BLOCK00/SES004/SA004S17	SES083	-1.60737	-6.44334	-4.83597
BLOCK00/SES004/SA004S17	SES162	-0.840324	-5.6763	-4.83597
BLOCK00/SES004/SA004S17	SES172	-0.985721	-5.82169	-4.83597
BLOCK00/SES004/SA004S17	SES292	-1.54707	-6.38305	-4.83597
BLOCK00/SES004/SA004S24	SES083	-1.71533	-6.7511	-5.03578
BLOCK00/SES004/SA004S24	SES148	-3.0109	-8.04668	-5.03578
BLOCK00/SES004/SA004S24	SES172	-0.753349	-5.78913	-5.03578
BLOCK00/SES004/SA004S24	SES292	-1.84587	-6.88165	-5.03578
BLOCK00/SES004/SA004S26	SES083	-2.25195	-7.99645	-5.74451
BLOCK00/SES004/SA004S26	SES127	-2.91141	-8.65592	-5.74451
BLOCK00/SES004/SA004S26	SES148	-4.23762	-9.98213	-5.74451
BLOCK00/SES004/SA004S26	SES292	-3.0399	-8.78441	-5.74451
BLOCK00/SES004/SA004S28	SES083	-1.36534	-4.32196	-2.95663
BLOCK00/SES004/SA004S28	SES127	-0.850115	-3.80674	-2.95663
BLOCK00/SES004/SA004S28	SES187	-0.870204	-3.82683	-2.95663
BLOCK00/SES004/SA004S28	SES292	-1.78903	-4.74565	-2.95663
BLOCK00/SES006/SA006S10	SES014	-5.4328	-14.3016	-8.86885
BLOCK00/SES006/SA006S10	SES158	-6.68295	-15.5518	-8.86885
BLOCK00/SES006/SA006S10	SES226	-7.13206	-16.0009	-8.86885
BLOCK00/SES006/SA006S10	SES270	-3.43655	-12.3054	-8.86885
BLOCK00/SES006/SA006S11	SES158	-5.2892	-12.9819	-7.69269
BLOCK00/SES006/SA006S11	SES226	-5.47815	-13.1708	-7.69269
BLOCK00/SES006/SA006S11	SES270	-2.93288	-10.6256	-7.69269
BLOCK00/SES006/SA006S11	SES275	-3.48951	-11.1822	-7.69269
BLOCK00/SES006/SA006S23	SES062	-5.61404	-12.7162	-7.10213
BLOCK00/SES006/SA006S23	SES105	-5.23989	-12.342	-7.10213
BLOCK00/SES006/SA006S23	SES158	-4.83478	-11.9369	-7.10213
BLOCK00/SES006/SA006S23	SES275	-3.16511	-10.2672	-7.10213
BLOCK00/SES006/SA006S26	SES104	-5.29556	-13.0138	-7.71821
BLOCK00/SES006/SA006S26	SES158	-6.20168	-13.9199	-7.71821
BLOCK00/SES006/SA006S26	SES270	-1.63125	-9.34946	-7.71821
BLOCK00/SES006/SA006S26	SES275	-2.77221	-10.4904	-7.71821
BLOCK00/SES006/SA006S28	SES007	-3.55334	-11.5979	-8.04453
BLOCK00/SES006/SA006S28	SES105	-4.04586	-12.0904	-8.04453
BLOCK00/SES006/SA006S28	SES158	-3.35063	-11.3952	-8.04453
BLOCK00/SES006/SA006S28	SES275	-4.25183	-12.2964	-8.04453
BLOCK00/SES009/SA009S12	SES083	-3.28534	-9.3867	-6.10136
BLOCK00/SES009/SA009S12	SES148	-4.21753	-10.3189	-6.10136
BLOCK00/SES009/SA009S12	SES177	-1.40665	-7.508	-6.10136
BLOCK00/SES009/SA009S12	SES292	-1.79645	-7.8978	-6.10136
BLOCK00/SES009/SA009S15	SES007	-0.965291	-6.71406	-5.74877
BLOCK00/SES009/SA009S15	SES099	-3.67971	-9.42848	-5.74877
BLOCK00/SES009/SA009S15	SES148	-3.51653	-9.2653	-5.74877
BLOCK00/SES009/SA009S15	SES172	-1.30995	-7.05872	-5.74877
BLOCK00/SES009/SA009S24	SES146	-2.14902	-8.74773	-6.59871
BLOCK00/SES009/SA009S24	SES148	-4.13276	-10.7315	-6.59871
BLOCK00/SES009/SA009S24	SES177	-1.92202	-8.52073	-6.59871
BLOCK00/SES009/SA009S24	SES292	-1.80326	-8.40197	-6.59871
BLOCK00/SES009/SA009S26	SES083	-3.1911	-8.62043	-5.42933
BLOCK00/SES009/SA009S26	SES101	-3.13763	-8.56697	-5.42933
BLOCK00/SES009/SA009S26	SES120	-2.11171	-7.54104	-5.42933
BLOCK00/SES009/SA009S26	SES177	-1.64334	-7.07267	-5.42933
BLOCK00/SES009/SA009S29	SES083	-2.32111	-7.94957	-5.62846
BLOCK00/SES009/SA009S29	SES101	-1.91971	-7.54817	-5.62846
BLOCK00/SES009/SA009S29	SES177	-1.25341	-6.88188	-5.62846
BLOCK00/SES009/SA009S29	SES292	-1.76385	-7.39231	-5.62846
BLOCK01/SES011/SA011S10	SES019	-3.21621	-11.4883	-8.2721
BLOCK01/SES011/SA011S10	SES042	-1.39512	-9.66722	-8.2721
BLOCK01/SES011/SA011S10	SES082	-2.10462	-10.3767	-8.2721
BLOCK01/SES011/SA011S10	SES206	-1.92731	-10.1994	-8.2721
BLOCK01/SES011/SA011S11	SES019	-3.39014	-10.7069	-7.31675
BLOCK01/SES011/SA011S11	SES042	-1.67049	-8.98724	-7.31675
BLOCK01/SES011/SA011S11	SES082	-1.80572	-9.12247	-7.31675
BLOCK01/SES011/SA011S11	SES206	-2.79983	-10.1166	-7.31675
BLOCK01/SES011/SA011S22	SES019	-2.84269	-10.8346	-7.99189
BLOCK01/SES011/SA011S22	SES042	-0.741223	-8.73311	-7.99189
BLOCK01/SES011/SA011S22	SES082	-1.53177	-9.52365	-7.99189
BLOCK01/SES011/SA011S22	SES206	-1.94536	-9.93724	-7.99189
BLOCK01/SES011/SA011S24	SES019	-4.75502	-11.9705	-7.21552
BLOCK01/SES011/SA011S24	SES042	-1.75369	-8.96921	-7.21552
BLOCK01/SES011/SA011S24	SES104	-1.51193	-8.72745	-7.21552
BLOCK01/SES011/SA011S24	SES206	-1.36554	-8.58106	-7.21552
BLOCK01/SES011/SA011S27	SES082	-1.56806	-8.27332	-6.70526
BLOCK01/SES011/SA011S27	SES087	-3.375	-10.0803	-6.70526
BLOCK01/SES011/SA011S27	SES125	-1.90085	-8.60611	-6.70526
BLOCK01/SES011/SA011S27	SES206	-2.71907	-9.42432	-6.70526
BLOCK01/SES012/SA012S11	SES007	-0.932242	-6.51494	-5.5827
BLOCK01/SES012/SA012S11	SES082	-1.12589	-6.70858	-5.5827
BLOCK01/SES012/SA012S11	SES083	-2.37696	-7.95965	-5.5827
BLOCK01/SES012/SA012S11	SES206	-1.50727	-7.08996	-5.5827
BLOCK01/SES012/SA012S14	SES082	-1.66765	-8.36885	-6.7012
BLOCK01/SES012/SA012S14	SES087	-2.68255	-9.38375	-6.7012
BLOCK01/SES012/SA012S14	SES206	-1.11038	-7.81157	-6.7012
BLOCK01/SES012/SA012S14	SES292	-2.01746	-8.71866	-6.7012
BLOCK01/SES012/SA012S24	SES082	-0.98285	-9.65285	-8.67
BLOCK01/SES012/SA012S24	SES087	-2.90847	-11.5785	-8.67
BLOCK01/SES012/SA012S24	SES120	-3.07257	-11.7426	-8.67
BLOCK01/SES012/SA012S24	SES206	-1.97075	-10.6407	-8.67
BLOCK01/SES012/SA012S26	SES019	-7.91546	-15.9436	-8.02818
BLOCK01/SES012/SA012S26	SES082	-2.62367	-10.6518	-8.02818
BLOCK01/SES012/SA012S26	SES206	-1.05836	-9.08654	-8.02818
BLOCK01/SES012/SA012S26	SES292	-2.3641	-10.3923	-8.02818
BLOCK01/SES012/SA012S29	SES062	-1.42622	-5.46868	-4.04246
BLOCK01/SES012/SA012S29	SES082	-0.661474	-4.70394	-4.04246
BLOCK01/SES012/SA012S29	SES083	-2.09866	-6.14112	-4.04246
BLOCK01/SES012/SA012S29	SES206	-0.426808	-4.46927	-4.04246
BLOCK01/SES013/SA013S16	SES062	-4.80992	-12.0608	-7.25089
BLOCK01/SES013/SA013S16	SES106	-3.40781	-10.6587	-7.25089
BLOCK01/SES013/SA013S16	SES206	-3.71363	-10.9645	-7.25089
BLOCK01/SES013/SA013S16	SES226	-3.54392	-10.7948	-7.25089
BLOCK01/SES013/SA013S17	SES062	-2.93929	-8.58695	-5.64767
BLOCK01/SES013/SA013S17	SES106	-2.35267	-8.00034	-5.64767
BLOCK01/SES013/SA013S17	SES206	-2.18683	-7.83449	-5.64767
BLOCK01/SES013/SA013S17	SES226	-1.13659	-6.78426	-5.64767
BLOCK01/SES013/SA013S23	SES104	-2.20872	-8.41668	-6.20796
BLOCK01/SES013/SA013S23	SES106	-2.30396	-8.51192	-6.20796
BLOCK01/SES013/SA013S23	SES206	-3.92239	-10.1304	-6.20796
BLOCK01/SES013/SA013S23	SES270	-3.40938	-9.61734	-6.20796
BLOCK01/SES013/SA013S25	SES042	-5.56537	-12.1187	-6.55336
BLOCK01/SES013/SA013S25	SES104	-1.33124	-7.88459	-6.55336
BLOCK01/SES013/SA013S25	SES106	-2.20452	-8.75788	-6.55336
BLOCK01/SES013/SA013S25	SES206	-2.99715	-9.55051	-6.55336
BLOCK01/SES013/SA013S29	SES062	-4.10028	-10.8529	-6.75266
BLOCK01/SES013/SA013S29	SES104	-2.34684	-9.0995	-6.75266
BLOCK01/SES013/SA013S29	SES106	-2.32927	-9.08192	-6.75266
BLOCK01/SES013/SA013S29	SES206	-3.67478	-10.4274	-6.75266
BLOCK02/SES021/SA021S13	SES016	-3.00191	-9.03846	-6.03654
BLOCK02/SES021/SA021S13	SES029	-2.02135	-8.05789	-6.03654
BLOCK02/SES021/SA021S13	SES087	-3.01879	-9.05533	-6.03654
BLOCK02/SES021/SA021S13	SES206	-3.11901	-9.15555	-6.03654
BLOCK02/SES021/SA021S15	SES087	-1.57572	-7.15107	-5.57536
BLOCK02/SES021/SA021S15	SES125	-2.01567	-7.59103	-5.57536
BLOCK02/SES021/SA021S15	SES206	-2.51729	-8.09265	-5.57536
BLOCK02/SES021/SA021S15	SES226	-2.45698	-8.03233	-5.57536
BLOCK02/SES021/SA021S23	SES062	-4.1318	-11.0002	-6.8684
BLOCK02/SES021/SA021S23	SES087	-1.32893	-8.19733	-6.8684
BLOCK02/SES021/SA021S23	SES206	-2.19049	-9.05889	-6.8684
BLOCK02/SES021/SA021S23	SES226	-1.96042	-8.82882	-6.8684
BLOCK02/SES021/SA021S27	SES002	-2.82764	-7.15473	-4.32709
BLOCK02/SES021/SA021S27	SES016	-4.51272	-8.83981	-4.32709
BLOCK02/SES021/SA021S27	SES019	-3.17893	-7.50602	-4.32709
BLOCK02/SES021/SA021S27	SES062	-2.14427	-6.47136	-4.32709
BLOCK02/SES021/SA021S29	SES087	-1.91366	-7.55642	-5.64276
BLOCK02/SES021/SA021S29	SES125	-3.01517	-8.65793	-5.64276
BLOCK02/SES021/SA021S29	SES206	-1.83673	-7.47949	-5.64276
BLOCK02/SES021/SA021S29	SES226	-2.35245	-7.99521	-5.64276
BLOCK04/SES043/SA043S09	SES083	-1.35557	-8.30181	-6.94624
BLOCK04/SES043/SA043S09	SES101	-1.17895	-8.12519	-6.94624
BLOCK04/SES043/SA043S09	SES144	-1.26209	-8.20833	-6.94624
BLOCK04/SES043/SA043S09	SES172	-2.13437	-9.0806	-6.94624
BLOCK04/SES043/SA043S11	SES083	-1.21068	-5.81899	-4.60831
BLOCK04/SES043/SA043S11	SES101	-1.28483	-5.89314	-4.60831
BLOCK04/SES043/SA043S11	SES144	-0.509595	-5.1179	-4.60831
BLOCK04/SES043/SA043S11	SES172	-1.97528	-6.58358	-4.60831
BLOCK04/SES043/SA043S23	SES083	-1.09816	-6.2592	-5.16104
BLOCK04/SES043/SA043S23	SES144	-0.702096	-5.86314	-5.16104
BLOCK04/SES043/SA043S23	SES177	-2.02298	-7.18402	-5.16104
BLOCK04/SES043/SA043S23	SES275	-1.80462	-6.96566	-5.16104
BLOCK04/SES043/SA043S26	SES083	-1.89165	-10.4415	-8.54985
BLOCK04/SES043/SA043S26	SES101	-1.11564	-9.66549	-8.54985
BLOCK04/SES043/SA043S26	SES144	-1.23323	-9.78308	-8.54985
BLOCK04/SES043/SA043S26	SES177	-2.57741	-11.1273	-8.54985
BLOCK04/SES043/SA043S28	SES016	-2.07754	-8.14503	-6.06749
BLOCK04/SES043/SA043S28	SES083	-1.50218	-7.56967	-6.06749
BLOCK04/SES043/SA043S28	SES101	-1.34225	-7.40974	-6.06749
BLOCK04/SES043/SA043S28	SES144	-1.61501	-7.6825	-6.06749
BLOCK04/SES044/SA044S10	SES127	-5.40917	-14.5237	-9.11452
BLOCK04/SES044/SA044S10	SES144	-2.56985	-11.6844	-9.11452
BLOCK04/SES044/SA044S10	SES147	-5.22313	-14.3377	-9.11452
BLOCK04/SES044/SA044S10	SES148	-5.33997	-14.4545	-9.11452
BLOCK04/SES044/SA044S11	SES101	-2.04137	-9.1385	-7.09713
BLOCK04/SES044/SA044S11	SES144	-1.63939	-8.73652	-7.09713
BLOCK04/SES044/SA044S11	SES147	-3.22228	-10.3194	-7.09713
BLOCK04/SES044/SA044S11	SES177	-3.45598	-10.5531	-7.09713
BLOCK04/SES044/SA044S24	SES007	-3.12842	-9.79909	-6.67067
BLOCK04/SES044/SA044S24	SES101	-1.84627	-8.51694	-6.67067
BLOCK04/SES044/SA044S24	SES147	-3.50027	-10.1709	-6.67067
BLOCK04/SES044/SA044S24	SES177	-2.6217	-9.29237	-6.67067
BLOCK04/SES044/SA044S26	SES007	-1.8384	-6.89127	-5.05287
BLOCK04/SES044/SA044S26	SES016	-1.72098	-6.77386	-5.05287
BLOCK04/SES044/SA044S26	SES101	-2.0029	-7.05578	-5.05287
BLOCK04/SES044/SA044S26	SES147	-1.41697	-6.46985	-5.05287
BLOCK04/SES044/SA044S29	SES007	-3.2315	-8.3572	-5.1257
BLOCK04/SES044/SA044S29	SES101	-2.49225	-7.61795	-5.1257
BLOCK04/SES044/SA044S29	SES147	-2.59522	-7.72092	-5.1257
BLOCK04/SES044/SA044S29	SES177	-3.19542	-8.32112	-5.1257
BLOCK04/SES046/SA046S13	SES101	-0.983057	-8.28787	-7.30481
BLOCK04/SES046/SA046S13	SES144	-1.14716	-8.45198	-7.30481
BLOCK04/SES046/SA046S13	SES147	-2.18883	-9.49365	-7.30481
BLOCK04/SES046/SA046S13	SES177	-2.54492	-9.84973	-7.30481
BLOCK04/SES046/SA046S15	SES048	-0.73843	-4.63462	-3.89619
BLOCK04/SES046/SA046S15	SES083	-1.60387	-5.50006	-3.89619
BLOCK04/SES046/SA046S15	SES120	-2.79367	-6.68986	-3.89619
BLOCK04/SES046/SA046S15	SES148	-1.80744	-5.70363	-3.89619
BLOCK04/SES046/SA046S22	SES101	-1.46841	-7.7164	-6.24799
BLOCK04/SES046/SA046S22	SES144	-0.664557	-6.91255	-6.24799
BLOCK04/SES046/SA046S22	SES147	-1.91332	-8.16131	-6.24799
BLOCK04/SES046/SA046S22	SES172	-1.27645	-7.52444	-6.24799
BLOCK04/SES046/SA046S25	SES083	-1.3431	-5.66847	-4.32536
BLOCK04/SES046/SA046S25	SES127	-2.26117	-6.58653	-4.32536
BLOCK04/SES046/SA046S25	SES144	-1.06382	-5.38918	-4.32536
BLOCK04/SES046/SA046S25	SES148	-1.80316	-6.12852	-4.32536
BLOCK04/SES046/SA046S28	SES007	-2.01949	-7.57133	-5.55185
BLOCK04/SES046/SA046S28	SES105	-3.17584	-8.72769	-5.55185
BLOCK04/SES046/SA046S28	SES147	-2.15884	-7.71069	-5.55185
BLOCK04/SES046/SA046S28	SES148	-3.14155	-8.6934	-5.55185
BLOCK04/SES049/SA049S16	SES104	-2.26972	-9.11166	-6.84194
BLOCK04/SES049/SA049S16	SES106	-3.38597	-10.2279	-6.84194
BLOCK04/SES049/SA049S16	SES120	-3.11157	-9.95351	-6.84194
BLOCK04/SES049/SA049S16	SES206	-3.01669	-9.85863	-6.84194
BLOCK04/SES049/SA049S18	SES099	-1.28535	-8.70515	-7.4198
BLOCK04/SES049/SA049S18	SES104	-1.86008	-9.27988	-7.4198
BLOCK04/SES049/SA049S18	SES125	-2.84615	-10.266	-7.4198
BLOCK04/SES049/SA049S18	SES206	-3.12465	-10.5444	-7.4198
BLOCK04/SES049/SA049S25	SES087	-3.03158	-9.82026	-6.78868
BLOCK04/SES049/SA049S25	SES104	-2.12875	-8.91743	-6.78868
BLOCK04/SES049/SA049S25	SES125	-3.70107	-10.4898	-6.78868
BLOCK04/SES049/SA049S25	SES206	-2.79161	-9.58029	-6.78868
BLOCK04/SES049/SA049S27	SES099	-1.45335	-5.24522	-3.79186
BLOCK04/SES049/SA049S27	SES104	-0.725139	-4.517	-3.79186
BLOCK04/SES049/SA049S27	SES125	-2.57833	-6.37019	-3.79186
BLOCK04/SES049/SA049S27	SES206	-2.70533	-6.4972	-3.79186
BLOCK04/SES049/SA049S29	SES099	-0.948287	-5.55641	-4.60812
BLOCK04/SES049/SA049S29	SES104	-0.913465	-5.52159	-4.60812
BLOCK04/SES049/SA049S29	SES125	-1.462	-6.07012	-4.60812
BLOCK04/SES049/SA049S29	SES206	-2.24165	-6.84977	-4.60812
BLOCK06/SES063/SA063S09	SES068	-2.97017	-10.9388	-7.96865
BLOCK06/SES063/SA063S09	SES083	-1.45522	-9.42387	-7.96865
BLOCK06/SES063/SA063S09	SES177	-1.97794	-9.9466	-7.96865
BLOCK06/SES063/SA063S09	SES187	-1.98085	-9.9495	-7.96865
BLOCK06/SES063/SA063S10	SES068	-3.16837	-10.4115	-7.2431
BLOCK06/SES063/SA063S10	SES083	-2.22905	-9.47215	-7.2431
BLOCK06/SES063/SA063S10	SES172	-2.46109	-9.7042	-7.2431
BLOCK06/SES063/SA063S10	SES187	-1.74441	-8.98751	-7.2431
BLOCK06/SES063/SA063S20	SES068	-3.70089	-11.2134	-7.51253
BLOCK06/SES063/SA063S20	SES083	-2.03949	-9.55202	-7.51253
BLOCK06/SES063/SA063S20	SES172	-2.46271	-9.97523	-7.51253
BLOCK06/SES063/SA063S20	SES187	-2.13362	-9.64615	-7.51253
BLOCK06/SES063/SA063S24	SES029	-3.52649	-11.1327	-7.60623
BLOCK06/SES063/SA063S24	SES083	-1.54033	-9.14656	-7.60623
BLOCK06/SES063/SA063S24	SES177	-2.35501	-9.96124	-7.60623
BLOCK06/SES063/SA063S24	SES189	-1.48709	-9.09332	-7.60623
BLOCK06/SES063/SA063S27	SES083	-1.87121	-9.03534	-7.16413
BLOCK06/SES063/SA063S27	SES172	-2.55783	-9.72196	-7.16413
BLOCK06/SES063/SA063S27	SES187	-2.41803	-9.58216	-7.16413
BLOCK06/SES063/SA063S27	SES292	-2.53293	-9.69706	-7.16413
BLOCK06/SES067/SA067S12	SES083	-2.85312	-8.22426	-5.37114
BLOCK06/SES067/SA067S12	SES172	-2.651	-8.02213	-5.37114
BLOCK06/SES067/SA067S12	SES202	-2.39284	-7.76398	-5.37114
BLOCK06/SES067/SA067S12	SES292	-2.49713	-7.86826	-5.37114
BLOCK06/SES067/SA067S14	SES085	-1.56791	-4.86886	-3.30095
BLOCK06/SES067/SA067S14	SES177	-2.46059	-5.76154	-3.30095
BLOCK06/SES067/SA067S14	SES183	-0.514022	-3.81498	-3.30095
BLOCK06/SES067/SA067S14	SES202	-2.16499	-5.46594	-3.30095
BLOCK06/SES067/SA067S21	SES144	-2.62664	-8.89445	-6.2678
BLOCK06/SES067/SA067S21	SES177	-2.11545	-8.38325	-6.2678
BLOCK06/SES067/SA067S21	SES183	-1.3419	-7.60971	-6.2678
BLOCK06/SES067/SA067S21	SES189	-1.83613	-8.10393	-6.2678
BLOCK06/SES067/SA067S25	SES085	-3.21855	-9.03645	-5.8179
BLOCK06/SES067/SA067S25	SES177	-1.78197	-7.59987	-5.8179
BLOCK06/SES067/SA067S25	SES183	-1.9478	-7.7657	-5.8179
BLOCK06/SES067/SA067S25	SES202	-2.1704	-7.9883	-5.8179
BLOCK06/SES067/SA067S29	SES085	-4.87742	-11.7575	-6.88007
BLOCK06/SES067/SA067S29	SES177	-4.29375	-11.1738	-6.88007
BLOCK06/SES067/SA067S29	SES183	-1.44894	-8.32901	-6.88007
BLOCK06/SES067/SA067S29	SES202	-3.14816	-10.0282	-6.88007
BLOCK06/SES069/SA069S12	SES029	-2.62905	-7.45251	-4.82346
BLOCK06/SES069/SA069S12	SES082	-1.55737	-6.38084	-4.82346
BLOCK06/SES069/SA069S12	SES087	-1.39886	-6.22232	-4.82346
BLOCK06/SES069/SA069S12	SES206	-1.51541	-6.33888	-4.82346
BLOCK06/SES069/SA069S13	SES029	-2.35156	-6.58366	-4.2321
BLOCK06/SES069/SA069S13	SES087	-1.44072	-5.67282	-4.2321
BLOCK06/SES069/SA069S13	SES206	-2.63418	-6.86628	-4.2321
BLOCK06/SES069/SA069S13	SES226	-1.2718	-5.50389	-4.2321
BLOCK06/SES069/SA069S23	SES029	-0.802204	-4.0998	-3.29759
BLOCK06/SES069/SA069S23	SES087	-0.0274413	-3.32504	-3.29759
BLOCK06/SES069/SA069S23	SES206	-1.27763	-4.57522	-3.29759
BLOCK06/SES069/SA069S23	SES226	-0.647963	-3.94556	-3.29759
BLOCK06/SES069/SA069S25	SES087	-1.65265	-6.37193	-4.71929
BLOCK06/SES069/SA069S25	SES206	-3.20908	-7.92837	-4.71929
BLOCK06/SES069/SA069S25	SES226	-1.78452	-6.50381	-4.71929
BLOCK06/SES069/SA069S25	SES270	-2.07491	-6.7942	-4.71929
BLOCK06/SES069/SA069S27	SES087	-1.57555	-7.01938	-5.44383
BLOCK06/SES069/SA069S27	SES206	-2.18726	-7.63109	-5.44383
BLOCK06/SES069/SA069S27	SES226	-1.23247	-6.67631	-5.44383
BLOCK06/SES069/SA069S27	SES270	-2.03205	-7.47588	-5.44383
BLOCK08/SES081/SA081S11	SES060	-2.42852	-9.09147	-6.66295
BLOCK08/SES081/SA081S11	SES062	-1.71948	-8.38242	-6.66295
BLOCK08/SES081/SA081S11	SES117	-3.03299	-9.69593	-6.66295
BLOCK08/SES081/SA081S11	SES162	-3.65584	-10.3188	-6.66295
BLOCK08/SES081/SA081S13	SES016	-3.12772	-8.23833	-5.11062
BLOCK08/SES081/SA081S13	SES060	-1.79919	-6.90981	-5.11062
BLOCK08/SES081/SA081S13	SES068	-2.24762	-7.35824	-5.11062
BLOCK08/SES081/SA081S13	SES129	-3.13867	-8.24929	-5.11062
BLOCK08/SES081/SA081S24	SES060	-1.51548	-7.12036	-5.60488
BLOCK08/SES081/SA081S24	SES068	-2.02551	-7.63039	-5.60488
BLOCK08/SES081/SA081S24	SES117	-1.95487	-7.55975	-5.60488
BLOCK08/SES081/SA081S24	SES275	-2.05562	-7.6605	-5.60488
BLOCK08/SES081/SA081S27	SES007	-1.92021	-10.1869	-8.26673
BLOCK08/SES081/SA081S27	SES060	-2.26889	-10.5356	-8.26673
BLOCK08/SES081/SA081S27	SES117	-2.18047	-10.4472	-8.26673
BLOCK08/SES081/SA081S27	SES275	-3.20022	-11.4669	-8.26673
BLOCK08/SES081/SA081S29	SES007	-1.40943	-9.53365	-8.12422
BLOCK08/SES081/SA081S29	SES060	-1.59892	-9.72313	-8.12422
BLOCK08/SES081/SA081S29	SES117	-2.07065	-10.1949	-8.12422
BLOCK08/SES081/SA081S29	SES275	-3.74853	-11.8727	-8.12422
BLOCK08/SES086/SA086S11	SES029	-4.99876	-12.9944	-7.9956
BLOCK08/SES086/SA086S11	SES082	-2.57904	-10.5746	-7.9956
BLOCK08/SES086/SA086S11	SES087	-1.76418	-9.75978	-7.9956
BLOCK08/SES086/SA086S11	SES206	-3.18374	-11.1793	-7.9956
BLOCK08/SES086/SA086S12	SES029	-3.89672	-10.8774	-6.98069
BLOCK08/SES086/SA086S12	SES082	-2.64136	-9.62205	-6.98069
BLOCK08/SES086/SA086S12	SES087	-0.784719	-7.76541	-6.98069
BLOCK08/SES086/SA086S12	SES206	-1.98334	-8.96403	-6.98069
BLOCK08/SES086/SA086S20	SES029	-3.22206	-9.78277	-6.56072
BLOCK08/SES086/SA086S20	SES082	-1.99265	-8.55337	-6.56072
BLOCK08/SES086/SA086S20	SES087	-0.802173	-7.36289	-6.56072
BLOCK08/SES086/SA086S20	SES206	-1.19275	-7.75347	-6.56072
BLOCK08/SES086/SA086S24	SES087	-1.12661	-8.7514	-7.62479
BLOCK08/SES086/SA086S24	SES104	-1.81141	-9.43621	-7.62479
BLOCK08/SES086/SA086S24	SES120	-1.14079	-8.76558	-7.62479
BLOCK08/SES086/SA086S24	SES206	-0.64414	-8.26894	-7.62479
BLOCK08/SES086/SA086S28	SES029	-3.50838	-8.79493	-5.28655
BLOCK08/SES086/SA086S28	SES082	-2.20469	-7.49124	-5.28655
BLOCK08/SES086/SA086S28	SES087	-1.4358	-6.72235	-5.28655
BLOCK08/SES086/SA086S28	SES206	-1.83666	-7.12321	-5.28655
BLOCK08/SES089/SA089S13	SES087	-1.58737	-9.25762	-7.67025
BLOCK08/SES089/SA089S13	SES206	-2.99782	-10.6681	-7.67025
BLOCK08/SES089/SA089S13	SES226	-1.91553	-9.58577	-7.67025
BLOCK08/SES089/SA089S13	SES270	-1.66004	-9.33029	-7.67025
BLOCK08/SES089/SA089S14	SES062	-2.76735	-9.26598	-6.49864
BLOCK08/SES089/SA089S14	SES087	-1.31558	-7.81421	-6.49864
BLOCK08/SES089/SA089S14	SES206	-2.05125	-8.54989	-6.49864
BLOCK08/SES089/SA089S14	SES226	-2.21115	-8.70978	-6.49864
BLOCK08/SES089/SA089S23	SES087	-1.59556	-10.8018	-9.20622
BLOCK08/SES089/SA089S23	SES206	-2.35391	-11.5601	-9.20622
BLOCK08/SES089/SA089S23	SES226	-3.21136	-12.4176	-9.20622
BLOCK08/SES089/SA089S23	SES270	-3.39025	-12.5965	-9.20622
BLOCK08/SES089/SA089S25	SES062	-1.12424	-8.24272	-7.11848
BLOCK08/SES089/SA089S25	SES087	-0.361084	-7.47956	-7.11848
BLOCK08/SES089/SA089S25	SES206	-1.70474	-8.82321	-7.11848
BLOCK08/SES089/SA089S25	SES226	-0.98795	-8.10643	-7.11848
BLOCK08/SES089/SA089S28	SES062	-1.93977	-8.47419	-6.53442
BLOCK08/SES089/SA089S28	SES087	-0.825722	-7.36014	-6.53442
BLOCK08/SES089/SA089S28	SES206	-2.03375	-8.56817	-6.53442
BLOCK08/SES089/SA089S28	SES226	-1.37811	-7.91253	-6.53442
BLOCK09/SES097/SA097S11	SES099	-1.12059	-7.12554	-6.00495
BLOCK09/SES097/SA097S11	SES125	-2.71793	-8.72288	-6.00495
BLOCK09/SES097/SA097S11	SES206	-2.57675	-8.58169	-6.00495
BLOCK09/SES097/SA097S11	SES226	-1.01198	-7.01692	-6.00495
BLOCK09/SES097/SA097S14	SES062	-3.42101	-8.3212	-4.90018
BLOCK09/SES097/SA097S14	SES099	-2.7455	-7.64568	-4.90018
BLOCK09/SES097/SA097S14	SES104	-3.03065	-7.93083	-4.90018
BLOCK09/SES097/SA097S14	SES206	-3.70004	-8.60022	-4.90018
BLOCK09/SES097/SA097S22	SES099	-1.30382	-7.13373	-5.82991
BLOCK09/SES097/SA097S22	SES206	-3.22981	-9.05972	-5.82991
BLOCK09/SES097/SA097S22	SES226	-3.08455	-8.91446	-5.82991
BLOCK09/SES097/SA097S22	SES270	-2.05054	-7.88046	-5.82991
BLOCK09/SES097/SA097S26	SES099	-1.33837	-7.66745	-6.32908
BLOCK09/SES097/SA097S26	SES120	-2.10135	-8.43043	-6.32908
BLOCK09/SES097/SA097S26	SES206	-3.59759	-9.92667	-6.32908
BLOCK09/SES097/SA097S26	SES226	-1.9161	-8.24518	-6.32908
BLOCK09/SES097/SA097S28	SES099	-0.631225	-6.1671	-5.53588
BLOCK09/SES097/SA097S28	SES120	-2.01686	-7.55273	-5.53588
BLOCK09/SES097/SA097S28	SES206	-2.36402	-7.8999	-5.53588
BLOCK09/SES097/SA097S28	SES226	-2.29284	-7.82871	-5.53588
BLOCK09/SES098/SA098S11	SES127	-2.55118	-8.42538	-5.8742
BLOCK09/SES098/SA098S11	SES144	-2.04177	-7.91598	-5.8742
BLOCK09/SES098/SA098S11	SES147	-1.9052	-7.77941	-5.8742
BLOCK09/SES098/SA098S11	SES148	-3.21509	-9.08929	-5.8742
BLOCK09/SES098/SA098S12	SES127	-4.17956	-11.4733	-7.29371
BLOCK09/SES098/SA098S12	SES144	-3.59885	-10.8926	-7.29371
BLOCK09/SES098/SA098S12	SES147	-2.31739	-9.6111	-7.29371
BLOCK09/SES098/SA098S12	SES189	-3.05004	-10.3437	-7.29371
BLOCK09/SES098/SA098S20	SES127	-5.55839	-13.6095	-8.05114
BLOCK09/SES098/SA098S20	SES147	-3.75971	-11.8108	-8.05114
BLOCK09/SES098/SA098S20	SES148	-4.44633	-12.4975	-8.05114
BLOCK09/SES098/SA098S20	SES292	-1.45903	-9.51017	-8.05114
BLOCK09/SES098/SA098S23	SES127	-2.73103	-9.24235	-6.51131
BLOCK09/SES098/SA098S23	SES147	-2.73268	-9.24399	-6.51131
BLOCK09/SES098/SA098S23	SES187	-1.65019	-8.1615	-6.51131
BLOCK09/SES098/SA098S23	SES292	-1.77329	-8.2846	-6.51131
BLOCK09/SES098/SA098S27	SES127	-4.51311	-11.7324	-7.2193
BLOCK09/SES098/SA098S27	SES147	-3.17901	-10.3983	-7.2193
BLOCK09/SES098/SA098S27	SES148	-3.79814	-11.0174	-7.2193
BLOCK09/SES098/SA098S27	SES292	-1.58032	-8.79962	-7.2193
BLOCK10/SES102/SA102S13	SES101	-1.87164	-9.72756	-7.85592
BLOCK10/SES102/SA102S13	SES105	-3.38658	-11.2425	-7.85592
BLOCK10/SES102/SA102S13	SES120	-3.44624	-11.3022	-7.85592
BLOCK10/SES102/SA102S13	SES158	-1.88281	-9.73872	-7.85592
BLOCK10/SES102/SA102S14	SES007	-0.214871	-4.60312	-4.38825
BLOCK10/SES102/SA102S14	SES101	-1.51586	-5.90411	-4.38825
BLOCK10/SES102/SA102S14	SES105	-1.93001	-6.31826	-4.38825
BLOCK10/SES102/SA102S14	SES147	-2.92554	-7.31379	-4.38825
BLOCK10/SES102/SA102S22	SES007	-2.47609	-7.58256	-5.10647
BLOCK10/SES102/SA102S22	SES101	-1.9003	-7.00676	-5.10647
BLOCK10/SES102/SA102S22	SES105	-2.16393	-7.2704	-5.10647
BLOCK10/SES102/SA102S22	SES158	-2.5687	-7.67517	-5.10647
BLOCK10/SES102/SA102S25	SES007	-1.74831	-6.8051	-5.05679
BLOCK10/SES102/SA102S25	SES101	-1.92586	-6.98266	-5.05679
BLOCK10/SES102/SA102S25	SES105	-2.62985	-7.68664	-5.05679
BLOCK10/SES102/SA102S25	SES147	-3.46081	-8.5176	-5.05679
BLOCK10/SES102/SA102S27	SES007	-1.06224	-5.8983	-4.83606
BLOCK10/SES102/SA102S27	SES101	-1.18829	-6.02435	-4.83606
BLOCK10/SES102/SA102S27	SES105	-2.16192	-6.99798	-4.83606
BLOCK10/SES102/SA102S27	SES147	-2.90421	-7.74027	-4.83606
BLOCK10/SES103/SA103S14	SES105	-3.04322	-11.2801	-8.23692
BLOCK10/SES103/SA103S14	SES106	-2.98362	-11.2205	-8.23692
BLOCK10/SES103/SA103S14	SES120	-3.52402	-11.7609	-8.23692
BLOCK10/SES103/SA103S14	SES206	-2.71519	-10.9521	-8.23692
BLOCK10/SES103/SA103S15	SES099	-5.09852	-14.716	-9.61743
BLOCK10/SES103/SA103S15	SES101	-5.55793	-15.1754	-9.61743
BLOCK10/SES103/SA103S15	SES104	-2.19596	-11.8134	-9.61743
BLOCK10/SES103/SA103S15	SES125	-5.12495	-14.7424	-9.61743
BLOCK10/SES103/SA103S24	SES104	-2.31757	-8.28657	-5.96899
BLOCK10/SES103/SA103S24	SES125	-5.31885	-11.2878	-5.96899
BLOCK10/SES103/SA103S24	SES148	-4.50687	-10.4759	-5.96899
BLOCK10/SES103/SA103S24	SES158	-3.38846	-9.35746	-5.96899
BLOCK10/SES103/SA103S26	SES104	-2.75072	-10.5231	-7.77238
BLOCK10/SES103/SA103S26	SES106	-2.8297	-10.6021	-7.77238
BLOCK10/SES103/SA103S26	SES125	-4.04253	-11.8149	-7.77238
BLOCK10/SES103/SA103S26	SES148	-5.24931	-13.0217	-7.77238
BLOCK10/SES103/SA103S28	SES104	-3.0533	-11.4933	-8.44004
BLOCK10/SES103/SA103S28	SES106	-4.30712	-12.7472	-8.44004
BLOCK10/SES103/SA103S28	SES125	-5.90827	-14.3483	-8.44004
BLOCK10/SES103/SA103S28	SES206	-4.19908	-12.6391	-8.44004
BLOCK12/SES121/SA121S12	SES042	-3.51856	-10.6056	-7.08709
BLOCK12/SES121/SA121S12	SES087	-1.94497	-9.03205	-7.08709
BLOCK12/SES121/SA121S12	SES105	-2.04273	-9.12981	-7.08709
BLOCK12/SES121/SA121S12	SES206	-0.851059	-7.93815	-7.08709
BLOCK12/SES121/SA121S14	SES007	-2.44543	-12.4217	-9.97624
BLOCK12/SES121/SA121S14	SES105	-2.88869	-12.8649	-9.97624
BLOCK12/SES121/SA121S14	SES106	-3.10048	-13.0767	-9.97624
BLOCK12/SES121/SA121S14	SES206	-1.61238	-11.5886	-9.97624
BLOCK12/SES121/SA121S23	SES105	-3.33919	-11.9857	-8.64647
BLOCK12/SES121/SA121S23	SES106	-2.51828	-11.1648	-8.64647
BLOCK12/SES121/SA121S23	SES120	-2.41588	-11.0624	-8.64647
BLOCK12/SES121/SA121S23	SES206	-0.697682	-9.34416	-8.64647
BLOCK12/SES121/SA121S25	SES007	-1.64138	-11.4254	-9.78407
BLOCK12/SES121/SA121S25	SES105	-3.10286	-12.8869	-9.78407
BLOCK12/SES121/SA121S25	SES106	-1.50045	-11.2845	-9.78407
BLOCK12/SES121/SA121S25	SES206	-1.15078	-10.9348	-9.78407
BLOCK12/SES121/SA121S27	SES087	-1.86381	-11.5559	-9.69205
BLOCK12/SES121/SA121S27	SES105	-3.89711	-13.5892	-9.69205
BLOCK12/SES121/SA121S27	SES120	-1.49654	-11.1886	-9.69205
BLOCK12/SES121/SA121S27	SES206	-1.50704	-11.1991	-9.69205
BLOCK12/SES124/SA124S16	SES042	-1.2423	-6.58895	-5.34665
BLOCK12/SES124/SA124S16	SES082	-1.57764	-6.92429	-5.34665
BLOCK12/SES124/SA124S16	SES183	-1.76321	-7.10986	-5.34665
BLOCK12/SES124/SA124S16	SES206	-2.26625	-7.6129	-5.34665
BLOCK12/SES124/SA124S17	SES105	-2.62967	-10.1778	-7.54816
BLOCK12/SES124/SA124S17	SES149	-2.37704	-9.92519	-7.54816
BLOCK12/SES124/SA124S17	SES158	-2.75403	-10.3022	-7.54816
BLOCK12/SES124/SA124S17	SES275	-2.3225	-9.87065	-7.54816
BLOCK12/SES124/SA124S23	SES105	-3.33916	-8.21896	-4.87979
BLOCK12/SES124/SA124S23	SES125	0.090857	-4.78894	-4.87979
BLOCK12/SES124/SA124S23	SES129	-2.77703	-7.65682	-4.87979
BLOCK12/SES124/SA124S23	SES158	-2.09208	-6.97187	-4.87979
BLOCK12/SES124/SA124S26	SES105	-3.30295	-9.72092	-6.41797
BLOCK12/SES124/SA124S26	SES125	-1.89512	-8.31309	-6.41797
BLOCK12/SES124/SA124S26	SES129	-2.38461	-8.80258	-6.41797
BLOCK12/SES124/SA124S26	SES158	-1.67323	-8.0912	-6.41797
BLOCK12/SES124/SA124S28	SES104	-0.539373	-6.16876	-5.62938
BLOCK12/SES124/SA124S28	SES106	-0.88224	-6.51163	-5.62938
BLOCK12/SES124/SA124S28	SES125	0.301516	-5.32787	-5.62938
BLOCK12/SES124/SA124S28	SES275	-2.36632	-7.99571	-5.62938
BLOCK12/SES126/SA126S13	SES007	-1.85249	-8.97636	-7.12387
BLOCK12/SES126/SA126S13	SES162	-3.12893	-10.2528	-7.12387
BLOCK12/SES126/SA126S13	SES177	-2.61916	-9.74303	-7.12387
BLOCK12/SES126/SA126S13	SES180	-2.93471	-10.0586	-7.12387
BLOCK12/SES126/SA126S14	SES144	-2.31261	-8.32556	-6.01294
BLOCK12/SES126/SA126S14	SES148	-3.01706	-9.03	-6.01294
BLOCK12/SES126/SA126S14	SES177	-1.92062	-7.93356	-6.01294
BLOCK12/SES126/SA126S14	SES180	-1.90067	-7.91362	-6.01294
BLOCK12/SES126/SA126S20	SES007	-1.92693	-6.05186	-4.12493
BLOCK12/SES126/SA126S20	SES162	-2.2934	-6.41833	-4.12493
BLOCK12/SES126/SA126S20	SES172	-1.9734	-6.09833	-4.12493
BLOCK12/SES126/SA126S20	SES180	-1.8886	-6.01353	-4.12493
BLOCK12/SES126/SA126S24	SES120	-1.22044	-6.49825	-5.27781
BLOCK12/SES126/SA126S24	SES162	-2.20315	-7.48096	-5.27781
BLOCK12/SES126/SA126S24	SES177	-1.4003	-6.67811	-5.27781
BLOCK12/SES126/SA126S24	SES180	-1.9517	-7.22951	-5.27781
BLOCK12/SES126/SA126S26	SES120	-0.461544	-5.86494	-5.4034
BLOCK12/SES126/SA126S26	SES177	-1.9451	-7.3485	-5.4034
BLOCK12/SES126/SA126S26	SES180	-0.963496	-6.3669	-5.4034
BLOCK12/SES126/SA126S26	SES202	-1.70057	-7.10397	-5.4034
BLOCK12/SES128/SA128S10	SES087	-2.58902	-7.98518	-5.39616
BLOCK12/SES128/SA128S10	SES206	-2.09259	-7.48875	-5.39616
BLOCK12/SES128/SA128S10	SES226	-2.27864	-7.6748	-5.39616
BLOCK12/SES128/SA128S10	SES270	-2.49389	-7.89005	-5.39616
BLOCK12/SES128/SA128S12	SES120	-1.47843	-8.11731	-6.63888
BLOCK12/SES128/SA128S12	SES158	-2.5985	-9.23738	-6.63888
BLOCK12/SES128/SA128S12	SES206	-1.68629	-8.32517	-6.63888
BLOCK12/SES128/SA128S12	SES226	-2.82604	-9.46492	-6.63888
BLOCK12/SES128/SA128S21	SES106	-4.98477	-10.5032	-5.51848
BLOCK12/SES128/SA128S21	SES120	-2.32856	-7.84704	-5.51848
BLOCK12/SES128/SA128S21	SES206	-2.23846	-7.75693	-5.51848
BLOCK12/SES128/SA128S21	SES226	-2.1765	-7.69498	-5.51848
BLOCK12/SES128/SA128S24	SES087	-2.20545	-8.7995	-6.59405
BLOCK12/SES128/SA128S24	SES120	-1.85298	-8.44704	-6.59405
BLOCK12/SES128/SA128S24	SES206	-2.05299	-8.64704	-6.59405
BLOCK12/SES128/SA128S24	SES226	-2.76531	-9.35936	-6.59405
BLOCK12/SES128/SA128S27	SES099	-2.08418	-7.35062	-5.26644
BLOCK12/SES128/SA128S27	SES120	-1.96167	-7.22811	-5.26644
BLOCK12/SES128/SA128S27	SES206	-2.41732	-7.68376	-5.26644
BLOCK12/SES128/SA128S27	SES226	-3.2342	-8.50064	-5.26644
BLOCK13/SES130/SA130S13	SES143	-1.03979	-8.02332	-6.98353
BLOCK13/SES130/SA130S13	SES144	-0.188517	-7.17205	-6.98353
BLOCK13/SES130/SA130S13	SES146	-2.47409	-9.45762	-6.98353
BLOCK13/SES130/SA130S13	SES275	-2.25899	-9.24252	-6.98353
BLOCK13/SES130/SA130S15	SES143	-1.03675	-6.0987	-5.06195
BLOCK13/SES130/SA130S15	SES144	-0.500831	-5.56278	-5.06195
BLOCK13/SES130/SA130S15	SES146	-1.1822	-6.24415	-5.06195
BLOCK13/SES130/SA130S15	SES275	-1.49285	-6.5548	-5.06195
BLOCK13/SES130/SA130S23	SES127	-1.78282	-7.06724	-5.28443
BLOCK13/SES130/SA130S23	SES144	-0.786844	-6.07127	-5.28443
BLOCK13/SES130/SA130S23	SES146	-1.39967	-6.6841	-5.28443
BLOCK13/SES130/SA130S23	SES162	-1.32691	-6.61133	-5.28443
BLOCK13/SES130/SA130S25	SES127	-1.84419	-5.15642	-3.31222
BLOCK13/SES130/SA130S25	SES144	-0.856871	-4.1691	-3.31222
BLOCK13/SES130/SA130S25	SES146	-0.973315	-4.28554	-3.31222
BLOCK13/SES130/SA130S25	SES275	-2.12992	-5.44214	-3.31222
BLOCK13/SES130/SA130S28	SES127	-1.11375	-7.2401	-6.12635
BLOCK13/SES130/SA130S28	SES144	-1.62386	-7.75021	-6.12635
BLOCK13/SES130/SA130S28	SES146	-1.21257	-7.33892	-6.12635
BLOCK13/SES130/SA130S28	SES275	-1.70218	-7.82853	-6.12635
BLOCK13/SES131/SA131S13	SES002	-2.83237	-9.81971	-6.98734
BLOCK13/SES131/SA131S13	SES007	-3.07671	-10.0641	-6.98734
BLOCK13/SES131/SA131S13	SES099	-2.15627	-9.14361	-6.98734
BLOCK13/SES131/SA131S13	SES105	-2.2184	-9.20574	-6.98734
BLOCK13/SES131/SA131S14	SES104	-1.36004	-4.69969	-3.33965
BLOCK13/SES131/SA131S14	SES106	-3.11936	-6.45901	-3.33965
BLOCK13/SES131/SA131S14	SES125	-2.28193	-5.62158	-3.33965
BLOCK13/SES131/SA131S14	SES148	-0.570463	-3.91011	-3.33965
BLOCK13/SES131/SA131S20	SES104	-2.88396	-10.1123	-7.22829
BLOCK13/SES131/SA131S20	SES106	-3.00134	-10.2296	-7.22829
BLOCK13/SES131/SA131S20	SES125	-3.23168	-10.46	-7.22829
BLOCK13/SES131/SA131S20	SES148	-3.388	-10.6163	-7.22829
BLOCK13/SES131/SA131S22	SES099	-2.81223	-8.18232	-5.37009
BLOCK13/SES131/SA131S22	SES104	-1.91631	-7.28639	-5.37009
BLOCK13/SES131/SA131S22	SES125	-1.51849	-6.88858	-5.37009
BLOCK13/SES131/SA131S22	SES206	-2.54183	-7.91192	-5.37009
BLOCK13/SES131/SA131S29	SES087	-2.49284	-9.28986	-6.79702
BLOCK13/SES131/SA131S29	SES104	-3.87609	-10.6731	-6.79702
BLOCK13/SES131/SA131S29	SES125	-4.82603	-11.6231	-6.79702
BLOCK13/SES131/SA131S29	SES206	-3.79735	-10.5944	-6.79702
BLOCK13/SES132/SA132S11	SES083	-3.18404	-10.1281	-6.94407
BLOCK13/SES132/SA132S11	SES120	-0.984571	-7.92865	-6.94407
BLOCK13/SES132/SA132S11	SES127	-3.89797	-10.842	-6.94407
BLOCK13/SES132/SA132S11	SES275	-3.04623	-9.9903	-6.94407
BLOCK13/SES132/SA132S12	SES083	-2.99808	-8.58485	-5.58677
BLOCK13/SES132/SA132S12	SES143	-2.86355	-8.45032	-5.58677
BLOCK13/SES132/SA132S12	SES144	-2.02184	-7.60861	-5.58677
BLOCK13/SES132/SA132S12	SES148	-2.26821	-7.85498	-5.58677
BLOCK13/SES132/SA132S22	SES062	-2.19065	-8.25288	-6.06224
BLOCK13/SES132/SA132S22	SES083	-2.87583	-8.93807	-6.06224
BLOCK13/SES132/SA132S22	SES127	-2.9357	-8.99793	-6.06224
BLOCK13/SES132/SA132S22	SES275	-2.43413	-8.49637	-6.06224
BLOCK13/SES132/SA132S24	SES007	-1.27374	-6.47475	-5.20101
BLOCK13/SES132/SA132S24	SES083	-3.17671	-8.37772	-5.20101
BLOCK13/SES132/SA132S24	SES127	-4.06119	-9.2622	-5.20101
BLOCK13/SES132/SA132S24	SES275	-2.35474	-7.55574	-5.20101
BLOCK13/SES132/SA132S27	SES083	-4.5041	-11.8983	-7.39418
BLOCK13/SES132/SA132S27	SES120	-0.352947	-7.74713	-7.39418
BLOCK13/SES132/SA132S27	SES127	-6.19426	-13.5884	-7.39418
BLOCK13/SES132/SA132S27	SES275	-3.60023	-10.9944	-7.39418
BLOCK14/SES141/SA141S09	SES143	-2.02238	-6.74319	-4.7208
BLOCK14/SES141/SA141S09	SES144	-1.13796	-5.85876	-4.7208
BLOCK14/SES141/SA141S09	SES162	-1.71225	-6.43305	-4.7208
BLOCK14/SES141/SA141S09	SES180	-1.68613	-6.40693	-4.7208
BLOCK14/SES141/SA141S15	SES127	-1.9059	-7.79055	-5.88465
BLOCK14/SES141/SA141S15	SES144	-1.95103	-7.83569	-5.88465
BLOCK14/SES141/SA141S15	SES162	-2.42476	-8.30941	-5.88465
BLOCK14/SES141/SA141S15	SES180	-1.72116	-7.60582	-5.88465
BLOCK14/SES141/SA141S24	SES127	-2.26181	-8.57958	-6.31777
BLOCK14/SES141/SA141S24	SES144	-2.77302	-9.09079	-6.31777
BLOCK14/SES141/SA141S24	SES162	-1.65189	-7.96966	-6.31777
BLOCK14/SES141/SA141S24	SES183	-2.613	-8.93077	-6.31777
BLOCK14/SES141/SA141S26	SES142	-0.9818	-7.93731	-6.95551
BLOCK14/SES141/SA141S26	SES144	-2.5164	-9.47191	-6.95551
BLOCK14/SES141/SA141S26	SES172	-1.53691	-8.49243	-6.95551
BLOCK14/SES141/SA141S26	SES180	-2.00605	-8.96156	-6.95551
BLOCK14/SES141/SA141S29	SES127	-1.22152	-6.50844	-5.28692
BLOCK14/SES141/SA141S29	SES142	-1.17294	-6.45986	-5.28692
BLOCK14/SES141/SA141S29	SES144	-1.6563	-6.94322	-5.28692
BLOCK14/SES141/SA141S29	SES180	-0.786269	-6.07319	-5.28692
BLOCK15/SES157/SA157S08	SES083	-1.95844	-7.17947	-5.22103
BLOCK15/SES157/SA157S08	SES127	-1.32625	-6.54728	-5.22103
BLOCK15/SES157/SA157S08	SES148	-1.60038	-6.82141	-5.22103
BLOCK15/SES157/SA157S08	SES292	-2.03588	-7.25691	-5.22103
BLOCK15/SES157/SA157S11	SES083	-2.21354	-7.94108	-5.72754
BLOCK15/SES157/SA157S11	SES127	-1.86105	-7.58859	-5.72754
BLOCK15/SES157/SA157S11	SES148	-2.24326	-7.9708	-5.72754
BLOCK15/SES157/SA157S11	SES292	-1.65884	-7.38638	-5.72754
BLOCK15/SES157/SA157S21	SES127	-1.03083	-5.2521	-4.22127
BLOCK15/SES157/SA157S21	SES148	-0.458779	-4.68005	-4.22127
BLOCK15/SES157/SA157S21	SES158	-5.1734	-9.39467	-4.22127
BLOCK15/SES157/SA157S21	SES292	-1.82773	-6.049	-4.22127
BLOCK15/SES157/SA157S24	SES127	-1.40686	-8.18438	-6.77752
BLOCK15/SES157/SA157S24	SES148	-1.67143	-8.44895	-6.77752
BLOCK15/SES157/SA157S24	SES183	-1.96773	-8.74525	-6.77752
BLOCK15/SES157/SA157S24	SES292	-1.88675	-8.66427	-6.77752
BLOCK15/SES157/SA157S26	SES007	-1.22108	-6.76259	-5.54151
BLOCK15/SES157/SA157S26	SES127	-0.502404	-6.04391	-5.54151
BLOCK15/SES157/SA157S26	SES147	-1.42434	-6.96585	-5.54151
BLOCK15/SES157/SA157S26	SES148	-1.52134	-7.06285	-5.54151
BLOCK16/SES161/SA161S10	SES007	-1.9257	-8.13725	-6.21155
BLOCK16/SES161/SA161S10	SES105	-1.53964	-7.75119	-6.21155
BLOCK16/SES161/SA161S10	SES158	-2.28135	-8.4929	-6.21155
BLOCK16/SES161/SA161S10	SES275	-1.82934	-8.04089	-6.21155
BLOCK16/SES161/SA161S12	SES007	-3.76725	-11.9641	-8.19688
BLOCK16/SES161/SA161S12	SES105	-3.63942	-11.8363	-8.19688
BLOCK16/SES161/SA161S12	SES158	-3.32845	-11.5253	-8.19688
BLOCK16/SES161/SA161S12	SES275	-4.4038	-12.6007	-8.19688
BLOCK16/SES161/SA161S20	SES007	-2.21838	-10.8706	-8.65221
BLOCK16/SES161/SA161S20	SES105	-2.87791	-11.5301	-8.65221
BLOCK16/SES161/SA161S20	SES158	-1.23989	-9.8921	-8.65221
BLOCK16/SES161/SA161S20	SES275	-4.53242	-13.1846	-8.65221
BLOCK16/SES161/SA161S23	SES007	-5.04402	-13.0993	-8.05532
BLOCK16/SES161/SA161S23	SES105	-2.78664	-10.842	-8.05532
BLOCK16/SES161/SA161S23	SES148	-3.62592	-11.6812	-8.05532
BLOCK16/SES161/SA161S23	SES158	-4.05549	-12.1108	-8.05532
BLOCK16/SES161/SA161S28	SES007	-3.09627	-11.1958	-8.09951
BLOCK16/SES161/SA161S28	SES105	-4.03379	-12.1333	-8.09951
BLOCK16/SES161/SA161S28	SES158	-1.71501	-9.81452	-8.09951
BLOCK16/SES161/SA161S28	SES206	-2.18662	-10.2861	-8.09951
BLOCK16/SES164/SA164S11	SES104	-2.18629	-6.96544	-4.77914
BLOCK16/SES164/SA164S11	SES125	-3.3274	-8.10655	-4.77914
BLOCK16/SES164/SA164S11	SES158	-3.05537	-7.83451	-4.77914
BLOCK16/SES164/SA164S11	SES206	-3.36313	-8.14227	-4.77914
BLOCK16/SES164/SA164S13	SES099	-3.45667	-10.1563	-6.69967
BLOCK16/SES164/SA164S13	SES104	-3.24635	-9.94602	-6.69967
BLOCK16/SES164/SA164S13	SES125	-3.036	-9.73567	-6.69967
BLOCK16/SES164/SA164S13	SES206	-3.68062	-10.3803	-6.69967
BLOCK16/SES164/SA164S24	SES002	-1.71782	-7.12981	-5.41199
BLOCK16/SES164/SA164S24	SES099	-2.85935	-8.27135	-5.41199
BLOCK16/SES164/SA164S24	SES125	-3.23396	-8.64595	-5.41199
BLOCK16/SES164/SA164S24	SES226	-2.37312	-7.78511	-5.41199
BLOCK16/SES164/SA164S27	SES087	-2.74776	-9.17999	-6.43222
BLOCK16/SES164/SA164S27	SES125	-4.20978	-10.642	-6.43222
BLOCK16/SES164/SA164S27	SES206	-4.18942	-10.6216	-6.43222
BLOCK16/SES164/SA164S27	SES226	-3.49567	-9.92789	-6.43222
BLOCK16/SES164/SA164S29	SES002	-1.77735	-6.97058	-5.19323
BLOCK16/SES164/SA164S29	SES019	-4.3656	-9.55884	-5.19323
BLOCK16/SES164/SA164S29	SES125	-3.3387	-8.53194	-5.19323
BLOCK16/SES164/SA164S29	SES226	-2.59334	-7.78657	-5.19323
BLOCK16/SES169/SA169S13	SES117	-2.44537	-9.27725	-6.83189
BLOCK16/SES169/SA169S13	SES144	-2.10409	-8.93598	-6.83189
BLOCK16/SES169/SA169S13	SES146	-1.85847	-8.69035	-6.83189
BLOCK16/SES169/SA169S13	SES162	-2.10834	-8.94022	-6.83189
BLOCK16/SES169/SA169S14	SES144	-1.51746	-5.6584	-4.14094
BLOCK16/SES169/SA169S14	SES148	-0.816083	-4.95702	-4.14094
BLOCK16/SES169/SA169S14	SES177	-1.24838	-5.38932	-4.14094
BLOCK16/SES169/SA169S14	SES180	-1.21367	-5.35461	-4.14094
BLOCK16/SES169/SA169S24	SES117	-1.54705	-7.94301	-6.39597
BLOCK16/SES169/SA169S24	SES144	-1.28489	-7.68086	-6.39597
BLOCK16/SES169/SA169S24	SES146	-1.74853	-8.14449	-6.39597
BLOCK16/SES169/SA169S24	SES162	-1.15136	-7.54733	-6.39597
BLOCK16/SES169/SA169S27	SES127	-1.59589	-7.74284	-6.14694
BLOCK16/SES169/SA169S27	SES129	-0.997857	-7.1448	-6.14694
BLOCK16/SES169/SA169S27	SES144	-1.83197	-7.97892	-6.14694
BLOCK16/SES169/SA169S27	SES146	-1.58367	-7.73062	-6.14694
BLOCK16/SES169/SA169S29	SES144	-1.61427	-5.80315	-4.18888
BLOCK16/SES169/SA169S29	SES162	-1.52926	-5.71814	-4.18888
BLOCK16/SES169/SA169S29	SES177	-2.10284	-6.29171	-4.18888
BLOCK16/SES169/SA169S29	SES180	-1.65816	-5.84704	-4.18888
BLOCK17/SES171/SA171S12	SES083	-1.82802	-8.02406	-6.19604
BLOCK17/SES171/SA171S12	SES148	-2.42751	-8.62355	-6.19604
BLOCK17/SES171/SA171S12	SES172	-2.07001	-8.26605	-6.19604
BLOCK17/SES171/SA171S12	SES292	-2.67838	-8.87442	-6.19604
BLOCK17/SES171/SA171S15	SES148	-3.51842	-9.72238	-6.20395
BLOCK17/SES171/SA171S15	SES177	-2.33864	-8.54259	-6.20395
BLOCK17/SES171/SA171S15	SES180	-4.49825	-10.7022	-6.20395
BLOCK17/SES171/SA171S15	SES292	-2.96603	-9.16998	-6.20395
BLOCK17/SES171/SA171S22	SES007	-1.55281	-4.81725	-3.26444
BLOCK17/SES171/SA171S22	SES148	-0.833971	-4.09841	-3.26444
BLOCK17/SES171/SA171S22	SES177	-1.31751	-4.58194	-3.26444
BLOCK17/SES171/SA171S22	SES180	-2.64474	-5.90918	-3.26444
BLOCK17/SES171/SA171S25	SES101	-2.57513	-9.16248	-6.58736
BLOCK17/SES171/SA171S25	SES120	-3.91304	-10.5004	-6.58736
BLOCK17/SES171/SA171S25	SES177	-2.27652	-8.86387	-6.58736
BLOCK17/SES171/SA171S25	SES180	-2.74517	-9.33253	-6.58736
BLOCK17/SES171/SA171S27	SES177	-2.20409	-8.85148	-6.64739
BLOCK17/SES171/SA171S27	SES180	-3.41143	-10.0588	-6.64739
BLOCK17/SES171/SA171S27	SES189	-1.77743	-8.42482	-6.64739
BLOCK17/SES171/SA171S27	SES292	-2.60742	-9.25481	-6.64739
BLOCK17/SES173/SA173S13	SES162	-4.27178	-10.2054	-5.93366
BLOCK17/SES173/SA173S13	SES177	-2.88772	-8.82138	-5.93366
BLOCK17/SES173/SA173S13	SES180	-1.95041	-7.88407	-5.93366
BLOCK17/SES173/SA173S13	SES292	-1.15351	-7.08717	-5.93366
BLOCK17/SES173/SA173S14	SES007	-2.72239	-8.30178	-5.57939
BLOCK17/SES173/SA173S14	SES162	-3.7825	-9.36189	-5.57939
BLOCK17/SES173/SA173S14	SES177	-2.07957	-7.65896	-5.57939
BLOCK17/SES173/SA173S14	SES180	-3.24816	-8.82755	-5.57939
BLOCK17/SES173/SA173S24	SES144	-2.65543	-8.96312	-6.30769
BLOCK17/SES173/SA173S24	SES162	-2.78205	-9.08974	-6.30769
BLOCK17/SES173/SA173S24	SES177	-1.51225	-7.81993	-6.30769
BLOCK17/SES173/SA173S24	SES180	-3.08887	-9.39656	-6.30769
BLOCK17/SES173/SA173S27	SES162	-4.79421	-11.4241	-6.62985
BLOCK17/SES173/SA173S27	SES177	-2.99088	-9.62074	-6.62985
BLOCK17/SES173/SA173S27	SES180	-4.32756	-10.9574	-6.62985
BLOCK17/SES173/SA173S27	SES292	-1.77898	-8.40884	-6.62985
BLOCK17/SES173/SA173S29	SES162	-2.39226	-7.40833	-5.01607
BLOCK17/SES173/SA173S29	SES175	-1.33006	-6.34613	-5.01607
BLOCK17/SES173/SA173S29	SES177	-1.24609	-6.26216	-5.01607
BLOCK17/SES173/SA173S29	SES292	-0.903582	-5.91965	-5.01607
BLOCK18/SES182/SA182S10	SES144	-2.26905	-8.36422	-6.09517
BLOCK18/SES182/SA182S10	SES177	-1.30166	-7.39682	-6.09517
BLOCK18/SES182/SA182S10	SES180	-2.99516	-9.09033	-6.09517
BLOCK18/SES182/SA182S10	SES275	-2.60666	-8.70183	-6.09517
BLOCK18/SES182/SA182S12	SES144	-1.76177	-7.54639	-5.78462
BLOCK18/SES182/SA182S12	SES177	-2.29354	-8.07816	-5.78462
BLOCK18/SES182/SA182S12	SES180	-3.64135	-9.42597	-5.78462
BLOCK18/SES182/SA182S12	SES275	-1.58268	-7.3673	-5.78462
BLOCK18/SES182/SA182S21	SES117	-2.11171	-9.78514	-7.67342
BLOCK18/SES182/SA182S21	SES144	-2.55717	-10.2306	-7.67342
BLOCK18/SES182/SA182S21	SES162	-2.42997	-10.1034	-7.67342
BLOCK18/SES182/SA182S21	SES180	-3.25705	-10.9305	-7.67342
BLOCK18/SES182/SA182S23	SES117	-2.58897	-11.2669	-8.67792
BLOCK18/SES182/SA182S23	SES144	-5.18959	-13.8675	-8.67792
BLOCK18/SES182/SA182S23	SES180	-5.42062	-14.0985	-8.67792
BLOCK18/SES182/SA182S23	SES275	-4.71014	-13.3881	-8.67792
BLOCK18/SES182/SA182S25	SES007	-0.920038	-7.68616	-6.76612
BLOCK18/SES182/SA182S25	SES162	-2.03107	-8.7972	-6.76612
BLOCK18/SES182/SA182S25	SES177	-1.38905	-8.15517	-6.76612
BLOCK18/SES182/SA182S25	SES180	-3.75433	-10.5205	-6.76612
BLOCK18/SES184/SA184S12	SES177	-1.12039	-5.87811	-4.75773
BLOCK18/SES184/SA184S12	SES180	-1.32588	-6.08361	-4.75773
BLOCK18/SES184/SA184S12	SES189	-2.74039	-7.49812	-4.75773
BLOCK18/SES184/SA184S12	SES292	-1.17814	-5.93586	-4.75773
BLOCK18/SES184/SA184S13	SES101	-1.79201	-7.39219	-5.60019
BLOCK18/SES184/SA184S13	SES177	-1.8382	-7.43839	-5.60019
BLOCK18/SES184/SA184S13	SES180	-1.75059	-7.35078	-5.60019
BLOCK18/SES184/SA184S13	SES292	-1.9683	-7.56848	-5.60019
BLOCK18/SES184/SA184S22	SES177	-1.93469	-7.23168	-5.29699
BLOCK18/SES184/SA184S22	SES180	-1.23225	-6.52924	-5.29699
BLOCK18/SES184/SA184S22	SES189	-2.56702	-7.86401	-5.29699
BLOCK18/SES184/SA184S22	SES292	-1.96207	-7.25906	-5.29699
BLOCK18/SES184/SA184S25	SES101	-1.6659	-6.68148	-5.01559
BLOCK18/SES184/SA184S25	SES177	-2.0603	-7.07588	-5.01559
BLOCK18/SES184/SA184S25	SES180	-1.47056	-6.48615	-5.01559
BLOCK18/SES184/SA184S25	SES292	-1.29166	-6.30724	-5.01559
BLOCK18/SES184/SA184S27	SES083	-1.49446	-6.89611	-5.40165
BLOCK18/SES184/SA184S27	SES177	-1.79637	-7.19802	-5.40165
BLOCK18/SES184/SA184S27	SES202	-1.58136	-6.983	-5.40165
BLOCK18/SES184/SA184S27	SES292	-1.99808	-7.39972	-5.40165
BLOCK20/SES204/SA204S12	SES062	-1.83873	-6.71371	-4.87498
BLOCK20/SES204/SA204S12	SES083	-2.59012	-7.46509	-4.87498
BLOCK20/SES204/SA204S12	SES206	-2.34244	-7.21742	-4.87498
BLOCK20/SES204/SA204S12	SES226	-2.62475	-7.49973	-4.87498
BLOCK20/SES204/SA204S14	SES068	-1.91781	-5.1837	-3.26589
BLOCK20/SES204/SA204S14	SES087	-1.50384	-4.76973	-3.26589
BLOCK20/SES204/SA204S14	SES206	-2.20852	-5.4744	-3.26589
BLOCK20/SES204/SA204S14	SES226	-2.25495	-5.52083	-3.26589
BLOCK20/SES204/SA204S22	SES068	-2.34407	-7.16679	-4.82272
BLOCK20/SES204/SA204S22	SES082	-2.02151	-6.84423	-4.82272
BLOCK20/SES204/SA204S22	SES083	-4.0142	-8.83692	-4.82272
BLOCK20/SES204/SA204S22	SES206	-1.51091	-6.33363	-4.82272
BLOCK20/SES204/SA204S25	SES062	-1.73526	-6.5614	-4.82614
BLOCK20/SES204/SA204S25	SES083	-3.29139	-8.11753	-4.82614
BLOCK20/SES204/SA204S25	SES206	-2.05824	-6.88438	-4.82614
BLOCK20/SES204/SA204S25	SES226	-2.56905	-7.39519	-4.82614
BLOCK20/SES204/SA204S27	SES068	-2.51269	-8.61176	-6.09907
BLOCK20/SES204/SA204S27	SES082	-2.82138	-8.92045	-6.09907
BLOCK20/SES204/SA204S27	SES087	-1.19794	-7.29701	-6.09907
BLOCK20/SES204/SA204S27	SES206	-2.61756	-8.71663	-6.09907
BLOCK20/SES207/SA207S10	SES127	-2.88075	-7.53207	-4.65132
BLOCK20/SES207/SA207S10	SES183	-2.18066	-6.83198	-4.65132
BLOCK20/SES207/SA207S10	SES189	-1.57345	-6.22477	-4.65132
BLOCK20/SES207/SA207S10	SES292	-2.07491	-6.72623	-4.65132
BLOCK20/SES207/SA207S11	SES127	-1.80288	-7.3211	-5.51822
BLOCK20/SES207/SA207S11	SES183	-1.84398	-7.3622	-5.51822
BLOCK20/SES207/SA207S11	SES187	-1.43035	-6.94857	-5.51822
BLOCK20/SES207/SA207S11	SES292	-0.954968	-6.47319	-5.51822
BLOCK20/SES207/SA207S25	SES068	-2.08385	-8.45559	-6.37173
BLOCK20/SES207/SA207S25	SES083	-2.27262	-8.64435	-6.37173
BLOCK20/SES207/SA207S25	SES127	-1.05357	-7.4253	-6.37173
BLOCK20/SES207/SA207S25	SES187	-1.57475	-7.94649	-6.37173
BLOCK20/SES207/SA207S27	SES127	-2.92106	-9.75384	-6.83278
BLOCK20/SES207/SA207S27	SES183	-2.38165	-9.21443	-6.83278
BLOCK20/SES207/SA207S27	SES187	-1.88764	-8.72042	-6.83278
BLOCK20/SES207/SA207S27	SES292	-2.19633	-9.02911	-6.83278
BLOCK20/SES207/SA207S29	SES083	-2.21151	-7.28566	-5.07416
BLOCK20/SES207/SA207S29	SES085	-2.10542	-7.17957	-5.07416
BLOCK20/SES207/SA207S29	SES172	-0.868583	-5.94274	-5.07416
BLOCK20/SES207/SA207S29	SES189	-4.01457	-9.08873	-5.07416
BLOCK22/SES221/SA221S12	SES068	-0.400505	-4.42849	-4.02799
BLOCK22/SES221/SA221S12	SES143	-2.1302	-6.15819	-4.02799
BLOCK22/SES221/SA221S12	SES175	-1.67039	-5.69838	-4.02799
BLOCK22/SES221/SA221S12	SES202	-1.59043	-5.61842	-4.02799
BLOCK22/SES221/SA221S15	SES085	-1.22328	-6.62724	-5.40396
BLOCK22/SES221/SA221S15	SES143	-2.49549	-7.89945	-5.40396
BLOCK22/SES221/SA221S15	SES175	-2.21372	-7.61767	-5.40396
BLOCK22/SES221/SA221S15	SES187	-2.45422	-7.85818	-5.40396
BLOCK22/SES221/SA221S23	SES068	-1.23071	-6.34624	-5.11553
BLOCK22/SES221/SA221S23	SES143	-2.92588	-8.04142	-5.11553
BLOCK22/SES221/SA221S23	SES175	-2.42696	-7.54249	-5.11553
BLOCK22/SES221/SA221S23	SES189	-2.73859	-7.85412	-5.11553
BLOCK22/SES221/SA221S27	SES085	-0.594243	-6.20743	-5.61319
BLOCK22/SES221/SA221S27	SES143	-1.48104	-7.09423	-5.61319
BLOCK22/SES221/SA221S27	SES175	-1.46457	-7.07776	-5.61319
BLOCK22/SES221/SA221S27	SES189	-2.64185	-8.25504	-5.61319
BLOCK22/SES221/SA221S29	SES085	-1.35877	-7.77067	-6.41191
BLOCK22/SES221/SA221S29	SES143	-2.0457	-8.45761	-6.41191
BLOCK22/SES221/SA221S29	SES175	-1.35618	-7.76808	-6.41191
BLOCK22/SES221/SA221S29	SES187	-2.85006	-9.26197	-6.41191
BLOCK22/SES223/SA223S11	SES143	-1.682	-8.68619	-7.0042
BLOCK22/SES223/SA223S11	SES144	-3.59987	-10.6041	-7.0042
BLOCK22/SES223/SA223S11	SES175	-1.55261	-8.55681	-7.0042
BLOCK22/SES223/SA223S11	SES187	-2.22002	-9.22422	-7.0042
BLOCK22/SES223/SA223S13	SES068	-1.34973	-9.23729	-7.88756
BLOCK22/SES223/SA223S13	SES143	-2.7483	-10.6359	-7.88756
BLOCK22/SES223/SA223S13	SES146	-2.13237	-10.0199	-7.88756
BLOCK22/SES223/SA223S13	SES202	-2.16154	-10.0491	-7.88756
BLOCK22/SES223/SA223S22	SES143	-1.58218	-7.03792	-5.45574
BLOCK22/SES223/SA223S22	SES144	-3.64681	-9.10255	-5.45574
BLOCK22/SES223/SA223S22	SES175	-1.94441	-7.40015	-5.45574
BLOCK22/SES223/SA223S22	SES187	-2.06998	-7.52572	-5.45574
BLOCK22/SES223/SA223S25	SES068	-1.24518	-7.13698	-5.89179
BLOCK22/SES223/SA223S25	SES143	-2.9482	-8.84	-5.89179
BLOCK22/SES223/SA223S25	SES175	-1.74094	-7.63274	-5.89179
BLOCK22/SES223/SA223S25	SES187	-2.24305	-8.13484	-5.89179
BLOCK22/SES223/SA223S27	SES143	-1.98511	-8.97925	-6.99414
BLOCK22/SES223/SA223S27	SES146	-2.89231	-9.88645	-6.99414
BLOCK22/SES223/SA223S27	SES187	-2.00764	-9.00178	-6.99414
BLOCK22/SES223/SA223S27	SES292	-1.12567	-8.11981	-6.99414
BLOCK27/SES273/SA273S12	SES099	-1.03557	-7.17021	-6.13465
BLOCK27/SES273/SA273S12	SES104	-1.32715	-7.4618	-6.13465
BLOCK27/SES273/SA273S12	SES125	-1.53275	-7.66739	-6.13465
BLOCK27/SES273/SA273S12	SES206	-0.574537	-6.70918	-6.13465
BLOCK27/SES273/SA273S13	SES099	-1.54539	-5.6863	-4.14092
BLOCK27/SES273/SA273S13	SES104	-1.35961	-5.50053	-4.14092
BLOCK27/SES273/SA273S13	SES206	-1.8733	-6.01422	-4.14092
BLOCK27/SES273/SA273S13	SES292	-1.463	-5.60391	-4.14092
BLOCK27/SES273/SA273S21	SES099	-1.84382	-7.2187	-5.37488
BLOCK27/SES273/SA273S21	SES148	-3.3509	-8.72578	-5.37488
BLOCK27/SES273/SA273S21	SES149	-2.5118	-7.88668	-5.37488
BLOCK27/SES273/SA273S21	SES177	-1.99062	-7.3655	-5.37488
BLOCK27/SES273/SA273S25	SES104	-1.29634	-7.95983	-6.66349
BLOCK27/SES273/SA273S25	SES125	-1.90078	-8.56427	-6.66349
BLOCK27/SES273/SA273S25	SES158	-0.421201	-7.08469	-6.66349
BLOCK27/SES273/SA273S25	SES206	-1.46077	-8.12426	-6.66349
BLOCK27/SES273/SA273S27	SES099	-1.9898	-5.19861	-3.20881
BLOCK27/SES273/SA273S27	SES104	-2.01577	-5.22458	-3.20881
BLOCK27/SES273/SA273S27	SES149	-1.83225	-5.04107	-3.20881
BLOCK27/SES273/SA273S27	SES275	-1.95716	-5.16598	-3.20881
BLOCK27/SES274/SA274S10	SES105	-2.86052	-6.83916	-3.97863
BLOCK27/SES274/SA274S10	SES125	-3.6279	-7.60653	-3.97863
BLOCK27/SES274/SA274S10	SES129	-0.718781	-4.69741	-3.97863
BLOCK27/SES274/SA274S10	SES158	-4.84919	-8.82782	-3.97863
BLOCK27/SES274/SA274S11	SES105	-2.61177	-7.75814	-5.14638
BLOCK27/SES274/SA274S11	SES149	-2.14216	-7.28854	-5.14638
BLOCK27/SES274/SA274S11	SES158	-3.13444	-8.28082	-5.14638
BLOCK27/SES274/SA274S11	SES275	-1.62564	-6.77201	-5.14638
BLOCK27/SES274/SA274S21	SES105	-2.32691	-7.8149	-5.48799
BLOCK27/SES274/SA274S21	SES129	-1.18611	-6.6741	-5.48799
BLOCK27/SES274/SA274S21	SES149	-2.26392	-7.75191	-5.48799
BLOCK27/SES274/SA274S21	SES158	-3.93836	-9.42635	-5.48799
BLOCK27/SES274/SA274S24	SES105	-2.57215	-8.37224	-5.80009
BLOCK27/SES274/SA274S24	SES129	-0.732495	-6.53258	-5.80009
BLOCK27/SES274/SA274S24	SES149	-2.0757	-7.87579	-5.80009
BLOCK27/SES274/SA274S24	SES158	-4.88632	-10.6864	-5.80009
BLOCK27/SES274/SA274S29	SES105	-2.51483	-7.77461	-5.25978
BLOCK27/SES274/SA274S29	SES106	-2.86632	-8.1261	-5.25978
BLOCK27/SES274/SA274S29	SES120	-2.03748	-7.29726	-5.25978
BLOCK27/SES274/SA274S29	SES275	-1.58505	-6.84483	-5.25978
BLOCK27/SES276/SA276S16	SES148	-1.30734	-6.75913	-5.45179
BLOCK27/SES276/SA276S16	SES172	-0.421322	-5.87311	-5.45179
BLOCK27/SES276/SA276S16	SES180	-0.738636	-6.19042	-5.45179
BLOCK27/SES276/SA276S16	SES292	-1.25175	-6.70354	-5.45179
BLOCK27/SES276/SA276S17	SES101	-1.20336	-6.64118	-5.43782
BLOCK27/SES276/SA276S17	SES177	-1.95497	-7.39279	-5.43782
BLOCK27/SES276/SA276S17	SES180	-1.76247	-7.20029	-5.43782
BLOCK27/SES276/SA276S17	SES292	-1.30504	-6.74286	-5.43782
BLOCK27/SES276/SA276S24	SES101	-1.18145	-5.78506	-4.60361
BLOCK27/SES276/SA276S24	SES177	-1.31898	-5.92259	-4.60361
BLOCK27/SES276/SA276S24	SES180	-1.57535	-6.17897	-4.60361
BLOCK27/SES276/SA276S24	SES292	-1.83995	-6.44356	-4.60361
BLOCK27/SES276/SA276S26	SES101	-2.05309	-6.03765	-3.98456
BLOCK27/SES276/SA276S26	SES177	-1.52201	-5.50656	-3.98456
BLOCK27/SES276/SA276S26	SES180	-1.0262	-5.01076	-3.98456
BLOCK27/SES276/SA276S26	SES292	-0.275149	-4.25971	-3.98456
BLOCK27/SES276/SA276S28	SES101	-1.69271	-5.25167	-3.55896
BLOCK27/SES276/SA276S28	SES177	-1.65309	-5.21205	-3.55896
BLOCK27/SES276/SA276S28	SES180	-0.807036	-4.366	-3.55896
BLOCK27/SES276/SA276S28	SES292	-1.06243	-4.62139	-3.55896
BLOCK27/SES277/SA277S12	SES101	-1.58149	-8.71021	-7.12871
BLOCK27/SES277/SA277S12	SES177	-3.20917	-10.3379	-7.12871
BLOCK27/SES277/SA277S12	SES180	-2.71264	-9.84135	-7.12871
BLOCK27/SES277/SA277S12	SES292	-2.49003	-9.61875	-7.12871
BLOCK27/SES277/SA277S14	SES177	-2.65456	-9.68637	-7.03181
BLOCK27/SES277/SA277S14	SES180	-2.8924	-9.92422	-7.03181
BLOCK27/SES277/SA277S14	SES189	-1.50218	-8.53399	-7.03181
BLOCK27/SES277/SA277S14	SES292	-2.91004	-9.94186	-7.03181
BLOCK27/SES277/SA277S21	SES177	-2.38841	-8.54739	-6.15898
BLOCK27/SES277/SA277S21	SES180	-2.04197	-8.20095	-6.15898
BLOCK27/SES277/SA277S21	SES189	-1.62948	-7.78846	-6.15898
BLOCK27/SES277/SA277S21	SES292	-2.1729	-8.33188	-6.15898
BLOCK27/SES277/SA277S24	SES144	-2.15565	-9.40783	-7.25218
BLOCK27/SES277/SA277S24	SES177	-2.57141	-9.8236	-7.25218
BLOCK27/SES277/SA277S24	SES180	-3.18397	-10.4362	-7.25218
BLOCK27/SES277/SA277S24	SES189	-1.85596	-9.10815	-7.25218
BLOCK27/SES277/SA277S29	SES177	-1.60057	-5.11045	-3.50988
BLOCK27/SES277/SA277S29	SES180	-2.09563	-5.60551	-3.50988
BLOCK27/SES277/SA277S29	SES202	-1.85689	-5.36677	-3.50988
BLOCK27/SES277/SA277S29	SES292	-2.55648	-6.06637	-3.50988
BLOCK27/SES279/SA279S09	SES120	-2.16154	-6.47301	-4.31147
BLOCK27/SES279/SA279S09	SES146	-2.38515	-6.69662	-4.31147
BLOCK27/SES279/SA279S09	SES206	-1.10812	-5.41959	-4.31147
BLOCK27/SES279/SA279S09	SES226	-2.79713	-7.1086	-4.31147
BLOCK27/SES279/SA279S10	SES099	-1.37294	-6.70853	-5.33559
BLOCK27/SES279/SA279S10	SES206	-1.93245	-7.26803	-5.33559
BLOCK27/SES279/SA279S10	SES226	-3.41367	-8.74926	-5.33559
BLOCK27/SES279/SA279S10	SES292	-1.12829	-6.46388	-5.33559
BLOCK27/SES279/SA279S20	SES099	-4.41576	-10.6921	-6.27638
BLOCK27/SES279/SA279S20	SES206	-1.75002	-8.02639	-6.27638
BLOCK27/SES279/SA279S20	SES226	-4.23395	-10.5103	-6.27638
BLOCK27/SES279/SA279S20	SES292	-1.41403	-7.69041	-6.27638
BLOCK27/SES279/SA279S26	SES099	-1.32141	-8.23313	-6.91173
BLOCK27/SES279/SA279S26	SES206	-2.05462	-8.96635	-6.91173
BLOCK27/SES279/SA279S26	SES226	-4.80062	-11.7123	-6.91173
BLOCK27/SES279/SA279S26	SES292	-0.760797	-7.67252	-6.91173
BLOCK27/SES279/SA279S28	SES099	-0.885987	-4.34603	-3.46004
BLOCK27/SES279/SA279S28	SES120	-1.72532	-5.18537	-3.46004
BLOCK27/SES279/SA279S28	SES177	-2.8455	-6.30555	-3.46004
BLOCK27/SES279/SA279S28	SES206	-1.8593	-5.31934	-3.46004
BLOCK29/SES290/SA290S12	SES162	-0.856781	-5.15581	-4.29903
BLOCK29/SES290/SA290S12	SES177	-1.55668	-5.8557	-4.29903
BLOCK29/SES290/SA290S12	SES180	-1.31604	-5.61506	-4.29903
BLOCK29/SES290/SA290S12	SES292	-1.8107	-6.10972	-4.29903
BLOCK29/SES290/SA290S13	SES007	-1.35567	-6.08121	-4.72555
BLOCK29/SES290/SA290S13	SES162	-1.95481	-6.68035	-4.72555
BLOCK29/SES290/SA290S13	SES177	-2.1573	-6.88284	-4.72555
BLOCK29/SES290/SA290S13	SES180	-1.81172	-6.53726	-4.72555
BLOCK29/SES290/SA290S22	SES177	-1.63203	-5.99299	-4.36096
BLOCK29/SES290/SA290S22	SES180	-1.64951	-6.01047	-4.36096
BLOCK29/SES290/SA290S22	SES202	-1.34446	-5.70542	-4.36096
BLOCK29/SES290/SA290S22	SES292	-1.36672	-5.72768	-4.36096
BLOCK29/SES290/SA290S25	SES162	-1.98848	-6.63049	-4.64201
BLOCK29/SES290/SA290S25	SES177	-2.2351	-6.87711	-4.64201
BLOCK29/SES290/SA290S25	SES180	-1.9606	-6.60261	-4.64201
BLOCK29/SES290/SA290S25	SES292	-1.46039	-6.10239	-4.64201
BLOCK29/SES290/SA290S29	SES177	-1.15074	-4.74424	-3.5935
BLOCK29/SES290/SA290S29	SES180	-0.645126	-4.23862	-3.5935
BLOCK29/SES290/SA290S29	SES275	-0.741105	-4.3346	-3.5935
BLOCK29/SES290/SA290S29	SES292	-1.40392	-4.99741	-3.5935
BLOCK29/SES291/SA291S11	SES105	-2.1874	-9.09386	-6.90646
BLOCK29/SES291/SA291S11	SES125	-1.99754	-8.904	-6.90646
BLOCK29/SES291/SA291S11	SES158	-2.07448	-8.98094	-6.90646
BLOCK29/SES291/SA291S11	SES275	-2.53377	-9.44023	-6.90646
BLOCK29/SES291/SA291S12	SES158	-0.200975	-7.44188	-7.2409
BLOCK29/SES291/SA291S12	SES226	-2.93159	-10.1725	-7.2409
BLOCK29/SES291/SA291S12	SES270	-1.61507	-8.85597	-7.2409
BLOCK29/SES291/SA291S12	SES275	-4.74176	-11.9827	-7.2409
BLOCK29/SES291/SA291S22	SES082	-1.82343	-7.60187	-5.77844
BLOCK29/SES291/SA291S22	SES158	-1.62568	-7.40412	-5.77844
BLOCK29/SES291/SA291S22	SES259	-1.39973	-7.17817	-5.77844
BLOCK29/SES291/SA291S22	SES275	-3.35434	-9.13278	-5.77844
BLOCK29/SES291/SA291S24	SES104	-1.58738	-7.42544	-5.83806
BLOCK29/SES291/SA291S24	SES125	-1.70018	-7.53824	-5.83806
BLOCK29/SES291/SA291S24	SES158	-0.972163	-6.81022	-5.83806
BLOCK29/SES291/SA291S24	SES275	-3.94083	-9.77889	-5.83806
BLOCK29/SES291/SA291S27	SES158	-0.975485	-5.94335	-4.96786
BLOCK29/SES291/SA291S27	SES172	-2.69421	-7.66208	-4.96786
BLOCK29/SES291/SA291S27	SES275	-3.13079	-8.09866	-4.96786
BLOCK29/SES291/SA291S27	SES292	-1.79647	-6.76433	-4.96786
