BLOCK00/SES002/SA002S12	SES002	0.119748	4.26597	4.14623
BLOCK00/SES002/SA002S13	SES002	1.07629	4.51248	3.43619
BLOCK00/SES002/SA002S23	SES002	0.67877	4.72719	4.04842
BLOCK00/SES002/SA002S26	SES002	0.673603	4.79578	4.12217
BLOCK00/SES002/SA002S28	SES002	0.595431	4.04633	3.4509
BLOCK00/SES007/SA007S14	SES007	1.28841	6.15234	4.86394
BLOCK00/SES007/SA007S15	SES007	0.262384	4.79062	4.52823
BLOCK00/SES007/SA007S24	SES007	0.885848	4.99317	4.10732
BLOCK00/SES007/SA007S27	SES007	0.719906	4.19968	3.47977
BLOCK00/SES007/SA007S29	SES007	0.028616	4.90024	4.87162
BLOCK00/SES008/SA008S11	SES008	1.25661	5.66331	4.4067
BLOCK00/SES008/SA008S12	SES008	0.722544	5.02201	4.29946
BLOCK00/SES008/SA008S19	SES008	1.75435	6.59793	4.84357
BLOCK00/SES008/SA008S22	SES008	0.993591	4.41351	3.41992
BLOCK00/SES008/SA008S29	SES008	1.78023	6.15568	4.37545
BLOCK01/SES014/SA014S10	SES014	1.24452	5.42698	4.18246
BLOCK01/SES014/SA014S12	SES014	1.76152	7.0211	5.25958
BLOCK01/SES014/SA014S24	SES014	0.452609	4.80326	4.35065
BLOCK01/SES014/SA014S26	SES014	1.56946	7.19794	5.62848
BLOCK01/SES014/SA014S28	SES014	2.08337	7.60878	5.52542
BLOCK01/SES016/SA016S12	SES016	0.61855	4.09345	3.4749
BLOCK01/SES016/SA016S13	SES016	1.42236	5.63043	4.20807
BLOCK01/SES016/SA016S22	SES016	1.60167	5.94792	4.34625
BLOCK01/SES016/SA016S25	SES016	1.71377	6.90982	5.19605
BLOCK01/SES016/SA016S27	SES016	1.8844	6.9105	5.0261
BLOCK01/SES019/SA019S13	SES019	2.51275	4.58686	2.07412
BLOCK01/SES019/SA019S14	SES019	2.31658	4.81428	2.4977
BLOCK01/SES019/SA019S22	SES019	1.9257	4.52901	2.60331
BLOCK01/SES019/SA019S25	SES019	2.37799	4.82432	2.44634
BLOCK01/SES019/SA019S29	SES019	2.96819	4.42398	1.45579
BLOCK02/SES029/SA029S11	SES029	1.43636	6.65177	5.21541
BLOCK02/SES029/SA029S12	SES029	0.363872	5.59321	5.22934
BLOCK02/SES029/SA029S20	SES029	0.89115	5.82517	4.93402
BLOCK02/SES029/SA029S25	SES029	0.548437	5.90229	5.35385
BLOCK02/SES029/SA029S28	SES029	0.237552	5.57762	5.34007
BLOCK04/SES042/SA042S12	SES042	1.69364	6.28142	4.58778
BLOCK04/SES042/SA042S15	SES042	1.80691	6.2178	4.41089
BLOCK04/SES042/SA042S22	SES042	1.87945	6.76686	4.88742
BLOCK04/SES042/SA042S25	SES042	1.0176	4.6075	3.5899
BLOCK04/SES042/SA042S27	SES042	1.40788	6.29805	4.89018
BLOCK04/SES048/SA048S11	SES048	0.693459	5.54616	4.85271
BLOCK04/SES048/SA048S12	SES048	-0.167985	4.65577	4.82376
BLOCK04/SES048/SA048S20	SES048	-0.0074029	5.39778	5.40518
BLOCK04/SES048/SA048S23	SES048	1.15645	5.32516	4.16871
BLOCK04/SES048/SA048S27	SES048	0.187507	5.66203	5.47452
BLOCK06/SES060/SA060S11	SES060	1.38912	6.58899	5.19987
BLOCK06/SES060/SA060S12	SES060	0.594247	5.84153	5.24728
BLOCK06/SES060/SA060S22	SES060	-0.166988	4.03894	4.20593
BLOCK06/SES060/SA060S24	SES060	1.15614	6.53365	5.37751
BLOCK06/SES060/SA060S28	SES060	1.04037	7.6431	6.60273
BLOCK06/SES062/SA062S10	SES062	0.753979	5.71062	4.95664
BLOCK06/SES062/SA062S11	SES062	0.739202	5.24327	4.50407
BLOCK06/SES062/SA062S21	SES062	1.32392	7.34372	6.0198
BLOCK06/SES062/SA062S26	SES062	0.613296	6.35504	5.74174
BLOCK06/SES062/SA062S29	SES062	1.50101	7.27449	5.77347
BLOCK06/SES068/SA068S14	SES068	0.355265	5.59662	5.24136
BLOCK06/SES068/SA068S15	SES068	0.804416	6.02722	5.22281
BLOCK06/SES068/SA068S23	SES068	0.361111	5.16216	4.80105
BLOCK06/SES068/SA068S27	SES068	1.5163	6.75484	5.23853
BLOCK06/SES068/SA068S29	SES068	0.567632	5.57472	5.00709
BLOCK08/SES082/SA082S12	SES082	0.324755	3.79523	3.47047
BLOCK08/SES082/SA082S14	SES082	-0.357573	3.21207	3.56964
BLOCK08/SES082/SA082S21	SES082	0.208182	3.86324	3.65506
BLOCK08/SES082/SA082S24	SES082	0.404195	4.72966	4.32547
BLOCK08/SES082/SA082S28	SES082	0.454672	4.12959	3.67492
BLOCK08/SES083/SA083S14	SES083	-0.324011	5.0927	5.41671
BLOCK08/SES083/SA083S15	SES083	0.79642	6.00702	5.2106
BLOCK08/SES083/SA083S24	SES083	0.417936	5.29158	4.87365
BLOCK08/SES083/SA083S26	SES083	0.0951643	4.62259	4.52743
BLOCK08/SES083/SA083S29	SES083	0.225336	5.68385	5.45852
BLOCK08/SES085/SA085S10	SES085	0.268261	6.04428	5.77602
BLOCK08/SES085/SA085S13	SES085	0.18974	5.40369	5.21395
BLOCK08/SES085/SA085S22	SES085	0.197821	5.75419	5.55637
BLOCK08/SES085/SA085S26	SES085	0.443249	5.72137	5.27812
BLOCK08/SES085/SA085S28	SES085	1.20255	6.42548	5.22293
BLOCK08/SES087/SA087S15	SES087	1.18877	4.80567	3.61689
BLOCK08/SES087/SA087S16	SES087	1.4817	5.09923	3.61753
BLOCK08/SES087/SA087S24	SES087	1.04417	5.00295	3.95878
BLOCK08/SES087/SA087S26	SES087	0.881409	5.7536	4.87219
BLOCK08/SES087/SA087S29	SES087	1.62551	5.46045	3.83494
BLOCK09/SES099/SA099S15	SES099	1.01196	4.25474	3.24277
BLOCK09/SES099/SA099S16	SES099	0.888298	4.51698	3.62868
BLOCK09/SES099/SA099S24	SES099	0.923642	5.04801	4.12437
BLOCK09/SES099/SA099S26	SES099	1.02194	5.11832	4.09638
BLOCK09/SES099/SA099S29	SES099	0.92352	4.99621	4.07269
BLOCK10/SES101/SA101S11	SES101	0.427446	5.10525	4.6778
BLOCK10/SES101/SA101S13	SES101	1.16679	6.03965	4.87286
BLOCK10/SES101/SA101S22	SES101	0.863518	5.12563	4.26212
BLOCK10/SES101/SA101S24	SES101	0.858582	5.07238	4.2138
BLOCK10/SES101/SA101S28	SES101	0.375746	5.26541	4.88966
BLOCK10/SES104/SA104S11	SES104	1.25269	5.90375	4.65106
BLOCK10/SES104/SA104S12	SES104	1.32468	5.58713	4.26245
BLOCK10/SES104/SA104S21	SES104	0.930569	4.77572	3.84515
BLOCK10/SES104/SA104S24	SES104	0.633027	4.42119	3.78816
BLOCK10/SES104/SA104S28	SES104	0.754277	4.78683	4.03256
BLOCK10/SES105/SA105S12	SES105	0.657362	4.25539	3.59803
BLOCK10/SES105/SA105S13	SES105	1.15778	4.86569	3.70791
BLOCK10/SES105/SA105S22	SES105	0.147074	3.28715	3.14007
BLOCK10/SES105/SA105S26	SES105	1.17403	4.86394	3.68991
BLOCK10/SES105/SA105S29	SES105	1.35158	5.62558	4.274
BLOCK10/SES106/SA106S09	SES106	0.964507	3.69637	2.73186
BLOCK10/SES106/SA106S11	SES106	0.805247	4.97922	4.17397
BLOCK10/SES106/SA106S22	SES106	2.47478	4.58328	2.1085
BLOCK10/SES106/SA106S27	SES106	1.26109	4.64813	3.38704
BLOCK10/SES106/SA106S29	SES106	0.818609	4.16978	3.35117
BLOCK11/SES117/SA117S12	SES117	0.810733	4.94855	4.13782
BLOCK11/SES117/SA117S13	SES117	0.0653567	4.70318	4.63783
BLOCK11/SES117/SA117S23	SES117	1.17285	4.62917	3.45632
BLOCK11/SES117/SA117S25	SES117	1.16716	4.13769	2.97052
BLOCK11/SES117/SA117S28	SES117	1.12078	4.30661	3.18583
BLOCK12/SES120/SA120S08	SES120	0.763184	4.20245	3.43927
BLOCK12/SES120/SA120S11	SES120	-0.359783	2.22371	2.58349
BLOCK12/SES120/SA120S22	SES120	-0.00723457	4.66107	4.6683
BLOCK12/SES120/SA120S24	SES120	0.0439634	3.65585	3.61188
BLOCK12/SES120/SA120S28	SES120	-0.0469372	2.52258	2.56952
BLOCK12/SES125/SA125S13	SES125	1.76877	5.23981	3.47105
BLOCK12/SES125/SA125S14	SES125	0.683054	4.18783	3.50478
BLOCK12/SES125/SA125S25	SES125	1.23715	4.94371	3.70656
BLOCK12/SES125/SA125S27	SES125	1.60692	6.18215	4.57523
BLOCK12/SES125/SA125S29	SES125	1.04438	5.02451	3.98013
BLOCK12/SES127/SA127S11	SES127	1.1728	5.55788	4.38508
BLOCK12/SES127/SA127S12	SES127	0.0687928	5.67261	5.60382
BLOCK12/SES127/SA127S23	SES127	0.433033	5.33387	4.90084
BLOCK12/SES127/SA127S25	SES127	-0.125999	4.55457	4.68057
BLOCK12/SES127/SA127S27	SES127	0.896629	5.54198	4.64535
BLOCK12/SES129/SA129S11	SES129	1.34668	6.32861	4.98193
BLOCK12/SES129/SA129S12	SES129	1.23159	5.97407	4.74248
BLOCK12/SES129/SA129S22	SES129	0.809779	5.21768	4.4079
BLOCK12/SES129/SA129S27	SES129	1.41625	6.11699	4.70073
BLOCK12/SES129/SA129S29	SES129	1.226	6.0018	4.77579
BLOCK14/SES142/SA142S11	SES142	1.55025	5.74241	4.19216
BLOCK14/SES142/SA142S12	SES142	1.36796	5.34678	3.97882
BLOCK14/SES142/SA142S24	SES142	1.39144	5.98006	4.58861
BLOCK14/SES142/SA142S27	SES142	1.33936	5.87675	4.53739
BLOCK14/SES142/SA142S29	SES142	1.32177	5.85017	4.52839
BLOCK14/SES143/SA143S12	SES143	1.03086	5.04244	4.01159
BLOCK14/SES143/SA143S13	SES143	0.923754	4.63374	3.70999
BLOCK14/SES143/SA143S23	SES143	1.28597	5.06425	3.77827
BLOCK14/SES143/SA143S25	SES143	1.53051	5.8471	4.31659
BLOCK14/SES143/SA143S28	SES143	1.27002	5.28603	4.01601
BLOCK14/SES144/SA144S09	SES144	1.02304	5.49508	4.47205
BLOCK14/SES144/SA144S11	SES144	0.718788	4.87654	4.15775
BLOCK14/SES144/SA144S21	SES144	0.0910931	3.93656	3.84547
BLOCK14/SES144/SA144S25	SES144	0.212266	4.54787	4.3356
BLOCK14/SES144/SA144S29	SES144	0.228159	4.81609	4.58793
BLOCK14/SES146/SA146S14	SES146	0.570055	4.11167	3.54162
BLOCK14/SES146/SA146S15	SES146	0.54366	4.33781	3.79415
BLOCK14/SES146/SA146S24	SES146	0.846586	4.78054	3.93395
BLOCK14/SES146/SA146S26	SES146	1.17779	4.9398	3.762
BLOCK14/SES146/SA146S29	SES146	0.560819	3.60476	3.04394
BLOCK14/SES147/SA147S11	SES147	1.19406	5.23834	4.04428
BLOCK14/SES147/SA147S13	SES147	1.64486	6.05045	4.4056
BLOCK14/SES147/SA147S23	SES147	-0.0412865	4.42538	4.46666
BLOCK14/SES147/SA147S26	SES147	0.836683	4.86066	4.02397
BLOCK14/SES147/SA147S28	SES147	1.10417	5.09186	3.98769
BLOCK14/SES148/SA148S10	SES148	0.824557	5.53528	4.71072
BLOCK14/SES148/SA148S12	SES148	0.478407	4.38479	3.90638
BLOCK14/SES148/SA148S22	SES148	1.03449	5.9094	4.87491
BLOCK14/SES148/SA148S26	SES148	0.192073	5.7458	5.55373
BLOCK14/SES148/SA148S29	SES148	0.262296	4.53862	4.27632
BLOCK14/SES149/SA149S13	SES149	0.150757	4.24587	4.09512
BLOCK14/SES149/SA149S14	SES149	0.40381	5.45789	5.05409
BLOCK14/SES149/SA149S24	SES149	0.855228	5.55443	4.6992
BLOCK14/SES149/SA149S26	SES149	0.846982	6.18329	5.33631
BLOCK14/SES149/SA149S28	SES149	1.53178	6.85537	5.32359
BLOCK15/SES158/SA158S13	SES158	1.04384	4.31065	3.26681
BLOCK15/SES158/SA158S14	SES158	1.45571	3.82477	2.36906
BLOCK15/SES158/SA158S23	SES158	0.418921	3.84922	3.43029
BLOCK15/SES158/SA158S26	SES158	1.15682	3.78527	2.62844
BLOCK15/SES158/SA158S28	SES158	0.635612	3.9753	3.33969
BLOCK16/SES162/SA162S10	SES162	0.982266	4.51832	3.53605
BLOCK16/SES162/SA162S11	SES162	0.567632	5.38041	4.81277
BLOCK16/SES162/SA162S21	SES162	1.58249	5.5295	3.94701
BLOCK16/SES162/SA162S24	SES162	0.794425	4.82363	4.02921
BLOCK16/SES162/SA162S27	SES162	1.2034	4.78803	3.58463
BLOCK16/SES167/SA167S14	SES167	0.640885	6.60582	5.96493
BLOCK16/SES167/SA167S15	SES167	1.11782	6.39457	5.27675
BLOCK16/SES167/SA167S21	SES167	1.10376	6.28117	5.17741
BLOCK16/SES167/SA167S25	SES167	1.35366	6.09136	4.73771
BLOCK16/SES167/SA167S29	SES167	1.56062	7.36092	5.8003
BLOCK17/SES172/SA172S12	SES172	1.29004	5.38022	4.09018
BLOCK17/SES172/SA172S13	SES172	1.29488	5.49651	4.20163
BLOCK17/SES172/SA172S23	SES172	0.823672	5.89891	5.07524
BLOCK17/SES172/SA172S27	SES172	1.04229	5.20329	4.161
BLOCK17/SES172/SA172S29	SES172	1.7366	5.88902	4.15242
BLOCK17/SES175/SA175S11	SES175	0.222221	5.27133	5.04911
BLOCK17/SES175/SA175S13	SES175	0.680726	5.74261	5.06189
BLOCK17/SES175/SA175S23	SES175	0.654285	5.62815	4.97387
BLOCK17/SES175/SA175S25	SES175	0.233102	4.01417	3.78106
BLOCK17/SES175/SA175S28	SES175	0.188974	5.52785	5.33887
BLOCK17/SES177/SA177S15	SES177	0.417186	4.8013	4.38411
BLOCK17/SES177/SA177S17	SES177	0.443226	4.63115	4.18792
BLOCK17/SES177/SA177S23	SES177	-0.245539	3.97985	4.22539
BLOCK17/SES177/SA177S26	SES177	0.948714	6.43389	5.48518
BLOCK17/SES177/SA177S28	SES177	1.29562	5.8388	4.54318
BLOCK18/SES180/SA180S13	SES180	0.154758	4.26065	4.1059
BLOCK18/SES180/SA180S15	SES180	0.88362	4.70286	3.81924
BLOCK18/SES180/SA180S24	SES180	0.624315	5.93054	5.30623
BLOCK18/SES180/SA180S26	SES180	1.08416	5.86327	4.77911
BLOCK18/SES180/SA180S29	SES180	0.963043	5.46571	4.50267
BLOCK18/SES183/SA183S13	SES183	1.48947	5.27703	3.78756
BLOCK18/SES183/SA183S14	SES183	0.11423	4.25269	4.13846
BLOCK18/SES183/SA183S24	SES183	1.46187	4.70852	3.24664
BLOCK18/SES183/SA183S27	SES183	1.02585	4.72996	3.70411
BLOCK18/SES183/SA183S29	SES183	1.15119	5.00385	3.85266
BLOCK18/SES187/SA187S13	SES187	0.179536	4.68754	4.50801
BLOCK18/SES187/SA187S14	SES187	0.505897	4.53016	4.02426
BLOCK18/SES187/SA187S24	SES187	1.28945	5.17075	3.8813
BLOCK18/SES187/SA187S27	SES187	1.37871	5.09288	3.71417
BLOCK18/SES187/SA187S29	SES187	0.90524	4.90405	3.99881
BLOCK18/SES189/SA189S10	SES189	1.05555	5.0786	4.02306
BLOCK18/SES189/SA189S13	SES189	0.729136	4.26323	3.5341
BLOCK18/SES189/SA189S24	SES189	1.02804	5.26632	4.23828
BLOCK18/SES189/SA189S26	SES189	0.862823	5.79763	4.9348
BLOCK18/SES189/SA189S29	SES189	1.28511	5.51136	4.22624
BLOCK20/SES202/SA202S12	SES202	0.886334	4.88568	3.99935
BLOCK20/SES202/SA202S14	SES202	2.07597	5.68739	3.61141
BLOCK20/SES202/SA202S24	SES202	1.069	5.1754	4.10639
BLOCK20/SES202/SA202S27	SES202	1.49733	6.68322	5.18589
BLOCK20/SES202/SA202S29	SES202	1.27106	6.56763	5.29657
BLOCK20/SES206/SA206S15	SES206	-0.650706	4.08629	4.737
BLOCK20/SES206/SA206S17	SES206	1.09102	5.32696	4.23594
BLOCK20/SES206/SA206S24	SES206	1.96657	6.45216	4.48558
BLOCK20/SES206/SA206S27	SES206	1.21365	4.66833	3.45468
BLOCK20/SES206/SA206S29	SES206	1.1141	5.83124	4.71714
BLOCK22/SES226/SA226S12	SES226	0.527887	4.29426	3.76637
BLOCK22/SES226/SA226S13	SES226	-0.385113	3.72866	4.11377
BLOCK22/SES226/SA226S20	SES226	0.861123	4.2269	3.36578
BLOCK22/SES226/SA226S23	SES226	1.05286	5.01632	3.96346
BLOCK22/SES226/SA226S28	SES226	1.13439	5.1602	4.0258
BLOCK25/SES259/SA259S13	SES259	2.72528	5.76628	3.041
BLOCK25/SES259/SA259S14	SES259	1.67321	5.35099	3.67778
BLOCK25/SES259/SA259S22	SES259	1.28412	5.17033	3.88621
BLOCK25/SES259/SA259S24	SES259	1.6188	5.78663	4.16783
BLOCK25/SES259/SA259S28	SES259	1.79899	5.55957	3.76058
BLOCK27/SES270/SA270S14	SES270	1.79735	3.64313	1.84578
BLOCK27/SES270/SA270S16	SES270	0.179422	3.37339	3.19397
BLOCK27/SES270/SA270S22	SES270	1.40219	4.08215	2.67996
BLOCK27/SES270/SA270S26	SES270	0.491651	2.91425	2.4226
BLOCK27/SES270/SA270S28	SES270	0.967582	4.19356	3.22598
BLOCK27/SES275/SA275S17	SES275	1.3368	5.4031	4.0663
BLOCK27/SES275/SA275S18	SES275	0.181448	4.92462	4.74318
BLOCK27/SES275/SA275S24	SES275	0.404701	4.0405	3.6358
BLOCK27/SES275/SA275S26	SES275	0.899324	5.34101	4.44168
BLOCK27/SES275/SA275S28	SES275	0.359353	4.889	4.52965
BLOCK29/SES292/SA292S10	SES292	0.128419	4.68414	4.55572
BLOCK29/SES292/SA292S12	SES292	-0.022089	4.3783	4.40039
BLOCK29/SES292/SA292S22	SES292	0.418269	5.17778	4.75951
BLOCK29/SES292/SA292S24	SES292	0.383585	5.23604	4.85245
BLOCK29/SES292/SA292S27	SES292	0.034657	4.70769	4.67303
BLOCK00/SES001/SA001S14	SES062	-2.56934	1.80771	4.37706
BLOCK00/SES001/SA001S14	SES082	-2.01739	2.35967	4.37706
BLOCK00/SES001/SA001S14	SES106	-1.58272	2.79434	4.37706
BLOCK00/SES001/SA001S14	SES206	-1.84854	2.52852	4.37706
BLOCK00/SES001/SA001S15	SES062	-2.52618	2.25676	4.78294
BLOCK00/SES001/SA001S15	SES104	-2.68144	2.1015	4.78294
BLOCK00/SES001/SA001S15	SES106	-1.62789	3.15505	4.78294
BLOCK00/SES001/SA001S15	SES206	-1.85203	2.9309	4.78294
BLOCK00/SES001/SA001S24	SES062	-3.33599	0.24315	3.57914
BLOCK00/SES001/SA001S24	SES082	-1.76189	1.81725	3.57914
BLOCK00/SES001/SA001S24	SES087	-2.30633	1.27282	3.57914
BLOCK00/SES001/SA001S24	SES206	-1.85639	1.72276	3.57914
BLOCK00/SES001/SA001S27	SES062	-1.78106	3.70267	5.48373
BLOCK00/SES001/SA001S27	SES082	-1.63303	3.8507	5.48373
BLOCK00/SES001/SA001S27	SES087	-1.67667	3.80705	5.48373
BLOCK00/SES001/SA001S27	SES206	-1.60315	3.88057	5.48373
BLOCK00/SES001/SA001S29	SES062	-3.84937	0.110643	3.96002
BLOCK00/SES001/SA001S29	SES082	-1.32325	2.63676	3.96002
BLOCK00/SES001/SA001S29	SES158	-1.32826	2.63176	3.96002
BLOCK00/SES001/SA001S29	SES206	-2.42674	1.53327	3.96002
BLOCK00/SES003/SA003S11	SES002	-1.12048	2.35808	3.47856
BLOCK00/SES003/SA003S11	SES019	-2.01278	1.46578	3.47856
BLOCK00/SES003/SA003S11	SES082	-0.981895	2.49666	3.47856
BLOCK00/SES003/SA003S11	SES125	-2.25905	1.21951	3.47856
BLOCK00/SES003/SA003S15	SES016	-2.17088	2.74251	4.91339
BLOCK00/SES003/SA003S15	SES019	-2.55556	2.35783	4.91339
BLOCK00/SES003/SA003S15	SES062	-1.33121	3.58218	4.91339
BLOCK00/SES003/SA003S15	SES206	-1.54204	3.37135	4.91339
BLOCK00/SES003/SA003S22	SES002	-2.17932	2.06126	4.24058
BLOCK00/SES003/SA003S22	SES062	-1.26641	2.97417	4.24058
BLOCK00/SES003/SA003S22	SES082	-1.96956	2.27102	4.24058
BLOCK00/SES003/SA003S22	SES087	-2.03272	2.20786	4.24058
BLOCK00/SES003/SA003S25	SES062	-3.23111	0.772256	4.00337
BLOCK00/SES003/SA003S25	SES082	-2.26508	1.73829	4.00337
BLOCK00/SES003/SA003S25	SES087	-2.10328	1.90009	4.00337
BLOCK00/SES003/SA003S25	SES206	-1.68223	2.32114	4.00337
BLOCK00/SES003/SA003S29	SES002	-1.93588	1.76413	3.70001
BLOCK00/SES003/SA003S29	SES062	-2.58562	1.11439	3.70001
BLOCK00/SES003/SA003S29	SES082	-1.43524	2.26478	3.70001
BLOCK00/SES003/SA003S29	SES087	-2.35922	1.34079	3.70001
BLOCK00/SES004/SA004S12	SES083	-1.56834	3.21123	4.77957
BLOCK00/SES004/SA004S12	SES148	-1.88918	2.89039	4.77957
BLOCK00/SES004/SA004S12	SES172	-0.436279	4.34329	4.77957
BLOCK00/SES004/SA004S12	SES292	-1.4148	3.36478	4.77957
BLOCK00/SES004/SA004S17	SES083	-1.27128	2.68133	3.95261
BLOCK00/SES004/SA004S17	SES162	-0.628287	3.32432	3.95261
BLOCK00/SES004/SA004S17	SES172	-0.82989	3.12272	3.95261
BLOCK00/SES004/SA004S17	SES292	-1.23553	2.71707	3.95261
BLOCK00/SES004/SA004S24	SES083	-1.61012	3.0005	4.61062
BLOCK00/SES004/SA004S24	SES148	-1.9152	2.69543	4.61062
BLOCK00/SES004/SA004S24	SES172	-0.618628	3.99199	4.61062
BLOCK00/SES004/SA004S24	SES292	-1.17269	3.43794	4.61062
BLOCK00/SES004/SA004S26	SES083	-1.89686	2.45388	4.35074
BLOCK00/SES004/SA004S26	SES127	-1.27108	3.07966	4.35074
BLOCK00/SES004/SA004S26	SES148	-3.01789	1.33285	4.35074
BLOCK00/SES004/SA004S26	SES292	-2.14458	2.20616	4.35074
BLOCK00/SES004/SA004S28	SES083	-1.5602	3.71702	5.27722
BLOCK00/SES004/SA004S28	SES127	-0.922744	4.35448	5.27722
BLOCK00/SES004/SA004S28	SES187	-0.684568	4.59266	5.27722
BLOCK00/SES004/SA004S28	SES292	-2.14421	3.13301	5.27722
BLOCK00/SES006/SA006S10	SES014	-2.12702	-0.478336	1.64868
BLOCK00/SES006/SA006S10	SES158	-2.0306	-0.381922	1.64868
BLOCK00/SES006/SA006S10	SES226	-3.79654	-2.14786	1.64868
BLOCK00/SES006/SA006S10	SES270	-1.12631	0.522372	1.64868
BLOCK00/SES006/SA006S11	SES158	-1.29099	0.505291	1.79628
BLOCK00/SES006/SA006S11	SES226	-2.27993	-0.483648	1.79628
BLOCK00/SES006/SA006S11	SES270	-0.766724	1.02955	1.79628
BLOCK00/SES006/SA006S11	SES275	-2.55787	-0.761596	1.79628
BLOCK00/SES006/SA006S23	SES062	-3.2252	-0.13217	3.09303
BLOCK00/SES006/SA006S23	SES105	-4.0804	-0.987372	3.09303
BLOCK00/SES006/SA006S23	SES158	-1.51835	1.57468	3.09303
BLOCK00/SES006/SA006S23	SES275	-2.24455	0.84848	3.09303
BLOCK00/SES006/SA006S26	SES104	-3.48742	-0.609408	2.87801
BLOCK00/SES006/SA006S26	SES158	-1.1535	1.72452	2.87801
BLOCK00/SES006/SA006S26	SES270	-0.430333	2.44768	2.87801
BLOCK00/SES006/SA006S26	SES275	-2.40594	0.472078	2.87801
BLOCK00/SES006/SA006S28	SES007	-2.64694	-0.271647	2.37529
BLOCK00/SES006/SA006S28	SES105	-3.48688	-1.11159	2.37529
BLOCK00/SES006/SA006S28	SES158	-1.99414	0.38115	2.37529
BLOCK00/SES006/SA006S28	SES275	-2.34401	0.0312751	2.37529
BLOCK00/SES009/SA009S12	SES083	-3.18098	1.38058	4.56156
BLOCK00/SES009/SA009S12	SES148	-1.96012	2.60144	4.56156
BLOCK00/SES009/SA009S12	SES177	-0.705184	3.85638	4.56156
BLOCK00/SES009/SA009S12	SES292	-1.93272	2.62884	4.56156
BLOCK00/SES009/SA009S15	SES007	-0.242586	4.84721	5.0898
BLOCK00/SES009/SA009S15	SES099	-2.83639	2.25341	5.0898
BLOCK00/SES009/SA009S15	SES148	-1.6595	3.4303	5.0898
BLOCK00/SES009/SA009S15	SES172	-1.64367	3.44613	5.0898
BLOCK00/SES009/SA009S24	SES146	-1.12535	3.56273	4.68808
BLOCK00/SES009/SA009S24	SES148	-1.78323	2.90485	4.68808
BLOCK00/SES009/SA009S24	SES177	-0.27727	4.41081	4.68808
BLOCK00/SES009/SA009S24	SES292	-1.55334	3.13473	4.68808
BLOCK00/SES009/SA009S26	SES083	-2.88851	1.30446	4.19298
BLOCK00/SES009/SA009S26	SES101	-2.6457	1.54728	4.19298
BLOCK00/SES009/SA009S26	SES120	-1.22052	2.97246	4.19298
BLOCK00/SES009/SA009S26	SES177	-0.700417	3.49256	4.19298
BLOCK00/SES009/SA009S29	SES083	-2.25625	2.56354	4.81979
BLOCK00/SES009/SA009S29	SES101	-1.79293	3.02686	4.81979
BLOCK00/SES009/SA009S29	SES177	-0.458415	4.36138	4.81979
BLOCK00/SES009/SA009S29	SES292	-1.66454	3.15525	4.81979
BLOCK01/SES011/SA011S10	SES019	-1.65165	1.98061	3.63226
BLOCK01/SES011/SA011S10	SES042	0.118882	3.75115	3.63226
BLOCK01/SES011/SA011S10	SES082	-2.2733	1.35896	3.63226
BLOCK01/SES011/SA011S10	SES206	-1.72307	1.90919	3.63226
BLOCK01/SES011/SA011S11	SES019	-2.0958	1.44696	3.54276
BLOCK01/SES011/SA011S11	SES042	-0.811324	2.73144	3.54276
BLOCK01/SES011/SA011S11	SES082	-2.20787	1.33489	3.54276
BLOCK01/SES011/SA011S11	SES206	-2.16027	1.3825	3.54276
BLOCK01/SES011/SA011S22	SES019	-1.58356	1.68766	3.27122
BLOCK01/SES011/SA011S22	SES042	0.540853	3.81207	3.27122
BLOCK01/SES011/SA011S22	SES082	-2.47044	0.800782	3.27122
BLOCK01/SES011/SA011S22	SES206	-1.89854	1.37268	3.27122
BLOCK01/SES011/SA011S24	SES019	-1.78363	2.09014	3.87377
BLOCK01/SES011/SA011S24	SES042	0.244602	4.11837	3.87377
BLOCK01/SES011/SA011S24	SES104	-1.81982	2.05395	3.87377
BLOCK01/SES011/SA011S24	SES206	-1.36845	2.50531	3.87377
BLOCK01/SES011/SA011S27	SES082	-0.75157	2.52818	3.27975
BLOCK01/SES011/SA011S27	SES087	-2.1928	1.08695	3.27975
BLOCK01/SES011/SA011S27	SES125	-1.14063	2.13912	3.27975
BLOCK01/SES011/SA011S27	SES206	-1.13817	2.14158	3.27975
BLOCK01/SES012/SA012S11	SES007	-1.14306	3.99699	5.14005
BLOCK01/SES012/SA012S11	SES082	-2.09492	3.04513	5.14005
BLOCK01/SES012/SA012S11	SES083	-2.08041	3.05964	5.14005
BLOCK01/SES012/SA012S11	SES206	-1.89736	3.24269	5.14005
BLOCK01/SES012/SA012S14	SES082	-1.30484	3.55437	4.85921
BLOCK01/SES012/SA012S14	SES087	-2.55135	2.30786	4.85921
BLOCK01/SES012/SA012S14	SES206	-1.45083	3.40838	4.85921
BLOCK01/SES012/SA012S14	SES292	-1.70566	3.15355	4.85921
BLOCK01/SES012/SA012S24	SES082	-1.30374	2.04491	3.34865
BLOCK01/SES012/SA012S24	SES087	-2.2875	1.06114	3.34865
BLOCK01/SES012/SA012S24	SES120	-2.13995	1.2087	3.34865
BLOCK01/SES012/SA012S24	SES206	-1.62464	1.72401	3.34865
BLOCK01/SES012/SA012S26	SES019	-3.92425	0.592449	4.5167
BLOCK01/SES012/SA012S26	SES082	-2.38347	2.13322	4.5167
BLOCK01/SES012/SA012S26	SES206	-0.844954	3.67174	4.5167
BLOCK01/SES012/SA012S26	SES292	-1.40341	3.11329	4.5167
BLOCK01/SES012/SA012S29	SES062	-1.57271	3.34203	4.91474
BLOCK01/SES012/SA012S29	SES082	-1.38178	3.53296	4.91474
BLOCK01/SES012/SA012S29	SES083	-3.50468	1.41005	4.91474
BLOCK01/SES012/SA012S29	SES206	-1.20038	3.71436	4.91474
BLOCK01/SES013/SA013S16	SES062	-3.93037	-0.446759	3.48361
BLOCK01/SES013/SA013S16	SES106	-1.99143	1.49217	3.48361
BLOCK01/SES013/SA013S16	SES206	-1.90908	1.57453	3.48361
BLOCK01/SES013/SA013S16	SES226	-1.75819	1.72541	3.48361
BLOCK01/SES013/SA013S17	SES062	-3.05972	2.10241	5.16213
BLOCK01/SES013/SA013S17	SES106	-2.9361	2.22603	5.16213
BLOCK01/SES013/SA013S17	SES206	-1.45808	3.70405	5.16213
BLOCK01/SES013/SA013S17	SES226	-1.49944	3.66269	5.16213
BLOCK01/SES013/SA013S23	SES104	-2.56976	0.760811	3.33057
BLOCK01/SES013/SA013S23	SES106	-1.50215	1.82842	3.33057
BLOCK01/SES013/SA013S23	SES206	-2.20088	1.1297	3.33057
BLOCK01/SES013/SA013S23	SES270	-1.05301	2.27756	3.33057
BLOCK01/SES013/SA013S25	SES042	-2.57797	1.413	3.99097
BLOCK01/SES013/SA013S25	SES104	-2.35588	1.63509	3.99097
BLOCK01/SES013/SA013S25	SES106	-1.69803	2.29294	3.99097
BLOCK01/SES013/SA013S25	SES206	-2.5583	1.43267	3.99097
BLOCK01/SES013/SA013S29	SES062	-3.95097	-0.034944	3.91602
BLOCK01/SES013/SA013S29	SES104	-2.97989	0.936135	3.91602
BLOCK01/SES013/SA013S29	SES106	-1.93454	1.98149	3.91602
BLOCK01/SES013/SA013S29	SES206	-2.58759	1.32843	3.91602
BLOCK02/SES021/SA021S13	SES016	-2.26933	2.12222	4.39155
BLOCK02/SES021/SA021S13	SES029	-1.82081	2.57074	4.39155
BLOCK02/SES021/SA021S13	SES087	-2.12686	2.26469	4.39155
BLOCK02/SES021/SA021S13	SES206	-1.62698	2.76457	4.39155
BLOCK02/SES021/SA021S15	SES087	-1.27617	3.9533	5.22947
BLOCK02/SES021/SA021S15	SES125	-1.12655	4.10292	5.22947
BLOCK02/SES021/SA021S15	SES206	-0.672456	4.55701	5.22947
BLOCK02/SES021/SA021S15	SES226	-2.14955	3.07992	5.22947
BLOCK02/SES021/SA021S23	SES062	-3.26184	0.28893	3.55077
BLOCK02/SES021/SA021S23	SES087	-1.71957	1.8312	3.55077
BLOCK02/SES021/SA021S23	SES206	-1.81404	1.73673	3.55077
BLOCK02/SES021/SA021S23	SES226	-2.15189	1.39888	3.55077
BLOCK02/SES021/SA021S27	SES002	-1.69499	3.49868	5.19367
BLOCK02/SES021/SA021S27	SES016	-4.23442	0.959252	5.19367
BLOCK02/SES021/SA021S27	SES019	-2.28307	2.9106	5.19367
BLOCK02/SES021/SA021S27	SES062	-1.92997	3.26371	5.19367
BLOCK02/SES021/SA021S29	SES087	-1.62095	3.06644	4.68739
BLOCK02/SES021/SA021S29	SES125	-1.32769	3.3597	4.68739
BLOCK02/SES021/SA021S29	SES206	-1.48122	3.20617	4.68739
BLOCK02/SES021/SA021S29	SES226	-2.82658	1.86081	4.68739
BLOCK04/SES043/SA043S09	SES083	-1.0989	2.90761	4.00651
BLOCK04/SES043/SA043S09	SES101	-1.01321	2.9933	4.00651
BLOCK04/SES043/SA043S09	SES144	-0.512033	3.49448	4.00651
BLOCK04/SES043/SA043S09	SES172	-1.61869	2.38781	4.00651
BLOCK04/SES043/SA043S11	SES083	-1.0509	3.90577	4.95667
BLOCK04/SES043/SA043S11	SES101	-1.06993	3.88674	4.95667
BLOCK04/SES043/SA043S11	SES144	-0.283711	4.67296	4.95667
BLOCK04/SES043/SA043S11	SES172	-1.32361	3.63306	4.95667
BLOCK04/SES043/SA043S23	SES083	-1.42725	3.35396	4.78121
BLOCK04/SES043/SA043S23	SES144	-0.602087	4.17912	4.78121
BLOCK04/SES043/SA043S23	SES177	-1.58472	3.19649	4.78121
BLOCK04/SES043/SA043S23	SES275	-1.41833	3.36288	4.78121
BLOCK04/SES043/SA043S26	SES083	-1.58091	2.86895	4.44986
BLOCK04/SES043/SA043S26	SES101	-1.71303	2.73683	4.44986
BLOCK04/SES043/SA043S26	SES144	-0.447396	4.00246	4.44986
BLOCK04/SES043/SA043S26	SES177	-1.47644	2.97342	4.44986
BLOCK04/SES043/SA043S28	SES016	-2.12056	2.60693	4.72749
BLOCK04/SES043/SA043S28	SES083	-1.04063	3.68686	4.72749
BLOCK04/SES043/SA043S28	SES101	-1.04313	3.68436	4.72749
BLOCK04/SES043/SA043S28	SES144	-0.886602	3.84089	4.72749
BLOCK04/SES044/SA044S10	SES127	-3.05383	-0.422504	2.63132
BLOCK04/SES044/SA044S10	SES144	-1.29256	1.33877	2.63132
BLOCK04/SES044/SA044S10	SES147	-3.3914	-0.760076	2.63132
BLOCK04/SES044/SA044S10	SES148	-3.12358	-0.492259	2.63132
BLOCK04/SES044/SA044S11	SES101	-1.07573	2.50436	3.5801
BLOCK04/SES044/SA044S11	SES144	-0.216742	3.36335	3.5801
BLOCK04/SES044/SA044S11	SES147	-2.19674	1.38335	3.5801
BLOCK04/SES044/SA044S11	SES177	-2.07117	1.50893	3.5801
BLOCK04/SES044/SA044S24	SES007	-2.75387	1.35906	4.11293
BLOCK04/SES044/SA044S24	SES101	-1.51665	2.59628	4.11293
BLOCK04/SES044/SA044S24	SES147	-2.31872	1.7942	4.11293
BLOCK04/SES044/SA044S24	SES177	-1.91835	2.19458	4.11293
BLOCK04/SES044/SA044S26	SES007	-1.81495	1.86382	3.67878
BLOCK04/SES044/SA044S26	SES016	-1.33151	2.34727	3.67878
BLOCK04/SES044/SA044S26	SES101	-0.954576	2.7242	3.67878
BLOCK04/SES044/SA044S26	SES147	-1.28756	2.39121	3.67878
BLOCK04/SES044/SA044S29	SES007	-2.23168	2.53421	4.76589
BLOCK04/SES044/SA044S29	SES101	-0.37495	4.39094	4.76589
BLOCK04/SES044/SA044S29	SES147	-1.6025	3.16338	4.76589
BLOCK04/SES044/SA044S29	SES177	-1.60919	3.1567	4.76589
BLOCK04/SES046/SA046S13	SES101	-1.07341	3.08981	4.16322
BLOCK04/SES046/SA046S13	SES144	-0.47772	3.6855	4.16322
BLOCK04/SES046/SA046S13	SES147	-1.48004	2.68318	4.16322
BLOCK04/SES046/SA046S13	SES177	-1.1342	3.02902	4.16322
BLOCK04/SES046/SA046S15	SES048	0.0272284	5.35233	5.3251
BLOCK04/SES046/SA046S15	SES083	-0.84588	4.47922	5.3251
BLOCK04/SES046/SA046S15	SES120	-2.71952	2.60559	5.3251
BLOCK04/SES046/SA046S15	SES148	-1.63985	3.68525	5.3251
BLOCK04/SES046/SA046S22	SES101	-0.848151	3.5665	4.41465
BLOCK04/SES046/SA046S22	SES144	-0.696915	3.71774	4.41465
BLOCK04/SES046/SA046S22	SES147	-2.23803	2.17662	4.41465
BLOCK04/SES046/SA046S22	SES172	-1.32471	3.08994	4.41465
BLOCK04/SES046/SA046S25	SES083	-1.3291	2.71687	4.04597
BLOCK04/SES046/SA046S25	SES127	-1.28088	2.76509	4.04597
BLOCK04/SES046/SA046S25	SES144	-1.46466	2.58131	4.04597
BLOCK04/SES046/SA046S25	SES148	-1.74222	2.30375	4.04597
BLOCK04/SES046/SA046S28	SES007	-1.42726	3.16719	4.59445
BLOCK04/SES046/SA046S28	SES105	-1.87718	2.71727	4.59445
BLOCK04/SES046/SA046S28	SES147	-0.99439	3.60006	4.59445
BLOCK04/SES046/SA046S28	SES148	-1.18551	3.40894	4.59445
BLOCK04/SES049/SA049S16	SES104	-2.03175	1.3434	3.37515
BLOCK04/SES049/SA049S16	SES106	-2.62045	0.754702	3.37515
BLOCK04/SES049/SA049S16	SES120	-2.57807	0.797088	3.37515
BLOCK04/SES049/SA049S16	SES206	-1.75028	1.62487	3.37515
BLOCK04/SES049/SA049S18	SES099	-1.17112	1.50674	2.67787
BLOCK04/SES049/SA049S18	SES104	-2.40664	0.271223	2.67787
BLOCK04/SES049/SA049S18	SES125	-2.69926	-0.0213949	2.67787
BLOCK04/SES049/SA049S18	SES206	-2.15493	0.522941	2.67787
BLOCK04/SES049/SA049S25	SES087	-2.55142	0.714285	3.2657
BLOCK04/SES049/SA049S25	SES104	-1.20929	2.05641	3.2657
BLOCK04/SES049/SA049S25	SES125	-1.98125	1.28445	3.2657
BLOCK04/SES049/SA049S25	SES206	-1.63375	1.63196	3.2657
BLOCK04/SES049/SA049S27	SES099	-0.566661	2.57135	3.13801
BLOCK04/SES049/SA049S27	SES104	-0.872195	2.26581	3.13801
BLOCK04/SES049/SA049S27	SES125	-2.0921	1.0459	3.13801
BLOCK04/SES049/SA049S27	SES206	-1.3002	1.83781	3.13801
BLOCK04/SES049/SA049S29	SES099	-0.996133	3.19607	4.1922
BLOCK04/SES049/SA049S29	SES104	-0.442932	3.74927	4.1922
BLOCK04/SES049/SA049S29	SES125	-1.25545	2.93675	4.1922
BLOCK04/SES049/SA049S29	SES206	-0.988986	3.20321	4.1922
BLOCK06/SES063/SA063S09	SES068	-1.42957	3.47791	4.90748
BLOCK06/SES063/SA063S09	SES083	-0.63324	4.27424	4.90748
BLOCK06/SES063/SA063S09	SES177	-0.795312	4.11217	4.90748
BLOCK06/SES063/SA063S09	SES187	-1.211	3.69648	4.90748
BLOCK06/SES063/SA063S10	SES068	-1.88982	2.62765	4.51747
BLOCK06/SES063/SA063S10	SES083	-1.24089	3.27657	4.51747
BLOCK06/SES063/SA063S10	SES172	-1.37199	3.14548	4.51747
BLOCK06/SES063/SA063S10	SES187	-0.771667	3.7458	4.51747
BLOCK06/SES063/SA063S20	SES068	-2.13126	2.50513	4.63639
BLOCK06/SES063/SA063S20	SES083	-0.699047	3.93735	4.63639
BLOCK06/SES063/SA063S20	SES172	-0.868806	3.76759	4.63639
BLOCK06/SES063/SA063S20	SES187	-1.04769	3.5887	4.63639
BLOCK06/SES063/SA063S24	SES029	-2.17255	2.8699	5.04245
BLOCK06/SES063/SA063S24	SES083	-1.21586	3.82659	5.04245
BLOCK06/SES063/SA063S24	SES177	-0.561168	4.48128	5.04245
BLOCK06/SES063/SA063S24	SES189	-0.768371	4.27408	5.04245
BLOCK06/SES063/SA063S27	SES083	-0.254949	4.07693	4.33188
BLOCK06/SES063/SA063S27	SES172	-1.31021	3.02168	4.33188
BLOCK06/SES063/SA063S27	SES187	-0.761119	3.57076	4.33188
BLOCK06/SES063/SA063S27	SES292	-1.74804	2.58384	4.33188
BLOCK06/SES067/SA067S12	SES083	-1.4317	3.83327	5.26497
BLOCK06/SES067/SA067S12	SES172	-1.82632	3.43865	5.26497
BLOCK06/SES067/SA067S12	SES202	-1.44104	3.82394	5.26497
BLOCK06/SES067/SA067S12	SES292	-2.29098	2.97399	5.26497
BLOCK06/SES067/SA067S14	SES085	-1.36229	4.4141	5.7764
BLOCK06/SES067/SA067S14	SES177	-1.48616	4.29024	5.7764
BLOCK06/SES067/SA067S14	SES183	-0.568855	5.20754	5.7764
BLOCK06/SES067/SA067S14	SES202	-1.29748	4.47891	5.7764
BLOCK06/SES067/SA067S21	SES144	-1.17273	3.22983	4.40256
BLOCK06/SES067/SA067S21	SES177	-0.609479	3.79308	4.40256
BLOCK06/SES067/SA067S21	SES183	-0.966386	3.43618	4.40256
BLOCK06/SES067/SA067S21	SES189	-0.782177	3.62039	4.40256
BLOCK06/SES067/SA067S25	SES085	-1.20803	3.7917	4.99973
BLOCK06/SES067/SA067S25	SES177	-1.71477	3.28497	4.99973
BLOCK06/SES067/SA067S25	SES183	-1.38927	3.61047	4.99973
BLOCK06/SES067/SA067S25	SES202	-1.40596	3.59377	4.99973
BLOCK06/SES067/SA067S29	SES085	-1.68854	3.35886	5.0474
BLOCK06/SES067/SA067S29	SES177	-1.97121	3.07619	5.0474
BLOCK06/SES067/SA067S29	SES183	-0.908429	4.13897	5.0474
BLOCK06/SES067/SA067S29	SES202	-0.488139	4.55926	5.0474
BLOCK06/SES069/SA069S12	SES029	-3.1779	1.32554	4.50344
BLOCK06/SES069/SA069S12	SES082	-1.04283	3.46061	4.50344
BLOCK06/SES069/SA069S12	SES087	-2.09853	2.40491	4.50344
BLOCK06/SES069/SA069S12	SES206	-1.47764	3.02579	4.50344
BLOCK06/SES069/SA069S13	SES029	-3.57052	1.40987	4.98039
BLOCK06/SES069/SA069S13	SES087	-1.6139	3.36648	4.98039
BLOCK06/SES069/SA069S13	SES206	-1.35218	3.62821	4.98039
BLOCK06/SES069/SA069S13	SES226	-0.942432	4.03795	4.98039
BLOCK06/SES069/SA069S23	SES029	-1.27819	4.87434	6.15252
BLOCK06/SES069/SA069S23	SES087	-1.77607	4.37645	6.15252
BLOCK06/SES069/SA069S23	SES206	-1.99242	4.16011	6.15252
BLOCK06/SES069/SA069S23	SES226	-1.54131	4.61121	6.15252
BLOCK06/SES069/SA069S25	SES087	-1.42028	4.3796	5.79989
BLOCK06/SES069/SA069S25	SES206	-2.50725	3.29263	5.79989
BLOCK06/SES069/SA069S25	SES226	-0.681533	5.11835	5.79989
BLOCK06/SES069/SA069S25	SES270	-2.45081	3.34907	5.79989
BLOCK06/SES069/SA069S27	SES087	-2.50864	2.7445	5.25313
BLOCK06/SES069/SA069S27	SES206	-1.35618	3.89695	5.25313
BLOCK06/SES069/SA069S27	SES226	-0.665486	4.58765	5.25313
BLOCK06/SES069/SA069S27	SES270	-2.00041	3.25272	5.25313
BLOCK08/SES081/SA081S11	SES060	-2.12953	2.59946	4.72899
BLOCK08/SES081/SA081S11	SES062	-1.76263	2.96636	4.72899
BLOCK08/SES081/SA081S11	SES117	-2.59947	2.12952	4.72899
BLOCK08/SES081/SA081S11	SES162	-2.36939	2.3596	4.72899
BLOCK08/SES081/SA081S13	SES016	-1.19098	4.25294	5.44391
BLOCK08/SES081/SA081S13	SES060	-0.522522	4.92139	5.44391
BLOCK08/SES081/SA081S13	SES068	-0.992167	4.45175	5.44391
BLOCK08/SES081/SA081S13	SES129	-2.1686	3.27531	5.44391
BLOCK08/SES081/SA081S24	SES060	-0.663722	4.00628	4.67
BLOCK08/SES081/SA081S24	SES068	-0.556197	4.1138	4.67
BLOCK08/SES081/SA081S24	SES117	-2.06107	2.60893	4.67
BLOCK08/SES081/SA081S24	SES275	-1.13162	3.53837	4.67
BLOCK08/SES081/SA081S27	SES007	-1.15024	3.46182	4.61206
BLOCK08/SES081/SA081S27	SES060	-1.40514	3.20692	4.61206
BLOCK08/SES081/SA081S27	SES117	-0.736522	3.87553	4.61206
BLOCK08/SES081/SA081S27	SES275	-1.27629	3.33576	4.61206
BLOCK08/SES081/SA081S29	SES007	-0.823675	3.99406	4.81773
BLOCK08/SES081/SA081S29	SES060	-0.969322	3.84841	4.81773
BLOCK08/SES081/SA081S29	SES117	-1.33101	3.48672	4.81773
BLOCK08/SES081/SA081S29	SES275	-1.15243	3.66531	4.81773
BLOCK08/SES086/SA086S11	SES029	-3.97704	-0.937832	3.03921
BLOCK08/SES086/SA086S11	SES082	-2.51709	0.522113	3.03921
BLOCK08/SES086/SA086S11	SES087	-1.13435	1.90486	3.03921
BLOCK08/SES086/SA086S11	SES206	-2.25455	0.784652	3.03921
BLOCK08/SES086/SA086S12	SES029	-2.54171	2.03726	4.57897
BLOCK08/SES086/SA086S12	SES082	-2.6618	1.91717	4.57897
BLOCK08/SES086/SA086S12	SES087	-0.735123	3.84385	4.57897
BLOCK08/SES086/SA086S12	SES206	-1.66417	2.9148	4.57897
BLOCK08/SES086/SA086S20	SES029	-4.11357	0.754547	4.86812
BLOCK08/SES086/SA086S20	SES082	-3.12185	1.74627	4.86812
BLOCK08/SES086/SA086S20	SES087	-0.763195	4.10492	4.86812
BLOCK08/SES086/SA086S20	SES206	-1.40549	3.46263	4.86812
BLOCK08/SES086/SA086S24	SES087	-0.819333	2.74383	3.56316
BLOCK08/SES086/SA086S24	SES104	-2.2352	1.32796	3.56316
BLOCK08/SES086/SA086S24	SES120	-2.04886	1.51431	3.56316
BLOCK08/SES086/SA086S24	SES206	-0.842932	2.72023	3.56316
BLOCK08/SES086/SA086S28	SES029	-3.1339	1.6155	4.7494
BLOCK08/SES086/SA086S28	SES082	-2.48809	2.26131	4.7494
BLOCK08/SES086/SA086S28	SES087	-1.07288	3.67652	4.7494
BLOCK08/SES086/SA086S28	SES206	-1.3951	3.3543	4.7494
BLOCK08/SES089/SA089S13	SES087	-1.83433	1.65038	3.48471
BLOCK08/SES089/SA089S13	SES206	-1.82335	1.66136	3.48471
BLOCK08/SES089/SA089S13	SES226	-1.74763	1.73709	3.48471
BLOCK08/SES089/SA089S13	SES270	-3.03363	0.451081	3.48471
BLOCK08/SES089/SA089S14	SES062	-2.29656	1.97665	4.27321
BLOCK08/SES089/SA089S14	SES087	-1.20476	3.06846	4.27321
BLOCK08/SES089/SA089S14	SES206	-1.54747	2.72574	4.27321
BLOCK08/SES089/SA089S14	SES226	-1.68372	2.58949	4.27321
BLOCK08/SES089/SA089S23	SES087	-1.12574	1.60061	2.72635
BLOCK08/SES089/SA089S23	SES206	-1.12262	1.60373	2.72635
BLOCK08/SES089/SA089S23	SES226	-2.18443	0.541925	2.72635
BLOCK08/SES089/SA089S23	SES270	-2.44531	0.281041	2.72635
BLOCK08/SES089/SA089S25	SES062	-2.2736	1.97745	4.25105
BLOCK08/SES089/SA089S25	SES087	-1.19798	3.05306	4.25105
BLOCK08/SES089/SA089S25	SES206	-1.93585	2.3152	4.25105
BLOCK08/SES089/SA089S25	SES226	-1.75741	2.49363	4.25105
BLOCK08/SES089/SA089S28	SES062	-1.48245	2.46959	3.95204
BLOCK08/SES089/SA089S28	SES087	-0.60449	3.34755	3.95204
BLOCK08/SES089/SA089S28	SES206	-0.8801	3.07194	3.95204
BLOCK08/SES089/SA089S28	SES226	-1.32737	2.62466	3.95204
BLOCK09/SES097/SA097S11	SES099	-0.201791	3.93278	4.13457
BLOCK09/SES097/SA097S11	SES125	-1.66262	2.47194	4.13457
BLOCK09/SES097/SA097S11	SES206	-1.12525	3.00932	4.13457
BLOCK09/SES097/SA097S11	SES226	-0.829886	3.30468	4.13457
BLOCK09/SES097/SA097S14	SES062	-1.62847	2.03807	3.66654
BLOCK09/SES097/SA097S14	SES099	-1.45916	2.20737	3.66654
BLOCK09/SES097/SA097S14	SES104	-1.59092	2.07562	3.66654
BLOCK09/SES097/SA097S14	SES206	-2.26639	1.40015	3.66654
BLOCK09/SES097/SA097S22	SES099	-0.338242	3.0987	3.43694
BLOCK09/SES097/SA097S22	SES206	-0.827056	2.60988	3.43694
BLOCK09/SES097/SA097S22	SES226	-1.85265	1.58429	3.43694
BLOCK09/SES097/SA097S22	SES270	-0.786909	2.65003	3.43694
BLOCK09/SES097/SA097S26	SES099	-0.647873	2.93558	3.58346
BLOCK09/SES097/SA097S26	SES120	-1.62407	1.95939	3.58346
BLOCK09/SES097/SA097S26	SES206	-1.42857	2.15489	3.58346
BLOCK09/SES097/SA097S26	SES226	-2.91725	0.666205	3.58346
BLOCK09/SES097/SA097S28	SES099	-0.985891	2.98243	3.96832
BLOCK09/SES097/SA097S28	SES120	-1.26232	2.706	3.96832
BLOCK09/SES097/SA097S28	SES206	-1.89377	2.07455	3.96832
BLOCK09/SES097/SA097S28	SES226	-2.80422	1.1641	3.96832
BLOCK09/SES098/SA098S11	SES127	-1.3791	2.77809	4.15719
BLOCK09/SES098/SA098S11	SES144	-1.22957	2.92762	4.15719
BLOCK09/SES098/SA098S11	SES147	-1.01024	3.14695	4.15719
BLOCK09/SES098/SA098S11	SES148	-3.10183	1.05536	4.15719
BLOCK09/SES098/SA098S12	SES127	-2.26997	1.0141	3.28407
BLOCK09/SES098/SA098S12	SES144	-1.73923	1.54484	3.28407
BLOCK09/SES098/SA098S12	SES147	-1.75899	1.52508	3.28407
BLOCK09/SES098/SA098S12	SES189	-2.11499	1.16908	3.28407
BLOCK09/SES098/SA098S20	SES127	-2.9074	0.800673	3.70807
BLOCK09/SES098/SA098S20	SES147	-2.126	1.58207	3.70807
BLOCK09/SES098/SA098S20	SES148	-2.80045	0.907618	3.70807
BLOCK09/SES098/SA098S20	SES292	-1.86219	1.84588	3.70807
BLOCK09/SES098/SA098S23	SES127	-1.70066	3.08009	4.78075
BLOCK09/SES098/SA098S23	SES147	-1.73743	3.04331	4.78075
BLOCK09/SES098/SA098S23	SES187	-1.42437	3.35637	4.78075
BLOCK09/SES098/SA098S23	SES292	-1.17541	3.60533	4.78075
BLOCK09/SES098/SA098S27	SES127	-2.84854	0.952144	3.80068
BLOCK09/SES098/SA098S27	SES147	-2.69028	1.1104	3.80068
BLOCK09/SES098/SA098S27	SES148	-3.45712	0.343555	3.80068
BLOCK09/SES098/SA098S27	SES292	-1.17139	2.62929	3.80068
BLOCK10/SES102/SA102S13	SES101	-1.00891	3.14418	4.15309
BLOCK10/SES102/SA102S13	SES105	-1.60998	2.54311	4.15309
BLOCK10/SES102/SA102S13	SES120	-2.27607	1.87702	4.15309
BLOCK10/SES102/SA102S13	SES158	-2.18107	1.97201	4.15309
BLOCK10/SES102/SA102S14	SES007	-0.889623	4.34127	5.23089
BLOCK10/SES102/SA102S14	SES101	-0.636509	4.59438	5.23089
BLOCK10/SES102/SA102S14	SES105	-0.800321	4.43057	5.23089
BLOCK10/SES102/SA102S14	SES147	-2.94342	2.28748	5.23089
BLOCK10/SES102/SA102S22	SES007	-1.45626	3.61354	5.0698
BLOCK10/SES102/SA102S22	SES101	-0.669391	4.40041	5.0698
BLOCK10/SES102/SA102S22	SES105	-0.881285	4.18851	5.0698
BLOCK10/SES102/SA102S22	SES158	-2.18069	2.88911	5.0698
BLOCK10/SES102/SA102S25	SES007	-1.24765	3.43043	4.67808
BLOCK10/SES102/SA102S25	SES101	-0.574604	4.10348	4.67808
BLOCK10/SES102/SA102S25	SES105	-1.38476	3.29332	4.67808
BLOCK10/SES102/SA102S25	SES147	-2.96387	1.71421	4.67808
BLOCK10/SES102/SA102S27	SES007	-1.47306	2.60453	4.07759
BLOCK10/SES102/SA102S27	SES101	-0.426706	3.65089	4.07759
BLOCK10/SES102/SA102S27	SES105	-1.42561	2.65198	4.07759
BLOCK10/SES102/SA102S27	SES147	-2.54162	1.53598	4.07759
BLOCK10/SES103/SA103S14	SES105	-3.22877	-0.442859	2.78591
BLOCK10/SES103/SA103S14	SES106	-1.74324	1.04266	2.78591
BLOCK10/SES103/SA103S14	SES120	-2.37314	0.412764	2.78591
BLOCK10/SES103/SA103S14	SES206	-2.87787	-0.0919602	2.78591
BLOCK10/SES103/SA103S15	SES099	-1.73873	0.0104764	1.74921
BLOCK10/SES103/SA103S15	SES101	-4.16547	-2.41626	1.74921
BLOCK10/SES103/SA103S15	SES104	-3.32179	-1.57258	1.74921
BLOCK10/SES103/SA103S15	SES125	-2.54122	-0.792005	1.74921
BLOCK10/SES103/SA103S24	SES104	-2.5399	0.711271	3.25117
BLOCK10/SES103/SA103S24	SES125	-2.92832	0.322846	3.25117
BLOCK10/SES103/SA103S24	SES148	-3.02841	0.222751	3.25117
BLOCK10/SES103/SA103S24	SES158	-1.84442	1.40675	3.25117
BLOCK10/SES103/SA103S26	SES104	-2.07123	0.576897	2.64813
BLOCK10/SES103/SA103S26	SES106	-1.34463	1.3035	2.64813
BLOCK10/SES103/SA103S26	SES125	-2.1631	0.485028	2.64813
BLOCK10/SES103/SA103S26	SES148	-3.62988	-0.981748	2.64813
BLOCK10/SES103/SA103S28	SES104	-2.79133	-0.620189	2.17114
BLOCK10/SES103/SA103S28	SES106	-1.4594	0.711741	2.17114
BLOCK10/SES103/SA103S28	SES125	-3.12603	-0.954898	2.17114
BLOCK10/SES103/SA103S28	SES206	-3.20007	-1.02893	2.17114
BLOCK12/SES121/SA121S12	SES042	-2.10371	0.229557	2.33327
BLOCK12/SES121/SA121S12	SES087	-1.25672	1.07655	2.33327
BLOCK12/SES121/SA121S12	SES105	-1.49496	0.838311	2.33327
BLOCK12/SES121/SA121S12	SES206	-1.69492	0.63835	2.33327
BLOCK12/SES121/SA121S14	SES007	-2.53775	-0.585968	1.95178
BLOCK12/SES121/SA121S14	SES105	-2.67705	-0.725266	1.95178
BLOCK12/SES121/SA121S14	SES106	-1.72972	0.222065	1.95178
BLOCK12/SES121/SA121S14	SES206	-2.01578	-0.0639937	1.95178
BLOCK12/SES121/SA121S23	SES105	-2.61364	-0.582998	2.03064
BLOCK12/SES121/SA121S23	SES106	-1.40006	0.630583	2.03064
BLOCK12/SES121/SA121S23	SES120	-2.16623	-0.135585	2.03064
BLOCK12/SES121/SA121S23	SES206	-1.4935	0.537139	2.03064
BLOCK12/SES121/SA121S25	SES007	-1.73066	0.0653273	1.79599
BLOCK12/SES121/SA121S25	SES105	-2.85494	-1.05895	1.79599
BLOCK12/SES121/SA121S25	SES106	-1.48101	0.314975	1.79599
BLOCK12/SES121/SA121S25	SES206	-1.61138	0.184605	1.79599
BLOCK12/SES121/SA121S27	SES087	-0.685427	2.11505	2.80048
BLOCK12/SES121/SA121S27	SES105	-3.64405	-0.843575	2.80048
BLOCK12/SES121/SA121S27	SES120	-1.30182	1.49866	2.80048
BLOCK12/SES121/SA121S27	SES206	-0.809114	1.99136	2.80048
BLOCK12/SES124/SA124S16	SES042	-0.467348	3.17261	3.63996
BLOCK12/SES124/SA124S16	SES082	-2.2092	1.43075	3.63996
BLOCK12/SES124/SA124S16	SES183	-2.39312	1.24683	3.63996
BLOCK12/SES124/SA124S16	SES206	-2.39995	1.24001	3.63996
BLOCK12/SES124/SA124S17	SES105	-2.07679	0.309287	2.38608
BLOCK12/SES124/SA124S17	SES149	-2.93124	-0.545161	2.38608
BLOCK12/SES124/SA124S17	SES158	-3.01711	-0.631029	2.38608
BLOCK12/SES124/SA124S17	SES275	-1.37058	1.01549	2.38608
BLOCK12/SES124/SA124S23	SES105	-2.81378	1.60233	4.41611
BLOCK12/SES124/SA124S23	SES125	-0.711054	3.70505	4.41611
BLOCK12/SES124/SA124S23	SES129	-3.66164	0.754466	4.41611
BLOCK12/SES124/SA124S23	SES158	-0.750196	3.66591	4.41611
BLOCK12/SES124/SA124S26	SES105	-3.82503	-0.21369	3.61134
BLOCK12/SES124/SA124S26	SES125	-2.19152	1.41982	3.61134
BLOCK12/SES124/SA124S26	SES129	-3.85612	-0.244779	3.61134
BLOCK12/SES124/SA124S26	SES158	-1.92095	1.69039	3.61134
BLOCK12/SES124/SA124S28	SES104	-1.222	2.76882	3.99083
BLOCK12/SES124/SA124S28	SES106	-1.1378	2.85303	3.99083
BLOCK12/SES124/SA124S28	SES125	-0.478922	3.5119	3.99083
BLOCK12/SES124/SA124S28	SES275	-2.68444	1.30639	3.99083
BLOCK12/SES126/SA126S13	SES007	-1.16522	3.468	4.63322
BLOCK12/SES126/SA126S13	SES162	-1.90757	2.72565	4.63322
BLOCK12/SES126/SA126S13	SES177	-0.977717	3.6555	4.63322
BLOCK12/SES126/SA126S13	SES180	-1.2953	3.33792	4.63322
BLOCK12/SES126/SA126S14	SES144	-1.53079	3.509	5.03978
BLOCK12/SES126/SA126S14	SES148	-2.2281	2.81169	5.03978
BLOCK12/SES126/SA126S14	SES177	-0.87491	4.16487	5.03978
BLOCK12/SES126/SA126S14	SES180	-2.49371	2.54608	5.03978
BLOCK12/SES126/SA126S20	SES007	-1.12353	4.00917	5.1327
BLOCK12/SES126/SA126S20	SES162	-2.30835	2.82435	5.1327
BLOCK12/SES126/SA126S20	SES172	-2.5316	2.6011	5.1327
BLOCK12/SES126/SA126S20	SES180	-2.5212	2.61151	5.1327
BLOCK12/SES126/SA126S24	SES120	-0.524838	4.43523	4.96007
BLOCK12/SES126/SA126S24	SES162	-1.61989	3.34018	4.96007
BLOCK12/SES126/SA126S24	SES177	-0.366681	4.59339	4.96007
BLOCK12/SES126/SA126S24	SES180	-1.30438	3.65569	4.96007
BLOCK12/SES126/SA126S26	SES120	-0.845031	3.81486	4.65989
BLOCK12/SES126/SA126S26	SES177	-1.60291	3.05698	4.65989
BLOCK12/SES126/SA126S26	SES180	-2.09822	2.56167	4.65989
BLOCK12/SES126/SA126S26	SES202	-2.47256	2.18733	4.65989
BLOCK12/SES128/SA128S10	SES087	-2.91945	1.03468	3.95412
BLOCK12/SES128/SA128S10	SES206	-1.89905	2.05507	3.95412
BLOCK12/SES128/SA128S10	SES226	-1.70031	2.25381	3.95412
BLOCK12/SES128/SA128S10	SES270	-1.22256	2.73157	3.95412
BLOCK12/SES128/SA128S12	SES120	-1.20243	2.27909	3.48152
BLOCK12/SES128/SA128S12	SES158	-2.20228	1.27924	3.48152
BLOCK12/SES128/SA128S12	SES206	-1.93929	1.54222	3.48152
BLOCK12/SES128/SA128S12	SES226	-1.95897	1.52254	3.48152
BLOCK12/SES128/SA128S21	SES106	-1.98006	1.57189	3.55195
BLOCK12/SES128/SA128S21	SES120	-2.29897	1.25297	3.55195
BLOCK12/SES128/SA128S21	SES206	-1.37496	2.17699	3.55195
BLOCK12/SES128/SA128S21	SES226	-1.13862	2.41332	3.55195
BLOCK12/SES128/SA128S24	SES087	-1.91551	1.7778	3.69331
BLOCK12/SES128/SA128S24	SES120	-1.11734	2.57597	3.69331
BLOCK12/SES128/SA128S24	SES206	-1.32545	2.36786	3.69331
BLOCK12/SES128/SA128S24	SES226	-1.87551	1.8178	3.69331
BLOCK12/SES128/SA128S27	SES099	-1.01095	3.76361	4.77456
BLOCK12/SES128/SA128S27	SES120	-1.17904	3.59552	4.77456
BLOCK12/SES128/SA128S27	SES206	-1.3122	3.46236	4.77456
BLOCK12/SES128/SA128S27	SES226	-1.65822	3.11634	4.77456
BLOCK13/SES130/SA130S13	SES143	-1.2914	2.94855	4.23995
BLOCK13/SES130/SA130S13	SES144	-0.525164	3.71479	4.23995
BLOCK13/SES130/SA130S13	SES146	-2.15424	2.08571	4.23995
BLOCK13/SES130/SA130S13	SES275	-2.46646	1.77349	4.23995
BLOCK13/SES130/SA130S15	SES143	-1.50759	3.64702	5.15461
BLOCK13/SES130/SA130S15	SES144	-0.281369	4.87324	5.15461
BLOCK13/SES130/SA130S15	SES146	-1.0149	4.13971	5.15461
BLOCK13/SES130/SA130S15	SES275	-1.25797	3.89664	5.15461
BLOCK13/SES130/SA130S23	SES127	-1.55546	2.12177	3.67723
BLOCK13/SES130/SA130S23	SES144	-1.70672	1.97051	3.67723
BLOCK13/SES130/SA130S23	SES146	-1.18114	2.49608	3.67723
BLOCK13/SES130/SA130S23	SES162	-0.769911	2.90732	3.67723
BLOCK13/SES130/SA130S25	SES127	-0.909417	3.81602	4.72544
BLOCK13/SES130/SA130S25	SES144	-0.877071	3.84837	4.72544
BLOCK13/SES130/SA130S25	SES146	-1.12925	3.59619	4.72544
BLOCK13/SES130/SA130S25	SES275	-1.02586	3.69957	4.72544
BLOCK13/SES130/SA130S28	SES127	-1.11657	3.04792	4.16449
BLOCK13/SES130/SA130S28	SES144	-1.18992	2.97457	4.16449
BLOCK13/SES130/SA130S28	SES146	-1.27378	2.89071	4.16449
BLOCK13/SES130/SA130S28	SES275	-0.735634	3.42886	4.16449
BLOCK13/SES131/SA131S13	SES002	-1.91653	-0.0754038	1.84112
BLOCK13/SES131/SA131S13	SES007	-2.41586	-0.574739	1.84112
BLOCK13/SES131/SA131S13	SES099	-1.72672	0.114401	1.84112
BLOCK13/SES131/SA131S13	SES105	-2.03187	-0.190745	1.84112
BLOCK13/SES131/SA131S14	SES104	-0.882966	2.74385	3.62682
BLOCK13/SES131/SA131S14	SES106	-1.53937	2.08745	3.62682
BLOCK13/SES131/SA131S14	SES125	-1.86168	1.76513	3.62682
BLOCK13/SES131/SA131S14	SES148	-1.50168	2.12514	3.62682
BLOCK13/SES131/SA131S20	SES104	-2.72989	-0.372207	2.35769
BLOCK13/SES131/SA131S20	SES106	-2.14571	0.211976	2.35769
BLOCK13/SES131/SA131S20	SES125	-3.2164	-0.858717	2.35769
BLOCK13/SES131/SA131S20	SES148	-2.53804	-0.18035	2.35769
BLOCK13/SES131/SA131S22	SES099	-1.87931	1.60261	3.48193
BLOCK13/SES131/SA131S22	SES104	-2.14051	1.34142	3.48193
BLOCK13/SES131/SA131S22	SES125	-2.46902	1.01291	3.48193
BLOCK13/SES131/SA131S22	SES206	-2.64707	0.834861	3.48193
BLOCK13/SES131/SA131S29	SES087	-2.19371	0.344453	2.53816
BLOCK13/SES131/SA131S29	SES104	-2.89705	-0.35889	2.53816
BLOCK13/SES131/SA131S29	SES125	-2.57653	-0.0383614	2.53816
BLOCK13/SES131/SA131S29	SES206	-2.29995	0.238219	2.53816
BLOCK13/SES132/SA132S11	SES083	-2.53542	2.13107	4.66649
BLOCK13/SES132/SA132S11	SES120	-0.319471	4.34702	4.66649
BLOCK13/SES132/SA132S11	SES127	-1.71612	2.95038	4.66649
BLOCK13/SES132/SA132S11	SES275	-1.44556	3.22094	4.66649
BLOCK13/SES132/SA132S12	SES083	-1.90027	3.30325	5.20352
BLOCK13/SES132/SA132S12	SES143	-1.87012	3.3334	5.20352
BLOCK13/SES132/SA132S12	SES144	-1.17146	4.03207	5.20352
BLOCK13/SES132/SA132S12	SES148	-0.890917	4.3126	5.20352
BLOCK13/SES132/SA132S22	SES062	-0.811258	3.94023	4.75149
BLOCK13/SES132/SA132S22	SES083	-2.32889	2.4226	4.75149
BLOCK13/SES132/SA132S22	SES127	-1.41599	3.3355	4.75149
BLOCK13/SES132/SA132S22	SES275	-0.806034	3.94546	4.75149
BLOCK13/SES132/SA132S24	SES007	-0.997931	4.53817	5.5361
BLOCK13/SES132/SA132S24	SES083	-2.23293	3.30317	5.5361
BLOCK13/SES132/SA132S24	SES127	-1.97427	3.56183	5.5361
BLOCK13/SES132/SA132S24	SES275	-0.948359	4.58774	5.5361
BLOCK13/SES132/SA132S27	SES083	-2.77314	1.44825	4.22139
BLOCK13/SES132/SA132S27	SES120	-0.112071	4.10932	4.22139
BLOCK13/SES132/SA132S27	SES127	-2.16156	2.05983	4.22139
BLOCK13/SES132/SA132S27	SES275	-1.78468	2.43671	4.22139
BLOCK14/SES141/SA141S09	SES143	-1.53836	3.54809	5.08646
BLOCK14/SES141/SA141S09	SES144	-1.33455	3.7519	5.08646
BLOCK14/SES141/SA141S09	SES162	-1.89171	3.19475	5.08646
BLOCK14/SES141/SA141S09	SES180	-1.70839	3.37807	5.08646
BLOCK14/SES141/SA141S15	SES127	-1.29744	3.45136	4.74879
BLOCK14/SES141/SA141S15	SES144	-1.63864	3.11015	4.74879
BLOCK14/SES141/SA141S15	SES162	-1.58795	3.16085	4.74879
BLOCK14/SES141/SA141S15	SES180	-1.52164	3.22715	4.74879
BLOCK14/SES141/SA141S24	SES127	-0.929913	4.1365	5.06642
BLOCK14/SES141/SA141S24	SES144	-1.62592	3.4405	5.06642
BLOCK14/SES141/SA141S24	SES162	-1.51338	3.55303	5.06642
BLOCK14/SES141/SA141S24	SES183	-1.87637	3.19004	5.06642
BLOCK14/SES141/SA141S26	SES142	-1.26339	3.29408	4.55747
BLOCK14/SES141/SA141S26	SES144	-2.03965	2.51781	4.55747
BLOCK14/SES141/SA141S26	SES172	-1.12932	3.42815	4.55747
BLOCK14/SES141/SA141S26	SES180	-1.89578	2.66169	4.55747
BLOCK14/SES141/SA141S29	SES127	-0.806746	3.99766	4.80441
BLOCK14/SES141/SA141S29	SES142	-0.791916	4.01249	4.80441
BLOCK14/SES141/SA141S29	SES144	-1.49891	3.3055	4.80441
BLOCK14/SES141/SA141S29	SES180	-1.23216	3.57225	4.80441
BLOCK15/SES157/SA157S08	SES083	-2.36238	1.60669	3.96907
BLOCK15/SES157/SA157S08	SES127	-1.25225	2.71682	3.96907
BLOCK15/SES157/SA157S08	SES148	-1.42935	2.53972	3.96907
BLOCK15/SES157/SA157S08	SES292	-1.98686	1.98221	3.96907
BLOCK15/SES157/SA157S11	SES083	-2.0467	2.20307	4.24978
BLOCK15/SES157/SA157S11	SES127	-1.06439	3.18538	4.24978
BLOCK15/SES157/SA157S11	SES148	-1.519	2.73078	4.24978
BLOCK15/SES157/SA157S11	SES292	-1.98868	2.2611	4.24978
BLOCK15/SES157/SA157S21	SES127	-0.580022	3.26291	3.84293
BLOCK15/SES157/SA157S21	SES148	-0.153387	3.68954	3.84293
BLOCK15/SES157/SA157S21	SES158	-5.06475	-1.22183	3.84293
BLOCK15/SES157/SA157S21	SES292	-1.74359	2.09934	3.84293
BLOCK15/SES157/SA157S24	SES127	-0.690802	3.64476	4.33556
BLOCK15/SES157/SA157S24	SES148	-1.42841	2.90715	4.33556
BLOCK15/SES157/SA157S24	SES183	-1.51854	2.81702	4.33556
BLOCK15/SES157/SA157S24	SES292	-2.23739	2.09817	4.33556
BLOCK15/SES157/SA157S26	SES007	-0.864258	3.78521	4.64947
BLOCK15/SES157/SA157S26	SES127	-0.721846	3.92763	4.64947
BLOCK15/SES157/SA157S26	SES147	-1.77682	2.87265	4.64947
BLOCK15/SES157/SA157S26	SES148	-1.17728	3.47219	4.64947
BLOCK16/SES161/SA161S10	SES007	-1.77886	1.30624	3.0851
BLOCK16/SES161/SA161S10	SES105	-1.73948	1.34562	3.0851
BLOCK16/SES161/SA161S10	SES158	-1.82321	1.26189	3.0851
BLOCK16/SES161/SA161S10	SES275	-1.46515	1.61994	3.0851
BLOCK16/SES161/SA161S12	SES007	-2.20596	0.903816	3.10978
BLOCK16/SES161/SA161S12	SES105	-3.1415	-0.0317291	3.10978
BLOCK16/SES161/SA161S12	SES158	-1.51573	1.59404	3.10978
BLOCK16/SES161/SA161S12	SES275	-1.70841	1.40137	3.10978
BLOCK16/SES161/SA161S20	SES007	-2.60582	0.826046	3.43187
BLOCK16/SES161/SA161S20	SES105	-3.02401	0.407858	3.43187
BLOCK16/SES161/SA161S20	SES158	-1.23473	2.19714	3.43187
BLOCK16/SES161/SA161S20	SES275	-2.13995	1.29192	3.43187
BLOCK16/SES161/SA161S23	SES007	-2.99252	0.650516	3.64304
BLOCK16/SES161/SA161S23	SES105	-2.13077	1.51226	3.64304
BLOCK16/SES161/SA161S23	SES148	-2.58837	1.05466	3.64304
BLOCK16/SES161/SA161S23	SES158	-1.90091	1.74213	3.64304
BLOCK16/SES161/SA161S28	SES007	-3.08524	0.332469	3.41771
BLOCK16/SES161/SA161S28	SES105	-3.1815	0.236211	3.41771
BLOCK16/SES161/SA161S28	SES158	-1.49794	1.91977	3.41771
BLOCK16/SES161/SA161S28	SES206	-1.59654	1.82117	3.41771
BLOCK16/SES164/SA164S11	SES104	-2.55585	0.894136	3.44999
BLOCK16/SES164/SA164S11	SES125	-2.03575	1.41424	3.44999
BLOCK16/SES164/SA164S11	SES158	-0.633479	2.81651	3.44999
BLOCK16/SES164/SA164S11	SES206	-2.58405	0.865934	3.44999
BLOCK16/SES164/SA164S13	SES099	-2.09135	0.0373597	2.12871
BLOCK16/SES164/SA164S13	SES104	-2.36581	-0.237101	2.12871
BLOCK16/SES164/SA164S13	SES125	-3.02931	-0.900602	2.12871
BLOCK16/SES164/SA164S13	SES206	-2.27955	-0.150846	2.12871
BLOCK16/SES164/SA164S24	SES002	-0.768044	2.42822	3.19626
BLOCK16/SES164/SA164S24	SES099	-2.03371	1.16255	3.19626
BLOCK16/SES164/SA164S24	SES125	-2.97163	0.224629	3.19626
BLOCK16/SES164/SA164S24	SES226	-0.967483	2.22878	3.19626
BLOCK16/SES164/SA164S27	SES087	-2.57361	-0.383501	2.1901
BLOCK16/SES164/SA164S27	SES125	-2.56664	-0.376533	2.1901
BLOCK16/SES164/SA164S27	SES206	-2.87287	-0.682768	2.1901
BLOCK16/SES164/SA164S27	SES226	-1.90276	0.287341	2.1901
BLOCK16/SES164/SA164S29	SES002	-0.296889	1.91084	2.20773
BLOCK16/SES164/SA164S29	SES019	-2.10067	0.107061	2.20773
BLOCK16/SES164/SA164S29	SES125	-2.34703	-0.1393	2.20773
BLOCK16/SES164/SA164S29	SES226	-1.80869	0.399038	2.20773
BLOCK16/SES169/SA169S13	SES117	-1.31311	2.57316	3.88628
BLOCK16/SES169/SA169S13	SES144	-1.22828	2.658	3.88628
BLOCK16/SES169/SA169S13	SES146	-1.3725	2.51377	3.88628
BLOCK16/SES169/SA169S13	SES162	-0.878135	3.00814	3.88628
BLOCK16/SES169/SA169S14	SES144	-1.66087	3.20757	4.86844
BLOCK16/SES169/SA169S14	SES148	-1.60158	3.26686	4.86844
BLOCK16/SES169/SA169S14	SES177	-0.591613	4.27682	4.86844
BLOCK16/SES169/SA169S14	SES180	-2.01054	2.85789	4.86844
BLOCK16/SES169/SA169S24	SES117	-1.2857	1.88596	3.17166
BLOCK16/SES169/SA169S24	SES144	-1.01809	2.15357	3.17166
BLOCK16/SES169/SA169S24	SES146	-0.798414	2.37325	3.17166
BLOCK16/SES169/SA169S24	SES162	-0.998704	2.17296	3.17166
BLOCK16/SES169/SA169S27	SES127	-1.06225	2.75878	3.82103
BLOCK16/SES169/SA169S27	SES129	-1.43944	2.38159	3.82103
BLOCK16/SES169/SA169S27	SES144	-1.7019	2.11913	3.82103
BLOCK16/SES169/SA169S27	SES146	-0.201938	3.61909	3.82103
BLOCK16/SES169/SA169S29	SES144	-0.711238	4.14884	4.86008
BLOCK16/SES169/SA169S29	SES162	-0.531821	4.32826	4.86008
BLOCK16/SES169/SA169S29	SES177	-1.60021	3.25987	4.86008
BLOCK16/SES169/SA169S29	SES180	-1.17291	3.68717	4.86008
BLOCK17/SES171/SA171S12	SES083	-1.97706	1.36518	3.34224
BLOCK17/SES171/SA171S12	SES148	-2.09547	1.24677	3.34224
BLOCK17/SES171/SA171S12	SES172	-1.67037	1.67187	3.34224
BLOCK17/SES171/SA171S12	SES292	-3.07009	0.272145	3.34224
BLOCK17/SES171/SA171S15	SES148	-1.71269	1.92107	3.63376
BLOCK17/SES171/SA171S15	SES177	-1.151	2.48277	3.63376
BLOCK17/SES171/SA171S15	SES180	-3.67302	-0.0392612	3.63376
BLOCK17/SES171/SA171S15	SES292	-2.18041	1.45335	3.63376
BLOCK17/SES171/SA171S22	SES007	-1.97064	2.7402	4.71084
BLOCK17/SES171/SA171S22	SES148	-1.68544	3.0254	4.71084
BLOCK17/SES171/SA171S22	SES177	-0.660008	4.05083	4.71084
BLOCK17/SES171/SA171S22	SES180	-2.54302	2.16782	4.71084
BLOCK17/SES171/SA171S25	SES101	-1.57662	2.00368	3.5803
BLOCK17/SES171/SA171S25	SES120	-2.97119	0.609108	3.5803
BLOCK17/SES171/SA171S25	SES177	-1.32602	2.25428	3.5803
BLOCK17/SES171/SA171S25	SES180	-2.57301	1.00729	3.5803
BLOCK17/SES171/SA171S27	SES177	-0.811509	3.26144	4.07295
BLOCK17/SES171/SA171S27	SES180	-2.59721	1.47574	4.07295
BLOCK17/SES171/SA171S27	SES189	-0.867454	3.2055	4.07295
BLOCK17/SES171/SA171S27	SES292	-2.02936	2.04359	4.07295
BLOCK17/SES173/SA173S13	SES162	-3.40972	1.29936	4.70908
BLOCK17/SES173/SA173S13	SES177	-1.64478	3.0643	4.70908
BLOCK17/SES173/SA173S13	SES180	-3.66013	1.04895	4.70908
BLOCK17/SES173/SA173S13	SES292	-0.913158	3.79593	4.70908
BLOCK17/SES173/SA173S14	SES007	-1.45645	2.64435	4.1008
BLOCK17/SES173/SA173S14	SES162	-3.21143	0.889366	4.1008
BLOCK17/SES173/SA173S14	SES177	-1.41323	2.68757	4.1008
BLOCK17/SES173/SA173S14	SES180	-3.51596	0.584842	4.1008
BLOCK17/SES173/SA173S24	SES144	-2.32997	1.59999	3.92996
BLOCK17/SES173/SA173S24	SES162	-3.07288	0.857076	3.92996
BLOCK17/SES173/SA173S24	SES177	-1.59099	2.33897	3.92996
BLOCK17/SES173/SA173S24	SES180	-3.33495	0.595013	3.92996
BLOCK17/SES173/SA173S27	SES162	-3.42405	1.01391	4.43796
BLOCK17/SES173/SA173S27	SES177	-2.1708	2.26716	4.43796
BLOCK17/SES173/SA173S27	SES180	-2.61919	1.81877	4.43796
BLOCK17/SES173/SA173S27	SES292	-0.419592	4.01837	4.43796
BLOCK17/SES173/SA173S29	SES162	-2.55358	1.96015	4.51373
BLOCK17/SES173/SA173S29	SES175	-1.40816	3.10557	4.51373
BLOCK17/SES173/SA173S29	SES177	-0.999589	3.51414	4.51373
BLOCK17/SES173/SA173S29	SES292	-1.75414	2.75959	4.51373
BLOCK18/SES182/SA182S10	SES144	-1.25145	2.55113	3.80258
BLOCK18/SES182/SA182S10	SES177	-1.57165	2.23093	3.80258
BLOCK18/SES182/SA182S10	SES180	-2.85943	0.943147	3.80258
BLOCK18/SES182/SA182S10	SES275	-0.727272	3.07531	3.80258
BLOCK18/SES182/SA182S12	SES144	-0.16719	4.39082	4.55801
BLOCK18/SES182/SA182S12	SES177	-0.680256	3.87775	4.55801
BLOCK18/SES182/SA182S12	SES180	-0.961333	3.59668	4.55801
BLOCK18/SES182/SA182S12	SES275	-0.584881	3.97313	4.55801
BLOCK18/SES182/SA182S21	SES117	-1.95826	2.06488	4.02315
BLOCK18/SES182/SA182S21	SES144	-1.41932	2.60382	4.02315
BLOCK18/SES182/SA182S21	SES162	-1.26895	2.7542	4.02315
BLOCK18/SES182/SA182S21	SES180	-2.68398	1.33917	4.02315
BLOCK18/SES182/SA182S23	SES117	-1.46836	2.42461	3.89297
BLOCK18/SES182/SA182S23	SES144	-1.33471	2.55826	3.89297
BLOCK18/SES182/SA182S23	SES180	-2.80501	1.08796	3.89297
BLOCK18/SES182/SA182S23	SES275	-0.381702	3.51127	3.89297
BLOCK18/SES182/SA182S25	SES007	-0.330139	3.11923	3.44937
BLOCK18/SES182/SA182S25	SES162	-1.05551	2.39385	3.44937
BLOCK18/SES182/SA182S25	SES177	-1.24856	2.20081	3.44937
BLOCK18/SES182/SA182S25	SES180	-2.31663	1.13273	3.44937
BLOCK18/SES184/SA184S12	SES177	-1.90465	2.33341	4.23806
BLOCK18/SES184/SA184S12	SES180	-1.99232	2.24574	4.23806
BLOCK18/SES184/SA184S12	SES189	-1.4097	2.82836	4.23806
BLOCK18/SES184/SA184S12	SES292	-1.34842	2.88964	4.23806
BLOCK18/SES184/SA184S13	SES101	-1.68689	2.22871	3.9156
BLOCK18/SES184/SA184S13	SES177	-2.07083	1.84477	3.9156
BLOCK18/SES184/SA184S13	SES180	-2.28505	1.63054	3.9156
BLOCK18/SES184/SA184S13	SES292	-2.42388	1.49172	3.9156
BLOCK18/SES184/SA184S22	SES177	-1.82755	2.51675	4.34431
BLOCK18/SES184/SA184S22	SES180	-1.93242	2.41189	4.34431
BLOCK18/SES184/SA184S22	SES189	-1.68948	2.65483	4.34431
BLOCK18/SES184/SA184S22	SES292	-1.78378	2.56053	4.34431
BLOCK18/SES184/SA184S25	SES101	-1.2473	3.71223	4.95953
BLOCK18/SES184/SA184S25	SES177	-2.1489	2.81062	4.95953
BLOCK18/SES184/SA184S25	SES180	-1.6989	3.26062	4.95953
BLOCK18/SES184/SA184S25	SES292	-1.71037	3.24915	4.95953
BLOCK18/SES184/SA184S27	SES083	-1.52514	2.00244	3.52759
BLOCK18/SES184/SA184S27	SES177	-1.39701	2.13057	3.52759
BLOCK18/SES184/SA184S27	SES202	-1.46254	2.06504	3.52759
BLOCK18/SES184/SA184S27	SES292	-1.19265	2.33493	3.52759
BLOCK20/SES204/SA204S12	SES062	-0.486198	4.29214	4.77834
BLOCK20/SES204/SA204S12	SES083	-2.60457	2.17376	4.77834
BLOCK20/SES204/SA204S12	SES206	-1.0843	3.69403	4.77834
BLOCK20/SES204/SA204S12	SES226	-1.87257	2.90577	4.77834
BLOCK20/SES204/SA204S14	SES068	-1.24013	4.99181	6.23194
BLOCK20/SES204/SA204S14	SES087	-0.396269	5.83567	6.23194
BLOCK20/SES204/SA204S14	SES206	-1.5505	4.68145	6.23194
BLOCK20/SES204/SA204S14	SES226	-2.34932	3.88262	6.23194
BLOCK20/SES204/SA204S22	SES068	-1.13651	3.83133	4.96783
BLOCK20/SES204/SA204S22	SES082	-2.28337	2.68446	4.96783
BLOCK20/SES204/SA204S22	SES083	-3.23392	1.73392	4.96783
BLOCK20/SES204/SA204S22	SES206	-1.45557	3.51226	4.96783
BLOCK20/SES204/SA204S25	SES062	-1.48184	3.47928	4.96111
BLOCK20/SES204/SA204S25	SES083	-2.85588	2.10523	4.96111
BLOCK20/SES204/SA204S25	SES206	-0.90099	4.06013	4.96111
BLOCK20/SES204/SA204S25	SES226	-1.72984	3.23128	4.96111
BLOCK20/SES204/SA204S27	SES068	-1.47791	3.00149	4.4794
BLOCK20/SES204/SA204S27	SES082	-2.71739	1.76201	4.4794
BLOCK20/SES204/SA204S27	SES087	-1.15747	3.32193	4.4794
BLOCK20/SES204/SA204S27	SES206	-1.77716	2.70224	4.4794
BLOCK20/SES207/SA207S10	SES127	-1.91947	2.29278	4.21225
BLOCK20/SES207/SA207S10	SES183	-1.71379	2.49846	4.21225
BLOCK20/SES207/SA207S10	SES189	-1.88017	2.33207	4.21225
BLOCK20/SES207/SA207S10	SES292	-1.52824	2.684	4.21225
BLOCK20/SES207/SA207S11	SES127	-2.1822	1.7521	3.9343
BLOCK20/SES207/SA207S11	SES183	-1.55714	2.37716	3.9343
BLOCK20/SES207/SA207S11	SES187	-1.58986	2.34445	3.9343
BLOCK20/SES207/SA207S11	SES292	-0.680758	3.25354	3.9343
BLOCK20/SES207/SA207S25	SES068	-1.66744	2.58536	4.2528
BLOCK20/SES207/SA207S25	SES083	-1.70216	2.55065	4.2528
BLOCK20/SES207/SA207S25	SES127	-0.903819	3.34898	4.2528
BLOCK20/SES207/SA207S25	SES187	-1.29431	2.9585	4.2528
BLOCK20/SES207/SA207S27	SES127	-1.84572	1.58616	3.43189
BLOCK20/SES207/SA207S27	SES183	-1.41393	2.01796	3.43189
BLOCK20/SES207/SA207S27	SES187	-1.2703	2.16159	3.43189
BLOCK20/SES207/SA207S27	SES292	-1.43784	1.99405	3.43189
BLOCK20/SES207/SA207S29	SES083	-1.47705	3.05722	4.53427
BLOCK20/SES207/SA207S29	SES085	-0.961504	3.57276	4.53427
BLOCK20/SES207/SA207S29	SES172	-0.409374	4.12489	4.53427
BLOCK20/SES207/SA207S29	SES189	-2.14684	2.38742	4.53427
BLOCK22/SES221/SA221S12	SES068	-0.582229	5.10252	5.68475
BLOCK22/SES221/SA221S12	SES143	-2.33627	3.34848	5.68475
BLOCK22/SES221/SA221S12	SES175	-1.65825	4.02651	5.68475
BLOCK22/SES221/SA221S12	SES202	-1.63948	4.04527	5.68475
BLOCK22/SES221/SA221S15	SES085	-0.977509	3.87235	4.84985
BLOCK22/SES221/SA221S15	SES143	-2.38484	2.46501	4.84985
BLOCK22/SES221/SA221S15	SES175	-1.71047	3.13939	4.84985
BLOCK22/SES221/SA221S15	SES187	-1.74726	3.1026	4.84985
BLOCK22/SES221/SA221S23	SES068	-0.818823	4.43876	5.25758
BLOCK22/SES221/SA221S23	SES143	-2.24748	3.0101	5.25758
BLOCK22/SES221/SA221S23	SES175	-0.995556	4.26202	5.25758
BLOCK22/SES221/SA221S23	SES189	-1.25198	4.0056	5.25758
BLOCK22/SES221/SA221S27	SES085	0.1679	5.1999	5.032
BLOCK22/SES221/SA221S27	SES143	-1.84886	3.18313	5.032
BLOCK22/SES221/SA221S27	SES175	-0.985461	4.04654	5.032
BLOCK22/SES221/SA221S27	SES189	-0.854662	4.17734	5.032
BLOCK22/SES221/SA221S29	SES085	-0.186046	4.63743	4.82348
BLOCK22/SES221/SA221S29	SES143	-1.48637	3.33711	4.82348
BLOCK22/SES221/SA221S29	SES175	-0.84931	3.97417	4.82348
BLOCK22/SES221/SA221S29	SES187	-1.89062	2.93285	4.82348
BLOCK22/SES223/SA223S11	SES143	-1.93136	1.53001	3.46137
BLOCK22/SES223/SA223S11	SES144	-3.21808	0.243295	3.46137
BLOCK22/SES223/SA223S11	SES175	-1.25705	2.20432	3.46137
BLOCK22/SES223/SA223S11	SES187	-2.68521	0.776164	3.46137
BLOCK22/SES223/SA223S13	SES068	-0.654947	3.10921	3.76416
BLOCK22/SES223/SA223S13	SES143	-2.73083	1.03333	3.76416
BLOCK22/SES223/SA223S13	SES146	-2.92766	0.836503	3.76416
BLOCK22/SES223/SA223S13	SES202	-2.6898	1.07436	3.76416
BLOCK22/SES223/SA223S22	SES143	-1.85081	1.90903	3.75985
BLOCK22/SES223/SA223S22	SES144	-3.48888	0.270963	3.75985
BLOCK22/SES223/SA223S22	SES175	-1.06947	2.69037	3.75985
BLOCK22/SES223/SA223S22	SES187	-1.80998	1.94986	3.75985
BLOCK22/SES223/SA223S25	SES068	-1.20162	3.19966	4.40128
BLOCK22/SES223/SA223S25	SES143	-2.66588	1.7354	4.40128
BLOCK22/SES223/SA223S25	SES175	-1.83194	2.56934	4.40128
BLOCK22/SES223/SA223S25	SES187	-2.12031	2.28097	4.40128
BLOCK22/SES223/SA223S27	SES143	-0.958572	2.36209	3.32066
BLOCK22/SES223/SA223S27	SES146	-1.26287	2.05779	3.32066
BLOCK22/SES223/SA223S27	SES187	-2.2224	1.09826	3.32066
BLOCK22/SES223/SA223S27	SES292	-0.325725	2.99494	3.32066
BLOCK27/SES273/SA273S12	SES099	-1.05296	3.6866	4.73956
BLOCK27/SES273/SA273S12	SES104	-1.48263	3.25693	4.73956
BLOCK27/SES273/SA273S12	SES125	-2.00609	2.73347	4.73956
BLOCK27/SES273/SA273S12	SES206	-1.54327	3.19629	4.73956
BLOCK27/SES273/SA273S13	SES099	-1.25114	3.55432	4.80546
BLOCK27/SES273/SA273S13	SES104	-1.90402	2.90145	4.80546
BLOCK27/SES273/SA273S13	SES206	-1.64097	3.16449	4.80546
BLOCK27/SES273/SA273S13	SES292	-1.5156	3.28986	4.80546
BLOCK27/SES273/SA273S21	SES099	-0.987022	3.61394	4.60096
BLOCK27/SES273/SA273S21	SES148	-2.43901	2.16195	4.60096
BLOCK27/SES273/SA273S21	SES149	-1.31114	3.28982	4.60096
BLOCK27/SES273/SA273S21	SES177	-1.79851	2.80246	4.60096
BLOCK27/SES273/SA273S25	SES104	-1.65164	2.71649	4.36813
BLOCK27/SES273/SA273S25	SES125	-2.17673	2.1914	4.36813
BLOCK27/SES273/SA273S25	SES158	-1.11064	3.25749	4.36813
BLOCK27/SES273/SA273S25	SES206	-1.03244	3.33569	4.36813
BLOCK27/SES273/SA273S27	SES099	-0.792167	3.9638	4.75597
BLOCK27/SES273/SA273S27	SES104	-1.45664	3.29933	4.75597
BLOCK27/SES273/SA273S27	SES149	-0.999045	3.75692	4.75597
BLOCK27/SES273/SA273S27	SES275	-1.74774	3.00822	4.75597
BLOCK27/SES274/SA274S10	SES105	-2.21771	2.62586	4.84356
BLOCK27/SES274/SA274S10	SES125	-2.39329	2.45027	4.84356
BLOCK27/SES274/SA274S10	SES129	-1.24535	3.59821	4.84356
BLOCK27/SES274/SA274S10	SES158	-2.70916	2.1344	4.84356
BLOCK27/SES274/SA274S11	SES105	-1.34952	3.51089	4.86041
BLOCK27/SES274/SA274S11	SES149	-2.1717	2.68871	4.86041
BLOCK27/SES274/SA274S11	SES158	-1.51231	3.3481	4.86041
BLOCK27/SES274/SA274S11	SES275	-0.856945	4.00346	4.86041
BLOCK27/SES274/SA274S21	SES105	-2.14336	3.23932	5.38268
BLOCK27/SES274/SA274S21	SES129	-1.33049	4.05219	5.38268
BLOCK27/SES274/SA274S21	SES149	-2.20612	3.17656	5.38268
BLOCK27/SES274/SA274S21	SES158	-3.62102	1.76166	5.38268
BLOCK27/SES274/SA274S24	SES105	-1.61868	3.62787	5.24655
BLOCK27/SES274/SA274S24	SES129	-1.17898	4.06757	5.24655
BLOCK27/SES274/SA274S24	SES149	-2.69254	2.55401	5.24655
BLOCK27/SES274/SA274S24	SES158	-3.60852	1.63803	5.24655
BLOCK27/SES274/SA274S29	SES105	-1.92724	2.37408	4.30132
BLOCK27/SES274/SA274S29	SES106	-2.29935	2.00198	4.30132
BLOCK27/SES274/SA274S29	SES120	-0.968306	3.33302	4.30132
BLOCK27/SES274/SA274S29	SES275	-1.34915	2.95217	4.30132
BLOCK27/SES276/SA276S16	SES148	-1.78075	2.92288	4.70363
BLOCK27/SES276/SA276S16	SES172	-1.2864	3.41723	4.70363
BLOCK27/SES276/SA276S16	SES180	-2.24365	2.45998	4.70363
BLOCK27/SES276/SA276S16	SES292	-1.64542	3.05821	4.70363
BLOCK27/SES276/SA276S17	SES101	-1.32755	3.33558	4.66313
BLOCK27/SES276/SA276S17	SES177	-1.72352	2.93961	4.66313
BLOCK27/SES276/SA276S17	SES180	-1.84161	2.82152	4.66313
BLOCK27/SES276/SA276S17	SES292	-1.78834	2.87479	4.66313
BLOCK27/SES276/SA276S24	SES101	-0.859653	4.45107	5.31073
BLOCK27/SES276/SA276S24	SES177	-1.49551	3.81521	5.31073
BLOCK27/SES276/SA276S24	SES180	-2.15564	3.15509	5.31073
BLOCK27/SES276/SA276S24	SES292	-2.48443	2.8263	5.31073
BLOCK27/SES276/SA276S26	SES101	-1.76059	3.76617	5.52676
BLOCK27/SES276/SA276S26	SES177	-0.959815	4.56695	5.52676
BLOCK27/SES276/SA276S26	SES180	-1.00372	4.52304	5.52676
BLOCK27/SES276/SA276S26	SES292	-0.862324	4.66444	5.52676
BLOCK27/SES276/SA276S28	SES101	-1.01553	4.42966	5.44519
BLOCK27/SES276/SA276S28	SES177	-1.38532	4.05988	5.44519
BLOCK27/SES276/SA276S28	SES180	-0.532953	4.91224	5.44519
BLOCK27/SES276/SA276S28	SES292	-1.59042	3.85477	5.44519
BLOCK27/SES277/SA277S12	SES101	-1.3037	1.91972	3.22342
BLOCK27/SES277/SA277S12	SES177	-1.80653	1.41689	3.22342
BLOCK27/SES277/SA277S12	SES180	-3.00928	0.21414	3.22342
BLOCK27/SES277/SA277S12	SES292	-3.50803	-0.284609	3.22342
BLOCK27/SES277/SA277S14	SES177	-0.922725	2.31632	3.23905
BLOCK27/SES277/SA277S14	SES180	-3.222	0.0170477	3.23905
BLOCK27/SES277/SA277S14	SES189	-0.608696	2.63035	3.23905
BLOCK27/SES277/SA277S14	SES292	-2.56159	0.677457	3.23905
BLOCK27/SES277/SA277S21	SES177	-1.08888	2.86752	3.9564
BLOCK27/SES277/SA277S21	SES180	-2.17942	1.77698	3.9564
BLOCK27/SES277/SA277S21	SES189	0.0783899	4.03479	3.9564
BLOCK27/SES277/SA277S21	SES292	-2.78634	1.17006	3.9564
BLOCK27/SES277/SA277S24	SES144	-1.92985	0.9569	2.88675
BLOCK27/SES277/SA277S24	SES177	-1.68553	1.20122	2.88675
BLOCK27/SES277/SA277S24	SES180	-3.79732	-0.910572	2.88675
BLOCK27/SES277/SA277S24	SES189	-0.636676	2.25007	2.88675
BLOCK27/SES277/SA277S29	SES177	-1.4471	3.54495	4.99205
BLOCK27/SES277/SA277S29	SES180	-2.41649	2.57556	4.99205
BLOCK27/SES277/SA277S29	SES202	-1.91641	3.07564	4.99205
BLOCK27/SES277/SA277S29	SES292	-2.80291	2.18914	4.99205
BLOCK27/SES279/SA279S09	SES120	-1.35914	3.06048	4.41962
BLOCK27/SES279/SA279S09	SES146	-2.22673	2.19289	4.41962
BLOCK27/SES279/SA279S09	SES206	-1.89857	2.52105	4.41962
BLOCK27/SES279/SA279S09	SES226	-2.86113	1.55849	4.41962
BLOCK27/SES279/SA279S10	SES099	-0.767198	3.69871	4.46591
BLOCK27/SES279/SA279S10	SES206	-1.57904	2.88687	4.46591
BLOCK27/SES279/SA279S10	SES226	-2.27771	2.18819	4.46591
BLOCK27/SES279/SA279S10	SES292	-0.983528	3.48238	4.46591
BLOCK27/SES279/SA279S20	SES099	-1.41099	2.61506	4.02605
BLOCK27/SES279/SA279S20	SES206	-0.969216	3.05684	4.02605
BLOCK27/SES279/SA279S20	SES226	-2.32997	1.69609	4.02605
BLOCK27/SES279/SA279S20	SES292	-0.474668	3.55138	4.02605
BLOCK27/SES279/SA279S26	SES099	-1.3377	2.98566	4.32336
BLOCK27/SES279/SA279S26	SES206	-1.30679	3.01657	4.32336
BLOCK27/SES279/SA279S26	SES226	-2.3723	1.95106	4.32336
BLOCK27/SES279/SA279S26	SES292	-1.0102	3.31316	4.32336
BLOCK27/SES279/SA279S28	SES099	-1.01033	4.71117	5.7215
BLOCK27/SES279/SA279S28	SES120	-1.11459	4.60691	5.7215
BLOCK27/SES279/SA279S28	SES177	-1.624	4.0975	5.7215
BLOCK27/SES279/SA279S28	SES206	-1.20092	4.52058	5.7215
BLOCK29/SES290/SA290S12	SES162	-0.644753	5.21965	5.8644
BLOCK29/SES290/SA290S12	SES177	-0.609368	5.25503	5.8644
BLOCK29/SES290/SA290S12	SES180	-2.02097	3.84343	5.8644
BLOCK29/SES290/SA290S12	SES292	-1.55886	4.30554	5.8644
BLOCK29/SES290/SA290S13	SES007	-0.85738	4.23241	5.08979
BLOCK29/SES290/SA290S13	SES162	-2.14418	2.94562	5.08979
BLOCK29/SES290/SA290S13	SES177	-1.00412	4.08567	5.08979
BLOCK29/SES290/SA290S13	SES180	-1.50733	3.58247	5.08979
BLOCK29/SES290/SA290S22	SES177	-0.555926	4.21478	4.77071
BLOCK29/SES290/SA290S22	SES180	-1.16122	3.60949	4.77071
BLOCK29/SES290/SA290S22	SES202	-1.23338	3.53733	4.77071
BLOCK29/SES290/SA290S22	SES292	-1.27858	3.49213	4.77071
BLOCK29/SES290/SA290S25	SES162	-1.0211	4.40699	5.42809
BLOCK29/SES290/SA290S25	SES177	-0.780589	4.6475	5.42809
BLOCK29/SES290/SA290S25	SES180	-1.28421	4.14388	5.42809
BLOCK29/SES290/SA290S25	SES292	-0.89864	4.52945	5.42809
BLOCK29/SES290/SA290S29	SES177	-0.468053	4.25551	4.72356
BLOCK29/SES290/SA290S29	SES180	-1.16136	3.5622	4.72356
BLOCK29/SES290/SA290S29	SES275	-1.03657	3.68699	4.72356
BLOCK29/SES290/SA290S29	SES292	-1.12477	3.5988	4.72356
BLOCK29/SES291/SA291S11	SES105	-3.17034	0.116094	3.28643
BLOCK29/SES291/SA291S11	SES125	-1.6257	1.66073	3.28643
BLOCK29/SES291/SA291S11	SES158	-1.41598	1.87045	3.28643
BLOCK29/SES291/SA291S11	SES275	-2.64973	0.636698	3.28643
BLOCK29/SES291/SA291S12	SES158	-0.299919	3.60882	3.90874
BLOCK29/SES291/SA291S12	SES226	-2.42277	1.48597	3.90874
BLOCK29/SES291/SA291S12	SES270	-0.325389	3.58335	3.90874
BLOCK29/SES291/SA291S12	SES275	-4.16871	-0.259968	3.90874
BLOCK29/SES291/SA291S22	SES082	-1.60225	2.56515	4.1674
BLOCK29/SES291/SA291S22	SES158	-1.54772	2.61968	4.1674
BLOCK29/SES291/SA291S22	SES259	-1.9393	2.2281	4.1674
BLOCK29/SES291/SA291S22	SES275	-3.17226	0.995138	4.1674
BLOCK29/SES291/SA291S24	SES104	-0.502787	4.22679	4.72957
BLOCK29/SES291/SA291S24	SES125	-1.14315	3.58642	4.72957
BLOCK29/SES291/SA291S24	SES158	-0.93229	3.79728	4.72957
BLOCK29/SES291/SA291S24	SES275	-3.36455	1.36503	4.72957
BLOCK29/SES291/SA291S27	SES158	-0.494859	4.28784	4.7827
BLOCK29/SES291/SA291S27	SES172	-3.86533	0.917369	4.7827
BLOCK29/SES291/SA291S27	SES275	-3.11627	1.66643	4.7827
BLOCK29/SES291/SA291S27	SES292	-1.7641	3.0186	4.7827
